000 (11479115.000.000) 12/04 10:53:51 Job submitted from host: <130.199.153.66:9618?addrs=130.199.153.66-9618&noUDP&sock=8910_0083_4>
...
001 (11479115.000.000) 12/04 10:54:43 Job executing on host: <130.199.153.242:9618?addrs=130.199.153.242-9618&noUDP&sock=22182_6c26_3>
...
006 (11479115.000.000) 12/04 10:54:51 Image size of job updated: 15884
	15  -  MemoryUsage of job (MB)
	14672  -  ResidentSetSize of job (KB)
...
006 (11479115.000.000) 12/04 10:59:51 Image size of job updated: 47032
	44  -  MemoryUsage of job (MB)
	44956  -  ResidentSetSize of job (KB)
...
006 (11479115.000.000) 12/04 11:04:28 Image size of job updated: 48920
	44  -  MemoryUsage of job (MB)
	44956  -  ResidentSetSize of job (KB)
...
005 (11479115.000.000) 12/04 11:04:28 Job terminated.
	(1) Normal termination (return value 0)
		Usr 0 00:08:13, Sys 0 00:00:16  -  Run Remote Usage
		Usr 0 00:00:00, Sys 0 00:00:00  -  Run Local Usage
		Usr 0 00:08:13, Sys 0 00:00:16  -  Total Remote Usage
		Usr 0 00:00:00, Sys 0 00:00:00  -  Total Local Usage
	0  -  Run Bytes Sent By Job
	0  -  Run Bytes Received By Job
	0  -  Total Bytes Sent By Job
	0  -  Total Bytes Received By Job
	Partitionable Resources :    Usage  Request Allocated
	   Cpus                 :                 1         1
	   Disk (KB)            :       10       10  47328099
	   Memory (MB)          :       44        1      2005
...
