000 (11479484.000.000) 12/04 10:55:09 Job submitted from host: <130.199.153.66:9618?addrs=130.199.153.66-9618&noUDP&sock=8910_0083_4>
...
001 (11479484.000.000) 12/04 10:55:47 Job executing on host: <130.199.152.13:9618?addrs=130.199.152.13-9618&noUDP&sock=22473_8531_3>
...
006 (11479484.000.000) 12/04 10:55:56 Image size of job updated: 1140
	2  -  MemoryUsage of job (MB)
	1140  -  ResidentSetSize of job (KB)
...
006 (11479484.000.000) 12/04 10:58:58 Image size of job updated: 38240
	2  -  MemoryUsage of job (MB)
	1140  -  ResidentSetSize of job (KB)
...
005 (11479484.000.000) 12/04 10:58:58 Job terminated.
	(1) Normal termination (return value 0)
		Usr 0 00:02:02, Sys 0 00:00:09  -  Run Remote Usage
		Usr 0 00:00:00, Sys 0 00:00:00  -  Run Local Usage
		Usr 0 00:02:02, Sys 0 00:00:09  -  Total Remote Usage
		Usr 0 00:00:00, Sys 0 00:00:00  -  Total Local Usage
	0  -  Run Bytes Sent By Job
	0  -  Run Bytes Received By Job
	0  -  Total Bytes Sent By Job
	0  -  Total Bytes Received By Job
	Partitionable Resources :    Usage  Request Allocated
	   Cpus                 :                 1         1
	   Disk (KB)            :       10       10  32976460
	   Memory (MB)          :        2        1      2005
...
