000 (11478644.000.000) 12/04 10:51:19 Job submitted from host: <130.199.153.66:9618?addrs=130.199.153.66-9618&noUDP&sock=8910_0083_4>
...
001 (11478644.000.000) 12/04 10:53:08 Job executing on host: <130.199.150.250:9618?addrs=130.199.150.250-9618&noUDP&sock=22012_9e9e_3>
...
006 (11478644.000.000) 12/04 10:53:17 Image size of job updated: 17140
	16  -  MemoryUsage of job (MB)
	15940  -  ResidentSetSize of job (KB)
...
005 (11478644.000.000) 12/04 10:56:56 Job terminated.
	(1) Normal termination (return value 0)
		Usr 0 00:03:06, Sys 0 00:00:06  -  Run Remote Usage
		Usr 0 00:00:00, Sys 0 00:00:00  -  Run Local Usage
		Usr 0 00:03:06, Sys 0 00:00:06  -  Total Remote Usage
		Usr 0 00:00:00, Sys 0 00:00:00  -  Total Local Usage
	0  -  Run Bytes Sent By Job
	0  -  Run Bytes Received By Job
	0  -  Total Bytes Sent By Job
	0  -  Total Bytes Received By Job
	Partitionable Resources :    Usage  Request Allocated
	   Cpus                 :                 1         1
	   Disk (KB)            :       10       10  59426088
	   Memory (MB)          :       16        1      2007
...
