000 (11479080.000.000) 12/04 10:53:44 Job submitted from host: <130.199.153.66:9618?addrs=130.199.153.66-9618&noUDP&sock=8910_0083_4>
...
001 (11479080.000.000) 12/04 10:54:35 Job executing on host: <130.199.202.5:9618?addrs=130.199.202.5-9618&noUDP&sock=29158_3d07_3>
...
006 (11479080.000.000) 12/04 10:54:44 Image size of job updated: 14688
	15  -  MemoryUsage of job (MB)
	14688  -  ResidentSetSize of job (KB)
...
006 (11479080.000.000) 12/04 10:59:45 Image size of job updated: 43220
	43  -  MemoryUsage of job (MB)
	43156  -  ResidentSetSize of job (KB)
...
005 (11479080.000.000) 12/04 11:00:39 Job terminated.
	(1) Normal termination (return value 0)
		Usr 0 00:05:02, Sys 0 00:00:12  -  Run Remote Usage
		Usr 0 00:00:00, Sys 0 00:00:00  -  Run Local Usage
		Usr 0 00:05:02, Sys 0 00:00:12  -  Total Remote Usage
		Usr 0 00:00:00, Sys 0 00:00:00  -  Total Local Usage
	0  -  Run Bytes Sent By Job
	0  -  Run Bytes Received By Job
	0  -  Total Bytes Sent By Job
	0  -  Total Bytes Received By Job
	Partitionable Resources :    Usage  Request Allocated
	   Cpus                 :                 1         1
	   Disk (KB)            :       10       10  47541051
	   Memory (MB)          :       43        1      2008
...
