000 (11478770.000.000) 12/04 10:52:39 Job submitted from host: <130.199.153.66:9618?addrs=130.199.153.66-9618&noUDP&sock=8910_0083_4>
...
001 (11478770.000.000) 12/04 10:53:33 Job executing on host: <130.199.201.28:9618?addrs=130.199.201.28-9618&noUDP&sock=22642_01b4_3>
...
006 (11478770.000.000) 12/04 10:53:42 Image size of job updated: 17176
	16  -  MemoryUsage of job (MB)
	16000  -  ResidentSetSize of job (KB)
...
006 (11478770.000.000) 12/04 10:58:43 Image size of job updated: 49884
	48  -  MemoryUsage of job (MB)
	48304  -  ResidentSetSize of job (KB)
...
005 (11478770.000.000) 12/04 10:59:51 Job terminated.
	(1) Normal termination (return value 0)
		Usr 0 00:04:57, Sys 0 00:00:14  -  Run Remote Usage
		Usr 0 00:00:00, Sys 0 00:00:00  -  Run Local Usage
		Usr 0 00:04:57, Sys 0 00:00:14  -  Total Remote Usage
		Usr 0 00:00:00, Sys 0 00:00:00  -  Total Local Usage
	0  -  Run Bytes Sent By Job
	0  -  Run Bytes Received By Job
	0  -  Total Bytes Sent By Job
	0  -  Total Bytes Received By Job
	Partitionable Resources :    Usage  Request Allocated
	   Cpus                 :                 1         1
	   Disk (KB)            :       10       10  47327903
	   Memory (MB)          :       48        1      2005
...
