000 (11479000.000.000) 12/04 10:53:27 Job submitted from host: <130.199.153.66:9618?addrs=130.199.153.66-9618&noUDP&sock=8910_0083_4>
...
001 (11479000.000.000) 12/04 10:54:21 Job executing on host: <130.199.153.67:9618?addrs=130.199.153.67-9618&noUDP&sock=7357_7f42_3>
...
006 (11479000.000.000) 12/04 10:54:30 Image size of job updated: 14560
	15  -  MemoryUsage of job (MB)
	14560  -  ResidentSetSize of job (KB)
...
006 (11479000.000.000) 12/04 10:59:31 Image size of job updated: 44376
	44  -  MemoryUsage of job (MB)
	44376  -  ResidentSetSize of job (KB)
...
006 (11479000.000.000) 12/04 11:04:31 Image size of job updated: 54940
	54  -  MemoryUsage of job (MB)
	54940  -  ResidentSetSize of job (KB)
...
005 (11479000.000.000) 12/04 11:09:05 Job terminated.
	(1) Normal termination (return value 0)
		Usr 0 00:10:48, Sys 0 00:00:56  -  Run Remote Usage
		Usr 0 00:00:00, Sys 0 00:00:00  -  Run Local Usage
		Usr 0 00:10:48, Sys 0 00:00:56  -  Total Remote Usage
		Usr 0 00:00:00, Sys 0 00:00:00  -  Total Local Usage
	0  -  Run Bytes Sent By Job
	0  -  Run Bytes Received By Job
	0  -  Total Bytes Sent By Job
	0  -  Total Bytes Received By Job
	Partitionable Resources :    Usage  Request Allocated
	   Cpus                 :                 1         1
	   Disk (KB)            :       10       10 189312252
	   Memory (MB)          :       54        1      2005
...
