000 (11478929.000.000) 12/04 10:53:11 Job submitted from host: <130.199.153.66:9618?addrs=130.199.153.66-9618&noUDP&sock=8910_0083_4>
...
001 (11478929.000.000) 12/04 10:54:05 Job executing on host: <130.199.201.52:9618?addrs=130.199.201.52-9618&noUDP&sock=9828_8994_3>
...
006 (11478929.000.000) 12/04 10:54:14 Image size of job updated: 18384
	16  -  MemoryUsage of job (MB)
	15708  -  ResidentSetSize of job (KB)
...
006 (11478929.000.000) 12/04 10:59:15 Image size of job updated: 49576
	45  -  MemoryUsage of job (MB)
	45436  -  ResidentSetSize of job (KB)
...
005 (11478929.000.000) 12/04 11:00:39 Job terminated.
	(1) Normal termination (return value 0)
		Usr 0 00:05:12, Sys 0 00:00:15  -  Run Remote Usage
		Usr 0 00:00:00, Sys 0 00:00:00  -  Run Local Usage
		Usr 0 00:05:12, Sys 0 00:00:15  -  Total Remote Usage
		Usr 0 00:00:00, Sys 0 00:00:00  -  Total Local Usage
	0  -  Run Bytes Sent By Job
	0  -  Run Bytes Received By Job
	0  -  Total Bytes Sent By Job
	0  -  Total Bytes Received By Job
	Partitionable Resources :    Usage  Request Allocated
	   Cpus                 :                 1         1
	   Disk (KB)            :       10       10  47327863
	   Memory (MB)          :       45        1      2005
...
