000 (11479116.000.000) 12/04 10:53:51 Job submitted from host: <130.199.153.66:9618?addrs=130.199.153.66-9618&noUDP&sock=8910_0083_4>
...
001 (11479116.000.000) 12/04 10:54:44 Job executing on host: <130.199.150.163:9618?addrs=130.199.150.163-9618&noUDP&sock=22249_a08a_3>
...
006 (11479116.000.000) 12/04 10:54:53 Image size of job updated: 15816
	16  -  MemoryUsage of job (MB)
	15816  -  ResidentSetSize of job (KB)
...
006 (11479116.000.000) 12/04 10:59:54 Image size of job updated: 47988
	47  -  MemoryUsage of job (MB)
	47932  -  ResidentSetSize of job (KB)
...
006 (11479116.000.000) 12/04 11:04:27 Image size of job updated: 271260
	47  -  MemoryUsage of job (MB)
	48084  -  ResidentSetSize of job (KB)
...
005 (11479116.000.000) 12/04 11:04:28 Job terminated.
	(1) Normal termination (return value 0)
		Usr 0 00:07:53, Sys 0 00:00:17  -  Run Remote Usage
		Usr 0 00:00:00, Sys 0 00:00:00  -  Run Local Usage
		Usr 0 00:07:53, Sys 0 00:00:17  -  Total Remote Usage
		Usr 0 00:00:00, Sys 0 00:00:00  -  Total Local Usage
	0  -  Run Bytes Sent By Job
	0  -  Run Bytes Received By Job
	0  -  Total Bytes Sent By Job
	0  -  Total Bytes Received By Job
	Partitionable Resources :    Usage  Request Allocated
	   Cpus                 :                 1         1
	   Disk (KB)            :       10       10  41489420
	   Memory (MB)          :       47        1      2007
...
