000 (11479177.000.000) 12/04 10:54:06 Job submitted from host: <130.199.153.66:9618?addrs=130.199.153.66-9618&noUDP&sock=8910_0083_4>
...
001 (11479177.000.000) 12/04 10:54:52 Job executing on host: <130.199.202.2:9618?addrs=130.199.202.2-9618&noUDP&sock=38052_13bd_3>
...
006 (11479177.000.000) 12/04 10:55:01 Image size of job updated: 15748
	16  -  MemoryUsage of job (MB)
	15748  -  ResidentSetSize of job (KB)
...
006 (11479177.000.000) 12/04 11:00:02 Image size of job updated: 52916
	52  -  MemoryUsage of job (MB)
	52908  -  ResidentSetSize of job (KB)
...
006 (11479177.000.000) 12/04 11:05:03 Image size of job updated: 59792
	59  -  MemoryUsage of job (MB)
	59772  -  ResidentSetSize of job (KB)
...
005 (11479177.000.000) 12/04 11:06:21 Job terminated.
	(1) Normal termination (return value 0)
		Usr 0 00:09:43, Sys 0 00:00:20  -  Run Remote Usage
		Usr 0 00:00:00, Sys 0 00:00:00  -  Run Local Usage
		Usr 0 00:09:43, Sys 0 00:00:20  -  Total Remote Usage
		Usr 0 00:00:00, Sys 0 00:00:00  -  Total Local Usage
	0  -  Run Bytes Sent By Job
	0  -  Run Bytes Received By Job
	0  -  Total Bytes Sent By Job
	0  -  Total Bytes Received By Job
	Partitionable Resources :    Usage  Request Allocated
	   Cpus                 :                 1         1
	   Disk (KB)            :       10       10  47541082
	   Memory (MB)          :       59        1      2008
...
