000 (11478675.000.000) 12/04 10:51:37 Job submitted from host: <130.199.153.66:9618?addrs=130.199.153.66-9618&noUDP&sock=8910_0083_4>
...
001 (11478675.000.000) 12/04 10:53:17 Job executing on host: <130.199.150.243:9618?addrs=130.199.150.243-9618&noUDP&sock=22049_5463_3>
...
006 (11478675.000.000) 12/04 10:53:25 Image size of job updated: 15960
	16  -  MemoryUsage of job (MB)
	15960  -  ResidentSetSize of job (KB)
...
006 (11478675.000.000) 12/04 10:58:25 Image size of job updated: 46684
	46  -  MemoryUsage of job (MB)
	46560  -  ResidentSetSize of job (KB)
...
006 (11478675.000.000) 12/04 11:03:25 Image size of job updated: 57432
	56  -  MemoryUsage of job (MB)
	57092  -  ResidentSetSize of job (KB)
...
005 (11478675.000.000) 12/04 11:05:52 Job terminated.
	(1) Normal termination (return value 0)
		Usr 0 00:10:28, Sys 0 00:00:24  -  Run Remote Usage
		Usr 0 00:00:00, Sys 0 00:00:00  -  Run Local Usage
		Usr 0 00:10:28, Sys 0 00:00:24  -  Total Remote Usage
		Usr 0 00:00:00, Sys 0 00:00:00  -  Total Local Usage
	0  -  Run Bytes Sent By Job
	0  -  Run Bytes Received By Job
	0  -  Total Bytes Sent By Job
	0  -  Total Bytes Received By Job
	Partitionable Resources :    Usage  Request Allocated
	   Cpus                 :                 1         1
	   Disk (KB)            :       10       10  59426008
	   Memory (MB)          :       56        1      2007
...
