000 (11478858.000.000) 12/04 10:52:58 Job submitted from host: <130.199.153.66:9618?addrs=130.199.153.66-9618&noUDP&sock=8910_0083_4>
...
001 (11478858.000.000) 12/04 10:53:50 Job executing on host: <130.199.150.164:9618?addrs=130.199.150.164-9618&noUDP&sock=22493_d99b_3>
...
006 (11478858.000.000) 12/04 10:53:59 Image size of job updated: 17156
	16  -  MemoryUsage of job (MB)
	15972  -  ResidentSetSize of job (KB)
...
006 (11478858.000.000) 12/04 10:59:00 Image size of job updated: 57900
	56  -  MemoryUsage of job (MB)
	56332  -  ResidentSetSize of job (KB)
...
005 (11478858.000.000) 12/04 11:00:08 Job terminated.
	(1) Normal termination (return value 0)
		Usr 0 00:04:58, Sys 0 00:00:14  -  Run Remote Usage
		Usr 0 00:00:00, Sys 0 00:00:00  -  Run Local Usage
		Usr 0 00:04:58, Sys 0 00:00:14  -  Total Remote Usage
		Usr 0 00:00:00, Sys 0 00:00:00  -  Total Local Usage
	0  -  Run Bytes Sent By Job
	0  -  Run Bytes Received By Job
	0  -  Total Bytes Sent By Job
	0  -  Total Bytes Received By Job
	Partitionable Resources :    Usage  Request Allocated
	   Cpus                 :                 1         1
	   Disk (KB)            :       10       10  41489316
	   Memory (MB)          :       56        1      2007
...
