000 (11478586.000.000) 12/04 10:51:08 Job submitted from host: <130.199.153.66:9618?addrs=130.199.153.66-9618&noUDP&sock=8910_0083_4>
...
001 (11478586.000.000) 12/04 10:52:55 Job executing on host: <130.199.150.213:9618?addrs=130.199.150.213-9618&noUDP&sock=22669_8d43_3>
...
006 (11478586.000.000) 12/04 10:53:04 Image size of job updated: 14648
	15  -  MemoryUsage of job (MB)
	14644  -  ResidentSetSize of job (KB)
...
006 (11478586.000.000) 12/04 10:57:51 Image size of job updated: 44148
	15  -  MemoryUsage of job (MB)
	14644  -  ResidentSetSize of job (KB)
...
005 (11478586.000.000) 12/04 10:57:51 Job terminated.
	(1) Normal termination (return value 0)
		Usr 0 00:03:13, Sys 0 00:00:09  -  Run Remote Usage
		Usr 0 00:00:00, Sys 0 00:00:00  -  Run Local Usage
		Usr 0 00:03:13, Sys 0 00:00:09  -  Total Remote Usage
		Usr 0 00:00:00, Sys 0 00:00:00  -  Total Local Usage
	0  -  Run Bytes Sent By Job
	0  -  Run Bytes Received By Job
	0  -  Total Bytes Sent By Job
	0  -  Total Bytes Received By Job
	Partitionable Resources :    Usage  Request Allocated
	   Cpus                 :                 1         1
	   Disk (KB)            :       10       10  59426098
	   Memory (MB)          :       15        1      2007
...
