000 (11478901.000.000) 12/04 10:53:05 Job submitted from host: <130.199.153.66:9618?addrs=130.199.153.66-9618&noUDP&sock=8910_0083_4>
...
001 (11478901.000.000) 12/04 10:53:57 Job executing on host: <130.199.150.154:9618?addrs=130.199.150.154-9618&noUDP&sock=21963_1c9a_3>
...
006 (11478901.000.000) 12/04 10:54:06 Image size of job updated: 17128
	16  -  MemoryUsage of job (MB)
	15932  -  ResidentSetSize of job (KB)
...
006 (11478901.000.000) 12/04 10:59:07 Image size of job updated: 52512
	50  -  MemoryUsage of job (MB)
	50888  -  ResidentSetSize of job (KB)
...
006 (11478901.000.000) 12/04 11:04:07 Image size of job updated: 55904
	54  -  MemoryUsage of job (MB)
	54280  -  ResidentSetSize of job (KB)
...
005 (11478901.000.000) 12/04 11:08:02 Job terminated.
	(1) Normal termination (return value 0)
		Usr 0 00:12:19, Sys 0 00:00:28  -  Run Remote Usage
		Usr 0 00:00:00, Sys 0 00:00:00  -  Run Local Usage
		Usr 0 00:12:19, Sys 0 00:00:28  -  Total Remote Usage
		Usr 0 00:00:00, Sys 0 00:00:00  -  Total Local Usage
	0  -  Run Bytes Sent By Job
	0  -  Run Bytes Received By Job
	0  -  Total Bytes Sent By Job
	0  -  Total Bytes Received By Job
	Partitionable Resources :    Usage  Request Allocated
	   Cpus                 :                 1         1
	   Disk (KB)            :       10       10  41489217
	   Memory (MB)          :       54        1      2007
...
