000 (11479117.000.000) 12/04 10:53:51 Job submitted from host: <130.199.153.66:9618?addrs=130.199.153.66-9618&noUDP&sock=8910_0083_4>
...
001 (11479117.000.000) 12/04 10:54:44 Job executing on host: <130.199.150.172:9618?addrs=130.199.150.172-9618&noUDP&sock=9870_d473_3>
...
006 (11479117.000.000) 12/04 10:54:53 Image size of job updated: 14600
	15  -  MemoryUsage of job (MB)
	14600  -  ResidentSetSize of job (KB)
...
006 (11479117.000.000) 12/04 10:59:54 Image size of job updated: 50036
	49  -  MemoryUsage of job (MB)
	49968  -  ResidentSetSize of job (KB)
...
006 (11479117.000.000) 12/04 11:04:54 Image size of job updated: 51812
	51  -  MemoryUsage of job (MB)
	51712  -  ResidentSetSize of job (KB)
...
005 (11479117.000.000) 12/04 11:05:48 Job terminated.
	(1) Normal termination (return value 0)
		Usr 0 00:08:37, Sys 0 00:00:23  -  Run Remote Usage
		Usr 0 00:00:00, Sys 0 00:00:00  -  Run Local Usage
		Usr 0 00:08:37, Sys 0 00:00:23  -  Total Remote Usage
		Usr 0 00:00:00, Sys 0 00:00:00  -  Total Local Usage
	0  -  Run Bytes Sent By Job
	0  -  Run Bytes Received By Job
	0  -  Total Bytes Sent By Job
	0  -  Total Bytes Received By Job
	Partitionable Resources :    Usage  Request Allocated
	   Cpus                 :                 1         1
	   Disk (KB)            :       10       10  41489014
	   Memory (MB)          :       51        1      2007
...
