000 (11479454.000.000) 12/04 10:55:03 Job submitted from host: <130.199.153.66:9618?addrs=130.199.153.66-9618&noUDP&sock=8910_0083_4>
...
001 (11479454.000.000) 12/04 10:55:40 Job executing on host: <130.199.150.134:9618?addrs=130.199.150.134-9618&noUDP&sock=18688_9d95_3>
...
006 (11479454.000.000) 12/04 10:55:49 Image size of job updated: 15640
	16  -  MemoryUsage of job (MB)
	15640  -  ResidentSetSize of job (KB)
...
006 (11479454.000.000) 12/04 10:58:16 Image size of job updated: 37804
	16  -  MemoryUsage of job (MB)
	15640  -  ResidentSetSize of job (KB)
...
005 (11479454.000.000) 12/04 10:58:16 Job terminated.
	(1) Normal termination (return value 0)
		Usr 0 00:01:55, Sys 0 00:00:07  -  Run Remote Usage
		Usr 0 00:00:00, Sys 0 00:00:00  -  Run Local Usage
		Usr 0 00:01:55, Sys 0 00:00:07  -  Total Remote Usage
		Usr 0 00:00:00, Sys 0 00:00:00  -  Total Local Usage
	0  -  Run Bytes Sent By Job
	0  -  Run Bytes Received By Job
	0  -  Total Bytes Sent By Job
	0  -  Total Bytes Received By Job
	Partitionable Resources :    Usage  Request Allocated
	   Cpus                 :                 1         1
	   Disk (KB)            :       10       10  41489289
	   Memory (MB)          :       16        1      2007
...
