000 (11479275.000.000) 12/04 10:54:26 Job submitted from host: <130.199.153.66:9618?addrs=130.199.153.66-9618&noUDP&sock=8910_0083_4>
...
001 (11479275.000.000) 12/04 10:55:10 Job executing on host: <130.199.153.234:9618?addrs=130.199.153.234-9618&noUDP&sock=21651_5e1f_3>
...
006 (11479275.000.000) 12/04 10:55:19 Image size of job updated: 15800
	15  -  MemoryUsage of job (MB)
	14584  -  ResidentSetSize of job (KB)
...
006 (11479275.000.000) 12/04 11:00:20 Image size of job updated: 51708
	49  -  MemoryUsage of job (MB)
	50108  -  ResidentSetSize of job (KB)
...
005 (11479275.000.000) 12/04 11:03:53 Job terminated.
	(1) Normal termination (return value 0)
		Usr 0 00:06:54, Sys 0 00:00:14  -  Run Remote Usage
		Usr 0 00:00:00, Sys 0 00:00:00  -  Run Local Usage
		Usr 0 00:06:54, Sys 0 00:00:14  -  Total Remote Usage
		Usr 0 00:00:00, Sys 0 00:00:00  -  Total Local Usage
	0  -  Run Bytes Sent By Job
	0  -  Run Bytes Received By Job
	0  -  Total Bytes Sent By Job
	0  -  Total Bytes Received By Job
	Partitionable Resources :    Usage  Request Allocated
	   Cpus                 :                 1         1
	   Disk (KB)            :       10       10  47328175
	   Memory (MB)          :       49        1      2005
...
