000 (11478899.000.000) 12/04 10:53:05 Job submitted from host: <130.199.153.66:9618?addrs=130.199.153.66-9618&noUDP&sock=8910_0083_4>
...
001 (11478899.000.000) 12/04 10:53:57 Job executing on host: <130.199.150.199:9618?addrs=130.199.150.199-9618&noUDP&sock=22669_8d43_3>
...
006 (11478899.000.000) 12/04 10:54:06 Image size of job updated: 14596
	15  -  MemoryUsage of job (MB)
	14596  -  ResidentSetSize of job (KB)
...
006 (11478899.000.000) 12/04 10:59:07 Image size of job updated: 44744
	44  -  MemoryUsage of job (MB)
	44744  -  ResidentSetSize of job (KB)
...
006 (11478899.000.000) 12/04 11:04:07 Image size of job updated: 55516
	55  -  MemoryUsage of job (MB)
	55516  -  ResidentSetSize of job (KB)
...
005 (11478899.000.000) 12/04 11:10:51 Job terminated.
	(1) Normal termination (return value 0)
		Usr 0 00:14:51, Sys 0 00:00:31  -  Run Remote Usage
		Usr 0 00:00:00, Sys 0 00:00:00  -  Run Local Usage
		Usr 0 00:14:51, Sys 0 00:00:31  -  Total Remote Usage
		Usr 0 00:00:00, Sys 0 00:00:00  -  Total Local Usage
	0  -  Run Bytes Sent By Job
	0  -  Run Bytes Received By Job
	0  -  Total Bytes Sent By Job
	0  -  Total Bytes Received By Job
	Partitionable Resources :    Usage  Request Allocated
	   Cpus                 :                 1         1
	   Disk (KB)            :       10       10  41489430
	   Memory (MB)          :       55        1      2007
...
