000 (11479274.000.000) 12/04 10:54:26 Job submitted from host: <130.199.153.66:9618?addrs=130.199.153.66-9618&noUDP&sock=8910_0083_4>
...
001 (11479274.000.000) 12/04 10:55:10 Job executing on host: <130.199.153.249:9618?addrs=130.199.153.249-9618&noUDP&sock=22073_ece2_3>
...
006 (11479274.000.000) 12/04 10:55:19 Image size of job updated: 17268
	16  -  MemoryUsage of job (MB)
	15784  -  ResidentSetSize of job (KB)
...
006 (11479274.000.000) 12/04 11:00:20 Image size of job updated: 48916
	46  -  MemoryUsage of job (MB)
	47040  -  ResidentSetSize of job (KB)
...
005 (11479274.000.000) 12/04 11:03:54 Job terminated.
	(1) Normal termination (return value 0)
		Usr 0 00:06:59, Sys 0 00:00:16  -  Run Remote Usage
		Usr 0 00:00:00, Sys 0 00:00:00  -  Run Local Usage
		Usr 0 00:06:59, Sys 0 00:00:16  -  Total Remote Usage
		Usr 0 00:00:00, Sys 0 00:00:00  -  Total Local Usage
	0  -  Run Bytes Sent By Job
	0  -  Run Bytes Received By Job
	0  -  Total Bytes Sent By Job
	0  -  Total Bytes Received By Job
	Partitionable Resources :    Usage  Request Allocated
	   Cpus                 :                 1         1
	   Disk (KB)            :       10       10  47328108
	   Memory (MB)          :       46        1      2005
...
