000 (11478900.000.000) 12/04 10:53:05 Job submitted from host: <130.199.153.66:9618?addrs=130.199.153.66-9618&noUDP&sock=8910_0083_4>
...
001 (11478900.000.000) 12/04 10:53:57 Job executing on host: <130.199.150.134:9618?addrs=130.199.150.134-9618&noUDP&sock=18688_9d95_3>
...
006 (11478900.000.000) 12/04 10:54:06 Image size of job updated: 15780
	16  -  MemoryUsage of job (MB)
	15780  -  ResidentSetSize of job (KB)
...
006 (11478900.000.000) 12/04 10:59:07 Image size of job updated: 49544
	49  -  MemoryUsage of job (MB)
	49412  -  ResidentSetSize of job (KB)
...
006 (11478900.000.000) 12/04 11:04:07 Image size of job updated: 56884
	56  -  MemoryUsage of job (MB)
	56588  -  ResidentSetSize of job (KB)
...
005 (11478900.000.000) 12/04 11:08:45 Job terminated.
	(1) Normal termination (return value 0)
		Usr 0 00:12:09, Sys 0 00:00:29  -  Run Remote Usage
		Usr 0 00:00:00, Sys 0 00:00:00  -  Run Local Usage
		Usr 0 00:12:09, Sys 0 00:00:29  -  Total Remote Usage
		Usr 0 00:00:00, Sys 0 00:00:00  -  Total Local Usage
	0  -  Run Bytes Sent By Job
	0  -  Run Bytes Received By Job
	0  -  Total Bytes Sent By Job
	0  -  Total Bytes Received By Job
	Partitionable Resources :    Usage  Request Allocated
	   Cpus                 :                 1         1
	   Disk (KB)            :       10       10  41489289
	   Memory (MB)          :       56        1      2007
...
