000 (11478674.000.000) 12/04 10:51:37 Job submitted from host: <130.199.153.66:9618?addrs=130.199.153.66-9618&noUDP&sock=8910_0083_4>
...
001 (11478674.000.000) 12/04 10:53:16 Job executing on host: <130.199.202.88:9618?addrs=130.199.202.88-9618&noUDP&sock=169515_74fe_3>
...
006 (11478674.000.000) 12/04 10:53:24 Image size of job updated: 14816
	15  -  MemoryUsage of job (MB)
	14816  -  ResidentSetSize of job (KB)
...
006 (11478674.000.000) 12/04 10:58:24 Image size of job updated: 52540
	52  -  MemoryUsage of job (MB)
	52532  -  ResidentSetSize of job (KB)
...
006 (11478674.000.000) 12/04 11:03:29 Image size of job updated: 154692
	52  -  MemoryUsage of job (MB)
	52532  -  ResidentSetSize of job (KB)
...
005 (11478674.000.000) 12/04 11:03:29 Job terminated.
	(1) Normal termination (return value 0)
		Usr 0 00:08:20, Sys 0 00:00:30  -  Run Remote Usage
		Usr 0 00:00:00, Sys 0 00:00:00  -  Run Local Usage
		Usr 0 00:08:20, Sys 0 00:00:30  -  Total Remote Usage
		Usr 0 00:00:00, Sys 0 00:00:00  -  Total Local Usage
	0  -  Run Bytes Sent By Job
	0  -  Run Bytes Received By Job
	0  -  Total Bytes Sent By Job
	0  -  Total Bytes Received By Job
	Partitionable Resources :    Usage  Request Allocated
	   Cpus                 :                 1         1
	   Disk (KB)            :       10       10  65563789
	   Memory (MB)          :       52        1      2297
...
