000 (11478961.000.000) 12/04 10:53:18 Job submitted from host: <130.199.153.66:9618?addrs=130.199.153.66-9618&noUDP&sock=8910_0083_4>
...
001 (11478961.000.000) 12/04 10:54:13 Job executing on host: <130.199.201.46:9618?addrs=130.199.201.46-9618&noUDP&sock=22727_e877_3>
...
006 (11478961.000.000) 12/04 10:54:21 Image size of job updated: 14644
	15  -  MemoryUsage of job (MB)
	14644  -  ResidentSetSize of job (KB)
...
006 (11478961.000.000) 12/04 10:59:21 Image size of job updated: 51932
	51  -  MemoryUsage of job (MB)
	51928  -  ResidentSetSize of job (KB)
...
005 (11478961.000.000) 12/04 11:01:24 Job terminated.
	(1) Normal termination (return value 0)
		Usr 0 00:05:42, Sys 0 00:00:12  -  Run Remote Usage
		Usr 0 00:00:00, Sys 0 00:00:00  -  Run Local Usage
		Usr 0 00:05:42, Sys 0 00:00:12  -  Total Remote Usage
		Usr 0 00:00:00, Sys 0 00:00:00  -  Total Local Usage
	0  -  Run Bytes Sent By Job
	0  -  Run Bytes Received By Job
	0  -  Total Bytes Sent By Job
	0  -  Total Bytes Received By Job
	Partitionable Resources :    Usage  Request Allocated
	   Cpus                 :                 1         1
	   Disk (KB)            :       10       10  47328005
	   Memory (MB)          :       51        1      2005
...
