000 (11479055.000.000) 12/04 10:53:38 Job submitted from host: <130.199.153.66:9618?addrs=130.199.153.66-9618&noUDP&sock=8910_0083_4>
...
001 (11479055.000.000) 12/04 10:54:30 Job executing on host: <130.199.202.6:9618?addrs=130.199.202.6-9618&noUDP&sock=23332_6208_3>
...
006 (11479055.000.000) 12/04 10:54:39 Image size of job updated: 14668
	15  -  MemoryUsage of job (MB)
	14668  -  ResidentSetSize of job (KB)
...
006 (11479055.000.000) 12/04 10:59:40 Image size of job updated: 50768
	50  -  MemoryUsage of job (MB)
	50768  -  ResidentSetSize of job (KB)
...
005 (11479055.000.000) 12/04 11:03:10 Job terminated.
	(1) Normal termination (return value 0)
		Usr 0 00:07:28, Sys 0 00:00:17  -  Run Remote Usage
		Usr 0 00:00:00, Sys 0 00:00:00  -  Run Local Usage
		Usr 0 00:07:28, Sys 0 00:00:17  -  Total Remote Usage
		Usr 0 00:00:00, Sys 0 00:00:00  -  Total Local Usage
	0  -  Run Bytes Sent By Job
	0  -  Run Bytes Received By Job
	0  -  Total Bytes Sent By Job
	0  -  Total Bytes Received By Job
	Partitionable Resources :    Usage  Request Allocated
	   Cpus                 :                 1         1
	   Disk (KB)            :       10       10  47541167
	   Memory (MB)          :       50        1      2008
...
