000 (11478714.000.000) 12/04 10:52:26 Job submitted from host: <130.199.153.66:9618?addrs=130.199.153.66-9618&noUDP&sock=8910_0083_4>
...
001 (11478714.000.000) 12/04 10:53:24 Job executing on host: <130.199.202.38:9618?addrs=130.199.202.38-9618&noUDP&sock=38764_6a87_3>
...
006 (11478714.000.000) 12/04 10:53:33 Image size of job updated: 17088
	16  -  MemoryUsage of job (MB)
	15844  -  ResidentSetSize of job (KB)
...
006 (11478714.000.000) 12/04 10:58:34 Image size of job updated: 53912
	50  -  MemoryUsage of job (MB)
	51192  -  ResidentSetSize of job (KB)
...
005 (11478714.000.000) 12/04 11:02:50 Job terminated.
	(1) Normal termination (return value 0)
		Usr 0 00:08:16, Sys 0 00:00:20  -  Run Remote Usage
		Usr 0 00:00:00, Sys 0 00:00:00  -  Run Local Usage
		Usr 0 00:08:16, Sys 0 00:00:20  -  Total Remote Usage
		Usr 0 00:00:00, Sys 0 00:00:00  -  Total Local Usage
	0  -  Run Bytes Sent By Job
	0  -  Run Bytes Received By Job
	0  -  Total Bytes Sent By Job
	0  -  Total Bytes Received By Job
	Partitionable Resources :    Usage  Request Allocated
	   Cpus                 :                 1         1
	   Disk (KB)            :       10       10  65479256
	   Memory (MB)          :       50        1      2008
...
