000 (11478930.000.000) 12/04 10:53:11 Job submitted from host: <130.199.153.66:9618?addrs=130.199.153.66-9618&noUDP&sock=8910_0083_4>
...
001 (11478930.000.000) 12/04 10:54:05 Job executing on host: <130.199.202.7:9618?addrs=130.199.202.7-9618&noUDP&sock=35914_6d56_3>
...
006 (11478930.000.000) 12/04 10:54:14 Image size of job updated: 15772
	16  -  MemoryUsage of job (MB)
	15772  -  ResidentSetSize of job (KB)
...
006 (11478930.000.000) 12/04 10:59:15 Image size of job updated: 41796
	41  -  MemoryUsage of job (MB)
	41632  -  ResidentSetSize of job (KB)
...
006 (11478930.000.000) 12/04 10:59:38 Image size of job updated: 42096
	41  -  MemoryUsage of job (MB)
	41632  -  ResidentSetSize of job (KB)
...
005 (11478930.000.000) 12/04 10:59:38 Job terminated.
	(1) Normal termination (return value 0)
		Usr 0 00:04:37, Sys 0 00:00:12  -  Run Remote Usage
		Usr 0 00:00:00, Sys 0 00:00:00  -  Run Local Usage
		Usr 0 00:04:37, Sys 0 00:00:12  -  Total Remote Usage
		Usr 0 00:00:00, Sys 0 00:00:00  -  Total Local Usage
	0  -  Run Bytes Sent By Job
	0  -  Run Bytes Received By Job
	0  -  Total Bytes Sent By Job
	0  -  Total Bytes Received By Job
	Partitionable Resources :    Usage  Request Allocated
	   Cpus                 :                 1         1
	   Disk (KB)            :       10       10  47541219
	   Memory (MB)          :       41        1      2008
...
