000 (11478676.000.000) 12/04 10:51:37 Job submitted from host: <130.199.153.66:9618?addrs=130.199.153.66-9618&noUDP&sock=8910_0083_4>
...
001 (11478676.000.000) 12/04 10:53:20 Job executing on host: <130.199.150.244:9618?addrs=130.199.150.244-9618&noUDP&sock=22538_178b_3>
...
006 (11478676.000.000) 12/04 10:53:28 Image size of job updated: 15820
	16  -  MemoryUsage of job (MB)
	15820  -  ResidentSetSize of job (KB)
...
006 (11478676.000.000) 12/04 10:58:28 Image size of job updated: 47324
	47  -  MemoryUsage of job (MB)
	47204  -  ResidentSetSize of job (KB)
...
006 (11478676.000.000) 12/04 11:03:28 Image size of job updated: 58540
	57  -  MemoryUsage of job (MB)
	58268  -  ResidentSetSize of job (KB)
...
005 (11478676.000.000) 12/04 11:05:16 Job terminated.
	(1) Normal termination (return value 0)
		Usr 0 00:09:43, Sys 0 00:00:23  -  Run Remote Usage
		Usr 0 00:00:00, Sys 0 00:00:00  -  Run Local Usage
		Usr 0 00:09:43, Sys 0 00:00:23  -  Total Remote Usage
		Usr 0 00:00:00, Sys 0 00:00:00  -  Total Local Usage
	0  -  Run Bytes Sent By Job
	0  -  Run Bytes Received By Job
	0  -  Total Bytes Sent By Job
	0  -  Total Bytes Received By Job
	Partitionable Resources :    Usage  Request Allocated
	   Cpus                 :                 1         1
	   Disk (KB)            :       10       10  59426115
	   Memory (MB)          :       57        1      2007
...
