000 (11479176.000.000) 12/04 10:54:06 Job submitted from host: <130.199.153.66:9618?addrs=130.199.153.66-9618&noUDP&sock=8910_0083_4>
...
001 (11479176.000.000) 12/04 10:54:57 Job executing on host: <130.199.150.219:9618?addrs=130.199.150.219-9618&noUDP&sock=22597_c3c4_3>
...
006 (11479176.000.000) 12/04 10:55:05 Image size of job updated: 15732
	16  -  MemoryUsage of job (MB)
	15732  -  ResidentSetSize of job (KB)
...
006 (11479176.000.000) 12/04 11:00:05 Image size of job updated: 50424
	50  -  MemoryUsage of job (MB)
	50424  -  ResidentSetSize of job (KB)
...
006 (11479176.000.000) 12/04 11:05:06 Image size of job updated: 60356
	59  -  MemoryUsage of job (MB)
	60356  -  ResidentSetSize of job (KB)
...
005 (11479176.000.000) 12/04 11:07:17 Job terminated.
	(1) Normal termination (return value 0)
		Usr 0 00:09:46, Sys 0 00:00:22  -  Run Remote Usage
		Usr 0 00:00:00, Sys 0 00:00:00  -  Run Local Usage
		Usr 0 00:09:46, Sys 0 00:00:22  -  Total Remote Usage
		Usr 0 00:00:00, Sys 0 00:00:00  -  Total Local Usage
	0  -  Run Bytes Sent By Job
	0  -  Run Bytes Received By Job
	0  -  Total Bytes Sent By Job
	0  -  Total Bytes Received By Job
	Partitionable Resources :    Usage  Request Allocated
	   Cpus                 :                 1         1
	   Disk (KB)            :       10       10  59425972
	   Memory (MB)          :       59        1      2007
...
