000 (11478931.000.000) 12/04 10:53:11 Job submitted from host: <130.199.153.66:9618?addrs=130.199.153.66-9618&noUDP&sock=8910_0083_4>
...
001 (11478931.000.000) 12/04 10:54:05 Job executing on host: <130.199.202.6:9618?addrs=130.199.202.6-9618&noUDP&sock=23332_6208_3>
...
006 (11478931.000.000) 12/04 10:54:14 Image size of job updated: 14516
	15  -  MemoryUsage of job (MB)
	14516  -  ResidentSetSize of job (KB)
...
006 (11478931.000.000) 12/04 10:59:15 Image size of job updated: 43348
	43  -  MemoryUsage of job (MB)
	43348  -  ResidentSetSize of job (KB)
...
005 (11478931.000.000) 12/04 10:59:42 Job terminated.
	(1) Normal termination (return value 0)
		Usr 0 00:04:42, Sys 0 00:00:11  -  Run Remote Usage
		Usr 0 00:00:00, Sys 0 00:00:00  -  Run Local Usage
		Usr 0 00:04:42, Sys 0 00:00:11  -  Total Remote Usage
		Usr 0 00:00:00, Sys 0 00:00:00  -  Total Local Usage
	0  -  Run Bytes Sent By Job
	0  -  Run Bytes Received By Job
	0  -  Total Bytes Sent By Job
	0  -  Total Bytes Received By Job
	Partitionable Resources :    Usage  Request Allocated
	   Cpus                 :                 1         1
	   Disk (KB)            :       10       10  47541167
	   Memory (MB)          :       43        1      2008
...
