000 (11478800.000.000) 12/04 10:52:45 Job submitted from host: <130.199.153.66:9618?addrs=130.199.153.66-9618&noUDP&sock=8910_0083_4>
...
001 (11478800.000.000) 12/04 10:53:38 Job executing on host: <130.199.202.101:9618?addrs=130.199.202.101-9618&noUDP&sock=83066_709a_3>
...
006 (11478800.000.000) 12/04 10:53:54 Image size of job updated: 23568
	24  -  MemoryUsage of job (MB)
	23568  -  ResidentSetSize of job (KB)
...
005 (11478800.000.000) 12/04 10:56:25 Job terminated.
	(1) Normal termination (return value 0)
		Usr 0 00:02:03, Sys 0 00:00:09  -  Run Remote Usage
		Usr 0 00:00:00, Sys 0 00:00:00  -  Run Local Usage
		Usr 0 00:02:03, Sys 0 00:00:09  -  Total Remote Usage
		Usr 0 00:00:00, Sys 0 00:00:00  -  Total Local Usage
	0  -  Run Bytes Sent By Job
	0  -  Run Bytes Received By Job
	0  -  Total Bytes Sent By Job
	0  -  Total Bytes Received By Job
	Partitionable Resources :    Usage  Request Allocated
	   Cpus                 :                 1         1
	   Disk (KB)            :       10       10  66831994
	   Memory (MB)          :       24        1      2665
...
