000 (11478745.000.000) 12/04 10:52:33 Job submitted from host: <130.199.153.66:9618?addrs=130.199.153.66-9618&noUDP&sock=8910_0083_4>
...
001 (11478745.000.000) 12/04 10:53:28 Job executing on host: <130.199.150.180:9618?addrs=130.199.150.180-9618&noUDP&sock=22591_dda4_3>
...
006 (11478745.000.000) 12/04 10:53:37 Image size of job updated: 15740
	16  -  MemoryUsage of job (MB)
	15740  -  ResidentSetSize of job (KB)
...
006 (11478745.000.000) 12/04 10:58:38 Image size of job updated: 52148
	51  -  MemoryUsage of job (MB)
	52124  -  ResidentSetSize of job (KB)
...
005 (11478745.000.000) 12/04 10:59:45 Job terminated.
	(1) Normal termination (return value 0)
		Usr 0 00:04:59, Sys 0 00:00:13  -  Run Remote Usage
		Usr 0 00:00:00, Sys 0 00:00:00  -  Run Local Usage
		Usr 0 00:04:59, Sys 0 00:00:13  -  Total Remote Usage
		Usr 0 00:00:00, Sys 0 00:00:00  -  Total Local Usage
	0  -  Run Bytes Sent By Job
	0  -  Run Bytes Received By Job
	0  -  Total Bytes Sent By Job
	0  -  Total Bytes Received By Job
	Partitionable Resources :    Usage  Request Allocated
	   Cpus                 :                 1         1
	   Disk (KB)            :       10       10  41489315
	   Memory (MB)          :       51        1      2007
...
