000 (11478999.000.000) 12/04 10:53:27 Job submitted from host: <130.199.153.66:9618?addrs=130.199.153.66-9618&noUDP&sock=8910_0083_4>
...
001 (11478999.000.000) 12/04 10:54:20 Job executing on host: <130.199.153.50:9618?addrs=130.199.153.50-9618&noUDP&sock=22125_61f7_3>
...
006 (11478999.000.000) 12/04 10:54:29 Image size of job updated: 15692
	16  -  MemoryUsage of job (MB)
	15692  -  ResidentSetSize of job (KB)
...
006 (11478999.000.000) 12/04 10:59:30 Image size of job updated: 54052
	53  -  MemoryUsage of job (MB)
	53788  -  ResidentSetSize of job (KB)
...
006 (11478999.000.000) 12/04 11:08:03 Image size of job updated: 272544
	53  -  MemoryUsage of job (MB)
	53788  -  ResidentSetSize of job (KB)
...
005 (11478999.000.000) 12/04 11:08:03 Job terminated.
	(1) Normal termination (return value 0)
		Usr 0 00:10:24, Sys 0 00:00:27  -  Run Remote Usage
		Usr 0 00:00:00, Sys 0 00:00:00  -  Run Local Usage
		Usr 0 00:10:24, Sys 0 00:00:27  -  Total Remote Usage
		Usr 0 00:00:00, Sys 0 00:00:00  -  Total Local Usage
	0  -  Run Bytes Sent By Job
	0  -  Run Bytes Received By Job
	0  -  Total Bytes Sent By Job
	0  -  Total Bytes Received By Job
	Partitionable Resources :    Usage  Request Allocated
	   Cpus                 :                 1         1
	   Disk (KB)            :       10       10  47328109
	   Memory (MB)          :       53        1      2005
...
