000 (11478959.000.000) 12/04 10:53:18 Job submitted from host: <130.199.153.66:9618?addrs=130.199.153.66-9618&noUDP&sock=8910_0083_4>
...
001 (11478959.000.000) 12/04 10:54:12 Job executing on host: <130.199.153.41:9618?addrs=130.199.153.41-9618&noUDP&sock=21610_6445_3>
...
006 (11478959.000.000) 12/04 10:54:21 Image size of job updated: 15748
	16  -  MemoryUsage of job (MB)
	15748  -  ResidentSetSize of job (KB)
...
006 (11478959.000.000) 12/04 10:59:22 Image size of job updated: 52796
	52  -  MemoryUsage of job (MB)
	52796  -  ResidentSetSize of job (KB)
...
005 (11478959.000.000) 12/04 11:01:00 Job terminated.
	(1) Normal termination (return value 0)
		Usr 0 00:05:21, Sys 0 00:00:13  -  Run Remote Usage
		Usr 0 00:00:00, Sys 0 00:00:00  -  Run Local Usage
		Usr 0 00:05:21, Sys 0 00:00:13  -  Total Remote Usage
		Usr 0 00:00:00, Sys 0 00:00:00  -  Total Local Usage
	0  -  Run Bytes Sent By Job
	0  -  Run Bytes Received By Job
	0  -  Total Bytes Sent By Job
	0  -  Total Bytes Received By Job
	Partitionable Resources :    Usage  Request Allocated
	   Cpus                 :                 1         1
	   Disk (KB)            :       10       10  47328248
	   Memory (MB)          :       52        1      2005
...
