000 (11479057.000.000) 12/04 10:53:38 Job submitted from host: <130.199.153.66:9618?addrs=130.199.153.66-9618&noUDP&sock=8910_0083_4>
...
001 (11479057.000.000) 12/04 10:54:30 Job executing on host: <130.199.201.29:9618?addrs=130.199.201.29-9618&noUDP&sock=28142_afed_3>
...
006 (11479057.000.000) 12/04 10:54:39 Image size of job updated: 15756
	16  -  MemoryUsage of job (MB)
	15756  -  ResidentSetSize of job (KB)
...
006 (11479057.000.000) 12/04 10:59:40 Image size of job updated: 48204
	48  -  MemoryUsage of job (MB)
	48176  -  ResidentSetSize of job (KB)
...
006 (11479057.000.000) 12/04 11:03:56 Image size of job updated: 48884
	48  -  MemoryUsage of job (MB)
	48176  -  ResidentSetSize of job (KB)
...
005 (11479057.000.000) 12/04 11:03:57 Job terminated.
	(1) Normal termination (return value 0)
		Usr 0 00:07:55, Sys 0 00:00:14  -  Run Remote Usage
		Usr 0 00:00:00, Sys 0 00:00:00  -  Run Local Usage
		Usr 0 00:07:55, Sys 0 00:00:14  -  Total Remote Usage
		Usr 0 00:00:00, Sys 0 00:00:00  -  Total Local Usage
	0  -  Run Bytes Sent By Job
	0  -  Run Bytes Received By Job
	0  -  Total Bytes Sent By Job
	0  -  Total Bytes Received By Job
	Partitionable Resources :    Usage  Request Allocated
	   Cpus                 :                 1         1
	   Disk (KB)            :       10       10  47328034
	   Memory (MB)          :       48        1      2005
...
