000 (11479175.000.000) 12/04 10:54:06 Job submitted from host: <130.199.153.66:9618?addrs=130.199.153.66-9618&noUDP&sock=8910_0083_4>
...
001 (11479175.000.000) 12/04 10:54:52 Job executing on host: <130.199.150.177:9618?addrs=130.199.150.177-9618&noUDP&sock=22266_01e4_3>
...
006 (11479175.000.000) 12/04 10:55:01 Image size of job updated: 17256
	16  -  MemoryUsage of job (MB)
	16068  -  ResidentSetSize of job (KB)
...
006 (11479175.000.000) 12/04 11:00:02 Image size of job updated: 51504
	49  -  MemoryUsage of job (MB)
	49844  -  ResidentSetSize of job (KB)
...
006 (11479175.000.000) 12/04 11:05:02 Image size of job updated: 56608
	54  -  MemoryUsage of job (MB)
	54708  -  ResidentSetSize of job (KB)
...
005 (11479175.000.000) 12/04 11:09:05 Job terminated.
	(1) Normal termination (return value 0)
		Usr 0 00:11:59, Sys 0 00:00:30  -  Run Remote Usage
		Usr 0 00:00:00, Sys 0 00:00:00  -  Run Local Usage
		Usr 0 00:11:59, Sys 0 00:00:30  -  Total Remote Usage
		Usr 0 00:00:00, Sys 0 00:00:00  -  Total Local Usage
	0  -  Run Bytes Sent By Job
	0  -  Run Bytes Received By Job
	0  -  Total Bytes Sent By Job
	0  -  Total Bytes Received By Job
	Partitionable Resources :    Usage  Request Allocated
	   Cpus                 :                 1         1
	   Disk (KB)            :       10       10  41489418
	   Memory (MB)          :       54        1      2007
...
