000 (11478992.000.000) 12/04 10:53:25 Job submitted from host: <130.199.153.66:9618?addrs=130.199.153.66-9618&noUDP&sock=8910_0083_4>
...
001 (11478992.000.000) 12/04 10:54:18 Job executing on host: <130.199.201.46:9618?addrs=130.199.201.46-9618&noUDP&sock=22727_e877_3>
...
006 (11478992.000.000) 12/04 10:54:27 Image size of job updated: 14560
	15  -  MemoryUsage of job (MB)
	14560  -  ResidentSetSize of job (KB)
...
006 (11478992.000.000) 12/04 10:59:28 Image size of job updated: 48412
	48  -  MemoryUsage of job (MB)
	48404  -  ResidentSetSize of job (KB)
...
006 (11478992.000.000) 12/04 11:04:28 Image size of job updated: 52360
	52  -  MemoryUsage of job (MB)
	52256  -  ResidentSetSize of job (KB)
...
005 (11478992.000.000) 12/04 11:06:19 Job terminated.
	(1) Normal termination (return value 0)
		Usr 0 00:09:14, Sys 0 00:00:22  -  Run Remote Usage
		Usr 0 00:00:00, Sys 0 00:00:00  -  Run Local Usage
		Usr 0 00:09:14, Sys 0 00:00:22  -  Total Remote Usage
		Usr 0 00:00:00, Sys 0 00:00:00  -  Total Local Usage
	0  -  Run Bytes Sent By Job
	0  -  Run Bytes Received By Job
	0  -  Total Bytes Sent By Job
	0  -  Total Bytes Received By Job
	Partitionable Resources :    Usage  Request Allocated
	   Cpus                 :                 1         1
	   Disk (KB)            :       10       10  47328005
	   Memory (MB)          :       52        1      2005
...
