000 (11479191.000.000) 12/04 10:54:07 Job submitted from host: <130.199.153.66:9618?addrs=130.199.153.66-9618&noUDP&sock=8910_0083_4>
...
001 (11479191.000.000) 12/04 10:54:54 Job executing on host: <130.199.202.2:9618?addrs=130.199.202.2-9618&noUDP&sock=38052_13bd_3>
...
006 (11479191.000.000) 12/04 10:55:03 Image size of job updated: 37168
	37  -  MemoryUsage of job (MB)
	37168  -  ResidentSetSize of job (KB)
...
005 (11479191.000.000) 12/04 10:55:35 Job terminated.
	(1) Normal termination (return value 0)
		Usr 0 00:00:31, Sys 0 00:00:02  -  Run Remote Usage
		Usr 0 00:00:00, Sys 0 00:00:00  -  Run Local Usage
		Usr 0 00:00:31, Sys 0 00:00:02  -  Total Remote Usage
		Usr 0 00:00:00, Sys 0 00:00:00  -  Total Local Usage
	0  -  Run Bytes Sent By Job
	0  -  Run Bytes Received By Job
	0  -  Total Bytes Sent By Job
	0  -  Total Bytes Received By Job
	Partitionable Resources :    Usage  Request Allocated
	   Cpus                 :                 1         1
	   Disk (KB)            :       10       10  47541082
	   Memory (MB)          :       37        1      2008
...
