000 (11479533.000.000) 12/04 10:55:18 Job submitted from host: <130.199.153.66:9618?addrs=130.199.153.66-9618&noUDP&sock=8910_0083_4>
...
001 (11479533.000.000) 12/04 10:55:38 Job executing on host: <130.199.150.231:9618?addrs=130.199.150.231-9618&noUDP&sock=21996_8e49_3>
...
006 (11479533.000.000) 12/04 10:55:47 Image size of job updated: 14384
	15  -  MemoryUsage of job (MB)
	14384  -  ResidentSetSize of job (KB)
...
006 (11479533.000.000) 12/04 10:58:13 Image size of job updated: 37172
	15  -  MemoryUsage of job (MB)
	14384  -  ResidentSetSize of job (KB)
...
005 (11479533.000.000) 12/04 10:58:13 Job terminated.
	(1) Normal termination (return value 0)
		Usr 0 00:01:55, Sys 0 00:00:06  -  Run Remote Usage
		Usr 0 00:00:00, Sys 0 00:00:00  -  Run Local Usage
		Usr 0 00:01:55, Sys 0 00:00:06  -  Total Remote Usage
		Usr 0 00:00:00, Sys 0 00:00:00  -  Total Local Usage
	0  -  Run Bytes Sent By Job
	0  -  Run Bytes Received By Job
	0  -  Total Bytes Sent By Job
	0  -  Total Bytes Received By Job
	Partitionable Resources :    Usage  Request Allocated
	   Cpus                 :                 1         1
	   Disk (KB)            :       10       10  59426133
	   Memory (MB)          :       15        1      2007
...
