000 (11479051.000.000) 12/04 10:53:37 Job submitted from host: <130.199.153.66:9618?addrs=130.199.153.66-9618&noUDP&sock=8910_0083_4>
...
001 (11479051.000.000) 12/04 10:54:29 Job executing on host: <130.199.201.16:9618?addrs=130.199.201.16-9618&noUDP&sock=22521_b630_3>
...
006 (11479051.000.000) 12/04 10:54:38 Image size of job updated: 17072
	16  -  MemoryUsage of job (MB)
	15860  -  ResidentSetSize of job (KB)
...
006 (11479051.000.000) 12/04 10:59:39 Image size of job updated: 48128
	45  -  MemoryUsage of job (MB)
	46072  -  ResidentSetSize of job (KB)
...
006 (11479051.000.000) 12/04 11:04:40 Image size of job updated: 54644
	52  -  MemoryUsage of job (MB)
	52588  -  ResidentSetSize of job (KB)
...
005 (11479051.000.000) 12/04 11:05:17 Job terminated.
	(1) Normal termination (return value 0)
		Usr 0 00:09:09, Sys 0 00:00:20  -  Run Remote Usage
		Usr 0 00:00:00, Sys 0 00:00:00  -  Run Local Usage
		Usr 0 00:09:09, Sys 0 00:00:20  -  Total Remote Usage
		Usr 0 00:00:00, Sys 0 00:00:00  -  Total Local Usage
	0  -  Run Bytes Sent By Job
	0  -  Run Bytes Received By Job
	0  -  Total Bytes Sent By Job
	0  -  Total Bytes Received By Job
	Partitionable Resources :    Usage  Request Allocated
	   Cpus                 :                 1         1
	   Disk (KB)            :       10       10  47328187
	   Memory (MB)          :       52        1      2005
...
