000 (11479050.000.000) 12/04 10:53:37 Job submitted from host: <130.199.153.66:9618?addrs=130.199.153.66-9618&noUDP&sock=8910_0083_4>
...
001 (11479050.000.000) 12/04 10:54:29 Job executing on host: <130.199.201.52:9618?addrs=130.199.201.52-9618&noUDP&sock=9828_8994_3>
...
006 (11479050.000.000) 12/04 10:54:38 Image size of job updated: 15796
	16  -  MemoryUsage of job (MB)
	15796  -  ResidentSetSize of job (KB)
...
006 (11479050.000.000) 12/04 10:59:39 Image size of job updated: 55444
	55  -  MemoryUsage of job (MB)
	55444  -  ResidentSetSize of job (KB)
...
006 (11479050.000.000) 12/04 11:04:40 Image size of job updated: 57904
	57  -  MemoryUsage of job (MB)
	57888  -  ResidentSetSize of job (KB)
...
005 (11479050.000.000) 12/04 11:05:23 Job terminated.
	(1) Normal termination (return value 0)
		Usr 0 00:08:51, Sys 0 00:00:23  -  Run Remote Usage
		Usr 0 00:00:00, Sys 0 00:00:00  -  Run Local Usage
		Usr 0 00:08:51, Sys 0 00:00:23  -  Total Remote Usage
		Usr 0 00:00:00, Sys 0 00:00:00  -  Total Local Usage
	0  -  Run Bytes Sent By Job
	0  -  Run Bytes Received By Job
	0  -  Total Bytes Sent By Job
	0  -  Total Bytes Received By Job
	Partitionable Resources :    Usage  Request Allocated
	   Cpus                 :                 1         1
	   Disk (KB)            :       10       10  47327863
	   Memory (MB)          :       57        1      2005
...
