000 (11478669.000.000) 12/04 10:51:22 Job submitted from host: <130.199.153.66:9618?addrs=130.199.153.66-9618&noUDP&sock=8910_0083_4>
...
001 (11478669.000.000) 12/04 10:53:14 Job executing on host: <130.199.150.155:9618?addrs=130.199.150.155-9618&noUDP&sock=22511_8bfb_3>
...
006 (11478669.000.000) 12/04 10:53:23 Image size of job updated: 17408
	16  -  MemoryUsage of job (MB)
	16204  -  ResidentSetSize of job (KB)
...
006 (11478669.000.000) 12/04 10:58:24 Image size of job updated: 54392
	52  -  MemoryUsage of job (MB)
	52516  -  ResidentSetSize of job (KB)
...
006 (11478669.000.000) 12/04 11:03:24 Image size of job updated: 57372
	55  -  MemoryUsage of job (MB)
	55492  -  ResidentSetSize of job (KB)
...
006 (11478669.000.000) 12/04 11:08:25 Image size of job updated: 57992
	55  -  MemoryUsage of job (MB)
	56104  -  ResidentSetSize of job (KB)
...
005 (11478669.000.000) 12/04 11:08:53 Job terminated.
	(1) Normal termination (return value 0)
		Usr 0 00:12:30, Sys 0 00:00:32  -  Run Remote Usage
		Usr 0 00:00:00, Sys 0 00:00:00  -  Run Local Usage
		Usr 0 00:12:30, Sys 0 00:00:32  -  Total Remote Usage
		Usr 0 00:00:00, Sys 0 00:00:00  -  Total Local Usage
	0  -  Run Bytes Sent By Job
	0  -  Run Bytes Received By Job
	0  -  Total Bytes Sent By Job
	0  -  Total Bytes Received By Job
	Partitionable Resources :    Usage  Request Allocated
	   Cpus                 :                 1         1
	   Disk (KB)            :       10       10  41489247
	   Memory (MB)          :       55        1      2007
...
