000 (11478906.000.000) 12/04 10:53:07 Job submitted from host: <130.199.153.66:9618?addrs=130.199.153.66-9618&noUDP&sock=8910_0083_4>
...
001 (11478906.000.000) 12/04 10:53:59 Job executing on host: <130.199.150.146:9618?addrs=130.199.150.146-9618&noUDP&sock=10914_3e22_3>
...
006 (11478906.000.000) 12/04 10:54:08 Image size of job updated: 14492
	15  -  MemoryUsage of job (MB)
	14492  -  ResidentSetSize of job (KB)
...
006 (11478906.000.000) 12/04 10:59:09 Image size of job updated: 41516
	41  -  MemoryUsage of job (MB)
	41516  -  ResidentSetSize of job (KB)
...
005 (11478906.000.000) 12/04 11:00:50 Job terminated.
	(1) Normal termination (return value 0)
		Usr 0 00:05:14, Sys 0 00:00:17  -  Run Remote Usage
		Usr 0 00:00:00, Sys 0 00:00:00  -  Run Local Usage
		Usr 0 00:05:14, Sys 0 00:00:17  -  Total Remote Usage
		Usr 0 00:00:00, Sys 0 00:00:00  -  Total Local Usage
	0  -  Run Bytes Sent By Job
	0  -  Run Bytes Received By Job
	0  -  Total Bytes Sent By Job
	0  -  Total Bytes Received By Job
	Partitionable Resources :    Usage  Request Allocated
	   Cpus                 :                 1         1
	   Disk (KB)            :       10       10  41491385
	   Memory (MB)          :       41        1      2007
...
