000 (11478610.000.000) 12/04 10:51:11 Job submitted from host: <130.199.153.66:9618?addrs=130.199.153.66-9618&noUDP&sock=8910_0083_4>
...
001 (11478610.000.000) 12/04 10:53:01 Job executing on host: <130.199.202.60:9618?addrs=130.199.202.60-9618&noUDP&sock=12298_42e0_3>
...
006 (11478610.000.000) 12/04 10:53:09 Image size of job updated: 14620
	15  -  MemoryUsage of job (MB)
	14616  -  ResidentSetSize of job (KB)
...
006 (11478610.000.000) 12/04 10:58:09 Image size of job updated: 50000
	49  -  MemoryUsage of job (MB)
	49704  -  ResidentSetSize of job (KB)
...
005 (11478610.000.000) 12/04 11:01:56 Job terminated.
	(1) Normal termination (return value 0)
		Usr 0 00:07:35, Sys 0 00:00:24  -  Run Remote Usage
		Usr 0 00:00:00, Sys 0 00:00:00  -  Run Local Usage
		Usr 0 00:07:35, Sys 0 00:00:24  -  Total Remote Usage
		Usr 0 00:00:00, Sys 0 00:00:00  -  Total Local Usage
	0  -  Run Bytes Sent By Job
	0  -  Run Bytes Received By Job
	0  -  Total Bytes Sent By Job
	0  -  Total Bytes Received By Job
	Partitionable Resources :    Usage  Request Allocated
	   Cpus                 :                 1         1
	   Disk (KB)            :       10       10  65479193
	   Memory (MB)          :       49        1      2008
...
