000 (11478935.000.000) 12/04 10:53:13 Job submitted from host: <130.199.153.66:9618?addrs=130.199.153.66-9618&noUDP&sock=8910_0083_4>
...
001 (11478935.000.000) 12/04 10:54:07 Job executing on host: <130.199.152.12:9618?addrs=130.199.152.12-9618&noUDP&sock=23132_15e1_3>
...
006 (11478935.000.000) 12/04 10:54:15 Image size of job updated: 1132
	2  -  MemoryUsage of job (MB)
	1132  -  ResidentSetSize of job (KB)
...
006 (11478935.000.000) 12/04 10:59:15 Image size of job updated: 53876
	53  -  MemoryUsage of job (MB)
	53784  -  ResidentSetSize of job (KB)
...
006 (11478935.000.000) 12/04 11:04:16 Image size of job updated: 54128
	53  -  MemoryUsage of job (MB)
	53840  -  ResidentSetSize of job (KB)
...
005 (11478935.000.000) 12/04 11:07:13 Job terminated.
	(1) Normal termination (return value 0)
		Usr 0 00:09:27, Sys 0 00:00:30  -  Run Remote Usage
		Usr 0 00:00:00, Sys 0 00:00:00  -  Run Local Usage
		Usr 0 00:09:27, Sys 0 00:00:30  -  Total Remote Usage
		Usr 0 00:00:00, Sys 0 00:00:00  -  Total Local Usage
	0  -  Run Bytes Sent By Job
	0  -  Run Bytes Received By Job
	0  -  Total Bytes Sent By Job
	0  -  Total Bytes Received By Job
	Partitionable Resources :    Usage  Request Allocated
	   Cpus                 :                 1         1
	   Disk (KB)            :       10       10  32976455
	   Memory (MB)          :       53        1      2005
...
