000 (11478552.000.000) 12/04 10:51:01 Job submitted from host: <130.199.153.66:9618?addrs=130.199.153.66-9618&noUDP&sock=8910_0083_4>
...
001 (11478552.000.000) 12/04 10:52:49 Job executing on host: <130.199.202.94:9618?addrs=130.199.202.94-9618&noUDP&sock=12202_e0e2_3>
...
006 (11478552.000.000) 12/04 10:52:57 Image size of job updated: 40312
	40  -  MemoryUsage of job (MB)
	40312  -  ResidentSetSize of job (KB)
...
006 (11478552.000.000) 12/04 10:54:01 Image size of job updated: 52408
	40  -  MemoryUsage of job (MB)
	40312  -  ResidentSetSize of job (KB)
...
005 (11478552.000.000) 12/04 10:54:01 Job terminated.
	(1) Normal termination (return value 0)
		Usr 0 00:00:57, Sys 0 00:00:04  -  Run Remote Usage
		Usr 0 00:00:00, Sys 0 00:00:00  -  Run Local Usage
		Usr 0 00:00:57, Sys 0 00:00:04  -  Total Remote Usage
		Usr 0 00:00:00, Sys 0 00:00:00  -  Total Local Usage
	0  -  Run Bytes Sent By Job
	0  -  Run Bytes Received By Job
	0  -  Total Bytes Sent By Job
	0  -  Total Bytes Received By Job
	Partitionable Resources :    Usage  Request Allocated
	   Cpus                 :                 1         1
	   Disk (KB)            :       10       10  65563834
	   Memory (MB)          :       40        1      2297
...
