000 (11479159.000.000) 12/04 10:54:00 Job submitted from host: <130.199.153.66:9618?addrs=130.199.153.66-9618&noUDP&sock=8910_0083_4>
...
001 (11479159.000.000) 12/04 10:54:49 Job executing on host: <130.199.150.170:9618?addrs=130.199.150.170-9618&noUDP&sock=21995_3d44_3>
...
006 (11479159.000.000) 12/04 10:54:58 Image size of job updated: 14580
	15  -  MemoryUsage of job (MB)
	14580  -  ResidentSetSize of job (KB)
...
006 (11479159.000.000) 12/04 10:59:59 Image size of job updated: 49380
	49  -  MemoryUsage of job (MB)
	49380  -  ResidentSetSize of job (KB)
...
006 (11479159.000.000) 12/04 11:04:59 Image size of job updated: 56608
	56  -  MemoryUsage of job (MB)
	56572  -  ResidentSetSize of job (KB)
...
005 (11479159.000.000) 12/04 11:07:42 Job terminated.
	(1) Normal termination (return value 0)
		Usr 0 00:09:52, Sys 0 00:00:24  -  Run Remote Usage
		Usr 0 00:00:00, Sys 0 00:00:00  -  Run Local Usage
		Usr 0 00:09:52, Sys 0 00:00:24  -  Total Remote Usage
		Usr 0 00:00:00, Sys 0 00:00:00  -  Total Local Usage
	0  -  Run Bytes Sent By Job
	0  -  Run Bytes Received By Job
	0  -  Total Bytes Sent By Job
	0  -  Total Bytes Received By Job
	Partitionable Resources :    Usage  Request Allocated
	   Cpus                 :                 1         1
	   Disk (KB)            :       10       10  41489298
	   Memory (MB)          :       56        1      2007
...
