000 (11478905.000.000) 12/04 10:53:07 Job submitted from host: <130.199.153.66:9618?addrs=130.199.153.66-9618&noUDP&sock=8910_0083_4>
...
001 (11478905.000.000) 12/04 10:53:59 Job executing on host: <130.199.150.155:9618?addrs=130.199.150.155-9618&noUDP&sock=22511_8bfb_3>
...
006 (11478905.000.000) 12/04 10:54:08 Image size of job updated: 15744
	16  -  MemoryUsage of job (MB)
	15744  -  ResidentSetSize of job (KB)
...
006 (11478905.000.000) 12/04 10:59:09 Image size of job updated: 40436
	40  -  MemoryUsage of job (MB)
	40436  -  ResidentSetSize of job (KB)
...
005 (11478905.000.000) 12/04 11:01:29 Job terminated.
	(1) Normal termination (return value 0)
		Usr 0 00:05:46, Sys 0 00:00:17  -  Run Remote Usage
		Usr 0 00:00:00, Sys 0 00:00:00  -  Run Local Usage
		Usr 0 00:05:46, Sys 0 00:00:17  -  Total Remote Usage
		Usr 0 00:00:00, Sys 0 00:00:00  -  Total Local Usage
	0  -  Run Bytes Sent By Job
	0  -  Run Bytes Received By Job
	0  -  Total Bytes Sent By Job
	0  -  Total Bytes Received By Job
	Partitionable Resources :    Usage  Request Allocated
	   Cpus                 :                 1         1
	   Disk (KB)            :       10       10  41489247
	   Memory (MB)          :       40        1      2007
...
