000 (11479255.000.000) 12/04 10:54:20 Job submitted from host: <130.199.153.66:9618?addrs=130.199.153.66-9618&noUDP&sock=8910_0083_4>
...
001 (11479255.000.000) 12/04 10:55:06 Job executing on host: <130.199.202.17:9618?addrs=130.199.202.17-9618&noUDP&sock=45046_96fe_3>
...
006 (11479255.000.000) 12/04 10:55:14 Image size of job updated: 14616
	15  -  MemoryUsage of job (MB)
	14616  -  ResidentSetSize of job (KB)
...
005 (11479255.000.000) 12/04 10:59:25 Job terminated.
	(1) Normal termination (return value 0)
		Usr 0 00:03:33, Sys 0 00:00:09  -  Run Remote Usage
		Usr 0 00:00:00, Sys 0 00:00:00  -  Run Local Usage
		Usr 0 00:03:33, Sys 0 00:00:09  -  Total Remote Usage
		Usr 0 00:00:00, Sys 0 00:00:00  -  Total Local Usage
	0  -  Run Bytes Sent By Job
	0  -  Run Bytes Received By Job
	0  -  Total Bytes Sent By Job
	0  -  Total Bytes Received By Job
	Partitionable Resources :    Usage  Request Allocated
	   Cpus                 :                 1         1
	   Disk (KB)            :       10       10  47541352
	   Memory (MB)          :       15        1      2008
...
