000 (11479402.000.000) 12/04 10:54:53 Job submitted from host: <130.199.153.66:9618?addrs=130.199.153.66-9618&noUDP&sock=8910_0083_4>
...
001 (11479402.000.000) 12/04 10:55:32 Job executing on host: <130.199.202.9:9618?addrs=130.199.202.9-9618&noUDP&sock=37429_e7cd_3>
...
006 (11479402.000.000) 12/04 10:55:41 Image size of job updated: 14432
	15  -  MemoryUsage of job (MB)
	14432  -  ResidentSetSize of job (KB)
...
006 (11479402.000.000) 12/04 10:59:32 Image size of job updated: 38620
	15  -  MemoryUsage of job (MB)
	14432  -  ResidentSetSize of job (KB)
...
005 (11479402.000.000) 12/04 10:59:32 Job terminated.
	(1) Normal termination (return value 0)
		Usr 0 00:03:14, Sys 0 00:00:09  -  Run Remote Usage
		Usr 0 00:00:00, Sys 0 00:00:00  -  Run Local Usage
		Usr 0 00:03:14, Sys 0 00:00:09  -  Total Remote Usage
		Usr 0 00:00:00, Sys 0 00:00:00  -  Total Local Usage
	0  -  Run Bytes Sent By Job
	0  -  Run Bytes Received By Job
	0  -  Total Bytes Sent By Job
	0  -  Total Bytes Received By Job
	Partitionable Resources :    Usage  Request Allocated
	   Cpus                 :                 1         1
	   Disk (KB)            :       10       10  47541158
	   Memory (MB)          :       15        1      2008
...
