000 (11478638.000.000) 12/04 10:51:16 Job submitted from host: <130.199.153.66:9618?addrs=130.199.153.66-9618&noUDP&sock=8910_0083_4>
...
001 (11478638.000.000) 12/04 10:53:07 Job executing on host: <130.199.202.65:9618?addrs=130.199.202.65-9618&noUDP&sock=26063_b5c0_3>
...
006 (11478638.000.000) 12/04 10:53:15 Image size of job updated: 16024
	15  -  MemoryUsage of job (MB)
	14800  -  ResidentSetSize of job (KB)
...
006 (11478638.000.000) 12/04 10:58:15 Image size of job updated: 53044
	51  -  MemoryUsage of job (MB)
	51360  -  ResidentSetSize of job (KB)
...
006 (11478638.000.000) 12/04 11:03:15 Image size of job updated: 53932
	52  -  MemoryUsage of job (MB)
	52244  -  ResidentSetSize of job (KB)
...
006 (11478638.000.000) 12/04 11:08:16 Image size of job updated: 64156
	62  -  MemoryUsage of job (MB)
	62468  -  ResidentSetSize of job (KB)
...
006 (11478638.000.000) 12/04 11:18:16 Image size of job updated: 66996
	64  -  MemoryUsage of job (MB)
	65304  -  ResidentSetSize of job (KB)
...
005 (11478638.000.000) 12/04 11:19:37 Job terminated.
	(1) Normal termination (return value 0)
		Usr 0 00:23:41, Sys 0 00:00:59  -  Run Remote Usage
		Usr 0 00:00:00, Sys 0 00:00:00  -  Run Local Usage
		Usr 0 00:23:41, Sys 0 00:00:59  -  Total Remote Usage
		Usr 0 00:00:00, Sys 0 00:00:00  -  Total Local Usage
	0  -  Run Bytes Sent By Job
	0  -  Run Bytes Received By Job
	0  -  Total Bytes Sent By Job
	0  -  Total Bytes Received By Job
	Partitionable Resources :    Usage  Request Allocated
	   Cpus                 :                 1         1
	   Disk (KB)            :       10       10  65479530
	   Memory (MB)          :       64        1      2008
...
