000 (11478670.000.000) 12/04 10:51:22 Job submitted from host: <130.199.153.66:9618?addrs=130.199.153.66-9618&noUDP&sock=8910_0083_4>
...
001 (11478670.000.000) 12/04 10:53:14 Job executing on host: <130.199.150.204:9618?addrs=130.199.150.204-9618&noUDP&sock=22670_de48_3>
...
006 (11478670.000.000) 12/04 10:53:23 Image size of job updated: 15944
	16  -  MemoryUsage of job (MB)
	15944  -  ResidentSetSize of job (KB)
...
006 (11478670.000.000) 12/04 10:58:24 Image size of job updated: 55076
	54  -  MemoryUsage of job (MB)
	55076  -  ResidentSetSize of job (KB)
...
006 (11478670.000.000) 12/04 11:04:51 Image size of job updated: 271532
	54  -  MemoryUsage of job (MB)
	55076  -  ResidentSetSize of job (KB)
...
005 (11478670.000.000) 12/04 11:04:52 Job terminated.
	(1) Normal termination (return value 0)
		Usr 0 00:09:40, Sys 0 00:00:27  -  Run Remote Usage
		Usr 0 00:00:00, Sys 0 00:00:00  -  Run Local Usage
		Usr 0 00:09:40, Sys 0 00:00:27  -  Total Remote Usage
		Usr 0 00:00:00, Sys 0 00:00:00  -  Total Local Usage
	0  -  Run Bytes Sent By Job
	0  -  Run Bytes Received By Job
	0  -  Total Bytes Sent By Job
	0  -  Total Bytes Received By Job
	Partitionable Resources :    Usage  Request Allocated
	   Cpus                 :                 1         1
	   Disk (KB)            :       10       10  59426222
	   Memory (MB)          :       54        1      2007
...
