000 (11479490.000.000) 12/04 10:55:10 Job submitted from host: <130.199.153.66:9618?addrs=130.199.153.66-9618&noUDP&sock=8910_0083_4>
...
001 (11479490.000.000) 12/04 10:55:47 Job executing on host: <130.199.201.42:9618?addrs=130.199.201.42-9618&noUDP&sock=22552_85d5_3>
...
006 (11479490.000.000) 12/04 10:55:56 Image size of job updated: 14496
	15  -  MemoryUsage of job (MB)
	14496  -  ResidentSetSize of job (KB)
...
006 (11479490.000.000) 12/04 10:58:08 Image size of job updated: 36620
	15  -  MemoryUsage of job (MB)
	14496  -  ResidentSetSize of job (KB)
...
005 (11479490.000.000) 12/04 10:58:08 Job terminated.
	(1) Normal termination (return value 0)
		Usr 0 00:01:46, Sys 0 00:00:06  -  Run Remote Usage
		Usr 0 00:00:00, Sys 0 00:00:00  -  Run Local Usage
		Usr 0 00:01:46, Sys 0 00:00:06  -  Total Remote Usage
		Usr 0 00:00:00, Sys 0 00:00:00  -  Total Local Usage
	0  -  Run Bytes Sent By Job
	0  -  Run Bytes Received By Job
	0  -  Total Bytes Sent By Job
	0  -  Total Bytes Received By Job
	Partitionable Resources :    Usage  Request Allocated
	   Cpus                 :                 1         1
	   Disk (KB)            :       10       10  47327780
	   Memory (MB)          :       15        1      2005
...
