000 (11479049.000.000) 12/04 10:53:37 Job submitted from host: <130.199.153.66:9618?addrs=130.199.153.66-9618&noUDP&sock=8910_0083_4>
...
001 (11479049.000.000) 12/04 10:54:29 Job executing on host: <130.199.152.18:9618?addrs=130.199.152.18-9618&noUDP&sock=12704_c14f_3>
...
006 (11479049.000.000) 12/04 10:54:38 Image size of job updated: 18644
	16  -  MemoryUsage of job (MB)
	15780  -  ResidentSetSize of job (KB)
...
006 (11479049.000.000) 12/04 10:59:39 Image size of job updated: 52752
	48  -  MemoryUsage of job (MB)
	48332  -  ResidentSetSize of job (KB)
...
006 (11479049.000.000) 12/04 11:04:39 Image size of job updated: 58276
	53  -  MemoryUsage of job (MB)
	53696  -  ResidentSetSize of job (KB)
...
005 (11479049.000.000) 12/04 11:05:20 Job terminated.
	(1) Normal termination (return value 0)
		Usr 0 00:09:18, Sys 0 00:00:20  -  Run Remote Usage
		Usr 0 00:00:00, Sys 0 00:00:00  -  Run Local Usage
		Usr 0 00:09:18, Sys 0 00:00:20  -  Total Remote Usage
		Usr 0 00:00:00, Sys 0 00:00:00  -  Total Local Usage
	0  -  Run Bytes Sent By Job
	0  -  Run Bytes Received By Job
	0  -  Total Bytes Sent By Job
	0  -  Total Bytes Received By Job
	Partitionable Resources :    Usage  Request Allocated
	   Cpus                 :                 1         1
	   Disk (KB)            :       10       10  32976422
	   Memory (MB)          :       53        1      2005
...
