000 (11479283.000.000) 12/04 10:54:27 Job submitted from host: <130.199.153.66:9618?addrs=130.199.153.66-9618&noUDP&sock=8910_0083_4>
...
001 (11479283.000.000) 12/04 10:55:11 Job executing on host: <130.199.153.239:9618?addrs=130.199.153.239-9618&noUDP&sock=22141_724c_3>
...
006 (11479283.000.000) 12/04 10:55:20 Image size of job updated: 39744
	37  -  MemoryUsage of job (MB)
	37016  -  ResidentSetSize of job (KB)
...
006 (11479283.000.000) 12/04 10:55:26 Image size of job updated: 258156
	37  -  MemoryUsage of job (MB)
	37016  -  ResidentSetSize of job (KB)
...
005 (11479283.000.000) 12/04 10:55:26 Job terminated.
	(1) Normal termination (return value 0)
		Usr 0 00:00:08, Sys 0 00:00:02  -  Run Remote Usage
		Usr 0 00:00:00, Sys 0 00:00:00  -  Run Local Usage
		Usr 0 00:00:08, Sys 0 00:00:02  -  Total Remote Usage
		Usr 0 00:00:00, Sys 0 00:00:00  -  Total Local Usage
	0  -  Run Bytes Sent By Job
	0  -  Run Bytes Received By Job
	0  -  Total Bytes Sent By Job
	0  -  Total Bytes Received By Job
	Partitionable Resources :    Usage  Request Allocated
	   Cpus                 :                 1         1
	   Disk (KB)            :       10       10  47327939
	   Memory (MB)          :       37        1      2005
...
