000 (11478639.000.000) 12/04 10:51:16 Job submitted from host: <130.199.153.66:9618?addrs=130.199.153.66-9618&noUDP&sock=8910_0083_4>
...
001 (11478639.000.000) 12/04 10:53:07 Job executing on host: <130.199.202.67:9618?addrs=130.199.202.67-9618&noUDP&sock=20072_a254_3>
...
006 (11478639.000.000) 12/04 10:53:15 Image size of job updated: 17392
	16  -  MemoryUsage of job (MB)
	16132  -  ResidentSetSize of job (KB)
...
006 (11478639.000.000) 12/04 10:58:15 Image size of job updated: 55468
	52  -  MemoryUsage of job (MB)
	52748  -  ResidentSetSize of job (KB)
...
006 (11478639.000.000) 12/04 11:03:16 Image size of job updated: 59960
	56  -  MemoryUsage of job (MB)
	57240  -  ResidentSetSize of job (KB)
...
006 (11478639.000.000) 12/04 11:08:16 Image size of job updated: 67424
	64  -  MemoryUsage of job (MB)
	64704  -  ResidentSetSize of job (KB)
...
006 (11478639.000.000) 12/04 11:13:16 Image size of job updated: 69392
	66  -  MemoryUsage of job (MB)
	66672  -  ResidentSetSize of job (KB)
...
006 (11478639.000.000) 12/04 11:18:17 Image size of job updated: 73272
	69  -  MemoryUsage of job (MB)
	70552  -  ResidentSetSize of job (KB)
...
005 (11478639.000.000) 12/04 11:18:37 Job terminated.
	(1) Normal termination (return value 0)
		Usr 0 00:22:42, Sys 0 00:01:00  -  Run Remote Usage
		Usr 0 00:00:00, Sys 0 00:00:00  -  Run Local Usage
		Usr 0 00:22:42, Sys 0 00:01:00  -  Total Remote Usage
		Usr 0 00:00:00, Sys 0 00:00:00  -  Total Local Usage
	0  -  Run Bytes Sent By Job
	0  -  Run Bytes Received By Job
	0  -  Total Bytes Sent By Job
	0  -  Total Bytes Received By Job
	Partitionable Resources :    Usage  Request Allocated
	   Cpus                 :                 1         1
	   Disk (KB)            :       10       10  65479245
	   Memory (MB)          :       69        1      2008
...
