000 (11479102.000.000) 12/04 10:53:49 Job submitted from host: <130.199.153.66:9618?addrs=130.199.153.66-9618&noUDP&sock=8910_0083_4>
...
001 (11479102.000.000) 12/04 10:54:40 Job executing on host: <130.199.201.58:9618?addrs=130.199.201.58-9618&noUDP&sock=22437_2072_3>
...
006 (11479102.000.000) 12/04 10:54:49 Image size of job updated: 544
	1  -  MemoryUsage of job (MB)
	544  -  ResidentSetSize of job (KB)
...
006 (11479102.000.000) 12/04 10:56:22 Image size of job updated: 1856
	1  -  MemoryUsage of job (MB)
	544  -  ResidentSetSize of job (KB)
...
005 (11479102.000.000) 12/04 10:56:23 Job terminated.
	(1) Normal termination (return value 0)
		Usr 0 00:01:00, Sys 0 00:00:05  -  Run Remote Usage
		Usr 0 00:00:00, Sys 0 00:00:00  -  Run Local Usage
		Usr 0 00:01:00, Sys 0 00:00:05  -  Total Remote Usage
		Usr 0 00:00:00, Sys 0 00:00:00  -  Total Local Usage
	0  -  Run Bytes Sent By Job
	0  -  Run Bytes Received By Job
	0  -  Total Bytes Sent By Job
	0  -  Total Bytes Received By Job
	Partitionable Resources :    Usage  Request Allocated
	   Cpus                 :                 1         1
	   Disk (KB)            :       10       10  47327796
	   Memory (MB)          :        1        1      2005
...
