000 (11479190.000.000) 12/04 10:54:07 Job submitted from host: <130.199.153.66:9618?addrs=130.199.153.66-9618&noUDP&sock=8910_0083_4>
...
001 (11479190.000.000) 12/04 10:54:54 Job executing on host: <130.199.201.36:9618?addrs=130.199.201.36-9618&noUDP&sock=18565_b008_3>
...
006 (11479190.000.000) 12/04 10:55:03 Image size of job updated: 23136
	23  -  MemoryUsage of job (MB)
	23044  -  ResidentSetSize of job (KB)
...
006 (11479190.000.000) 12/04 10:55:40 Image size of job updated: 44708
	23  -  MemoryUsage of job (MB)
	23280  -  ResidentSetSize of job (KB)
...
005 (11479190.000.000) 12/04 10:55:40 Job terminated.
	(1) Normal termination (return value 0)
		Usr 0 00:00:32, Sys 0 00:00:03  -  Run Remote Usage
		Usr 0 00:00:00, Sys 0 00:00:00  -  Run Local Usage
		Usr 0 00:00:32, Sys 0 00:00:03  -  Total Remote Usage
		Usr 0 00:00:00, Sys 0 00:00:00  -  Total Local Usage
	0  -  Run Bytes Sent By Job
	0  -  Run Bytes Received By Job
	0  -  Total Bytes Sent By Job
	0  -  Total Bytes Received By Job
	Partitionable Resources :    Usage  Request Allocated
	   Cpus                 :                 1         1
	   Disk (KB)            :       10       10  47327908
	   Memory (MB)          :       23        1      2005
...
