000 (11479315.000.000) 12/04 10:54:34 Job submitted from host: <130.199.153.66:9618?addrs=130.199.153.66-9618&noUDP&sock=8910_0083_4>
...
001 (11479315.000.000) 12/04 10:55:18 Job executing on host: <130.199.201.22:9618?addrs=130.199.201.22-9618&noUDP&sock=22482_5e61_3>
...
006 (11479315.000.000) 12/04 10:55:26 Image size of job updated: 14424
	15  -  MemoryUsage of job (MB)
	14424  -  ResidentSetSize of job (KB)
...
006 (11479315.000.000) 12/04 10:57:59 Image size of job updated: 38016
	15  -  MemoryUsage of job (MB)
	14424  -  ResidentSetSize of job (KB)
...
005 (11479315.000.000) 12/04 10:57:59 Job terminated.
	(1) Normal termination (return value 0)
		Usr 0 00:01:53, Sys 0 00:00:07  -  Run Remote Usage
		Usr 0 00:00:00, Sys 0 00:00:00  -  Run Local Usage
		Usr 0 00:01:53, Sys 0 00:00:07  -  Total Remote Usage
		Usr 0 00:00:00, Sys 0 00:00:00  -  Total Local Usage
	0  -  Run Bytes Sent By Job
	0  -  Run Bytes Received By Job
	0  -  Total Bytes Sent By Job
	0  -  Total Bytes Received By Job
	Partitionable Resources :    Usage  Request Allocated
	   Cpus                 :                 1         1
	   Disk (KB)            :       10       10  47328178
	   Memory (MB)          :       15        1      2005
...
