000 (11479158.000.000) 12/04 10:54:00 Job submitted from host: <130.199.153.66:9618?addrs=130.199.153.66-9618&noUDP&sock=8910_0083_4>
...
001 (11479158.000.000) 12/04 10:54:49 Job executing on host: <130.199.202.88:9618?addrs=130.199.202.88-9618&noUDP&sock=169515_74fe_3>
...
006 (11479158.000.000) 12/04 10:54:58 Image size of job updated: 14596
	15  -  MemoryUsage of job (MB)
	14596  -  ResidentSetSize of job (KB)
...
006 (11479158.000.000) 12/04 10:59:59 Image size of job updated: 49228
	49  -  MemoryUsage of job (MB)
	49228  -  ResidentSetSize of job (KB)
...
006 (11479158.000.000) 12/04 11:04:13 Image size of job updated: 49460
	49  -  MemoryUsage of job (MB)
	49228  -  ResidentSetSize of job (KB)
...
005 (11479158.000.000) 12/04 11:04:13 Job terminated.
	(1) Normal termination (return value 0)
		Usr 0 00:07:32, Sys 0 00:00:23  -  Run Remote Usage
		Usr 0 00:00:00, Sys 0 00:00:00  -  Run Local Usage
		Usr 0 00:07:32, Sys 0 00:00:23  -  Total Remote Usage
		Usr 0 00:00:00, Sys 0 00:00:00  -  Total Local Usage
	0  -  Run Bytes Sent By Job
	0  -  Run Bytes Received By Job
	0  -  Total Bytes Sent By Job
	0  -  Total Bytes Received By Job
	Partitionable Resources :    Usage  Request Allocated
	   Cpus                 :                 1         1
	   Disk (KB)            :       10       10  65563789
	   Memory (MB)          :       49        1      2297
...
