000 (11478936.000.000) 12/04 10:53:13 Job submitted from host: <130.199.153.66:9618?addrs=130.199.153.66-9618&noUDP&sock=8910_0083_4>
...
001 (11478936.000.000) 12/04 10:54:06 Job executing on host: <130.199.201.62:9618?addrs=130.199.201.62-9618&noUDP&sock=23050_222d_3>
...
006 (11478936.000.000) 12/04 10:54:15 Image size of job updated: 18300
	16  -  MemoryUsage of job (MB)
	15716  -  ResidentSetSize of job (KB)
...
006 (11478936.000.000) 12/04 10:59:16 Image size of job updated: 55300
	50  -  MemoryUsage of job (MB)
	51160  -  ResidentSetSize of job (KB)
...
006 (11478936.000.000) 12/04 11:04:17 Image size of job updated: 60044
	55  -  MemoryUsage of job (MB)
	55576  -  ResidentSetSize of job (KB)
...
005 (11478936.000.000) 12/04 11:04:30 Job terminated.
	(1) Normal termination (return value 0)
		Usr 0 00:08:30, Sys 0 00:00:19  -  Run Remote Usage
		Usr 0 00:00:00, Sys 0 00:00:00  -  Run Local Usage
		Usr 0 00:08:30, Sys 0 00:00:19  -  Total Remote Usage
		Usr 0 00:00:00, Sys 0 00:00:00  -  Total Local Usage
	0  -  Run Bytes Sent By Job
	0  -  Run Bytes Received By Job
	0  -  Total Bytes Sent By Job
	0  -  Total Bytes Received By Job
	Partitionable Resources :    Usage  Request Allocated
	   Cpus                 :                 1         1
	   Disk (KB)            :       10       10  47327837
	   Memory (MB)          :       55        1      2005
...
