000 (11479020.000.000) 12/04 10:53:31 Job submitted from host: <130.199.153.66:9618?addrs=130.199.153.66-9618&noUDP&sock=8910_0083_4>
...
001 (11479020.000.000) 12/04 10:54:25 Job executing on host: <130.199.153.238:9618?addrs=130.199.153.238-9618&noUDP&sock=21640_e2e4_3>
...
006 (11479020.000.000) 12/04 10:54:33 Image size of job updated: 24636
	14  -  MemoryUsage of job (MB)
	14300  -  ResidentSetSize of job (KB)
...
005 (11479020.000.000) 12/04 10:55:45 Job terminated.
	(1) Normal termination (return value 0)
		Usr 0 00:00:58, Sys 0 00:00:03  -  Run Remote Usage
		Usr 0 00:00:00, Sys 0 00:00:00  -  Run Local Usage
		Usr 0 00:00:58, Sys 0 00:00:03  -  Total Remote Usage
		Usr 0 00:00:00, Sys 0 00:00:00  -  Total Local Usage
	0  -  Run Bytes Sent By Job
	0  -  Run Bytes Received By Job
	0  -  Total Bytes Sent By Job
	0  -  Total Bytes Received By Job
	Partitionable Resources :    Usage  Request Allocated
	   Cpus                 :                 1         1
	   Disk (KB)            :       10       10  47327675
	   Memory (MB)          :       14        1      2005
...
