000 (11479461.000.000) 12/04 10:55:04 Job submitted from host: <130.199.153.66:9618?addrs=130.199.153.66-9618&noUDP&sock=8910_0083_4>
...
001 (11479461.000.000) 12/04 10:55:43 Job executing on host: <130.199.152.4:9618?addrs=130.199.152.4-9618&noUDP&sock=22444_5797_3>
...
006 (11479461.000.000) 12/04 10:55:52 Image size of job updated: 15668
	16  -  MemoryUsage of job (MB)
	15668  -  ResidentSetSize of job (KB)
...
006 (11479461.000.000) 12/04 10:58:26 Image size of job updated: 39228
	16  -  MemoryUsage of job (MB)
	15668  -  ResidentSetSize of job (KB)
...
005 (11479461.000.000) 12/04 10:58:26 Job terminated.
	(1) Normal termination (return value 0)
		Usr 0 00:02:10, Sys 0 00:00:07  -  Run Remote Usage
		Usr 0 00:00:00, Sys 0 00:00:00  -  Run Local Usage
		Usr 0 00:02:10, Sys 0 00:00:07  -  Total Remote Usage
		Usr 0 00:00:00, Sys 0 00:00:00  -  Total Local Usage
	0  -  Run Bytes Sent By Job
	0  -  Run Bytes Received By Job
	0  -  Total Bytes Sent By Job
	0  -  Total Bytes Received By Job
	Partitionable Resources :    Usage  Request Allocated
	   Cpus                 :                 1         1
	   Disk (KB)            :       10       10  32976420
	   Memory (MB)          :       16        1      2005
...
