000 (11478967.000.000) 12/04 10:53:19 Job submitted from host: <130.199.153.66:9618?addrs=130.199.153.66-9618&noUDP&sock=8910_0083_4>
...
001 (11478967.000.000) 12/04 10:54:14 Job executing on host: <130.199.153.50:9618?addrs=130.199.153.50-9618&noUDP&sock=22125_61f7_3>
...
006 (11478967.000.000) 12/04 10:54:23 Image size of job updated: 14672
	15  -  MemoryUsage of job (MB)
	14672  -  ResidentSetSize of job (KB)
...
006 (11478967.000.000) 12/04 10:59:24 Image size of job updated: 49492
	49  -  MemoryUsage of job (MB)
	49456  -  ResidentSetSize of job (KB)
...
006 (11478967.000.000) 12/04 11:04:25 Image size of job updated: 56072
	55  -  MemoryUsage of job (MB)
	55948  -  ResidentSetSize of job (KB)
...
005 (11478967.000.000) 12/04 11:04:44 Job terminated.
	(1) Normal termination (return value 0)
		Usr 0 00:08:11, Sys 0 00:00:23  -  Run Remote Usage
		Usr 0 00:00:00, Sys 0 00:00:00  -  Run Local Usage
		Usr 0 00:08:11, Sys 0 00:00:23  -  Total Remote Usage
		Usr 0 00:00:00, Sys 0 00:00:00  -  Total Local Usage
	0  -  Run Bytes Sent By Job
	0  -  Run Bytes Received By Job
	0  -  Total Bytes Sent By Job
	0  -  Total Bytes Received By Job
	Partitionable Resources :    Usage  Request Allocated
	   Cpus                 :                 1         1
	   Disk (KB)            :       10       10  47328109
	   Memory (MB)          :       55        1      2005
...
