000 (11478966.000.000) 12/04 10:53:19 Job submitted from host: <130.199.153.66:9618?addrs=130.199.153.66-9618&noUDP&sock=8910_0083_4>
...
001 (11478966.000.000) 12/04 10:54:14 Job executing on host: <130.199.201.58:9618?addrs=130.199.201.58-9618&noUDP&sock=22437_2072_3>
...
006 (11478966.000.000) 12/04 10:54:23 Image size of job updated: 544
	1  -  MemoryUsage of job (MB)
	544  -  ResidentSetSize of job (KB)
...
006 (11478966.000.000) 12/04 10:59:24 Image size of job updated: 51248
	50  -  MemoryUsage of job (MB)
	50276  -  ResidentSetSize of job (KB)
...
006 (11478966.000.000) 12/04 11:04:24 Image size of job updated: 56552
	54  -  MemoryUsage of job (MB)
	55132  -  ResidentSetSize of job (KB)
...
005 (11478966.000.000) 12/04 11:04:44 Job terminated.
	(1) Normal termination (return value 0)
		Usr 0 00:08:01, Sys 0 00:00:21  -  Run Remote Usage
		Usr 0 00:00:00, Sys 0 00:00:00  -  Run Local Usage
		Usr 0 00:08:01, Sys 0 00:00:21  -  Total Remote Usage
		Usr 0 00:00:00, Sys 0 00:00:00  -  Total Local Usage
	0  -  Run Bytes Sent By Job
	0  -  Run Bytes Received By Job
	0  -  Total Bytes Sent By Job
	0  -  Total Bytes Received By Job
	Partitionable Resources :    Usage  Request Allocated
	   Cpus                 :                 1         1
	   Disk (KB)            :       10       10  47327796
	   Memory (MB)          :       54        1      2005
...
