000 (11478768.000.000) 12/04 10:52:39 Job submitted from host: <130.199.153.66:9618?addrs=130.199.153.66-9618&noUDP&sock=8910_0083_4>
...
001 (11478768.000.000) 12/04 10:53:33 Job executing on host: <130.199.201.45:9618?addrs=130.199.201.45-9618&noUDP&sock=23046_de17_3>
...
006 (11478768.000.000) 12/04 10:53:41 Image size of job updated: 21484
	16  -  MemoryUsage of job (MB)
	15792  -  ResidentSetSize of job (KB)
...
006 (11478768.000.000) 12/04 10:58:41 Image size of job updated: 61360
	53  -  MemoryUsage of job (MB)
	53924  -  ResidentSetSize of job (KB)
...
006 (11478768.000.000) 12/04 11:03:42 Image size of job updated: 62012
	54  -  MemoryUsage of job (MB)
	54284  -  ResidentSetSize of job (KB)
...
005 (11478768.000.000) 12/04 11:07:00 Job terminated.
	(1) Normal termination (return value 0)
		Usr 0 00:11:18, Sys 0 00:00:29  -  Run Remote Usage
		Usr 0 00:00:00, Sys 0 00:00:00  -  Run Local Usage
		Usr 0 00:11:18, Sys 0 00:00:29  -  Total Remote Usage
		Usr 0 00:00:00, Sys 0 00:00:00  -  Total Local Usage
	0  -  Run Bytes Sent By Job
	0  -  Run Bytes Received By Job
	0  -  Total Bytes Sent By Job
	0  -  Total Bytes Received By Job
	Partitionable Resources :    Usage  Request Allocated
	   Cpus                 :                 1         1
	   Disk (KB)            :       10       10  47327626
	   Memory (MB)          :       54        1      2005
...
