000 (11478698.000.000) 12/04 10:51:53 Job submitted from host: <130.199.153.66:9618?addrs=130.199.153.66-9618&noUDP&sock=8910_0083_4>
...
001 (11478698.000.000) 12/04 10:53:20 Job executing on host: <130.199.202.68:9618?addrs=130.199.202.68-9618&noUDP&sock=11649_dc65_3>
...
006 (11478698.000.000) 12/04 10:53:29 Image size of job updated: 14700
	15  -  MemoryUsage of job (MB)
	14700  -  ResidentSetSize of job (KB)
...
005 (11478698.000.000) 12/04 10:56:31 Job terminated.
	(1) Normal termination (return value 0)
		Usr 0 00:02:40, Sys 0 00:00:07  -  Run Remote Usage
		Usr 0 00:00:00, Sys 0 00:00:00  -  Run Local Usage
		Usr 0 00:02:40, Sys 0 00:00:07  -  Total Remote Usage
		Usr 0 00:00:00, Sys 0 00:00:00  -  Total Local Usage
	0  -  Run Bytes Sent By Job
	0  -  Run Bytes Received By Job
	0  -  Total Bytes Sent By Job
	0  -  Total Bytes Received By Job
	Partitionable Resources :    Usage  Request Allocated
	   Cpus                 :                 1         1
	   Disk (KB)            :       10       10  65479168
	   Memory (MB)          :       15        1      2008
...
