000 (11479345.000.000) 12/04 10:54:41 Job submitted from host: <130.199.153.66:9618?addrs=130.199.153.66-9618&noUDP&sock=8910_0083_4>
...
001 (11479345.000.000) 12/04 10:55:12 Job executing on host: <130.199.150.133:9618?addrs=130.199.150.133-9618&noUDP&sock=19230_26d7_3>
...
006 (11479345.000.000) 12/04 10:55:20 Image size of job updated: 14516
	15  -  MemoryUsage of job (MB)
	14516  -  ResidentSetSize of job (KB)
...
006 (11479345.000.000) 12/04 10:58:43 Image size of job updated: 40916
	15  -  MemoryUsage of job (MB)
	14516  -  ResidentSetSize of job (KB)
...
005 (11479345.000.000) 12/04 10:58:43 Job terminated.
	(1) Normal termination (return value 0)
		Usr 0 00:02:52, Sys 0 00:00:08  -  Run Remote Usage
		Usr 0 00:00:00, Sys 0 00:00:00  -  Run Local Usage
		Usr 0 00:02:52, Sys 0 00:00:08  -  Total Remote Usage
		Usr 0 00:00:00, Sys 0 00:00:00  -  Total Local Usage
	0  -  Run Bytes Sent By Job
	0  -  Run Bytes Received By Job
	0  -  Total Bytes Sent By Job
	0  -  Total Bytes Received By Job
	Partitionable Resources :    Usage  Request Allocated
	   Cpus                 :                 1         1
	   Disk (KB)            :       10       10  41489470
	   Memory (MB)          :       15        1      2007
...
