000 (11478769.000.000) 12/04 10:52:39 Job submitted from host: <130.199.153.66:9618?addrs=130.199.153.66-9618&noUDP&sock=8910_0083_4>
...
001 (11478769.000.000) 12/04 10:53:33 Job executing on host: <130.199.152.35:9618?addrs=130.199.152.35-9618&noUDP&sock=22630_3574_3>
...
006 (11478769.000.000) 12/04 10:53:42 Image size of job updated: 17052
	16  -  MemoryUsage of job (MB)
	15816  -  ResidentSetSize of job (KB)
...
006 (11478769.000.000) 12/04 10:58:43 Image size of job updated: 56400
	53  -  MemoryUsage of job (MB)
	53664  -  ResidentSetSize of job (KB)
...
005 (11478769.000.000) 12/04 11:07:16 Job terminated.
	(1) Normal termination (return value 0)
		Usr 0 00:11:25, Sys 0 00:00:23  -  Run Remote Usage
		Usr 0 00:00:00, Sys 0 00:00:00  -  Run Local Usage
		Usr 0 00:11:25, Sys 0 00:00:23  -  Total Remote Usage
		Usr 0 00:00:00, Sys 0 00:00:00  -  Total Local Usage
	0  -  Run Bytes Sent By Job
	0  -  Run Bytes Received By Job
	0  -  Total Bytes Sent By Job
	0  -  Total Bytes Received By Job
	Partitionable Resources :    Usage  Request Allocated
	   Cpus                 :                 1         1
	   Disk (KB)            :       10       10  32976471
	   Memory (MB)          :       53        1      2005
...
