000 (11479371.000.000) 12/04 10:54:47 Job submitted from host: <130.199.153.66:9618?addrs=130.199.153.66-9618&noUDP&sock=8910_0083_4>
...
001 (11479371.000.000) 12/04 10:55:25 Job executing on host: <130.199.201.54:9618?addrs=130.199.201.54-9618&noUDP&sock=22538_178b_3>
...
006 (11479371.000.000) 12/04 10:55:34 Image size of job updated: 15680
	16  -  MemoryUsage of job (MB)
	15680  -  ResidentSetSize of job (KB)
...
005 (11479371.000.000) 12/04 10:58:47 Job terminated.
	(1) Normal termination (return value 0)
		Usr 0 00:02:39, Sys 0 00:00:08  -  Run Remote Usage
		Usr 0 00:00:00, Sys 0 00:00:00  -  Run Local Usage
		Usr 0 00:02:39, Sys 0 00:00:08  -  Total Remote Usage
		Usr 0 00:00:00, Sys 0 00:00:00  -  Total Local Usage
	0  -  Run Bytes Sent By Job
	0  -  Run Bytes Received By Job
	0  -  Total Bytes Sent By Job
	0  -  Total Bytes Received By Job
	Partitionable Resources :    Usage  Request Allocated
	   Cpus                 :                 1         1
	   Disk (KB)            :       10       10  47328094
	   Memory (MB)          :       16        1      2005
...
