000 (11479431.000.000) 12/04 10:54:59 Job submitted from host: <130.199.153.66:9618?addrs=130.199.153.66-9618&noUDP&sock=8910_0083_4>
...
001 (11479431.000.000) 12/04 10:55:37 Job executing on host: <130.199.152.35:9618?addrs=130.199.152.35-9618&noUDP&sock=22630_3574_3>
...
006 (11479431.000.000) 12/04 10:55:46 Image size of job updated: 15652
	16  -  MemoryUsage of job (MB)
	15652  -  ResidentSetSize of job (KB)
...
006 (11479431.000.000) 12/04 10:59:11 Image size of job updated: 38932
	16  -  MemoryUsage of job (MB)
	15652  -  ResidentSetSize of job (KB)
...
005 (11479431.000.000) 12/04 10:59:11 Job terminated.
	(1) Normal termination (return value 0)
		Usr 0 00:02:47, Sys 0 00:00:09  -  Run Remote Usage
		Usr 0 00:00:00, Sys 0 00:00:00  -  Run Local Usage
		Usr 0 00:02:47, Sys 0 00:00:09  -  Total Remote Usage
		Usr 0 00:00:00, Sys 0 00:00:00  -  Total Local Usage
	0  -  Run Bytes Sent By Job
	0  -  Run Bytes Received By Job
	0  -  Total Bytes Sent By Job
	0  -  Total Bytes Received By Job
	Partitionable Resources :    Usage  Request Allocated
	   Cpus                 :                 1         1
	   Disk (KB)            :       10       10  32976471
	   Memory (MB)          :       16        1      2005
...
