000 (11479400.000.000) 12/04 10:54:53 Job submitted from host: <130.199.153.66:9618?addrs=130.199.153.66-9618&noUDP&sock=8910_0083_4>
...
001 (11479400.000.000) 12/04 10:55:31 Job executing on host: <130.199.202.8:9618?addrs=130.199.202.8-9618&noUDP&sock=37849_d486_3>
...
006 (11479400.000.000) 12/04 10:55:40 Image size of job updated: 15676
	16  -  MemoryUsage of job (MB)
	15676  -  ResidentSetSize of job (KB)
...
005 (11479400.000.000) 12/04 10:59:35 Job terminated.
	(1) Normal termination (return value 0)
		Usr 0 00:03:19, Sys 0 00:00:10  -  Run Remote Usage
		Usr 0 00:00:00, Sys 0 00:00:00  -  Run Local Usage
		Usr 0 00:03:19, Sys 0 00:00:10  -  Total Remote Usage
		Usr 0 00:00:00, Sys 0 00:00:00  -  Total Local Usage
	0  -  Run Bytes Sent By Job
	0  -  Run Bytes Received By Job
	0  -  Total Bytes Sent By Job
	0  -  Total Bytes Received By Job
	Partitionable Resources :    Usage  Request Allocated
	   Cpus                 :                 1         1
	   Disk (KB)            :       10       10  47541334
	   Memory (MB)          :       16        1      2008
...
