000 (11479313.000.000) 12/04 10:54:34 Job submitted from host: <130.199.153.66:9618?addrs=130.199.153.66-9618&noUDP&sock=8910_0083_4>
...
001 (11479313.000.000) 12/04 10:55:17 Job executing on host: <130.199.201.34:9618?addrs=130.199.201.34-9618&noUDP&sock=5251_f985_3>
...
006 (11479313.000.000) 12/04 10:55:26 Image size of job updated: 16080
	15  -  MemoryUsage of job (MB)
	14428  -  ResidentSetSize of job (KB)
...
005 (11479313.000.000) 12/04 10:57:45 Job terminated.
	(1) Normal termination (return value 0)
		Usr 0 00:01:48, Sys 0 00:00:06  -  Run Remote Usage
		Usr 0 00:00:00, Sys 0 00:00:00  -  Run Local Usage
		Usr 0 00:01:48, Sys 0 00:00:06  -  Total Remote Usage
		Usr 0 00:00:00, Sys 0 00:00:00  -  Total Local Usage
	0  -  Run Bytes Sent By Job
	0  -  Run Bytes Received By Job
	0  -  Total Bytes Sent By Job
	0  -  Total Bytes Received By Job
	Partitionable Resources :    Usage  Request Allocated
	   Cpus                 :                 1         1
	   Disk (KB)            :       10       10  47327947
	   Memory (MB)          :       15        1      2005
...
