000 (11478608.000.000) 12/04 10:51:11 Job submitted from host: <130.199.153.66:9618?addrs=130.199.153.66-9618&noUDP&sock=8910_0083_4>
...
001 (11478608.000.000) 12/04 10:53:00 Job executing on host: <130.199.150.239:9618?addrs=130.199.150.239-9618&noUDP&sock=21958_877f_3>
...
006 (11478608.000.000) 12/04 10:53:09 Image size of job updated: 15928
	16  -  MemoryUsage of job (MB)
	15928  -  ResidentSetSize of job (KB)
...
006 (11478608.000.000) 12/04 10:58:10 Image size of job updated: 50132
	49  -  MemoryUsage of job (MB)
	50044  -  ResidentSetSize of job (KB)
...
006 (11478608.000.000) 12/04 11:03:07 Image size of job updated: 50712
	49  -  MemoryUsage of job (MB)
	50044  -  ResidentSetSize of job (KB)
...
005 (11478608.000.000) 12/04 11:03:07 Job terminated.
	(1) Normal termination (return value 0)
		Usr 0 00:08:09, Sys 0 00:00:18  -  Run Remote Usage
		Usr 0 00:00:00, Sys 0 00:00:00  -  Run Local Usage
		Usr 0 00:08:09, Sys 0 00:00:18  -  Total Remote Usage
		Usr 0 00:00:00, Sys 0 00:00:00  -  Total Local Usage
	0  -  Run Bytes Sent By Job
	0  -  Run Bytes Received By Job
	0  -  Total Bytes Sent By Job
	0  -  Total Bytes Received By Job
	Partitionable Resources :    Usage  Request Allocated
	   Cpus                 :                 1         1
	   Disk (KB)            :       10       10  59425971
	   Memory (MB)          :       49        1      2007
...
