000 (11479375.000.000) 12/04 10:54:47 Job submitted from host: <130.199.153.66:9618?addrs=130.199.153.66-9618&noUDP&sock=8910_0083_4>
...
001 (11479375.000.000) 12/04 10:55:26 Job executing on host: <130.199.153.57:9618?addrs=130.199.153.57-9618&noUDP&sock=5993_ceee_3>
...
006 (11479375.000.000) 12/04 10:55:35 Image size of job updated: 15640
	15  -  MemoryUsage of job (MB)
	14404  -  ResidentSetSize of job (KB)
...
005 (11479375.000.000) 12/04 10:58:37 Job terminated.
	(1) Normal termination (return value 0)
		Usr 0 00:02:30, Sys 0 00:00:10  -  Run Remote Usage
		Usr 0 00:00:00, Sys 0 00:00:00  -  Run Local Usage
		Usr 0 00:02:30, Sys 0 00:00:10  -  Total Remote Usage
		Usr 0 00:00:00, Sys 0 00:00:00  -  Total Local Usage
	0  -  Run Bytes Sent By Job
	0  -  Run Bytes Received By Job
	0  -  Total Bytes Sent By Job
	0  -  Total Bytes Received By Job
	Partitionable Resources :    Usage  Request Allocated
	   Cpus                 :                 1         1
	   Disk (KB)            :       10       10 189312641
	   Memory (MB)          :       15        1      2005
...
