000 (11478749.000.000) 12/04 10:52:33 Job submitted from host: <130.199.153.66:9618?addrs=130.199.153.66-9618&noUDP&sock=8910_0083_4>
...
001 (11478749.000.000) 12/04 10:53:29 Job executing on host: <130.199.150.197:9618?addrs=130.199.150.197-9618&noUDP&sock=21980_7df4_3>
...
006 (11478749.000.000) 12/04 10:53:37 Image size of job updated: 15812
	15  -  MemoryUsage of job (MB)
	14616  -  ResidentSetSize of job (KB)
...
006 (11478749.000.000) 12/04 10:58:37 Image size of job updated: 50364
	48  -  MemoryUsage of job (MB)
	48752  -  ResidentSetSize of job (KB)
...
005 (11478749.000.000) 12/04 11:03:08 Job terminated.
	(1) Normal termination (return value 0)
		Usr 0 00:07:58, Sys 0 00:00:23  -  Run Remote Usage
		Usr 0 00:00:00, Sys 0 00:00:00  -  Run Local Usage
		Usr 0 00:07:58, Sys 0 00:00:23  -  Total Remote Usage
		Usr 0 00:00:00, Sys 0 00:00:00  -  Total Local Usage
	0  -  Run Bytes Sent By Job
	0  -  Run Bytes Received By Job
	0  -  Total Bytes Sent By Job
	0  -  Total Bytes Received By Job
	Partitionable Resources :    Usage  Request Allocated
	   Cpus                 :                 1         1
	   Disk (KB)            :       10       10  41489299
	   Memory (MB)          :       48        1      2007
...
