000 (11479181.000.000) 12/04 10:54:07 Job submitted from host: <130.199.153.66:9618?addrs=130.199.153.66-9618&noUDP&sock=8910_0083_4>
...
001 (11479181.000.000) 12/04 10:54:53 Job executing on host: <130.199.201.17:9618?addrs=130.199.201.17-9618&noUDP&sock=22490_e68b_3>
...
006 (11479181.000.000) 12/04 10:55:01 Image size of job updated: 17444
	15  -  MemoryUsage of job (MB)
	14544  -  ResidentSetSize of job (KB)
...
006 (11479181.000.000) 12/04 11:00:01 Image size of job updated: 55360
	51  -  MemoryUsage of job (MB)
	52032  -  ResidentSetSize of job (KB)
...
005 (11479181.000.000) 12/04 11:04:53 Job terminated.
	(1) Normal termination (return value 0)
		Usr 0 00:08:03, Sys 0 00:00:19  -  Run Remote Usage
		Usr 0 00:00:00, Sys 0 00:00:00  -  Run Local Usage
		Usr 0 00:08:03, Sys 0 00:00:19  -  Total Remote Usage
		Usr 0 00:00:00, Sys 0 00:00:00  -  Total Local Usage
	0  -  Run Bytes Sent By Job
	0  -  Run Bytes Received By Job
	0  -  Total Bytes Sent By Job
	0  -  Total Bytes Received By Job
	Partitionable Resources :    Usage  Request Allocated
	   Cpus                 :                 1         1
	   Disk (KB)            :       10       10  47327989
	   Memory (MB)          :       51        1      2005
...
