000 (11479082.000.000) 12/04 10:53:44 Job submitted from host: <130.199.153.66:9618?addrs=130.199.153.66-9618&noUDP&sock=8910_0083_4>
...
001 (11479082.000.000) 12/04 10:54:35 Job executing on host: <130.199.202.9:9618?addrs=130.199.202.9-9618&noUDP&sock=37429_e7cd_3>
...
006 (11479082.000.000) 12/04 10:54:44 Image size of job updated: 15980
	16  -  MemoryUsage of job (MB)
	15980  -  ResidentSetSize of job (KB)
...
006 (11479082.000.000) 12/04 10:59:45 Image size of job updated: 53000
	52  -  MemoryUsage of job (MB)
	52996  -  ResidentSetSize of job (KB)
...
006 (11479082.000.000) 12/04 11:04:45 Image size of job updated: 58408
	57  -  MemoryUsage of job (MB)
	58352  -  ResidentSetSize of job (KB)
...
005 (11479082.000.000) 12/04 11:05:27 Job terminated.
	(1) Normal termination (return value 0)
		Usr 0 00:09:27, Sys 0 00:00:22  -  Run Remote Usage
		Usr 0 00:00:00, Sys 0 00:00:00  -  Run Local Usage
		Usr 0 00:09:27, Sys 0 00:00:22  -  Total Remote Usage
		Usr 0 00:00:00, Sys 0 00:00:00  -  Total Local Usage
	0  -  Run Bytes Sent By Job
	0  -  Run Bytes Received By Job
	0  -  Total Bytes Sent By Job
	0  -  Total Bytes Received By Job
	Partitionable Resources :    Usage  Request Allocated
	   Cpus                 :                 1         1
	   Disk (KB)            :       10       10  47541158
	   Memory (MB)          :       57        1      2008
...
