000 (11478804.000.000) 12/04 10:52:45 Job submitted from host: <130.199.153.66:9618?addrs=130.199.153.66-9618&noUDP&sock=8910_0083_4>
...
001 (11478804.000.000) 12/04 10:53:39 Job executing on host: <130.199.202.93:9618?addrs=130.199.202.93-9618&noUDP&sock=8288_2598_3>
...
006 (11478804.000.000) 12/04 10:53:48 Image size of job updated: 15836
	16  -  MemoryUsage of job (MB)
	15836  -  ResidentSetSize of job (KB)
...
006 (11478804.000.000) 12/04 10:58:49 Image size of job updated: 53108
	52  -  MemoryUsage of job (MB)
	53108  -  ResidentSetSize of job (KB)
...
006 (11478804.000.000) 12/04 11:03:49 Image size of job updated: 56004
	55  -  MemoryUsage of job (MB)
	56004  -  ResidentSetSize of job (KB)
...
005 (11478804.000.000) 12/04 11:06:23 Job terminated.
	(1) Normal termination (return value 0)
		Usr 0 00:10:37, Sys 0 00:00:33  -  Run Remote Usage
		Usr 0 00:00:00, Sys 0 00:00:00  -  Run Local Usage
		Usr 0 00:10:37, Sys 0 00:00:33  -  Total Remote Usage
		Usr 0 00:00:00, Sys 0 00:00:00  -  Total Local Usage
	0  -  Run Bytes Sent By Job
	0  -  Run Bytes Received By Job
	0  -  Total Bytes Sent By Job
	0  -  Total Bytes Received By Job
	Partitionable Resources :    Usage  Request Allocated
	   Cpus                 :                 1         1
	   Disk (KB)            :       10       10  65563578
	   Memory (MB)          :       55        1      2297
...
