000 (11478750.000.000) 12/04 10:52:33 Job submitted from host: <130.199.153.66:9618?addrs=130.199.153.66-9618&noUDP&sock=8910_0083_4>
...
001 (11478750.000.000) 12/04 10:53:29 Job executing on host: <130.199.150.137:9618?addrs=130.199.150.137-9618&noUDP&sock=22036_371e_3>
...
006 (11478750.000.000) 12/04 10:53:37 Image size of job updated: 16948
	16  -  MemoryUsage of job (MB)
	15748  -  ResidentSetSize of job (KB)
...
006 (11478750.000.000) 12/04 10:58:37 Image size of job updated: 54304
	52  -  MemoryUsage of job (MB)
	52672  -  ResidentSetSize of job (KB)
...
006 (11478750.000.000) 12/04 11:01:56 Image size of job updated: 269508
	52  -  MemoryUsage of job (MB)
	52672  -  ResidentSetSize of job (KB)
...
005 (11478750.000.000) 12/04 11:01:57 Job terminated.
	(1) Normal termination (return value 0)
		Usr 0 00:06:50, Sys 0 00:00:17  -  Run Remote Usage
		Usr 0 00:00:00, Sys 0 00:00:00  -  Run Local Usage
		Usr 0 00:06:50, Sys 0 00:00:17  -  Total Remote Usage
		Usr 0 00:00:00, Sys 0 00:00:00  -  Total Local Usage
	0  -  Run Bytes Sent By Job
	0  -  Run Bytes Received By Job
	0  -  Total Bytes Sent By Job
	0  -  Total Bytes Received By Job
	Partitionable Resources :    Usage  Request Allocated
	   Cpus                 :                 1         1
	   Disk (KB)            :       10       10  41489415
	   Memory (MB)          :       52        1      2007
...
