000 (11478524.000.000) 12/04 10:50:56 Job submitted from host: <130.199.153.66:9618?addrs=130.199.153.66-9618&noUDP&sock=8910_0083_4>
...
001 (11478524.000.000) 12/04 10:52:43 Job executing on host: <130.199.202.100:9618?addrs=130.199.202.100-9618&noUDP&sock=178150_5354_3>
...
006 (11478524.000.000) 12/04 10:52:52 Image size of job updated: 37100
	35  -  MemoryUsage of job (MB)
	35512  -  ResidentSetSize of job (KB)
...
006 (11478524.000.000) 12/04 10:55:52 Image size of job updated: 43720
	35  -  MemoryUsage of job (MB)
	35512  -  ResidentSetSize of job (KB)
...
005 (11478524.000.000) 12/04 10:55:52 Job terminated.
	(1) Normal termination (return value 0)
		Usr 0 00:02:32, Sys 0 00:00:14  -  Run Remote Usage
		Usr 0 00:00:00, Sys 0 00:00:00  -  Run Local Usage
		Usr 0 00:02:32, Sys 0 00:00:14  -  Total Remote Usage
		Usr 0 00:00:00, Sys 0 00:00:00  -  Total Local Usage
	0  -  Run Bytes Sent By Job
	0  -  Run Bytes Received By Job
	0  -  Total Bytes Sent By Job
	0  -  Total Bytes Received By Job
	Partitionable Resources :    Usage  Request Allocated
	   Cpus                 :                 1         1
	   Disk (KB)            :       10       10  66832026
	   Memory (MB)          :       35        1      2665
...
