000 (11479182.000.000) 12/04 10:54:07 Job submitted from host: <130.199.153.66:9618?addrs=130.199.153.66-9618&noUDP&sock=8910_0083_4>
...
001 (11479182.000.000) 12/04 10:54:53 Job executing on host: <130.199.201.44:9618?addrs=130.199.201.44-9618&noUDP&sock=13668_d954_3>
...
006 (11479182.000.000) 12/04 10:55:01 Image size of job updated: 15664
	16  -  MemoryUsage of job (MB)
	15664  -  ResidentSetSize of job (KB)
...
006 (11479182.000.000) 12/04 11:00:01 Image size of job updated: 46564
	46  -  MemoryUsage of job (MB)
	46564  -  ResidentSetSize of job (KB)
...
006 (11479182.000.000) 12/04 11:04:22 Image size of job updated: 47892
	46  -  MemoryUsage of job (MB)
	46564  -  ResidentSetSize of job (KB)
...
005 (11479182.000.000) 12/04 11:04:22 Job terminated.
	(1) Normal termination (return value 0)
		Usr 0 00:07:32, Sys 0 00:00:18  -  Run Remote Usage
		Usr 0 00:00:00, Sys 0 00:00:00  -  Run Local Usage
		Usr 0 00:07:32, Sys 0 00:00:18  -  Total Remote Usage
		Usr 0 00:00:00, Sys 0 00:00:00  -  Total Local Usage
	0  -  Run Bytes Sent By Job
	0  -  Run Bytes Received By Job
	0  -  Total Bytes Sent By Job
	0  -  Total Bytes Received By Job
	Partitionable Resources :    Usage  Request Allocated
	   Cpus                 :                 1         1
	   Disk (KB)            :       10       10  47327813
	   Memory (MB)          :       46        1      2005
...
