000 (11478751.000.000) 12/04 10:52:33 Job submitted from host: <130.199.153.66:9618?addrs=130.199.153.66-9618&noUDP&sock=8910_0083_4>
...
001 (11478751.000.000) 12/04 10:53:30 Job executing on host: <130.199.150.149:9618?addrs=130.199.150.149-9618&noUDP&sock=12417_ec59_3>
...
006 (11478751.000.000) 12/04 10:53:38 Image size of job updated: 16904
	16  -  MemoryUsage of job (MB)
	15712  -  ResidentSetSize of job (KB)
...
006 (11478751.000.000) 12/04 10:58:38 Image size of job updated: 51804
	49  -  MemoryUsage of job (MB)
	50164  -  ResidentSetSize of job (KB)
...
005 (11478751.000.000) 12/04 11:03:45 Job terminated.
	(1) Normal termination (return value 0)
		Usr 0 00:08:09, Sys 0 00:00:23  -  Run Remote Usage
		Usr 0 00:00:00, Sys 0 00:00:00  -  Run Local Usage
		Usr 0 00:08:09, Sys 0 00:00:23  -  Total Remote Usage
		Usr 0 00:00:00, Sys 0 00:00:00  -  Total Local Usage
	0  -  Run Bytes Sent By Job
	0  -  Run Bytes Received By Job
	0  -  Total Bytes Sent By Job
	0  -  Total Bytes Received By Job
	Partitionable Resources :    Usage  Request Allocated
	   Cpus                 :                 1         1
	   Disk (KB)            :       10       10  41489003
	   Memory (MB)          :       49        1      2007
...
