000 (11479113.000.000) 12/04 10:53:51 Job submitted from host: <130.199.153.66:9618?addrs=130.199.153.66-9618&noUDP&sock=8910_0083_4>
...
001 (11479113.000.000) 12/04 10:54:43 Job executing on host: <130.199.153.240:9618?addrs=130.199.153.240-9618&noUDP&sock=22135_8c2c_3>
...
006 (11479113.000.000) 12/04 10:54:51 Image size of job updated: 14576
	15  -  MemoryUsage of job (MB)
	14576  -  ResidentSetSize of job (KB)
...
006 (11479113.000.000) 12/04 10:56:06 Image size of job updated: 42152
	15  -  MemoryUsage of job (MB)
	14576  -  ResidentSetSize of job (KB)
...
005 (11479113.000.000) 12/04 10:56:06 Job terminated.
	(1) Normal termination (return value 0)
		Usr 0 00:01:03, Sys 0 00:00:04  -  Run Remote Usage
		Usr 0 00:00:00, Sys 0 00:00:00  -  Run Local Usage
		Usr 0 00:01:03, Sys 0 00:00:04  -  Total Remote Usage
		Usr 0 00:00:00, Sys 0 00:00:00  -  Total Local Usage
	0  -  Run Bytes Sent By Job
	0  -  Run Bytes Received By Job
	0  -  Total Bytes Sent By Job
	0  -  Total Bytes Received By Job
	Partitionable Resources :    Usage  Request Allocated
	   Cpus                 :                 1         1
	   Disk (KB)            :       10       10  47327975
	   Memory (MB)          :       15        1      2005
...
