000 (11478997.000.000) 12/04 10:53:27 Job submitted from host: <130.199.153.66:9618?addrs=130.199.153.66-9618&noUDP&sock=8910_0083_4>
...
001 (11478997.000.000) 12/04 10:54:20 Job executing on host: <130.199.201.58:9618?addrs=130.199.201.58-9618&noUDP&sock=22437_2072_3>
...
006 (11478997.000.000) 12/04 10:54:28 Image size of job updated: 540
	1  -  MemoryUsage of job (MB)
	540  -  ResidentSetSize of job (KB)
...
006 (11478997.000.000) 12/04 10:59:28 Image size of job updated: 44148
	43  -  MemoryUsage of job (MB)
	43988  -  ResidentSetSize of job (KB)
...
005 (11478997.000.000) 12/04 11:00:21 Job terminated.
	(1) Normal termination (return value 0)
		Usr 0 00:04:10, Sys 0 00:00:12  -  Run Remote Usage
		Usr 0 00:00:00, Sys 0 00:00:00  -  Run Local Usage
		Usr 0 00:04:10, Sys 0 00:00:12  -  Total Remote Usage
		Usr 0 00:00:00, Sys 0 00:00:00  -  Total Local Usage
	0  -  Run Bytes Sent By Job
	0  -  Run Bytes Received By Job
	0  -  Total Bytes Sent By Job
	0  -  Total Bytes Received By Job
	Partitionable Resources :    Usage  Request Allocated
	   Cpus                 :                 1         1
	   Disk (KB)            :       10       10  47327796
	   Memory (MB)          :       43        1      2005
...
