000 (11478805.000.000) 12/04 10:52:45 Job submitted from host: <130.199.153.66:9618?addrs=130.199.153.66-9618&noUDP&sock=8910_0083_4>
...
001 (11478805.000.000) 12/04 10:53:39 Job executing on host: <130.199.202.105:9618?addrs=130.199.202.105-9618&noUDP&sock=361804_7f7f_3>
...
006 (11478805.000.000) 12/04 10:53:48 Image size of job updated: 15836
	15  -  MemoryUsage of job (MB)
	14648  -  ResidentSetSize of job (KB)
...
006 (11478805.000.000) 12/04 10:58:48 Image size of job updated: 55204
	53  -  MemoryUsage of job (MB)
	53624  -  ResidentSetSize of job (KB)
...
006 (11478805.000.000) 12/04 11:03:48 Image size of job updated: 59228
	57  -  MemoryUsage of job (MB)
	57648  -  ResidentSetSize of job (KB)
...
005 (11478805.000.000) 12/04 11:06:54 Job terminated.
	(1) Normal termination (return value 0)
		Usr 0 00:11:03, Sys 0 00:00:36  -  Run Remote Usage
		Usr 0 00:00:00, Sys 0 00:00:00  -  Run Local Usage
		Usr 0 00:11:03, Sys 0 00:00:36  -  Total Remote Usage
		Usr 0 00:00:00, Sys 0 00:00:00  -  Total Local Usage
	0  -  Run Bytes Sent By Job
	0  -  Run Bytes Received By Job
	0  -  Total Bytes Sent By Job
	0  -  Total Bytes Received By Job
	Partitionable Resources :    Usage  Request Allocated
	   Cpus                 :                 1         1
	   Disk (KB)            :       10       10  66832050
	   Memory (MB)          :       57        1      2665
...
