000 (11479026.000.000) 12/04 10:53:32 Job submitted from host: <130.199.153.66:9618?addrs=130.199.153.66-9618&noUDP&sock=8910_0083_4>
...
001 (11479026.000.000) 12/04 10:54:25 Job executing on host: <130.199.201.2:9618?addrs=130.199.201.2-9618&noUDP&sock=13134_d83d_3>
...
006 (11479026.000.000) 12/04 10:54:33 Image size of job updated: 14640
	15  -  MemoryUsage of job (MB)
	14640  -  ResidentSetSize of job (KB)
...
006 (11479026.000.000) 12/04 10:59:33 Image size of job updated: 51092
	50  -  MemoryUsage of job (MB)
	51084  -  ResidentSetSize of job (KB)
...
006 (11479026.000.000) 12/04 11:04:34 Image size of job updated: 53816
	53  -  MemoryUsage of job (MB)
	53748  -  ResidentSetSize of job (KB)
...
005 (11479026.000.000) 12/04 11:05:55 Job terminated.
	(1) Normal termination (return value 0)
		Usr 0 00:09:27, Sys 0 00:00:21  -  Run Remote Usage
		Usr 0 00:00:00, Sys 0 00:00:00  -  Run Local Usage
		Usr 0 00:09:27, Sys 0 00:00:21  -  Total Remote Usage
		Usr 0 00:00:00, Sys 0 00:00:00  -  Total Local Usage
	0  -  Run Bytes Sent By Job
	0  -  Run Bytes Received By Job
	0  -  Total Bytes Sent By Job
	0  -  Total Bytes Received By Job
	Partitionable Resources :    Usage  Request Allocated
	   Cpus                 :                 1         1
	   Disk (KB)            :       10       10  47327968
	   Memory (MB)          :       53        1      2005
...
