000 (11479214.000.000) 12/04 10:54:13 Job submitted from host: <130.199.153.66:9618?addrs=130.199.153.66-9618&noUDP&sock=8910_0083_4>
...
001 (11479214.000.000) 12/04 10:54:58 Job executing on host: <130.199.152.17:9618?addrs=130.199.152.17-9618&noUDP&sock=12283_8390_3>
...
006 (11479214.000.000) 12/04 10:55:07 Image size of job updated: 29608
	16  -  MemoryUsage of job (MB)
	15740  -  ResidentSetSize of job (KB)
...
006 (11479214.000.000) 12/04 11:00:07 Image size of job updated: 56820
	41  -  MemoryUsage of job (MB)
	41316  -  ResidentSetSize of job (KB)
...
005 (11479214.000.000) 12/04 11:01:03 Job terminated.
	(1) Normal termination (return value 0)
		Usr 0 00:04:48, Sys 0 00:00:13  -  Run Remote Usage
		Usr 0 00:00:00, Sys 0 00:00:00  -  Run Local Usage
		Usr 0 00:04:48, Sys 0 00:00:13  -  Total Remote Usage
		Usr 0 00:00:00, Sys 0 00:00:00  -  Total Local Usage
	0  -  Run Bytes Sent By Job
	0  -  Run Bytes Received By Job
	0  -  Total Bytes Sent By Job
	0  -  Total Bytes Received By Job
	Partitionable Resources :    Usage  Request Allocated
	   Cpus                 :                 1         1
	   Disk (KB)            :       10       10  32976467
	   Memory (MB)          :       41        1      2005
...
