000 (11478880.000.000) 12/04 10:53:00 Job submitted from host: <130.199.153.66:9618?addrs=130.199.153.66-9618&noUDP&sock=8910_0083_4>
...
001 (11478880.000.000) 12/04 10:53:54 Job executing on host: <130.199.150.141:9618?addrs=130.199.150.141-9618&noUDP&sock=22468_f016_3>
...
006 (11478880.000.000) 12/04 10:54:03 Image size of job updated: 16984
	16  -  MemoryUsage of job (MB)
	15784  -  ResidentSetSize of job (KB)
...
006 (11478880.000.000) 12/04 10:59:04 Image size of job updated: 54576
	52  -  MemoryUsage of job (MB)
	52740  -  ResidentSetSize of job (KB)
...
006 (11478880.000.000) 12/04 11:04:05 Image size of job updated: 59104
	56  -  MemoryUsage of job (MB)
	57204  -  ResidentSetSize of job (KB)
...
006 (11478880.000.000) 12/04 11:09:05 Image size of job updated: 63388
	60  -  MemoryUsage of job (MB)
	61420  -  ResidentSetSize of job (KB)
...
006 (11478880.000.000) 12/04 11:14:05 Image size of job updated: 63552
	60  -  MemoryUsage of job (MB)
	61420  -  ResidentSetSize of job (KB)
...
005 (11478880.000.000) 12/04 11:17:57 Job terminated.
	(1) Normal termination (return value 0)
		Usr 0 00:20:04, Sys 0 00:00:47  -  Run Remote Usage
		Usr 0 00:00:00, Sys 0 00:00:00  -  Run Local Usage
		Usr 0 00:20:04, Sys 0 00:00:47  -  Total Remote Usage
		Usr 0 00:00:00, Sys 0 00:00:00  -  Total Local Usage
	0  -  Run Bytes Sent By Job
	0  -  Run Bytes Received By Job
	0  -  Total Bytes Sent By Job
	0  -  Total Bytes Received By Job
	Partitionable Resources :    Usage  Request Allocated
	   Cpus                 :                 1         1
	   Disk (KB)            :       10       10  41489329
	   Memory (MB)          :       60        1      2007
...
