000 (11478996.000.000) 12/04 10:53:27 Job submitted from host: <130.199.153.66:9618?addrs=130.199.153.66-9618&noUDP&sock=8910_0083_4>
...
001 (11478996.000.000) 12/04 10:54:20 Job executing on host: <130.199.153.42:9618?addrs=130.199.153.42-9618&noUDP&sock=22129_a60c_3>
...
006 (11478996.000.000) 12/04 10:54:28 Image size of job updated: 15700
	16  -  MemoryUsage of job (MB)
	15700  -  ResidentSetSize of job (KB)
...
006 (11478996.000.000) 12/04 10:59:28 Image size of job updated: 51644
	51  -  MemoryUsage of job (MB)
	51644  -  ResidentSetSize of job (KB)
...
006 (11478996.000.000) 12/04 11:00:07 Image size of job updated: 51644
	52  -  MemoryUsage of job (MB)
	52888  -  ResidentSetSize of job (KB)
...
005 (11478996.000.000) 12/04 11:00:07 Job terminated.
	(1) Normal termination (return value 0)
		Usr 0 00:04:22, Sys 0 00:00:11  -  Run Remote Usage
		Usr 0 00:00:00, Sys 0 00:00:00  -  Run Local Usage
		Usr 0 00:04:22, Sys 0 00:00:11  -  Total Remote Usage
		Usr 0 00:00:00, Sys 0 00:00:00  -  Total Local Usage
	0  -  Run Bytes Sent By Job
	0  -  Run Bytes Received By Job
	0  -  Total Bytes Sent By Job
	0  -  Total Bytes Received By Job
	Partitionable Resources :    Usage  Request Allocated
	   Cpus                 :                 1         1
	   Disk (KB)            :       10       10  47327955
	   Memory (MB)          :       52        1      2005
...
