000 (11478563.000.000) 12/04 10:51:02 Job submitted from host: <130.199.153.66:9618?addrs=130.199.153.66-9618&noUDP&sock=8910_0083_4>
...
001 (11478563.000.000) 12/04 10:52:50 Job executing on host: <130.199.150.243:9618?addrs=130.199.150.243-9618&noUDP&sock=22049_5463_3>
...
006 (11478563.000.000) 12/04 10:52:59 Image size of job updated: 15760
	15  -  MemoryUsage of job (MB)
	14568  -  ResidentSetSize of job (KB)
...
005 (11478563.000.000) 12/04 10:54:37 Job terminated.
	(1) Normal termination (return value 0)
		Usr 0 00:01:24, Sys 0 00:00:05  -  Run Remote Usage
		Usr 0 00:00:00, Sys 0 00:00:00  -  Run Local Usage
		Usr 0 00:01:24, Sys 0 00:00:05  -  Total Remote Usage
		Usr 0 00:00:00, Sys 0 00:00:00  -  Total Local Usage
	0  -  Run Bytes Sent By Job
	0  -  Run Bytes Received By Job
	0  -  Total Bytes Sent By Job
	0  -  Total Bytes Received By Job
	Partitionable Resources :    Usage  Request Allocated
	   Cpus                 :                 1         1
	   Disk (KB)            :       10       10  59426008
	   Memory (MB)          :       15        1      2007
...
