000 (11479025.000.000) 12/04 10:53:32 Job submitted from host: <130.199.153.66:9618?addrs=130.199.153.66-9618&noUDP&sock=8910_0083_4>
...
001 (11479025.000.000) 12/04 10:54:25 Job executing on host: <130.199.201.3:9618?addrs=130.199.201.3-9618&noUDP&sock=8710_b45c_3>
...
006 (11479025.000.000) 12/04 10:54:33 Image size of job updated: 15820
	16  -  MemoryUsage of job (MB)
	15820  -  ResidentSetSize of job (KB)
...
006 (11479025.000.000) 12/04 10:59:33 Image size of job updated: 52916
	52  -  MemoryUsage of job (MB)
	52824  -  ResidentSetSize of job (KB)
...
006 (11479025.000.000) 12/04 11:04:34 Image size of job updated: 60824
	60  -  MemoryUsage of job (MB)
	60632  -  ResidentSetSize of job (KB)
...
005 (11479025.000.000) 12/04 11:04:54 Job terminated.
	(1) Normal termination (return value 0)
		Usr 0 00:08:45, Sys 0 00:00:17  -  Run Remote Usage
		Usr 0 00:00:00, Sys 0 00:00:00  -  Run Local Usage
		Usr 0 00:08:45, Sys 0 00:00:17  -  Total Remote Usage
		Usr 0 00:00:00, Sys 0 00:00:00  -  Total Local Usage
	0  -  Run Bytes Sent By Job
	0  -  Run Bytes Received By Job
	0  -  Total Bytes Sent By Job
	0  -  Total Bytes Received By Job
	Partitionable Resources :    Usage  Request Allocated
	   Cpus                 :                 1         1
	   Disk (KB)            :       10       10  47327857
	   Memory (MB)          :       60        1      2005
...
