000 (11478720.000.000) 12/04 10:52:27 Job submitted from host: <130.199.153.66:9618?addrs=130.199.153.66-9618&noUDP&sock=8910_0083_4>
...
001 (11478720.000.000) 12/04 10:53:25 Job executing on host: <130.199.202.79:9618?addrs=130.199.202.79-9618&noUDP&sock=33600_1348_3>
...
006 (11478720.000.000) 12/04 10:53:33 Image size of job updated: 15984
	16  -  MemoryUsage of job (MB)
	15984  -  ResidentSetSize of job (KB)
...
006 (11478720.000.000) 12/04 10:58:03 Image size of job updated: 46920
	16  -  MemoryUsage of job (MB)
	15984  -  ResidentSetSize of job (KB)
...
005 (11478720.000.000) 12/04 10:58:03 Job terminated.
	(1) Normal termination (return value 0)
		Usr 0 00:03:56, Sys 0 00:00:13  -  Run Remote Usage
		Usr 0 00:00:00, Sys 0 00:00:00  -  Run Local Usage
		Usr 0 00:03:56, Sys 0 00:00:13  -  Total Remote Usage
		Usr 0 00:00:00, Sys 0 00:00:00  -  Total Local Usage
	0  -  Run Bytes Sent By Job
	0  -  Run Bytes Received By Job
	0  -  Total Bytes Sent By Job
	0  -  Total Bytes Received By Job
	Partitionable Resources :    Usage  Request Allocated
	   Cpus                 :                 1         1
	   Disk (KB)            :       10       10  65479203
	   Memory (MB)          :       16        1      2008
...
