000 (11479433.000.000) 12/04 10:54:59 Job submitted from host: <130.199.153.66:9618?addrs=130.199.153.66-9618&noUDP&sock=8910_0083_4>
...
001 (11479433.000.000) 12/04 10:55:37 Job executing on host: <130.199.153.253:9618?addrs=130.199.153.253-9618&noUDP&sock=22112_44b2_3>
...
006 (11479433.000.000) 12/04 10:55:46 Image size of job updated: 15668
	16  -  MemoryUsage of job (MB)
	15668  -  ResidentSetSize of job (KB)
...
006 (11479433.000.000) 12/04 10:57:59 Image size of job updated: 43020
	16  -  MemoryUsage of job (MB)
	15668  -  ResidentSetSize of job (KB)
...
005 (11479433.000.000) 12/04 10:57:59 Job terminated.
	(1) Normal termination (return value 0)
		Usr 0 00:01:47, Sys 0 00:00:05  -  Run Remote Usage
		Usr 0 00:00:00, Sys 0 00:00:00  -  Run Local Usage
		Usr 0 00:01:47, Sys 0 00:00:05  -  Total Remote Usage
		Usr 0 00:00:00, Sys 0 00:00:00  -  Total Local Usage
	0  -  Run Bytes Sent By Job
	0  -  Run Bytes Received By Job
	0  -  Total Bytes Sent By Job
	0  -  Total Bytes Received By Job
	Partitionable Resources :    Usage  Request Allocated
	   Cpus                 :                 1         1
	   Disk (KB)            :       10       10  47327977
	   Memory (MB)          :       16        1      2005
...
