000 (11479083.000.000) 12/04 10:53:44 Job submitted from host: <130.199.153.66:9618?addrs=130.199.153.66-9618&noUDP&sock=8910_0083_4>
...
001 (11479083.000.000) 12/04 10:54:35 Job executing on host: <130.199.202.8:9618?addrs=130.199.202.8-9618&noUDP&sock=37849_d486_3>
...
006 (11479083.000.000) 12/04 10:54:44 Image size of job updated: 17180
	16  -  MemoryUsage of job (MB)
	15916  -  ResidentSetSize of job (KB)
...
006 (11479083.000.000) 12/04 10:59:45 Image size of job updated: 54808
	51  -  MemoryUsage of job (MB)
	52056  -  ResidentSetSize of job (KB)
...
006 (11479083.000.000) 12/04 11:04:45 Image size of job updated: 61016
	57  -  MemoryUsage of job (MB)
	58248  -  ResidentSetSize of job (KB)
...
005 (11479083.000.000) 12/04 11:04:56 Job terminated.
	(1) Normal termination (return value 0)
		Usr 0 00:09:04, Sys 0 00:00:21  -  Run Remote Usage
		Usr 0 00:00:00, Sys 0 00:00:00  -  Run Local Usage
		Usr 0 00:09:04, Sys 0 00:00:21  -  Total Remote Usage
		Usr 0 00:00:00, Sys 0 00:00:00  -  Total Local Usage
	0  -  Run Bytes Sent By Job
	0  -  Run Bytes Received By Job
	0  -  Total Bytes Sent By Job
	0  -  Total Bytes Received By Job
	Partitionable Resources :    Usage  Request Allocated
	   Cpus                 :                 1         1
	   Disk (KB)            :       10       10  47541334
	   Memory (MB)          :       57        1      2008
...
