000 (11478626.000.000) 12/04 10:51:14 Job submitted from host: <130.199.153.66:9618?addrs=130.199.153.66-9618&noUDP&sock=8910_0083_4>
...
001 (11478626.000.000) 12/04 10:53:04 Job executing on host: <130.199.202.58:9618?addrs=130.199.202.58-9618&noUDP&sock=33426_01aa_3>
...
006 (11478626.000.000) 12/04 10:53:13 Image size of job updated: 16088
	16  -  MemoryUsage of job (MB)
	16088  -  ResidentSetSize of job (KB)
...
006 (11478626.000.000) 12/04 10:58:14 Image size of job updated: 52748
	52  -  MemoryUsage of job (MB)
	52748  -  ResidentSetSize of job (KB)
...
006 (11478626.000.000) 12/04 11:03:14 Image size of job updated: 61712
	61  -  MemoryUsage of job (MB)
	61712  -  ResidentSetSize of job (KB)
...
005 (11478626.000.000) 12/04 11:05:59 Job terminated.
	(1) Normal termination (return value 0)
		Usr 0 00:11:22, Sys 0 00:00:27  -  Run Remote Usage
		Usr 0 00:00:00, Sys 0 00:00:00  -  Run Local Usage
		Usr 0 00:11:22, Sys 0 00:00:27  -  Total Remote Usage
		Usr 0 00:00:00, Sys 0 00:00:00  -  Total Local Usage
	0  -  Run Bytes Sent By Job
	0  -  Run Bytes Received By Job
	0  -  Total Bytes Sent By Job
	0  -  Total Bytes Received By Job
	Partitionable Resources :    Usage  Request Allocated
	   Cpus                 :                 1         1
	   Disk (KB)            :       10       10  65479296
	   Memory (MB)          :       61        1      2008
...
