000 (11478526.000.000) 12/04 10:50:56 Job submitted from host: <130.199.153.66:9618?addrs=130.199.153.66-9618&noUDP&sock=8910_0083_4>
...
001 (11478526.000.000) 12/04 10:52:43 Job executing on host: <130.199.202.89:9618?addrs=130.199.202.89-9618&noUDP&sock=70844_54c5_3>
...
006 (11478526.000.000) 12/04 10:52:51 Image size of job updated: 34908
	35  -  MemoryUsage of job (MB)
	34908  -  ResidentSetSize of job (KB)
...
006 (11478526.000.000) 12/04 10:55:49 Image size of job updated: 44736
	35  -  MemoryUsage of job (MB)
	35148  -  ResidentSetSize of job (KB)
...
005 (11478526.000.000) 12/04 10:55:49 Job terminated.
	(1) Normal termination (return value 0)
		Usr 0 00:02:21, Sys 0 00:00:07  -  Run Remote Usage
		Usr 0 00:00:00, Sys 0 00:00:00  -  Run Local Usage
		Usr 0 00:02:21, Sys 0 00:00:07  -  Total Remote Usage
		Usr 0 00:00:00, Sys 0 00:00:00  -  Total Local Usage
	0  -  Run Bytes Sent By Job
	0  -  Run Bytes Received By Job
	0  -  Total Bytes Sent By Job
	0  -  Total Bytes Received By Job
	Partitionable Resources :    Usage  Request Allocated
	   Cpus                 :                 1         1
	   Disk (KB)            :       10       10  65563893
	   Memory (MB)          :       35        1      2297
...
