000 (11478879.000.000) 12/04 10:53:00 Job submitted from host: <130.199.153.66:9618?addrs=130.199.153.66-9618&noUDP&sock=8910_0083_4>
...
001 (11478879.000.000) 12/04 10:53:54 Job executing on host: <130.199.150.170:9618?addrs=130.199.150.170-9618&noUDP&sock=21995_3d44_3>
...
006 (11478879.000.000) 12/04 10:54:02 Image size of job updated: 15828
	15  -  MemoryUsage of job (MB)
	14612  -  ResidentSetSize of job (KB)
...
006 (11478879.000.000) 12/04 10:59:02 Image size of job updated: 49036
	47  -  MemoryUsage of job (MB)
	47328  -  ResidentSetSize of job (KB)
...
006 (11478879.000.000) 12/04 11:04:03 Image size of job updated: 55968
	53  -  MemoryUsage of job (MB)
	54260  -  ResidentSetSize of job (KB)
...
006 (11478879.000.000) 12/04 11:14:04 Image size of job updated: 56872
	54  -  MemoryUsage of job (MB)
	55164  -  ResidentSetSize of job (KB)
...
005 (11478879.000.000) 12/04 11:19:15 Job terminated.
	(1) Normal termination (return value 0)
		Usr 0 00:20:28, Sys 0 00:00:43  -  Run Remote Usage
		Usr 0 00:00:00, Sys 0 00:00:00  -  Run Local Usage
		Usr 0 00:20:28, Sys 0 00:00:43  -  Total Remote Usage
		Usr 0 00:00:00, Sys 0 00:00:00  -  Total Local Usage
	0  -  Run Bytes Sent By Job
	0  -  Run Bytes Received By Job
	0  -  Total Bytes Sent By Job
	0  -  Total Bytes Received By Job
	Partitionable Resources :    Usage  Request Allocated
	   Cpus                 :                 1         1
	   Disk (KB)            :       10       10  41489298
	   Memory (MB)          :       54        1      2007
...
