000 (11479027.000.000) 12/04 10:53:32 Job submitted from host: <130.199.153.66:9618?addrs=130.199.153.66-9618&noUDP&sock=8910_0083_4>
...
001 (11479027.000.000) 12/04 10:54:25 Job executing on host: <130.199.201.5:9618?addrs=130.199.201.5-9618&noUDP&sock=20968_34ef_3>
...
006 (11479027.000.000) 12/04 10:54:34 Image size of job updated: 15772
	16  -  MemoryUsage of job (MB)
	15772  -  ResidentSetSize of job (KB)
...
006 (11479027.000.000) 12/04 10:59:35 Image size of job updated: 52612
	52  -  MemoryUsage of job (MB)
	52552  -  ResidentSetSize of job (KB)
...
006 (11479027.000.000) 12/04 11:04:36 Image size of job updated: 55296
	54  -  MemoryUsage of job (MB)
	55044  -  ResidentSetSize of job (KB)
...
005 (11479027.000.000) 12/04 11:05:34 Job terminated.
	(1) Normal termination (return value 0)
		Usr 0 00:09:14, Sys 0 00:00:18  -  Run Remote Usage
		Usr 0 00:00:00, Sys 0 00:00:00  -  Run Local Usage
		Usr 0 00:09:14, Sys 0 00:00:18  -  Total Remote Usage
		Usr 0 00:00:00, Sys 0 00:00:00  -  Total Local Usage
	0  -  Run Bytes Sent By Job
	0  -  Run Bytes Received By Job
	0  -  Total Bytes Sent By Job
	0  -  Total Bytes Received By Job
	Partitionable Resources :    Usage  Request Allocated
	   Cpus                 :                 1         1
	   Disk (KB)            :       10       10  47327946
	   Memory (MB)          :       54        1      1669
...
