000 (11478941.000.000) 12/04 10:53:13 Job submitted from host: <130.199.153.66:9618?addrs=130.199.153.66-9618&noUDP&sock=8910_0083_4>
...
001 (11478941.000.000) 12/04 10:54:07 Job executing on host: <130.199.152.23:9618?addrs=130.199.152.23-9618&noUDP&sock=8685_cad7_3>
...
006 (11478941.000.000) 12/04 10:54:16 Image size of job updated: 28820
	16  -  MemoryUsage of job (MB)
	15756  -  ResidentSetSize of job (KB)
...
006 (11478941.000.000) 12/04 10:59:18 Image size of job updated: 66228
	50  -  MemoryUsage of job (MB)
	51092  -  ResidentSetSize of job (KB)
...
005 (11478941.000.000) 12/04 11:01:37 Job terminated.
	(1) Normal termination (return value 0)
		Usr 0 00:06:10, Sys 0 00:00:18  -  Run Remote Usage
		Usr 0 00:00:00, Sys 0 00:00:00  -  Run Local Usage
		Usr 0 00:06:10, Sys 0 00:00:18  -  Total Remote Usage
		Usr 0 00:00:00, Sys 0 00:00:00  -  Total Local Usage
	0  -  Run Bytes Sent By Job
	0  -  Run Bytes Received By Job
	0  -  Total Bytes Sent By Job
	0  -  Total Bytes Received By Job
	Partitionable Resources :    Usage  Request Allocated
	   Cpus                 :                 1         1
	   Disk (KB)            :       10       10  32976241
	   Memory (MB)          :       50        1      2005
...
