000 (11478604.000.000) 12/04 10:51:09 Job submitted from host: <130.199.153.66:9618?addrs=130.199.153.66-9618&noUDP&sock=8910_0083_4>
...
001 (11478604.000.000) 12/04 10:52:59 Job executing on host: <130.199.150.228:9618?addrs=130.199.150.228-9618&noUDP&sock=22198_7c7b_3>
...
006 (11478604.000.000) 12/04 10:53:08 Image size of job updated: 15920
	16  -  MemoryUsage of job (MB)
	15916  -  ResidentSetSize of job (KB)
...
006 (11478604.000.000) 12/04 10:56:00 Image size of job updated: 42512
	16  -  MemoryUsage of job (MB)
	15916  -  ResidentSetSize of job (KB)
...
005 (11478604.000.000) 12/04 10:56:01 Job terminated.
	(1) Normal termination (return value 0)
		Usr 0 00:02:25, Sys 0 00:00:06  -  Run Remote Usage
		Usr 0 00:00:00, Sys 0 00:00:00  -  Run Local Usage
		Usr 0 00:02:25, Sys 0 00:00:06  -  Total Remote Usage
		Usr 0 00:00:00, Sys 0 00:00:00  -  Total Local Usage
	0  -  Run Bytes Sent By Job
	0  -  Run Bytes Received By Job
	0  -  Total Bytes Sent By Job
	0  -  Total Bytes Received By Job
	Partitionable Resources :    Usage  Request Allocated
	   Cpus                 :                 1         1
	   Disk (KB)            :       10       10  59425989
	   Memory (MB)          :       16        1      2007
...
