000 (11478627.000.000) 12/04 10:51:14 Job submitted from host: <130.199.153.66:9618?addrs=130.199.153.66-9618&noUDP&sock=8910_0083_4>
...
001 (11478627.000.000) 12/04 10:53:04 Job executing on host: <130.199.150.201:9618?addrs=130.199.150.201-9618&noUDP&sock=22012_9e9e_3>
...
006 (11478627.000.000) 12/04 10:53:13 Image size of job updated: 17352
	16  -  MemoryUsage of job (MB)
	16056  -  ResidentSetSize of job (KB)
...
006 (11478627.000.000) 12/04 10:58:14 Image size of job updated: 53024
	50  -  MemoryUsage of job (MB)
	50212  -  ResidentSetSize of job (KB)
...
006 (11478627.000.000) 12/04 11:03:14 Image size of job updated: 61932
	58  -  MemoryUsage of job (MB)
	59100  -  ResidentSetSize of job (KB)
...
005 (11478627.000.000) 12/04 11:08:44 Job terminated.
	(1) Normal termination (return value 0)
		Usr 0 00:13:28, Sys 0 00:00:28  -  Run Remote Usage
		Usr 0 00:00:00, Sys 0 00:00:00  -  Run Local Usage
		Usr 0 00:13:28, Sys 0 00:00:28  -  Total Remote Usage
		Usr 0 00:00:00, Sys 0 00:00:00  -  Total Local Usage
	0  -  Run Bytes Sent By Job
	0  -  Run Bytes Received By Job
	0  -  Total Bytes Sent By Job
	0  -  Total Bytes Received By Job
	Partitionable Resources :    Usage  Request Allocated
	   Cpus                 :                 1         1
	   Disk (KB)            :       10       10  41489326
	   Memory (MB)          :       58        1      2007
...
