000 (11479054.000.000) 12/04 10:53:37 Job submitted from host: <130.199.153.66:9618?addrs=130.199.153.66-9618&noUDP&sock=8910_0083_4>
...
001 (11479054.000.000) 12/04 10:54:29 Job executing on host: <130.199.202.7:9618?addrs=130.199.202.7-9618&noUDP&sock=35914_6d56_3>
...
006 (11479054.000.000) 12/04 10:54:38 Image size of job updated: 14588
	15  -  MemoryUsage of job (MB)
	14588  -  ResidentSetSize of job (KB)
...
006 (11479054.000.000) 12/04 10:59:39 Image size of job updated: 44836
	44  -  MemoryUsage of job (MB)
	44820  -  ResidentSetSize of job (KB)
...
006 (11479054.000.000) 12/04 11:01:11 Image size of job updated: 264972
	44  -  MemoryUsage of job (MB)
	44820  -  ResidentSetSize of job (KB)
...
005 (11479054.000.000) 12/04 11:01:11 Job terminated.
	(1) Normal termination (return value 0)
		Usr 0 00:05:33, Sys 0 00:00:16  -  Run Remote Usage
		Usr 0 00:00:00, Sys 0 00:00:00  -  Run Local Usage
		Usr 0 00:05:33, Sys 0 00:00:16  -  Total Remote Usage
		Usr 0 00:00:00, Sys 0 00:00:00  -  Total Local Usage
	0  -  Run Bytes Sent By Job
	0  -  Run Bytes Received By Job
	0  -  Total Bytes Sent By Job
	0  -  Total Bytes Received By Job
	Partitionable Resources :    Usage  Request Allocated
	   Cpus                 :                 1         1
	   Disk (KB)            :       10       10  47541219
	   Memory (MB)          :       44        1      2008
...
