000 (11478975.000.000) 12/04 10:53:20 Job submitted from host: <130.199.153.66:9618?addrs=130.199.153.66-9618&noUDP&sock=8910_0083_4>
...
001 (11478975.000.000) 12/04 10:54:17 Job executing on host: <130.199.150.151:9618?addrs=130.199.150.151-9618&noUDP&sock=21966_0fa9_3>
...
006 (11478975.000.000) 12/04 10:54:25 Image size of job updated: 17076
	16  -  MemoryUsage of job (MB)
	15856  -  ResidentSetSize of job (KB)
...
005 (11478975.000.000) 12/04 10:57:56 Job terminated.
	(1) Normal termination (return value 0)
		Usr 0 00:02:58, Sys 0 00:00:08  -  Run Remote Usage
		Usr 0 00:00:00, Sys 0 00:00:00  -  Run Local Usage
		Usr 0 00:02:58, Sys 0 00:00:08  -  Total Remote Usage
		Usr 0 00:00:00, Sys 0 00:00:00  -  Total Local Usage
	0  -  Run Bytes Sent By Job
	0  -  Run Bytes Received By Job
	0  -  Total Bytes Sent By Job
	0  -  Total Bytes Received By Job
	Partitionable Resources :    Usage  Request Allocated
	   Cpus                 :                 1         1
	   Disk (KB)            :       10       10  41489375
	   Memory (MB)          :       16        1      2007
...
