000 (11479052.000.000) 12/04 10:53:37 Job submitted from host: <130.199.153.66:9618?addrs=130.199.153.66-9618&noUDP&sock=8910_0083_4>
...
001 (11479052.000.000) 12/04 10:54:29 Job executing on host: <130.199.201.53:9618?addrs=130.199.201.53-9618&noUDP&sock=22382_b84d_3>
...
006 (11479052.000.000) 12/04 10:54:38 Image size of job updated: 15780
	15  -  MemoryUsage of job (MB)
	14552  -  ResidentSetSize of job (KB)
...
006 (11479052.000.000) 12/04 10:59:39 Image size of job updated: 50036
	47  -  MemoryUsage of job (MB)
	47392  -  ResidentSetSize of job (KB)
...
005 (11479052.000.000) 12/04 11:01:42 Job terminated.
	(1) Normal termination (return value 0)
		Usr 0 00:05:49, Sys 0 00:00:14  -  Run Remote Usage
		Usr 0 00:00:00, Sys 0 00:00:00  -  Run Local Usage
		Usr 0 00:05:49, Sys 0 00:00:14  -  Total Remote Usage
		Usr 0 00:00:00, Sys 0 00:00:00  -  Total Local Usage
	0  -  Run Bytes Sent By Job
	0  -  Run Bytes Received By Job
	0  -  Total Bytes Sent By Job
	0  -  Total Bytes Received By Job
	Partitionable Resources :    Usage  Request Allocated
	   Cpus                 :                 1         1
	   Disk (KB)            :       10       10  47328051
	   Memory (MB)          :       47        1      2005
...
