000 (11478847.000.000) 12/04 10:52:53 Job submitted from host: <130.199.153.66:9618?addrs=130.199.153.66-9618&noUDP&sock=8910_0083_4>
...
001 (11478847.000.000) 12/04 10:53:47 Job executing on host: <130.199.202.76:9618?addrs=130.199.202.76-9618&noUDP&sock=23856_38ea_3>
...
006 (11478847.000.000) 12/04 10:53:56 Image size of job updated: 15708
	16  -  MemoryUsage of job (MB)
	15708  -  ResidentSetSize of job (KB)
...
006 (11478847.000.000) 12/04 10:58:57 Image size of job updated: 51240
	51  -  MemoryUsage of job (MB)
	51240  -  ResidentSetSize of job (KB)
...
006 (11478847.000.000) 12/04 11:01:36 Image size of job updated: 271464
	51  -  MemoryUsage of job (MB)
	51240  -  ResidentSetSize of job (KB)
...
005 (11478847.000.000) 12/04 11:01:37 Job terminated.
	(1) Normal termination (return value 0)
		Usr 0 00:06:36, Sys 0 00:00:15  -  Run Remote Usage
		Usr 0 00:00:00, Sys 0 00:00:00  -  Run Local Usage
		Usr 0 00:06:36, Sys 0 00:00:15  -  Total Remote Usage
		Usr 0 00:00:00, Sys 0 00:00:00  -  Total Local Usage
	0  -  Run Bytes Sent By Job
	0  -  Run Bytes Received By Job
	0  -  Total Bytes Sent By Job
	0  -  Total Bytes Received By Job
	Partitionable Resources :    Usage  Request Allocated
	   Cpus                 :                 1         1
	   Disk (KB)            :       10       10  65479283
	   Memory (MB)          :       51        1      2008
...
