000 (11479287.000.000) 12/04 10:54:29 Job submitted from host: <130.199.153.66:9618?addrs=130.199.153.66-9618&noUDP&sock=8910_0083_4>
...
001 (11479287.000.000) 12/04 10:55:12 Job executing on host: <130.199.150.163:9618?addrs=130.199.150.163-9618&noUDP&sock=22249_a08a_3>
...
006 (11479287.000.000) 12/04 10:55:21 Image size of job updated: 15648
	16  -  MemoryUsage of job (MB)
	15648  -  ResidentSetSize of job (KB)
...
006 (11479287.000.000) 12/04 10:58:09 Image size of job updated: 262152
	16  -  MemoryUsage of job (MB)
	15648  -  ResidentSetSize of job (KB)
...
005 (11479287.000.000) 12/04 10:58:09 Job terminated.
	(1) Normal termination (return value 0)
		Usr 0 00:02:13, Sys 0 00:00:06  -  Run Remote Usage
		Usr 0 00:00:00, Sys 0 00:00:00  -  Run Local Usage
		Usr 0 00:02:13, Sys 0 00:00:06  -  Total Remote Usage
		Usr 0 00:00:00, Sys 0 00:00:00  -  Total Local Usage
	0  -  Run Bytes Sent By Job
	0  -  Run Bytes Received By Job
	0  -  Total Bytes Sent By Job
	0  -  Total Bytes Received By Job
	Partitionable Resources :    Usage  Request Allocated
	   Cpus                 :                 1         1
	   Disk (KB)            :       10       10  41489420
	   Memory (MB)          :       16        1      2007
...
