000 (11478565.000.000) 12/04 10:51:02 Job submitted from host: <130.199.153.66:9618?addrs=130.199.153.66-9618&noUDP&sock=8910_0083_4>
...
001 (11478565.000.000) 12/04 10:52:51 Job executing on host: <130.199.150.203:9618?addrs=130.199.150.203-9618&noUDP&sock=21975_e8d9_3>
...
006 (11478565.000.000) 12/04 10:53:00 Image size of job updated: 15736
	16  -  MemoryUsage of job (MB)
	15732  -  ResidentSetSize of job (KB)
...
006 (11478565.000.000) 12/04 10:55:00 Image size of job updated: 45184
	16  -  MemoryUsage of job (MB)
	15732  -  ResidentSetSize of job (KB)
...
005 (11478565.000.000) 12/04 10:55:00 Job terminated.
	(1) Normal termination (return value 0)
		Usr 0 00:01:39, Sys 0 00:00:05  -  Run Remote Usage
		Usr 0 00:00:00, Sys 0 00:00:00  -  Run Local Usage
		Usr 0 00:01:39, Sys 0 00:00:05  -  Total Remote Usage
		Usr 0 00:00:00, Sys 0 00:00:00  -  Total Local Usage
	0  -  Run Bytes Sent By Job
	0  -  Run Bytes Received By Job
	0  -  Total Bytes Sent By Job
	0  -  Total Bytes Received By Job
	Partitionable Resources :    Usage  Request Allocated
	   Cpus                 :                 1         1
	   Disk (KB)            :       10       10  59425958
	   Memory (MB)          :       16        1      2007
...
