000 (11478657.000.000) 12/04 10:51:20 Job submitted from host: <130.199.153.66:9618?addrs=130.199.153.66-9618&noUDP&sock=8910_0083_4>
...
001 (11478657.000.000) 12/04 10:53:11 Job executing on host: <130.199.202.91:9618?addrs=130.199.202.91-9618&noUDP&sock=128364_af5c_3>
...
006 (11478657.000.000) 12/04 10:53:19 Image size of job updated: 14660
	15  -  MemoryUsage of job (MB)
	14660  -  ResidentSetSize of job (KB)
...
006 (11478657.000.000) 12/04 10:58:19 Image size of job updated: 52624
	52  -  MemoryUsage of job (MB)
	52564  -  ResidentSetSize of job (KB)
...
005 (11478657.000.000) 12/04 11:01:40 Job terminated.
	(1) Normal termination (return value 0)
		Usr 0 00:07:14, Sys 0 00:00:22  -  Run Remote Usage
		Usr 0 00:00:00, Sys 0 00:00:00  -  Run Local Usage
		Usr 0 00:07:14, Sys 0 00:00:22  -  Total Remote Usage
		Usr 0 00:00:00, Sys 0 00:00:00  -  Total Local Usage
	0  -  Run Bytes Sent By Job
	0  -  Run Bytes Received By Job
	0  -  Total Bytes Sent By Job
	0  -  Total Bytes Received By Job
	Partitionable Resources :    Usage  Request Allocated
	   Cpus                 :                 1         1
	   Disk (KB)            :       10       10  65563823
	   Memory (MB)          :       52        1      2297
...
