000 (11479256.000.000) 12/04 10:54:22 Job submitted from host: <130.199.153.66:9618?addrs=130.199.153.66-9618&noUDP&sock=8910_0083_4>
...
001 (11479256.000.000) 12/04 10:55:06 Job executing on host: <130.199.202.31:9618?addrs=130.199.202.31-9618&noUDP&sock=14749_f8c7_3>
...
006 (11479256.000.000) 12/04 10:55:14 Image size of job updated: 14676
	15  -  MemoryUsage of job (MB)
	14676  -  ResidentSetSize of job (KB)
...
006 (11479256.000.000) 12/04 11:00:14 Image size of job updated: 46820
	46  -  MemoryUsage of job (MB)
	46656  -  ResidentSetSize of job (KB)
...
005 (11479256.000.000) 12/04 11:02:58 Job terminated.
	(1) Normal termination (return value 0)
		Usr 0 00:06:35, Sys 0 00:00:14  -  Run Remote Usage
		Usr 0 00:00:00, Sys 0 00:00:00  -  Run Local Usage
		Usr 0 00:06:35, Sys 0 00:00:14  -  Total Remote Usage
		Usr 0 00:00:00, Sys 0 00:00:00  -  Total Local Usage
	0  -  Run Bytes Sent By Job
	0  -  Run Bytes Received By Job
	0  -  Total Bytes Sent By Job
	0  -  Total Bytes Received By Job
	Partitionable Resources :    Usage  Request Allocated
	   Cpus                 :                 1         1
	   Disk (KB)            :       10       10  47541241
	   Memory (MB)          :       46        1      2008
...
