000 (11479084.000.000) 12/04 10:53:44 Job submitted from host: <130.199.153.66:9618?addrs=130.199.153.66-9618&noUDP&sock=8910_0083_4>
...
001 (11479084.000.000) 12/04 10:54:35 Job executing on host: <130.199.152.19:9618?addrs=130.199.152.19-9618&noUDP&sock=22617_182f_3>
...
006 (11479084.000.000) 12/04 10:54:44 Image size of job updated: 15816
	16  -  MemoryUsage of job (MB)
	15816  -  ResidentSetSize of job (KB)
...
006 (11479084.000.000) 12/04 10:59:45 Image size of job updated: 52768
	52  -  MemoryUsage of job (MB)
	52768  -  ResidentSetSize of job (KB)
...
006 (11479084.000.000) 12/04 11:04:45 Image size of job updated: 57464
	57  -  MemoryUsage of job (MB)
	57464  -  ResidentSetSize of job (KB)
...
005 (11479084.000.000) 12/04 11:06:42 Job terminated.
	(1) Normal termination (return value 0)
		Usr 0 00:09:59, Sys 0 00:00:25  -  Run Remote Usage
		Usr 0 00:00:00, Sys 0 00:00:00  -  Run Local Usage
		Usr 0 00:09:59, Sys 0 00:00:25  -  Total Remote Usage
		Usr 0 00:00:00, Sys 0 00:00:00  -  Total Local Usage
	0  -  Run Bytes Sent By Job
	0  -  Run Bytes Received By Job
	0  -  Total Bytes Sent By Job
	0  -  Total Bytes Received By Job
	Partitionable Resources :    Usage  Request Allocated
	   Cpus                 :                 1         1
	   Disk (KB)            :       10       10  32976552
	   Memory (MB)          :       57        1      2005
...
