000 (11478878.000.000) 12/04 10:53:00 Job submitted from host: <130.199.153.66:9618?addrs=130.199.153.66-9618&noUDP&sock=8910_0083_4>
...
001 (11478878.000.000) 12/04 10:53:54 Job executing on host: <130.199.150.165:9618?addrs=130.199.150.165-9618&noUDP&sock=22104_bc87_3>
...
006 (11478878.000.000) 12/04 10:54:02 Image size of job updated: 17068
	16  -  MemoryUsage of job (MB)
	15840  -  ResidentSetSize of job (KB)
...
006 (11478878.000.000) 12/04 10:59:02 Image size of job updated: 49400
	47  -  MemoryUsage of job (MB)
	47224  -  ResidentSetSize of job (KB)
...
006 (11478878.000.000) 12/04 11:04:03 Image size of job updated: 50564
	48  -  MemoryUsage of job (MB)
	48260  -  ResidentSetSize of job (KB)
...
006 (11478878.000.000) 12/04 11:09:04 Image size of job updated: 53280
	50  -  MemoryUsage of job (MB)
	50924  -  ResidentSetSize of job (KB)
...
006 (11478878.000.000) 12/04 11:14:04 Image size of job updated: 58744
	56  -  MemoryUsage of job (MB)
	56388  -  ResidentSetSize of job (KB)
...
006 (11478878.000.000) 12/04 11:19:11 Image size of job updated: 277576
	56  -  MemoryUsage of job (MB)
	56388  -  ResidentSetSize of job (KB)
...
005 (11478878.000.000) 12/04 11:19:12 Job terminated.
	(1) Normal termination (return value 0)
		Usr 0 00:21:47, Sys 0 00:00:51  -  Run Remote Usage
		Usr 0 00:00:00, Sys 0 00:00:00  -  Run Local Usage
		Usr 0 00:21:47, Sys 0 00:00:51  -  Total Remote Usage
		Usr 0 00:00:00, Sys 0 00:00:00  -  Total Local Usage
	0  -  Run Bytes Sent By Job
	0  -  Run Bytes Received By Job
	0  -  Total Bytes Sent By Job
	0  -  Total Bytes Received By Job
	Partitionable Resources :    Usage  Request Allocated
	   Cpus                 :                 1         1
	   Disk (KB)            :       10       10  41488999
	   Memory (MB)          :       56        1      2007
...
