000 (11479149.000.000) 12/04 10:53:59 Job submitted from host: <130.199.153.66:9618?addrs=130.199.153.66-9618&noUDP&sock=8910_0083_4>
...
001 (11479149.000.000) 12/04 10:54:34 Job executing on host: <130.199.150.233:9618?addrs=130.199.150.233-9618&noUDP&sock=22531_e065_3>
...
006 (11479149.000.000) 12/04 10:54:43 Image size of job updated: 15996
	16  -  MemoryUsage of job (MB)
	15996  -  ResidentSetSize of job (KB)
...
006 (11479149.000.000) 12/04 10:59:44 Image size of job updated: 53876
	53  -  MemoryUsage of job (MB)
	53876  -  ResidentSetSize of job (KB)
...
005 (11479149.000.000) 12/04 11:04:08 Job terminated.
	(1) Normal termination (return value 0)
		Usr 0 00:08:01, Sys 0 00:00:18  -  Run Remote Usage
		Usr 0 00:00:00, Sys 0 00:00:00  -  Run Local Usage
		Usr 0 00:08:01, Sys 0 00:00:18  -  Total Remote Usage
		Usr 0 00:00:00, Sys 0 00:00:00  -  Total Local Usage
	0  -  Run Bytes Sent By Job
	0  -  Run Bytes Received By Job
	0  -  Total Bytes Sent By Job
	0  -  Total Bytes Received By Job
	Partitionable Resources :    Usage  Request Allocated
	   Cpus                 :                 1         1
	   Disk (KB)            :       10       10  59425809
	   Memory (MB)          :       53        1      2007
...
