000 (11478775.000.000) 12/04 10:52:39 Job submitted from host: <130.199.153.66:9618?addrs=130.199.153.66-9618&noUDP&sock=8910_0083_4>
...
001 (11478775.000.000) 12/04 10:53:34 Job executing on host: <130.199.152.26:9618?addrs=130.199.152.26-9618&noUDP&sock=22527_9c50_3>
...
006 (11478775.000.000) 12/04 10:53:43 Image size of job updated: 16900
	16  -  MemoryUsage of job (MB)
	15724  -  ResidentSetSize of job (KB)
...
005 (11478775.000.000) 12/04 10:55:53 Job terminated.
	(1) Normal termination (return value 0)
		Usr 0 00:01:46, Sys 0 00:00:06  -  Run Remote Usage
		Usr 0 00:00:00, Sys 0 00:00:00  -  Run Local Usage
		Usr 0 00:01:46, Sys 0 00:00:06  -  Total Remote Usage
		Usr 0 00:00:00, Sys 0 00:00:00  -  Total Local Usage
	0  -  Run Bytes Sent By Job
	0  -  Run Bytes Received By Job
	0  -  Total Bytes Sent By Job
	0  -  Total Bytes Received By Job
	Partitionable Resources :    Usage  Request Allocated
	   Cpus                 :                 1         1
	   Disk (KB)            :       10       10  32976436
	   Memory (MB)          :       16        1      2005
...
