000 (11478912.000.000) 12/04 10:53:07 Job submitted from host: <130.199.153.66:9618?addrs=130.199.153.66-9618&noUDP&sock=8910_0083_4>
...
001 (11478912.000.000) 12/04 10:54:00 Job executing on host: <130.199.201.2:9618?addrs=130.199.201.2-9618&noUDP&sock=13134_d83d_3>
...
006 (11478912.000.000) 12/04 10:54:09 Image size of job updated: 14552
	15  -  MemoryUsage of job (MB)
	14552  -  ResidentSetSize of job (KB)
...
005 (11478912.000.000) 12/04 10:58:22 Job terminated.
	(1) Normal termination (return value 0)
		Usr 0 00:03:16, Sys 0 00:00:08  -  Run Remote Usage
		Usr 0 00:00:00, Sys 0 00:00:00  -  Run Local Usage
		Usr 0 00:03:16, Sys 0 00:00:08  -  Total Remote Usage
		Usr 0 00:00:00, Sys 0 00:00:00  -  Total Local Usage
	0  -  Run Bytes Sent By Job
	0  -  Run Bytes Received By Job
	0  -  Total Bytes Sent By Job
	0  -  Total Bytes Received By Job
	Partitionable Resources :    Usage  Request Allocated
	   Cpus                 :                 1         1
	   Disk (KB)            :       10       10  47327968
	   Memory (MB)          :       15        1      2005
...
