000 (11478487.000.000) 12/04 10:42:00 Job submitted from host: <130.199.153.66:9618?addrs=130.199.153.66-9618&noUDP&sock=8910_0083_4>
...
001 (11478487.000.000) 12/04 10:42:32 Job executing on host: <130.199.202.90:9618?addrs=130.199.202.90-9618&noUDP&sock=96748_9ec0_3>
...
006 (11478487.000.000) 12/04 10:42:40 Image size of job updated: 20288
	20  -  MemoryUsage of job (MB)
	20288  -  ResidentSetSize of job (KB)
...
006 (11478487.000.000) 12/04 10:43:54 Image size of job updated: 165548
	20  -  MemoryUsage of job (MB)
	20288  -  ResidentSetSize of job (KB)
...
005 (11478487.000.000) 12/04 10:43:54 Job terminated.
	(1) Normal termination (return value 0)
		Usr 0 00:01:06, Sys 0 00:00:04  -  Run Remote Usage
		Usr 0 00:00:00, Sys 0 00:00:00  -  Run Local Usage
		Usr 0 00:01:06, Sys 0 00:00:04  -  Total Remote Usage
		Usr 0 00:00:00, Sys 0 00:00:00  -  Total Local Usage
	0  -  Run Bytes Sent By Job
	0  -  Run Bytes Received By Job
	0  -  Total Bytes Sent By Job
	0  -  Total Bytes Received By Job
	Partitionable Resources :    Usage  Request Allocated
	   Cpus                 :                 1         1
	   Disk (KB)            :       10       10  65563822
	   Memory (MB)          :       20        1      2297
...
