000 (11478470.000.000) 12/04 10:41:52 Job submitted from host: <130.199.153.66:9618?addrs=130.199.153.66-9618&noUDP&sock=8910_0083_4>
...
001 (11478470.000.000) 12/04 10:42:14 Job executing on host: <130.199.150.239:9618?addrs=130.199.150.239-9618&noUDP&sock=21958_877f_3>
...
006 (11478470.000.000) 12/04 10:42:22 Image size of job updated: 23732
	21  -  MemoryUsage of job (MB)
	21424  -  ResidentSetSize of job (KB)
...
006 (11478470.000.000) 12/04 10:47:22 Image size of job updated: 198156
	191  -  MemoryUsage of job (MB)
	195420  -  ResidentSetSize of job (KB)
...
005 (11478470.000.000) 12/04 10:47:33 Job terminated.
	(1) Normal termination (return value 0)
		Usr 0 00:03:43, Sys 0 00:00:11  -  Run Remote Usage
		Usr 0 00:00:00, Sys 0 00:00:00  -  Run Local Usage
		Usr 0 00:03:43, Sys 0 00:00:11  -  Total Remote Usage
		Usr 0 00:00:00, Sys 0 00:00:00  -  Total Local Usage
	0  -  Run Bytes Sent By Job
	0  -  Run Bytes Received By Job
	0  -  Total Bytes Sent By Job
	0  -  Total Bytes Received By Job
	Partitionable Resources :    Usage  Request Allocated
	   Cpus                 :                 1         1
	   Disk (KB)            :       10       10  59425971
	   Memory (MB)          :      191        1      2007
...
