000 (11478502.000.000) 12/04 10:42:04 Job submitted from host: <130.199.153.66:9618?addrs=130.199.153.66-9618&noUDP&sock=8910_0083_4>
...
001 (11478502.000.000) 12/04 10:42:54 Job executing on host: <130.199.202.108:9618?addrs=130.199.202.108-9618&noUDP&sock=9347_4e96_3>
...
006 (11478502.000.000) 12/04 10:43:03 Image size of job updated: 20328
	20  -  MemoryUsage of job (MB)
	20328  -  ResidentSetSize of job (KB)
...
006 (11478502.000.000) 12/04 10:44:09 Image size of job updated: 165504
	20  -  MemoryUsage of job (MB)
	20328  -  ResidentSetSize of job (KB)
...
005 (11478502.000.000) 12/04 10:44:09 Job terminated.
	(1) Normal termination (return value 0)
		Usr 0 00:00:57, Sys 0 00:00:05  -  Run Remote Usage
		Usr 0 00:00:00, Sys 0 00:00:00  -  Run Local Usage
		Usr 0 00:00:57, Sys 0 00:00:05  -  Total Remote Usage
		Usr 0 00:00:00, Sys 0 00:00:00  -  Total Local Usage
	0  -  Run Bytes Sent By Job
	0  -  Run Bytes Received By Job
	0  -  Total Bytes Sent By Job
	0  -  Total Bytes Received By Job
	Partitionable Resources :    Usage  Request Allocated
	   Cpus                 :                 1         1
	   Disk (KB)            :       10       10  66831977
	   Memory (MB)          :       20        1      2665
...
