000 (11478473.000.000) 12/04 10:41:52 Job submitted from host: <130.199.153.66:9618?addrs=130.199.153.66-9618&noUDP&sock=8910_0083_4>
...
001 (11478473.000.000) 12/04 10:42:22 Job executing on host: <130.199.202.54:9618?addrs=130.199.202.54-9618&noUDP&sock=13693_c2d9_3>
...
006 (11478473.000.000) 12/04 10:42:31 Image size of job updated: 23784
	21  -  MemoryUsage of job (MB)
	21452  -  ResidentSetSize of job (KB)
...
006 (11478473.000.000) 12/04 10:46:51 Image size of job updated: 418352
	21  -  MemoryUsage of job (MB)
	21452  -  ResidentSetSize of job (KB)
...
005 (11478473.000.000) 12/04 10:46:51 Job terminated.
	(1) Normal termination (return value 0)
		Usr 0 00:03:39, Sys 0 00:00:12  -  Run Remote Usage
		Usr 0 00:00:00, Sys 0 00:00:00  -  Run Local Usage
		Usr 0 00:03:39, Sys 0 00:00:12  -  Total Remote Usage
		Usr 0 00:00:00, Sys 0 00:00:00  -  Total Local Usage
	0  -  Run Bytes Sent By Job
	0  -  Run Bytes Received By Job
	0  -  Total Bytes Sent By Job
	0  -  Total Bytes Received By Job
	Partitionable Resources :    Usage  Request Allocated
	   Cpus                 :                 1         1
	   Disk (KB)            :       10       10  65479260
	   Memory (MB)          :       21        1      2008
...
