000 (11478411.000.000) 12/04 10:41:26 Job submitted from host: <130.199.153.66:9618?addrs=130.199.153.66-9618&noUDP&sock=8910_0083_4>
...
001 (11478411.000.000) 12/04 10:42:02 Job executing on host: <130.199.202.94:9618?addrs=130.199.202.94-9618&noUDP&sock=12202_e0e2_3>
...
006 (11478411.000.000) 12/04 10:42:11 Image size of job updated: 21432
	21  -  MemoryUsage of job (MB)
	21432  -  ResidentSetSize of job (KB)
...
006 (11478411.000.000) 12/04 10:43:14 Image size of job updated: 153004
	21  -  MemoryUsage of job (MB)
	21432  -  ResidentSetSize of job (KB)
...
005 (11478411.000.000) 12/04 10:43:14 Job terminated.
	(1) Normal termination (return value 0)
		Usr 0 00:00:57, Sys 0 00:00:04  -  Run Remote Usage
		Usr 0 00:00:00, Sys 0 00:00:00  -  Run Local Usage
		Usr 0 00:00:57, Sys 0 00:00:04  -  Total Remote Usage
		Usr 0 00:00:00, Sys 0 00:00:00  -  Total Local Usage
	0  -  Run Bytes Sent By Job
	0  -  Run Bytes Received By Job
	0  -  Total Bytes Sent By Job
	0  -  Total Bytes Received By Job
	Partitionable Resources :    Usage  Request Allocated
	   Cpus                 :                 1         1
	   Disk (KB)            :       10       10  65563834
	   Memory (MB)          :       21        1      2297
...
