000 (11478445.000.000) 12/04 10:41:44 Job submitted from host: <130.199.153.66:9618?addrs=130.199.153.66-9618&noUDP&sock=8910_0083_4>
...
001 (11478445.000.000) 12/04 10:42:08 Job executing on host: <130.199.202.66:9618?addrs=130.199.202.66-9618&noUDP&sock=21319_4b3a_3>
...
006 (11478445.000.000) 12/04 10:42:17 Image size of job updated: 21544
	22  -  MemoryUsage of job (MB)
	21544  -  ResidentSetSize of job (KB)
...
006 (11478445.000.000) 12/04 10:45:35 Image size of job updated: 418680
	22  -  MemoryUsage of job (MB)
	21544  -  ResidentSetSize of job (KB)
...
005 (11478445.000.000) 12/04 10:45:35 Job terminated.
	(1) Normal termination (return value 0)
		Usr 0 00:02:47, Sys 0 00:00:09  -  Run Remote Usage
		Usr 0 00:00:00, Sys 0 00:00:00  -  Run Local Usage
		Usr 0 00:02:47, Sys 0 00:00:09  -  Total Remote Usage
		Usr 0 00:00:00, Sys 0 00:00:00  -  Total Local Usage
	0  -  Run Bytes Sent By Job
	0  -  Run Bytes Received By Job
	0  -  Total Bytes Sent By Job
	0  -  Total Bytes Received By Job
	Partitionable Resources :    Usage  Request Allocated
	   Cpus                 :                 1         1
	   Disk (KB)            :       10       10  65479220
	   Memory (MB)          :       22        1      2008
...
