000 (11478466.000.000) 12/04 10:41:52 Job submitted from host: <130.199.153.66:9618?addrs=130.199.153.66-9618&noUDP&sock=8910_0083_4>
...
001 (11478466.000.000) 12/04 10:42:22 Job executing on host: <130.199.150.245:9618?addrs=130.199.150.245-9618&noUDP&sock=21987_b519_3>
...
006 (11478466.000.000) 12/04 10:42:31 Image size of job updated: 22444
	21  -  MemoryUsage of job (MB)
	21432  -  ResidentSetSize of job (KB)
...
006 (11478466.000.000) 12/04 10:47:32 Image size of job updated: 195224
	190  -  MemoryUsage of job (MB)
	194080  -  ResidentSetSize of job (KB)
...
006 (11478466.000.000) 12/04 10:47:39 Image size of job updated: 195336
	190  -  MemoryUsage of job (MB)
	194080  -  ResidentSetSize of job (KB)
...
005 (11478466.000.000) 12/04 10:47:39 Job terminated.
	(1) Normal termination (return value 0)
		Usr 0 00:03:42, Sys 0 00:00:12  -  Run Remote Usage
		Usr 0 00:00:00, Sys 0 00:00:00  -  Run Local Usage
		Usr 0 00:03:42, Sys 0 00:00:12  -  Total Remote Usage
		Usr 0 00:00:00, Sys 0 00:00:00  -  Total Local Usage
	0  -  Run Bytes Sent By Job
	0  -  Run Bytes Received By Job
	0  -  Total Bytes Sent By Job
	0  -  Total Bytes Received By Job
	Partitionable Resources :    Usage  Request Allocated
	   Cpus                 :                 1         1
	   Disk (KB)            :       10       10  59426234
	   Memory (MB)          :      190        1      2007
...
