000 (11478467.000.000) 12/04 10:41:52 Job submitted from host: <130.199.153.66:9618?addrs=130.199.153.66-9618&noUDP&sock=8910_0083_4>
...
001 (11478467.000.000) 12/04 10:42:11 Job executing on host: <130.199.150.238:9618?addrs=130.199.150.238-9618&noUDP&sock=22592_2eaa_3>
...
006 (11478467.000.000) 12/04 10:42:19 Image size of job updated: 22576
	20  -  MemoryUsage of job (MB)
	20268  -  ResidentSetSize of job (KB)
...
006 (11478467.000.000) 12/04 10:47:17 Image size of job updated: 199392
	20  -  MemoryUsage of job (MB)
	20268  -  ResidentSetSize of job (KB)
...
005 (11478467.000.000) 12/04 10:47:18 Job terminated.
	(1) Normal termination (return value 0)
		Usr 0 00:03:45, Sys 0 00:00:10  -  Run Remote Usage
		Usr 0 00:00:00, Sys 0 00:00:00  -  Run Local Usage
		Usr 0 00:03:45, Sys 0 00:00:10  -  Total Remote Usage
		Usr 0 00:00:00, Sys 0 00:00:00  -  Total Local Usage
	0  -  Run Bytes Sent By Job
	0  -  Run Bytes Received By Job
	0  -  Total Bytes Sent By Job
	0  -  Total Bytes Received By Job
	Partitionable Resources :    Usage  Request Allocated
	   Cpus                 :                 1         1
	   Disk (KB)            :       10       10  59426394
	   Memory (MB)          :       20        1      2007
...
