000 (11478392.000.000) 12/04 10:41:17 Job submitted from host: <130.199.153.66:9618?addrs=130.199.153.66-9618&noUDP&sock=8910_0083_4>
...
001 (11478392.000.000) 12/04 10:41:57 Job executing on host: <130.199.202.98:9618?addrs=130.199.202.98-9618&noUDP&sock=178572_e217_3>
...
006 (11478392.000.000) 12/04 10:42:22 Image size of job updated: 107364
	105  -  MemoryUsage of job (MB)
	107364  -  ResidentSetSize of job (KB)
...
006 (11478392.000.000) 12/04 10:42:28 Image size of job updated: 112804
	105  -  MemoryUsage of job (MB)
	107364  -  ResidentSetSize of job (KB)
...
005 (11478392.000.000) 12/04 10:42:28 Job terminated.
	(1) Normal termination (return value 0)
		Usr 0 00:00:24, Sys 0 00:00:03  -  Run Remote Usage
		Usr 0 00:00:00, Sys 0 00:00:00  -  Run Local Usage
		Usr 0 00:00:24, Sys 0 00:00:03  -  Total Remote Usage
		Usr 0 00:00:00, Sys 0 00:00:00  -  Total Local Usage
	0  -  Run Bytes Sent By Job
	0  -  Run Bytes Received By Job
	0  -  Total Bytes Sent By Job
	0  -  Total Bytes Received By Job
	Partitionable Resources :    Usage  Request Allocated
	   Cpus                 :                 1         1
	   Disk (KB)            :       10       10  65563928
	   Memory (MB)          :      105        1      2297
...
