000 (11478403.000.000) 12/04 10:41:22 Job submitted from host: <130.199.153.66:9618?addrs=130.199.153.66-9618&noUDP&sock=8910_0083_4>
...
001 (11478403.000.000) 12/04 10:41:59 Job executing on host: <130.199.202.86:9618?addrs=130.199.202.86-9618&noUDP&sock=14880_6e80_3>
...
006 (11478403.000.000) 12/04 10:42:07 Image size of job updated: 21540
	21  -  MemoryUsage of job (MB)
	21464  -  ResidentSetSize of job (KB)
...
006 (11478403.000.000) 12/04 10:42:37 Image size of job updated: 379028
	23  -  MemoryUsage of job (MB)
	22788  -  ResidentSetSize of job (KB)
...
005 (11478403.000.000) 12/04 10:42:37 Job terminated.
	(1) Normal termination (return value 0)
		Usr 0 00:00:27, Sys 0 00:00:03  -  Run Remote Usage
		Usr 0 00:00:00, Sys 0 00:00:00  -  Run Local Usage
		Usr 0 00:00:27, Sys 0 00:00:03  -  Total Remote Usage
		Usr 0 00:00:00, Sys 0 00:00:00  -  Total Local Usage
	0  -  Run Bytes Sent By Job
	0  -  Run Bytes Received By Job
	0  -  Total Bytes Sent By Job
	0  -  Total Bytes Received By Job
	Partitionable Resources :    Usage  Request Allocated
	   Cpus                 :                 1         1
	   Disk (KB)            :       10       10  65563846
	   Memory (MB)          :       23        1      2297
...
