000 (11478376.000.000) 12/04 10:41:13 Job submitted from host: <130.199.153.66:9618?addrs=130.199.153.66-9618&noUDP&sock=8910_0083_4>
...
001 (11478376.000.000) 12/04 10:41:53 Job executing on host: <130.199.202.116:9618?addrs=130.199.202.116-9618&noUDP&sock=193740_5d1a_3>
...
006 (11478376.000.000) 12/04 10:42:02 Image size of job updated: 22660
	20  -  MemoryUsage of job (MB)
	20352  -  ResidentSetSize of job (KB)
...
006 (11478376.000.000) 12/04 10:42:27 Image size of job updated: 114776
	20  -  MemoryUsage of job (MB)
	20352  -  ResidentSetSize of job (KB)
...
005 (11478376.000.000) 12/04 10:42:27 Job terminated.
	(1) Normal termination (return value 0)
		Usr 0 00:00:22, Sys 0 00:00:04  -  Run Remote Usage
		Usr 0 00:00:00, Sys 0 00:00:00  -  Run Local Usage
		Usr 0 00:00:22, Sys 0 00:00:04  -  Total Remote Usage
		Usr 0 00:00:00, Sys 0 00:00:00  -  Total Local Usage
	0  -  Run Bytes Sent By Job
	0  -  Run Bytes Received By Job
	0  -  Total Bytes Sent By Job
	0  -  Total Bytes Received By Job
	Partitionable Resources :    Usage  Request Allocated
	   Cpus                 :                 1         1
	   Disk (KB)            :       10       10  66832027
	   Memory (MB)          :       20        1      2665
...
