000 (11478429.000.000) 12/04 10:41:34 Job submitted from host: <130.199.153.66:9618?addrs=130.199.153.66-9618&noUDP&sock=8910_0083_4>
...
001 (11478429.000.000) 12/04 10:42:03 Job executing on host: <130.199.202.66:9618?addrs=130.199.202.66-9618&noUDP&sock=21319_4b3a_3>
...
006 (11478429.000.000) 12/04 10:42:11 Image size of job updated: 24872
	23  -  MemoryUsage of job (MB)
	22560  -  ResidentSetSize of job (KB)
...
005 (11478429.000.000) 12/04 10:43:31 Job terminated.
	(1) Normal termination (return value 0)
		Usr 0 00:01:10, Sys 0 00:00:05  -  Run Remote Usage
		Usr 0 00:00:00, Sys 0 00:00:00  -  Run Local Usage
		Usr 0 00:01:10, Sys 0 00:00:05  -  Total Remote Usage
		Usr 0 00:00:00, Sys 0 00:00:00  -  Total Local Usage
	0  -  Run Bytes Sent By Job
	0  -  Run Bytes Received By Job
	0  -  Total Bytes Sent By Job
	0  -  Total Bytes Received By Job
	Partitionable Resources :    Usage  Request Allocated
	   Cpus                 :                 1         1
	   Disk (KB)            :       10       10  65479220
	   Memory (MB)          :       23        1      2008
...
