000 (11478450.000.000) 12/04 10:41:44 Job submitted from host: <130.199.153.66:9618?addrs=130.199.153.66-9618&noUDP&sock=8910_0083_4>
...
001 (11478450.000.000) 12/04 10:42:09 Job executing on host: <130.199.202.94:9618?addrs=130.199.202.94-9618&noUDP&sock=12202_e0e2_3>
...
006 (11478450.000.000) 12/04 10:42:17 Image size of job updated: 20284
	20  -  MemoryUsage of job (MB)
	20284  -  ResidentSetSize of job (KB)
...
006 (11478450.000.000) 12/04 10:45:15 Image size of job updated: 423212
	20  -  MemoryUsage of job (MB)
	20284  -  ResidentSetSize of job (KB)
...
005 (11478450.000.000) 12/04 10:45:15 Job terminated.
	(1) Normal termination (return value 0)
		Usr 0 00:02:28, Sys 0 00:00:08  -  Run Remote Usage
		Usr 0 00:00:00, Sys 0 00:00:00  -  Run Local Usage
		Usr 0 00:02:28, Sys 0 00:00:08  -  Total Remote Usage
		Usr 0 00:00:00, Sys 0 00:00:00  -  Total Local Usage
	0  -  Run Bytes Sent By Job
	0  -  Run Bytes Received By Job
	0  -  Total Bytes Sent By Job
	0  -  Total Bytes Received By Job
	Partitionable Resources :    Usage  Request Allocated
	   Cpus                 :                 1         1
	   Disk (KB)            :       10       10  65563834
	   Memory (MB)          :       20        1      2297
...
