000 (11478402.000.000) 12/04 10:41:22 Job submitted from host: <130.199.153.66:9618?addrs=130.199.153.66-9618&noUDP&sock=8910_0083_4>
...
001 (11478402.000.000) 12/04 10:42:22 Job executing on host: <130.199.202.87:9618?addrs=130.199.202.87-9618&noUDP&sock=118306_7479_3>
...
006 (11478402.000.000) 12/04 10:42:30 Image size of job updated: 23832
	22  -  MemoryUsage of job (MB)
	21520  -  ResidentSetSize of job (KB)
...
005 (11478402.000.000) 12/04 10:42:59 Job terminated.
	(1) Normal termination (return value 0)
		Usr 0 00:00:29, Sys 0 00:00:03  -  Run Remote Usage
		Usr 0 00:00:00, Sys 0 00:00:00  -  Run Local Usage
		Usr 0 00:00:29, Sys 0 00:00:03  -  Total Remote Usage
		Usr 0 00:00:00, Sys 0 00:00:00  -  Total Local Usage
	0  -  Run Bytes Sent By Job
	0  -  Run Bytes Received By Job
	0  -  Total Bytes Sent By Job
	0  -  Total Bytes Received By Job
	Partitionable Resources :    Usage  Request Allocated
	   Cpus                 :                 1         1
	   Disk (KB)            :       10       10  65563848
	   Memory (MB)          :       22        1      2297
...
