000 (11478468.000.000) 12/04 10:41:52 Job submitted from host: <130.199.153.66:9618?addrs=130.199.153.66-9618&noUDP&sock=8910_0083_4>
...
001 (11478468.000.000) 12/04 10:42:12 Job executing on host: <130.199.150.228:9618?addrs=130.199.150.228-9618&noUDP&sock=22198_7c7b_3>
...
006 (11478468.000.000) 12/04 10:42:21 Image size of job updated: 21564
	22  -  MemoryUsage of job (MB)
	21564  -  ResidentSetSize of job (KB)
...
006 (11478468.000.000) 12/04 10:47:22 Image size of job updated: 189776
	185  -  MemoryUsage of job (MB)
	189292  -  ResidentSetSize of job (KB)
...
006 (11478468.000.000) 12/04 10:47:48 Image size of job updated: 193656
	185  -  MemoryUsage of job (MB)
	189292  -  ResidentSetSize of job (KB)
...
005 (11478468.000.000) 12/04 10:47:48 Job terminated.
	(1) Normal termination (return value 0)
		Usr 0 00:03:55, Sys 0 00:00:13  -  Run Remote Usage
		Usr 0 00:00:00, Sys 0 00:00:00  -  Run Local Usage
		Usr 0 00:03:55, Sys 0 00:00:13  -  Total Remote Usage
		Usr 0 00:00:00, Sys 0 00:00:00  -  Total Local Usage
	0  -  Run Bytes Sent By Job
	0  -  Run Bytes Received By Job
	0  -  Total Bytes Sent By Job
	0  -  Total Bytes Received By Job
	Partitionable Resources :    Usage  Request Allocated
	   Cpus                 :                 1         1
	   Disk (KB)            :       10       10  59425989
	   Memory (MB)          :      185        1      2007
...
