000 (11478441.000.000) 12/04 10:41:41 Job submitted from host: <130.199.153.66:9618?addrs=130.199.153.66-9618&noUDP&sock=8910_0083_4>
...
001 (11478441.000.000) 12/04 10:42:07 Job executing on host: <130.199.150.228:9618?addrs=130.199.150.228-9618&noUDP&sock=22198_7c7b_3>
...
006 (11478441.000.000) 12/04 10:42:15 Image size of job updated: 22640
	20  -  MemoryUsage of job (MB)
	20336  -  ResidentSetSize of job (KB)
...
005 (11478441.000.000) 12/04 10:46:30 Job terminated.
	(1) Normal termination (return value 0)
		Usr 0 00:02:56, Sys 0 00:00:11  -  Run Remote Usage
		Usr 0 00:00:00, Sys 0 00:00:00  -  Run Local Usage
		Usr 0 00:02:56, Sys 0 00:00:11  -  Total Remote Usage
		Usr 0 00:00:00, Sys 0 00:00:00  -  Total Local Usage
	0  -  Run Bytes Sent By Job
	0  -  Run Bytes Received By Job
	0  -  Total Bytes Sent By Job
	0  -  Total Bytes Received By Job
	Partitionable Resources :    Usage  Request Allocated
	   Cpus                 :                 1         1
	   Disk (KB)            :       10       10  59425989
	   Memory (MB)          :       20        1      2007
...
