000 (11478424.000.000) 12/04 10:41:34 Job submitted from host: <130.199.153.66:9618?addrs=130.199.153.66-9618&noUDP&sock=8910_0083_4>
...
001 (11478424.000.000) 12/04 10:42:22 Job executing on host: <130.199.150.245:9618?addrs=130.199.150.245-9618&noUDP&sock=21987_b519_3>
...
006 (11478424.000.000) 12/04 10:42:30 Image size of job updated: 22712
	21  -  MemoryUsage of job (MB)
	21392  -  ResidentSetSize of job (KB)
...
005 (11478424.000.000) 12/04 10:44:19 Job terminated.
	(1) Normal termination (return value 0)
		Usr 0 00:01:17, Sys 0 00:00:07  -  Run Remote Usage
		Usr 0 00:00:00, Sys 0 00:00:00  -  Run Local Usage
		Usr 0 00:01:17, Sys 0 00:00:07  -  Total Remote Usage
		Usr 0 00:00:00, Sys 0 00:00:00  -  Total Local Usage
	0  -  Run Bytes Sent By Job
	0  -  Run Bytes Received By Job
	0  -  Total Bytes Sent By Job
	0  -  Total Bytes Received By Job
	Partitionable Resources :    Usage  Request Allocated
	   Cpus                 :                 1         1
	   Disk (KB)            :       10       10  59426234
	   Memory (MB)          :       21        1      2007
...
