000 (11478491.000.000) 12/04 10:42:00 Job submitted from host: <130.199.153.66:9618?addrs=130.199.153.66-9618&noUDP&sock=8910_0083_4>
...
001 (11478491.000.000) 12/04 10:42:36 Job executing on host: <130.199.202.96:9618?addrs=130.199.202.96-9618&noUDP&sock=8395_02d1_3>
...
006 (11478491.000.000) 12/04 10:42:45 Image size of job updated: 20692
	21  -  MemoryUsage of job (MB)
	20692  -  ResidentSetSize of job (KB)
...
006 (11478491.000.000) 12/04 10:43:49 Image size of job updated: 165388
	21  -  MemoryUsage of job (MB)
	20692  -  ResidentSetSize of job (KB)
...
005 (11478491.000.000) 12/04 10:43:49 Job terminated.
	(1) Normal termination (return value 0)
		Usr 0 00:00:57, Sys 0 00:00:04  -  Run Remote Usage
		Usr 0 00:00:00, Sys 0 00:00:00  -  Run Local Usage
		Usr 0 00:00:57, Sys 0 00:00:04  -  Total Remote Usage
		Usr 0 00:00:00, Sys 0 00:00:00  -  Total Local Usage
	0  -  Run Bytes Sent By Job
	0  -  Run Bytes Received By Job
	0  -  Total Bytes Sent By Job
	0  -  Total Bytes Received By Job
	Partitionable Resources :    Usage  Request Allocated
	   Cpus                 :                 1         1
	   Disk (KB)            :       10       10  65563444
	   Memory (MB)          :       21        1      2297
...
