000 (11478471.000.000) 12/04 10:41:52 Job submitted from host: <130.199.153.66:9618?addrs=130.199.153.66-9618&noUDP&sock=8910_0083_4>
...
001 (11478471.000.000) 12/04 10:42:16 Job executing on host: <130.199.202.40:9618?addrs=130.199.202.40-9618&noUDP&sock=49005_9037_3>
...
006 (11478471.000.000) 12/04 10:42:25 Image size of job updated: 23840
	21  -  MemoryUsage of job (MB)
	21476  -  ResidentSetSize of job (KB)
...
006 (11478471.000.000) 12/04 10:46:35 Image size of job updated: 198172
	21  -  MemoryUsage of job (MB)
	21476  -  ResidentSetSize of job (KB)
...
005 (11478471.000.000) 12/04 10:46:35 Job terminated.
	(1) Normal termination (return value 0)
		Usr 0 00:03:29, Sys 0 00:00:10  -  Run Remote Usage
		Usr 0 00:00:00, Sys 0 00:00:00  -  Run Local Usage
		Usr 0 00:03:29, Sys 0 00:00:10  -  Total Remote Usage
		Usr 0 00:00:00, Sys 0 00:00:00  -  Total Local Usage
	0  -  Run Bytes Sent By Job
	0  -  Run Bytes Received By Job
	0  -  Total Bytes Sent By Job
	0  -  Total Bytes Received By Job
	Partitionable Resources :    Usage  Request Allocated
	   Cpus                 :                 1         1
	   Disk (KB)            :       10       10  65479168
	   Memory (MB)          :       21        1      2008
...
