000 (11478501.000.000) 12/04 10:42:04 Job submitted from host: <130.199.153.66:9618?addrs=130.199.153.66-9618&noUDP&sock=8910_0083_4>
...
001 (11478501.000.000) 12/04 10:42:42 Job executing on host: <130.199.202.92:9618?addrs=130.199.202.92-9618&noUDP&sock=86375_b253_3>
...
006 (11478501.000.000) 12/04 10:42:51 Image size of job updated: 20324
	20  -  MemoryUsage of job (MB)
	20324  -  ResidentSetSize of job (KB)
...
005 (11478501.000.000) 12/04 10:44:07 Job terminated.
	(1) Normal termination (return value 0)
		Usr 0 00:01:07, Sys 0 00:00:05  -  Run Remote Usage
		Usr 0 00:00:00, Sys 0 00:00:00  -  Run Local Usage
		Usr 0 00:01:07, Sys 0 00:00:05  -  Total Remote Usage
		Usr 0 00:00:00, Sys 0 00:00:00  -  Total Local Usage
	0  -  Run Bytes Sent By Job
	0  -  Run Bytes Received By Job
	0  -  Total Bytes Sent By Job
	0  -  Total Bytes Received By Job
	Partitionable Resources :    Usage  Request Allocated
	   Cpus                 :                 1         1
	   Disk (KB)            :       10       10  65563844
	   Memory (MB)          :       20        1      2297
...
