000 (11478463.000.000) 12/04 10:41:48 Job submitted from host: <130.199.153.66:9618?addrs=130.199.153.66-9618&noUDP&sock=8910_0083_4>
...
001 (11478463.000.000) 12/04 10:42:27 Job executing on host: <130.199.202.98:9618?addrs=130.199.202.98-9618&noUDP&sock=178572_e217_3>
...
006 (11478463.000.000) 12/04 10:42:35 Image size of job updated: 21436
	21  -  MemoryUsage of job (MB)
	21436  -  ResidentSetSize of job (KB)
...
006 (11478463.000.000) 12/04 10:45:27 Image size of job updated: 188000
	21  -  MemoryUsage of job (MB)
	21436  -  ResidentSetSize of job (KB)
...
005 (11478463.000.000) 12/04 10:45:27 Job terminated.
	(1) Normal termination (return value 0)
		Usr 0 00:02:24, Sys 0 00:00:08  -  Run Remote Usage
		Usr 0 00:00:00, Sys 0 00:00:00  -  Run Local Usage
		Usr 0 00:02:24, Sys 0 00:00:08  -  Total Remote Usage
		Usr 0 00:00:00, Sys 0 00:00:00  -  Total Local Usage
	0  -  Run Bytes Sent By Job
	0  -  Run Bytes Received By Job
	0  -  Total Bytes Sent By Job
	0  -  Total Bytes Received By Job
	Partitionable Resources :    Usage  Request Allocated
	   Cpus                 :                 1         1
	   Disk (KB)            :       10       10  65563928
	   Memory (MB)          :       21        1      2297
...
