000 (11478469.000.000) 12/04 10:41:52 Job submitted from host: <130.199.153.66:9618?addrs=130.199.153.66-9618&noUDP&sock=8910_0083_4>
...
001 (11478469.000.000) 12/04 10:42:16 Job executing on host: <130.199.150.217:9618?addrs=130.199.150.217-9618&noUDP&sock=22499_bfbb_3>
...
006 (11478469.000.000) 12/04 10:42:25 Image size of job updated: 22584
	20  -  MemoryUsage of job (MB)
	20280  -  ResidentSetSize of job (KB)
...
006 (11478469.000.000) 12/04 10:46:43 Image size of job updated: 195592
	20  -  MemoryUsage of job (MB)
	20280  -  ResidentSetSize of job (KB)
...
005 (11478469.000.000) 12/04 10:46:43 Job terminated.
	(1) Normal termination (return value 0)
		Usr 0 00:03:05, Sys 0 00:00:09  -  Run Remote Usage
		Usr 0 00:00:00, Sys 0 00:00:00  -  Run Local Usage
		Usr 0 00:03:05, Sys 0 00:00:09  -  Total Remote Usage
		Usr 0 00:00:00, Sys 0 00:00:00  -  Total Local Usage
	0  -  Run Bytes Sent By Job
	0  -  Run Bytes Received By Job
	0  -  Total Bytes Sent By Job
	0  -  Total Bytes Received By Job
	Partitionable Resources :    Usage  Request Allocated
	   Cpus                 :                 1         1
	   Disk (KB)            :       10       10  59426043
	   Memory (MB)          :       20        1      2007
...
