000 (11478432.000.000) 12/04 10:41:34 Job submitted from host: <130.199.153.66:9618?addrs=130.199.153.66-9618&noUDP&sock=8910_0083_4>
...
001 (11478432.000.000) 12/04 10:42:05 Job executing on host: <130.199.150.220:9618?addrs=130.199.150.220-9618&noUDP&sock=22266_01e4_3>
...
006 (11478432.000.000) 12/04 10:42:14 Image size of job updated: 21608
	22  -  MemoryUsage of job (MB)
	21608  -  ResidentSetSize of job (KB)
...
006 (11478432.000.000) 12/04 10:43:54 Image size of job updated: 166908
	22  -  MemoryUsage of job (MB)
	21608  -  ResidentSetSize of job (KB)
...
005 (11478432.000.000) 12/04 10:43:54 Job terminated.
	(1) Normal termination (return value 0)
		Usr 0 00:01:18, Sys 0 00:00:07  -  Run Remote Usage
		Usr 0 00:00:00, Sys 0 00:00:00  -  Run Local Usage
		Usr 0 00:01:18, Sys 0 00:00:07  -  Total Remote Usage
		Usr 0 00:00:00, Sys 0 00:00:00  -  Total Local Usage
	0  -  Run Bytes Sent By Job
	0  -  Run Bytes Received By Job
	0  -  Total Bytes Sent By Job
	0  -  Total Bytes Received By Job
	Partitionable Resources :    Usage  Request Allocated
	   Cpus                 :                 1         1
	   Disk (KB)            :       10       10  59427093
	   Memory (MB)          :       22        1      2007
...
