000 (11478393.000.000) 12/04 10:41:17 Job submitted from host: <130.199.153.66:9618?addrs=130.199.153.66-9618&noUDP&sock=8910_0083_4>
...
001 (11478393.000.000) 12/04 10:41:59 Job executing on host: <130.199.202.94:9618?addrs=130.199.202.94-9618&noUDP&sock=12202_e0e2_3>
...
006 (11478393.000.000) 12/04 10:42:08 Image size of job updated: 22152
	20  -  MemoryUsage of job (MB)
	19844  -  ResidentSetSize of job (KB)
...
005 (11478393.000.000) 12/04 10:42:33 Job terminated.
	(1) Normal termination (return value 0)
		Usr 0 00:00:24, Sys 0 00:00:03  -  Run Remote Usage
		Usr 0 00:00:00, Sys 0 00:00:00  -  Run Local Usage
		Usr 0 00:00:24, Sys 0 00:00:03  -  Total Remote Usage
		Usr 0 00:00:00, Sys 0 00:00:00  -  Total Local Usage
	0  -  Run Bytes Sent By Job
	0  -  Run Bytes Received By Job
	0  -  Total Bytes Sent By Job
	0  -  Total Bytes Received By Job
	Partitionable Resources :    Usage  Request Allocated
	   Cpus                 :                 1         1
	   Disk (KB)            :       10       10  65563834
	   Memory (MB)          :       20        1      2297
...
