000 (11478460.000.000) 12/04 10:41:48 Job submitted from host: <130.199.153.66:9618?addrs=130.199.153.66-9618&noUDP&sock=8910_0083_4>
...
001 (11478460.000.000) 12/04 10:42:10 Job executing on host: <130.199.150.244:9618?addrs=130.199.150.244-9618&noUDP&sock=22538_178b_3>
...
006 (11478460.000.000) 12/04 10:42:19 Image size of job updated: 20268
	20  -  MemoryUsage of job (MB)
	20268  -  ResidentSetSize of job (KB)
...
006 (11478460.000.000) 12/04 10:45:40 Image size of job updated: 408148
	20  -  MemoryUsage of job (MB)
	20268  -  ResidentSetSize of job (KB)
...
005 (11478460.000.000) 12/04 10:45:40 Job terminated.
	(1) Normal termination (return value 0)
		Usr 0 00:02:24, Sys 0 00:00:08  -  Run Remote Usage
		Usr 0 00:00:00, Sys 0 00:00:00  -  Run Local Usage
		Usr 0 00:02:24, Sys 0 00:00:08  -  Total Remote Usage
		Usr 0 00:00:00, Sys 0 00:00:00  -  Total Local Usage
	0  -  Run Bytes Sent By Job
	0  -  Run Bytes Received By Job
	0  -  Total Bytes Sent By Job
	0  -  Total Bytes Received By Job
	Partitionable Resources :    Usage  Request Allocated
	   Cpus                 :                 1         1
	   Disk (KB)            :       10       10  59426115
	   Memory (MB)          :       20        1      2007
...
