000 (11478414.000.000) 12/04 10:41:30 Job submitted from host: <130.199.153.66:9618?addrs=130.199.153.66-9618&noUDP&sock=8910_0083_4>
...
001 (11478414.000.000) 12/04 10:42:01 Job executing on host: <130.199.150.213:9618?addrs=130.199.150.213-9618&noUDP&sock=22669_8d43_3>
...
006 (11478414.000.000) 12/04 10:42:10 Image size of job updated: 23696
	21  -  MemoryUsage of job (MB)
	21380  -  ResidentSetSize of job (KB)
...
005 (11478414.000.000) 12/04 10:43:25 Job terminated.
	(1) Normal termination (return value 0)
		Usr 0 00:01:04, Sys 0 00:00:05  -  Run Remote Usage
		Usr 0 00:00:00, Sys 0 00:00:00  -  Run Local Usage
		Usr 0 00:01:04, Sys 0 00:00:05  -  Total Remote Usage
		Usr 0 00:00:00, Sys 0 00:00:00  -  Total Local Usage
	0  -  Run Bytes Sent By Job
	0  -  Run Bytes Received By Job
	0  -  Total Bytes Sent By Job
	0  -  Total Bytes Received By Job
	Partitionable Resources :    Usage  Request Allocated
	   Cpus                 :                 1         1
	   Disk (KB)            :       10       10  59426098
	   Memory (MB)          :       21        1      2007
...
