000 (11478396.000.000) 12/04 10:41:22 Job submitted from host: <130.199.153.66:9618?addrs=130.199.153.66-9618&noUDP&sock=8910_0083_4>
...
001 (11478396.000.000) 12/04 10:41:57 Job executing on host: <130.199.202.85:9618?addrs=130.199.202.85-9618&noUDP&sock=154183_1293_3>
...
006 (11478396.000.000) 12/04 10:42:16 Image size of job updated: 98332
	97  -  MemoryUsage of job (MB)
	98332  -  ResidentSetSize of job (KB)
...
006 (11478396.000.000) 12/04 10:42:36 Image size of job updated: 119760
	97  -  MemoryUsage of job (MB)
	98332  -  ResidentSetSize of job (KB)
...
005 (11478396.000.000) 12/04 10:42:37 Job terminated.
	(1) Normal termination (return value 0)
		Usr 0 00:00:28, Sys 0 00:00:03  -  Run Remote Usage
		Usr 0 00:00:00, Sys 0 00:00:00  -  Run Local Usage
		Usr 0 00:00:28, Sys 0 00:00:03  -  Total Remote Usage
		Usr 0 00:00:00, Sys 0 00:00:00  -  Total Local Usage
	0  -  Run Bytes Sent By Job
	0  -  Run Bytes Received By Job
	0  -  Total Bytes Sent By Job
	0  -  Total Bytes Received By Job
	Partitionable Resources :    Usage  Request Allocated
	   Cpus                 :                 1         1
	   Disk (KB)            :       10       10  65563889
	   Memory (MB)          :       97        1      2297
...
