000 (11478448.000.000) 12/04 10:41:44 Job submitted from host: <130.199.153.66:9618?addrs=130.199.153.66-9618&noUDP&sock=8910_0083_4>
...
001 (11478448.000.000) 12/04 10:42:08 Job executing on host: <130.199.202.93:9618?addrs=130.199.202.93-9618&noUDP&sock=8288_2598_3>
...
006 (11478448.000.000) 12/04 10:42:17 Image size of job updated: 20364
	20  -  MemoryUsage of job (MB)
	20364  -  ResidentSetSize of job (KB)
...
006 (11478448.000.000) 12/04 10:45:10 Image size of job updated: 192616
	20  -  MemoryUsage of job (MB)
	20364  -  ResidentSetSize of job (KB)
...
005 (11478448.000.000) 12/04 10:45:10 Job terminated.
	(1) Normal termination (return value 0)
		Usr 0 00:02:11, Sys 0 00:00:07  -  Run Remote Usage
		Usr 0 00:00:00, Sys 0 00:00:00  -  Run Local Usage
		Usr 0 00:02:11, Sys 0 00:00:07  -  Total Remote Usage
		Usr 0 00:00:00, Sys 0 00:00:00  -  Total Local Usage
	0  -  Run Bytes Sent By Job
	0  -  Run Bytes Received By Job
	0  -  Total Bytes Sent By Job
	0  -  Total Bytes Received By Job
	Partitionable Resources :    Usage  Request Allocated
	   Cpus                 :                 1         1
	   Disk (KB)            :       10       10  65563578
	   Memory (MB)          :       20        1      2297
...
