000 (11478452.000.000) 12/04 10:41:44 Job submitted from host: <130.199.153.66:9618?addrs=130.199.153.66-9618&noUDP&sock=8910_0083_4>
...
001 (11478452.000.000) 12/04 10:42:09 Job executing on host: <130.199.150.202:9618?addrs=130.199.150.202-9618&noUDP&sock=21963_1c9a_3>
...
006 (11478452.000.000) 12/04 10:42:18 Image size of job updated: 23752
	21  -  MemoryUsage of job (MB)
	21444  -  ResidentSetSize of job (KB)
...
006 (11478452.000.000) 12/04 10:46:16 Image size of job updated: 198648
	21  -  MemoryUsage of job (MB)
	21444  -  ResidentSetSize of job (KB)
...
005 (11478452.000.000) 12/04 10:46:16 Job terminated.
	(1) Normal termination (return value 0)
		Usr 0 00:02:54, Sys 0 00:00:10  -  Run Remote Usage
		Usr 0 00:00:00, Sys 0 00:00:00  -  Run Local Usage
		Usr 0 00:02:54, Sys 0 00:00:10  -  Total Remote Usage
		Usr 0 00:00:00, Sys 0 00:00:00  -  Total Local Usage
	0  -  Run Bytes Sent By Job
	0  -  Run Bytes Received By Job
	0  -  Total Bytes Sent By Job
	0  -  Total Bytes Received By Job
	Partitionable Resources :    Usage  Request Allocated
	   Cpus                 :                 1         1
	   Disk (KB)            :       10       10  59426063
	   Memory (MB)          :       21        1      2007
...
