000 (11478416.000.000) 12/04 10:41:30 Job submitted from host: <130.199.153.66:9618?addrs=130.199.153.66-9618&noUDP&sock=8910_0083_4>
...
001 (11478416.000.000) 12/04 10:42:22 Job executing on host: <130.199.202.91:9618?addrs=130.199.202.91-9618&noUDP&sock=128364_af5c_3>
...
006 (11478416.000.000) 12/04 10:42:30 Image size of job updated: 20360
	20  -  MemoryUsage of job (MB)
	20360  -  ResidentSetSize of job (KB)
...
006 (11478416.000.000) 12/04 10:43:30 Image size of job updated: 22052
	20  -  MemoryUsage of job (MB)
	20360  -  ResidentSetSize of job (KB)
...
005 (11478416.000.000) 12/04 10:43:30 Job terminated.
	(1) Normal termination (return value 0)
		Usr 0 00:00:52, Sys 0 00:00:06  -  Run Remote Usage
		Usr 0 00:00:00, Sys 0 00:00:00  -  Run Local Usage
		Usr 0 00:00:52, Sys 0 00:00:06  -  Total Remote Usage
		Usr 0 00:00:00, Sys 0 00:00:00  -  Total Local Usage
	0  -  Run Bytes Sent By Job
	0  -  Run Bytes Received By Job
	0  -  Total Bytes Sent By Job
	0  -  Total Bytes Received By Job
	Partitionable Resources :    Usage  Request Allocated
	   Cpus                 :                 1         1
	   Disk (KB)            :       10       10  65563823
	   Memory (MB)          :       20        1      2297
...
