000 (11478475.000.000) 12/04 10:41:56 Job submitted from host: <130.199.153.66:9618?addrs=130.199.153.66-9618&noUDP&sock=8910_0083_4>
...
001 (11478475.000.000) 12/04 10:42:27 Job executing on host: <130.199.202.90:9618?addrs=130.199.202.90-9618&noUDP&sock=96748_9ec0_3>
...
006 (11478475.000.000) 12/04 10:42:35 Image size of job updated: 19532
	20  -  MemoryUsage of job (MB)
	19532  -  ResidentSetSize of job (KB)
...
006 (11478475.000.000) 12/04 10:44:33 Image size of job updated: 171708
	20  -  MemoryUsage of job (MB)
	19532  -  ResidentSetSize of job (KB)
...
005 (11478475.000.000) 12/04 10:44:33 Job terminated.
	(1) Normal termination (return value 0)
		Usr 0 00:01:35, Sys 0 00:00:06  -  Run Remote Usage
		Usr 0 00:00:00, Sys 0 00:00:00  -  Run Local Usage
		Usr 0 00:01:35, Sys 0 00:00:06  -  Total Remote Usage
		Usr 0 00:00:00, Sys 0 00:00:00  -  Total Local Usage
	0  -  Run Bytes Sent By Job
	0  -  Run Bytes Received By Job
	0  -  Total Bytes Sent By Job
	0  -  Total Bytes Received By Job
	Partitionable Resources :    Usage  Request Allocated
	   Cpus                 :                 1         1
	   Disk (KB)            :       10       10  65563822
	   Memory (MB)          :       20        1      2297
...
