000 (11478459.000.000) 12/04 10:41:48 Job submitted from host: <130.199.153.66:9618?addrs=130.199.153.66-9618&noUDP&sock=8910_0083_4>
...
001 (11478459.000.000) 12/04 10:42:16 Job executing on host: <130.199.150.230:9618?addrs=130.199.150.230-9618&noUDP&sock=21949_ae4f_3>
...
006 (11478459.000.000) 12/04 10:42:25 Image size of job updated: 22652
	22  -  MemoryUsage of job (MB)
	21556  -  ResidentSetSize of job (KB)
...
005 (11478459.000.000) 12/04 10:45:39 Job terminated.
	(1) Normal termination (return value 0)
		Usr 0 00:02:22, Sys 0 00:00:09  -  Run Remote Usage
		Usr 0 00:00:00, Sys 0 00:00:00  -  Run Local Usage
		Usr 0 00:02:22, Sys 0 00:00:09  -  Total Remote Usage
		Usr 0 00:00:00, Sys 0 00:00:00  -  Total Local Usage
	0  -  Run Bytes Sent By Job
	0  -  Run Bytes Received By Job
	0  -  Total Bytes Sent By Job
	0  -  Total Bytes Received By Job
	Partitionable Resources :    Usage  Request Allocated
	   Cpus                 :                 1         1
	   Disk (KB)            :       10       10  59426071
	   Memory (MB)          :       22        1      2007
...
