000 (11478444.000.000) 12/04 10:41:44 Job submitted from host: <130.199.153.66:9618?addrs=130.199.153.66-9618&noUDP&sock=8910_0083_4>
...
001 (11478444.000.000) 12/04 10:42:07 Job executing on host: <130.199.202.55:9618?addrs=130.199.202.55-9618&noUDP&sock=19458_4f93_3>
...
006 (11478444.000.000) 12/04 10:42:16 Image size of job updated: 23864
	22  -  MemoryUsage of job (MB)
	21548  -  ResidentSetSize of job (KB)
...
006 (11478444.000.000) 12/04 10:45:18 Image size of job updated: 195580
	22  -  MemoryUsage of job (MB)
	21548  -  ResidentSetSize of job (KB)
...
005 (11478444.000.000) 12/04 10:45:18 Job terminated.
	(1) Normal termination (return value 0)
		Usr 0 00:02:33, Sys 0 00:00:07  -  Run Remote Usage
		Usr 0 00:00:00, Sys 0 00:00:00  -  Run Local Usage
		Usr 0 00:02:33, Sys 0 00:00:07  -  Total Remote Usage
		Usr 0 00:00:00, Sys 0 00:00:00  -  Total Local Usage
	0  -  Run Bytes Sent By Job
	0  -  Run Bytes Received By Job
	0  -  Total Bytes Sent By Job
	0  -  Total Bytes Received By Job
	Partitionable Resources :    Usage  Request Allocated
	   Cpus                 :                 1         1
	   Disk (KB)            :       10       10  65479078
	   Memory (MB)          :       22        1      2008
...
