000 (11478390.000.000) 12/04 10:41:17 Job submitted from host: <130.199.153.66:9618?addrs=130.199.153.66-9618&noUDP&sock=8910_0083_4>
...
001 (11478390.000.000) 12/04 10:42:02 Job executing on host: <130.199.202.96:9618?addrs=130.199.202.96-9618&noUDP&sock=8395_02d1_3>
...
006 (11478390.000.000) 12/04 10:42:11 Image size of job updated: 25152
	23  -  MemoryUsage of job (MB)
	22844  -  ResidentSetSize of job (KB)
...
006 (11478390.000.000) 12/04 10:42:36 Image size of job updated: 116588
	23  -  MemoryUsage of job (MB)
	22844  -  ResidentSetSize of job (KB)
...
005 (11478390.000.000) 12/04 10:42:36 Job terminated.
	(1) Normal termination (return value 0)
		Usr 0 00:00:24, Sys 0 00:00:03  -  Run Remote Usage
		Usr 0 00:00:00, Sys 0 00:00:00  -  Run Local Usage
		Usr 0 00:00:24, Sys 0 00:00:03  -  Total Remote Usage
		Usr 0 00:00:00, Sys 0 00:00:00  -  Total Local Usage
	0  -  Run Bytes Sent By Job
	0  -  Run Bytes Received By Job
	0  -  Total Bytes Sent By Job
	0  -  Total Bytes Received By Job
	Partitionable Resources :    Usage  Request Allocated
	   Cpus                 :                 1         1
	   Disk (KB)            :       10       10  65563444
	   Memory (MB)          :       23        1      2297
...
