000 (11478495.000.000) 12/04 10:42:04 Job submitted from host: <130.199.153.66:9618?addrs=130.199.153.66-9618&noUDP&sock=8910_0083_4>
...
001 (11478495.000.000) 12/04 10:42:37 Job executing on host: <130.199.202.93:9618?addrs=130.199.202.93-9618&noUDP&sock=8288_2598_3>
...
006 (11478495.000.000) 12/04 10:42:45 Image size of job updated: 20312
	20  -  MemoryUsage of job (MB)
	20312  -  ResidentSetSize of job (KB)
...
006 (11478495.000.000) 12/04 10:44:05 Image size of job updated: 164720
	20  -  MemoryUsage of job (MB)
	20312  -  ResidentSetSize of job (KB)
...
005 (11478495.000.000) 12/04 10:44:05 Job terminated.
	(1) Normal termination (return value 0)
		Usr 0 00:01:11, Sys 0 00:00:04  -  Run Remote Usage
		Usr 0 00:00:00, Sys 0 00:00:00  -  Run Local Usage
		Usr 0 00:01:11, Sys 0 00:00:04  -  Total Remote Usage
		Usr 0 00:00:00, Sys 0 00:00:00  -  Total Local Usage
	0  -  Run Bytes Sent By Job
	0  -  Run Bytes Received By Job
	0  -  Total Bytes Sent By Job
	0  -  Total Bytes Received By Job
	Partitionable Resources :    Usage  Request Allocated
	   Cpus                 :                 1         1
	   Disk (KB)            :       10       10  65563578
	   Memory (MB)          :       20        1      2297
...
