runnumber=13077069
STAR Template Scheduler 0.1 (/afs/rhic.bnl.gov/star/packages/scripts/star-submit)

STAR Unified Meta Scheduler 1.10.28
Your Log file can be found at: /afs/rhic.bnl.gov/star/doc/www/html/tmp/pub/scheduler/zchang.log
Reading request description file : schedTemplateExp.xml
Analyzing XML...XML OK
Resolving File system wildcards
[2018.12.04 10:50:54 EST] Dataset size is 3 files
Removing files not on site BNL
[2018.12.04 10:50:54 EST] Dataset size is 3 files
-------Processing recovered dataset for paths-------
Removing HPSS files as not accessible in syntax=paths
[2018.12.04 10:50:54 EST] Dataset size is 3 files
Skipping (Removing RCRS node files) no such files
Dropping files with duplicate LFN (files that are the same)
[2018.12.04 10:50:54 EST] Started with 3 files, current size is 3files, 0 duplicate files dropped.
Skipping (Sorting by node) all NFS files
Skipping (Splitting by node) all NFS files
Splitting dataset entries by size (minSize=1 ,maxSize=1 )
[2018.12.04 10:50:54 EST] Dataset size is 3 files
----------------------------------------------------
validating dataset ....passed
Writting files for process 6595FF44114A0BE024731222D2262B31_2..done.
Writting files for process 6595FF44114A0BE024731222D2262B31_1..done.
Writting files for process 6595FF44114A0BE024731222D2262B31_0..done.
Dispatching process 6595FF44114A0BE024731222D2262B31_0_2.. done.
Wrote scheduling report to : /star/u/zchang/jetAnalysis/jets/working_2/scripts/sched6595FF44114A0BE024731222D2262B31.report
Reporting statistics... done.
Scheduling successful
runnumber=13078035
STAR Template Scheduler 0.1 (/afs/rhic.bnl.gov/star/packages/scripts/star-submit)

STAR Unified Meta Scheduler 1.10.28
Your Log file can be found at: /afs/rhic.bnl.gov/star/doc/www/html/tmp/pub/scheduler/zchang.log
Reading request description file : schedTemplateExp.xml
Analyzing XML...XML OK
Resolving File system wildcards
[2018.12.04 10:51:01 EST] Dataset size is 3 files
Removing files not on site BNL
[2018.12.04 10:51:01 EST] Dataset size is 3 files
-------Processing recovered dataset for paths-------
Removing HPSS files as not accessible in syntax=paths
[2018.12.04 10:51:01 EST] Dataset size is 3 files
Skipping (Removing RCRS node files) no such files
Dropping files with duplicate LFN (files that are the same)
[2018.12.04 10:51:01 EST] Started with 3 files, current size is 3files, 0 duplicate files dropped.
Skipping (Sorting by node) all NFS files
Skipping (Splitting by node) all NFS files
Splitting dataset entries by size (minSize=1 ,maxSize=1 )
[2018.12.04 10:51:01 EST] Dataset size is 3 files
----------------------------------------------------
validating dataset ....passed
Writting files for process 72D2FB585580E14E79B67D219C11FDE0_2..done.
Writting files for process 72D2FB585580E14E79B67D219C11FDE0_1..done.
Writting files for process 72D2FB585580E14E79B67D219C11FDE0_0..done.
Dispatching process 72D2FB585580E14E79B67D219C11FDE0_0_2. done.
Wrote scheduling report to : /star/u/zchang/jetAnalysis/jets/working_2/scripts/sched72D2FB585580E14E79B67D219C11FDE0.report
Reporting statistics... done.
Scheduling successful
runnumber=13078055
STAR Template Scheduler 0.1 (/afs/rhic.bnl.gov/star/packages/scripts/star-submit)

STAR Unified Meta Scheduler 1.10.28
Your Log file can be found at: /afs/rhic.bnl.gov/star/doc/www/html/tmp/pub/scheduler/zchang.log
Reading request description file : schedTemplateExp.xml
Analyzing XML...XML OK
Resolving File system wildcards
[2018.12.04 10:51:06 EST] Dataset size is 3 files
Removing files not on site BNL
[2018.12.04 10:51:06 EST] Dataset size is 3 files
-------Processing recovered dataset for paths-------
Removing HPSS files as not accessible in syntax=paths
[2018.12.04 10:51:06 EST] Dataset size is 3 files
Skipping (Removing RCRS node files) no such files
Dropping files with duplicate LFN (files that are the same)
[2018.12.04 10:51:06 EST] Started with 3 files, current size is 3files, 0 duplicate files dropped.
Skipping (Sorting by node) all NFS files
Skipping (Splitting by node) all NFS files
Splitting dataset entries by size (minSize=1 ,maxSize=1 )
[2018.12.04 10:51:06 EST] Dataset size is 3 files
----------------------------------------------------
validating dataset ....passed
Writting files for process 72C9A44C4E5AD31771BDC00F422EC827_2..done.
Writting files for process 72C9A44C4E5AD31771BDC00F422EC827_1..done.
Writting files for process 72C9A44C4E5AD31771BDC00F422EC827_0..done.
Dispatching process 72C9A44C4E5AD31771BDC00F422EC827_0_2. done.
Wrote scheduling report to : /star/u/zchang/jetAnalysis/jets/working_2/scripts/sched72C9A44C4E5AD31771BDC00F422EC827.report
Reporting statistics... done.
Scheduling successful
runnumber=13079077
STAR Template Scheduler 0.1 (/afs/rhic.bnl.gov/star/packages/scripts/star-submit)

STAR Unified Meta Scheduler 1.10.28
Your Log file can be found at: /afs/rhic.bnl.gov/star/doc/www/html/tmp/pub/scheduler/zchang.log
Reading request description file : schedTemplateExp.xml
Analyzing XML...XML OK
Resolving File system wildcards
[2018.12.04 10:51:12 EST] Dataset size is 3 files
Removing files not on site BNL
[2018.12.04 10:51:12 EST] Dataset size is 3 files
-------Processing recovered dataset for paths-------
Removing HPSS files as not accessible in syntax=paths
[2018.12.04 10:51:12 EST] Dataset size is 3 files
Skipping (Removing RCRS node files) no such files
Dropping files with duplicate LFN (files that are the same)
[2018.12.04 10:51:12 EST] Started with 3 files, current size is 3files, 0 duplicate files dropped.
Skipping (Sorting by node) all NFS files
Skipping (Splitting by node) all NFS files
Splitting dataset entries by size (minSize=1 ,maxSize=1 )
[2018.12.04 10:51:12 EST] Dataset size is 3 files
----------------------------------------------------
validating dataset ....passed
Writting files for process 268AE85A76B10E4396748E908FC7D532_2..done.
Writting files for process 268AE85A76B10E4396748E908FC7D532_1..done.
Writting files for process 268AE85A76B10E4396748E908FC7D532_0..done.
Dispatching process 268AE85A76B10E4396748E908FC7D532_0_2. done.
Wrote scheduling report to : /star/u/zchang/jetAnalysis/jets/working_2/scripts/sched268AE85A76B10E4396748E908FC7D532.report
Reporting statistics... done.
Scheduling successful
runnumber=13080015
STAR Template Scheduler 0.1 (/afs/rhic.bnl.gov/star/packages/scripts/star-submit)

STAR Unified Meta Scheduler 1.10.28
Your Log file can be found at: /afs/rhic.bnl.gov/star/doc/www/html/tmp/pub/scheduler/zchang.log
Reading request description file : schedTemplateExp.xml
Analyzing XML...XML OK
Resolving File system wildcards
[2018.12.04 10:51:17 EST] Dataset size is 3 files
Removing files not on site BNL
[2018.12.04 10:51:17 EST] Dataset size is 3 files
-------Processing recovered dataset for paths-------
Removing HPSS files as not accessible in syntax=paths
[2018.12.04 10:51:17 EST] Dataset size is 3 files
Skipping (Removing RCRS node files) no such files
Dropping files with duplicate LFN (files that are the same)
[2018.12.04 10:51:18 EST] Started with 3 files, current size is 3files, 0 duplicate files dropped.
Skipping (Sorting by node) all NFS files
Skipping (Splitting by node) all NFS files
Splitting dataset entries by size (minSize=1 ,maxSize=1 )
[2018.12.04 10:51:18 EST] Dataset size is 3 files
----------------------------------------------------
validating dataset ....passed
Writting files for process 80106D4BD7EEE96884171D9A6B5ADC25_2..done.
Writting files for process 80106D4BD7EEE96884171D9A6B5ADC25_1..done.
Writting files for process 80106D4BD7EEE96884171D9A6B5ADC25_0..done.
Dispatching process 80106D4BD7EEE96884171D9A6B5ADC25_0_2. done.
Wrote scheduling report to : /star/u/zchang/jetAnalysis/jets/working_2/scripts/sched80106D4BD7EEE96884171D9A6B5ADC25.report
Reporting statistics... done.
Scheduling successful
runnumber=13080099
STAR Template Scheduler 0.1 (/afs/rhic.bnl.gov/star/packages/scripts/star-submit)

STAR Unified Meta Scheduler 1.10.28
Your Log file can be found at: /afs/rhic.bnl.gov/star/doc/www/html/tmp/pub/scheduler/zchang.log
Reading request description file : schedTemplateExp.xml
Analyzing XML...XML OK
Resolving File system wildcards
[2018.12.04 10:51:22 EST] Dataset size is 3 files
Removing files not on site BNL
[2018.12.04 10:51:22 EST] Dataset size is 3 files
-------Processing recovered dataset for paths-------
Removing HPSS files as not accessible in syntax=paths
[2018.12.04 10:51:22 EST] Dataset size is 3 files
Skipping (Removing RCRS node files) no such files
Dropping files with duplicate LFN (files that are the same)
[2018.12.04 10:51:22 EST] Started with 3 files, current size is 3files, 0 duplicate files dropped.
Skipping (Sorting by node) all NFS files
Skipping (Splitting by node) all NFS files
Splitting dataset entries by size (minSize=1 ,maxSize=1 )
[2018.12.04 10:51:22 EST] Dataset size is 3 files
----------------------------------------------------
validating dataset ....passed
Writting files for process CE9C1477BCCA7EA902041C7A5BEF449A_2..done.
Writting files for process CE9C1477BCCA7EA902041C7A5BEF449A_1..done.
Writting files for process CE9C1477BCCA7EA902041C7A5BEF449A_0..done.
Dispatching process CE9C1477BCCA7EA902041C7A5BEF449A_0_2.............................. done.
Wrote scheduling report to : /star/u/zchang/jetAnalysis/jets/working_2/scripts/schedCE9C1477BCCA7EA902041C7A5BEF449A.report
Reporting statistics... done.
Scheduling successful
runnumber=13082007
STAR Template Scheduler 0.1 (/afs/rhic.bnl.gov/star/packages/scripts/star-submit)

STAR Unified Meta Scheduler 1.10.28
Your Log file can be found at: /afs/rhic.bnl.gov/star/doc/www/html/tmp/pub/scheduler/zchang.log
Reading request description file : schedTemplateExp.xml
Analyzing XML...XML OK
Resolving File system wildcards
[2018.12.04 10:52:25 EST] Dataset size is 3 files
Removing files not on site BNL
[2018.12.04 10:52:25 EST] Dataset size is 3 files
-------Processing recovered dataset for paths-------
Removing HPSS files as not accessible in syntax=paths
[2018.12.04 10:52:25 EST] Dataset size is 3 files
Skipping (Removing RCRS node files) no such files
Dropping files with duplicate LFN (files that are the same)
[2018.12.04 10:52:25 EST] Started with 3 files, current size is 3files, 0 duplicate files dropped.
Skipping (Sorting by node) all NFS files
Skipping (Splitting by node) all NFS files
Splitting dataset entries by size (minSize=1 ,maxSize=1 )
[2018.12.04 10:52:25 EST] Dataset size is 3 files
----------------------------------------------------
validating dataset ....passed
Writting files for process 6839869BA7346480E41A7BBDB3BE1E21_2..done.
Writting files for process 6839869BA7346480E41A7BBDB3BE1E21_1..done.
Writting files for process 6839869BA7346480E41A7BBDB3BE1E21_0..done.
Dispatching process 6839869BA7346480E41A7BBDB3BE1E21_0_2. done.
Wrote scheduling report to : /star/u/zchang/jetAnalysis/jets/working_2/scripts/sched6839869BA7346480E41A7BBDB3BE1E21.report
Reporting statistics... done.
Scheduling successful
runnumber=13083076
STAR Template Scheduler 0.1 (/afs/rhic.bnl.gov/star/packages/scripts/star-submit)

STAR Unified Meta Scheduler 1.10.28
Your Log file can be found at: /afs/rhic.bnl.gov/star/doc/www/html/tmp/pub/scheduler/zchang.log
Reading request description file : schedTemplateExp.xml
Analyzing XML...XML OK
Resolving File system wildcards
[2018.12.04 10:52:31 EST] Dataset size is 3 files
Removing files not on site BNL
[2018.12.04 10:52:31 EST] Dataset size is 3 files
-------Processing recovered dataset for paths-------
Removing HPSS files as not accessible in syntax=paths
[2018.12.04 10:52:31 EST] Dataset size is 3 files
Skipping (Removing RCRS node files) no such files
Dropping files with duplicate LFN (files that are the same)
[2018.12.04 10:52:31 EST] Started with 3 files, current size is 3files, 0 duplicate files dropped.
Skipping (Sorting by node) all NFS files
Skipping (Splitting by node) all NFS files
Splitting dataset entries by size (minSize=1 ,maxSize=1 )
[2018.12.04 10:52:31 EST] Dataset size is 3 files
----------------------------------------------------
validating dataset ....passed
Writting files for process EC57358528986F5E1F8AF9EF64357BB2_2..done.
Writting files for process EC57358528986F5E1F8AF9EF64357BB2_1..done.
Writting files for process EC57358528986F5E1F8AF9EF64357BB2_0..done.
Dispatching process EC57358528986F5E1F8AF9EF64357BB2_0_2. done.
Wrote scheduling report to : /star/u/zchang/jetAnalysis/jets/working_2/scripts/schedEC57358528986F5E1F8AF9EF64357BB2.report
Reporting statistics... done.
Scheduling successful
runnumber=13084028
STAR Template Scheduler 0.1 (/afs/rhic.bnl.gov/star/packages/scripts/star-submit)

STAR Unified Meta Scheduler 1.10.28
Your Log file can be found at: /afs/rhic.bnl.gov/star/doc/www/html/tmp/pub/scheduler/zchang.log
Reading request description file : schedTemplateExp.xml
Analyzing XML...XML OK
Resolving File system wildcards
[2018.12.04 10:52:38 EST] Dataset size is 3 files
Removing files not on site BNL
[2018.12.04 10:52:38 EST] Dataset size is 3 files
-------Processing recovered dataset for paths-------
Removing HPSS files as not accessible in syntax=paths
[2018.12.04 10:52:38 EST] Dataset size is 3 files
Skipping (Removing RCRS node files) no such files
Dropping files with duplicate LFN (files that are the same)
[2018.12.04 10:52:38 EST] Started with 3 files, current size is 3files, 0 duplicate files dropped.
Skipping (Sorting by node) all NFS files
Skipping (Splitting by node) all NFS files
Splitting dataset entries by size (minSize=1 ,maxSize=1 )
[2018.12.04 10:52:38 EST] Dataset size is 3 files
----------------------------------------------------
validating dataset ....passed
Writting files for process 14E65DE787771AA888B7D1AA7FC9EF72_2..done.
Writting files for process 14E65DE787771AA888B7D1AA7FC9EF72_1..done.
Writting files for process 14E65DE787771AA888B7D1AA7FC9EF72_0..done.
Dispatching process 14E65DE787771AA888B7D1AA7FC9EF72_0_2. done.
Wrote scheduling report to : /star/u/zchang/jetAnalysis/jets/working_2/scripts/sched14E65DE787771AA888B7D1AA7FC9EF72.report
Reporting statistics... done.
Scheduling successful
runnumber=13085004
STAR Template Scheduler 0.1 (/afs/rhic.bnl.gov/star/packages/scripts/star-submit)

STAR Unified Meta Scheduler 1.10.28
Your Log file can be found at: /afs/rhic.bnl.gov/star/doc/www/html/tmp/pub/scheduler/zchang.log
Reading request description file : schedTemplateExp.xml
Analyzing XML...XML OK
Resolving File system wildcards
[2018.12.04 10:52:43 EST] Dataset size is 3 files
Removing files not on site BNL
[2018.12.04 10:52:43 EST] Dataset size is 3 files
-------Processing recovered dataset for paths-------
Removing HPSS files as not accessible in syntax=paths
[2018.12.04 10:52:43 EST] Dataset size is 3 files
Skipping (Removing RCRS node files) no such files
Dropping files with duplicate LFN (files that are the same)
[2018.12.04 10:52:43 EST] Started with 3 files, current size is 3files, 0 duplicate files dropped.
Skipping (Sorting by node) all NFS files
Skipping (Splitting by node) all NFS files
Splitting dataset entries by size (minSize=1 ,maxSize=1 )
[2018.12.04 10:52:43 EST] Dataset size is 3 files
----------------------------------------------------
validating dataset ....passed
Writting files for process 27B8E067E2683979092922845FB0F295_2..done.
Writting files for process 27B8E067E2683979092922845FB0F295_1..done.
Writting files for process 27B8E067E2683979092922845FB0F295_0..done.
Dispatching process 27B8E067E2683979092922845FB0F295_0_2.. done.
Wrote scheduling report to : /star/u/zchang/jetAnalysis/jets/working_2/scripts/sched27B8E067E2683979092922845FB0F295.report
Reporting statistics... done.
Scheduling successful
runnumber=13085047
STAR Template Scheduler 0.1 (/afs/rhic.bnl.gov/star/packages/scripts/star-submit)

STAR Unified Meta Scheduler 1.10.28
Your Log file can be found at: /afs/rhic.bnl.gov/star/doc/www/html/tmp/pub/scheduler/zchang.log
Reading request description file : schedTemplateExp.xml
Analyzing XML...XML OK
Resolving File system wildcards
[2018.12.04 10:52:50 EST] Dataset size is 3 files
Removing files not on site BNL
[2018.12.04 10:52:50 EST] Dataset size is 3 files
-------Processing recovered dataset for paths-------
Removing HPSS files as not accessible in syntax=paths
[2018.12.04 10:52:50 EST] Dataset size is 3 files
Skipping (Removing RCRS node files) no such files
Dropping files with duplicate LFN (files that are the same)
[2018.12.04 10:52:50 EST] Started with 3 files, current size is 3files, 0 duplicate files dropped.
Skipping (Sorting by node) all NFS files
Skipping (Splitting by node) all NFS files
Splitting dataset entries by size (minSize=1 ,maxSize=1 )
[2018.12.04 10:52:50 EST] Dataset size is 3 files
----------------------------------------------------
validating dataset ....passed
Writting files for process 9CF894B544F7CBA02FCFACE81A40176E_2..done.
Writting files for process 9CF894B544F7CBA02FCFACE81A40176E_1..done.
Writting files for process 9CF894B544F7CBA02FCFACE81A40176E_0..done.
Dispatching process 9CF894B544F7CBA02FCFACE81A40176E_0_2.. done.
Wrote scheduling report to : /star/u/zchang/jetAnalysis/jets/working_2/scripts/sched9CF894B544F7CBA02FCFACE81A40176E.report
Reporting statistics... done.
Scheduling successful
runnumber=13086078
STAR Template Scheduler 0.1 (/afs/rhic.bnl.gov/star/packages/scripts/star-submit)

STAR Unified Meta Scheduler 1.10.28
Your Log file can be found at: /afs/rhic.bnl.gov/star/doc/www/html/tmp/pub/scheduler/zchang.log
Reading request description file : schedTemplateExp.xml
Analyzing XML...XML OK
Resolving File system wildcards
[2018.12.04 10:52:57 EST] Dataset size is 3 files
Removing files not on site BNL
[2018.12.04 10:52:57 EST] Dataset size is 3 files
-------Processing recovered dataset for paths-------
Removing HPSS files as not accessible in syntax=paths
[2018.12.04 10:52:57 EST] Dataset size is 3 files
Skipping (Removing RCRS node files) no such files
Dropping files with duplicate LFN (files that are the same)
[2018.12.04 10:52:57 EST] Started with 3 files, current size is 3files, 0 duplicate files dropped.
Skipping (Sorting by node) all NFS files
Skipping (Splitting by node) all NFS files
Splitting dataset entries by size (minSize=1 ,maxSize=1 )
[2018.12.04 10:52:57 EST] Dataset size is 3 files
----------------------------------------------------
validating dataset ....passed
Writting files for process 5F1B373D57FAA2C27BEC9195791955DD_2..done.
Writting files for process 5F1B373D57FAA2C27BEC9195791955DD_1..done.
Writting files for process 5F1B373D57FAA2C27BEC9195791955DD_0..done.
Dispatching process 5F1B373D57FAA2C27BEC9195791955DD_0_2. done.
Wrote scheduling report to : /star/u/zchang/jetAnalysis/jets/working_2/scripts/sched5F1B373D57FAA2C27BEC9195791955DD.report
Reporting statistics... done.
Scheduling successful
runnumber=13087010
STAR Template Scheduler 0.1 (/afs/rhic.bnl.gov/star/packages/scripts/star-submit)

STAR Unified Meta Scheduler 1.10.28
Your Log file can be found at: /afs/rhic.bnl.gov/star/doc/www/html/tmp/pub/scheduler/zchang.log
Reading request description file : schedTemplateExp.xml
Analyzing XML...XML OK
Resolving File system wildcards
There was an error processing the request XML file.
Scheduling failed!
Couldn't parse request.
Error while resolving wildcard: file:/star/u/zchang/jetAnalysis/jets/lists_jets/13087010.*.list
runnumber=13090043
STAR Template Scheduler 0.1 (/afs/rhic.bnl.gov/star/packages/scripts/star-submit)

STAR Unified Meta Scheduler 1.10.28
Your Log file can be found at: /afs/rhic.bnl.gov/star/doc/www/html/tmp/pub/scheduler/zchang.log
Reading request description file : schedTemplateExp.xml
Analyzing XML...XML OK
Resolving File system wildcards
[2018.12.04 10:53:04 EST] Dataset size is 3 files
Removing files not on site BNL
[2018.12.04 10:53:04 EST] Dataset size is 3 files
-------Processing recovered dataset for paths-------
Removing HPSS files as not accessible in syntax=paths
[2018.12.04 10:53:04 EST] Dataset size is 3 files
Skipping (Removing RCRS node files) no such files
Dropping files with duplicate LFN (files that are the same)
[2018.12.04 10:53:04 EST] Started with 3 files, current size is 3files, 0 duplicate files dropped.
Skipping (Sorting by node) all NFS files
Skipping (Splitting by node) all NFS files
Splitting dataset entries by size (minSize=1 ,maxSize=1 )
[2018.12.04 10:53:04 EST] Dataset size is 3 files
----------------------------------------------------
validating dataset ....passed
Writting files for process BA89F7644CFD372FAC8DCBBCACE5A9A0_2..done.
Writting files for process BA89F7644CFD372FAC8DCBBCACE5A9A0_1..done.
Writting files for process BA89F7644CFD372FAC8DCBBCACE5A9A0_0..done.
Dispatching process BA89F7644CFD372FAC8DCBBCACE5A9A0_0_2. done.
Wrote scheduling report to : /star/u/zchang/jetAnalysis/jets/working_2/scripts/schedBA89F7644CFD372FAC8DCBBCACE5A9A0.report
Reporting statistics... done.
Scheduling successful
runnumber=13091025
STAR Template Scheduler 0.1 (/afs/rhic.bnl.gov/star/packages/scripts/star-submit)

STAR Unified Meta Scheduler 1.10.28
Your Log file can be found at: /afs/rhic.bnl.gov/star/doc/www/html/tmp/pub/scheduler/zchang.log
Reading request description file : schedTemplateExp.xml
Analyzing XML...XML OK
Resolving File system wildcards
[2018.12.04 10:53:10 EST] Dataset size is 3 files
Removing files not on site BNL
[2018.12.04 10:53:10 EST] Dataset size is 3 files
-------Processing recovered dataset for paths-------
Removing HPSS files as not accessible in syntax=paths
[2018.12.04 10:53:10 EST] Dataset size is 3 files
Skipping (Removing RCRS node files) no such files
Dropping files with duplicate LFN (files that are the same)
[2018.12.04 10:53:10 EST] Started with 3 files, current size is 3files, 0 duplicate files dropped.
Skipping (Sorting by node) all NFS files
Skipping (Splitting by node) all NFS files
Splitting dataset entries by size (minSize=1 ,maxSize=1 )
[2018.12.04 10:53:10 EST] Dataset size is 3 files
----------------------------------------------------
validating dataset ....passed
Writting files for process 733775F4E5B1A62A0D6FA6DF7714ACED_2..done.
Writting files for process 733775F4E5B1A62A0D6FA6DF7714ACED_1..done.
Writting files for process 733775F4E5B1A62A0D6FA6DF7714ACED_0..done.
Dispatching process 733775F4E5B1A62A0D6FA6DF7714ACED_0_2. done.
Wrote scheduling report to : /star/u/zchang/jetAnalysis/jets/working_2/scripts/sched733775F4E5B1A62A0D6FA6DF7714ACED.report
Reporting statistics... done.
Scheduling successful
runnumber=13091043
STAR Template Scheduler 0.1 (/afs/rhic.bnl.gov/star/packages/scripts/star-submit)

STAR Unified Meta Scheduler 1.10.28
Your Log file can be found at: /afs/rhic.bnl.gov/star/doc/www/html/tmp/pub/scheduler/zchang.log
Reading request description file : schedTemplateExp.xml
Analyzing XML...XML OK
Resolving File system wildcards
[2018.12.04 10:53:16 EST] Dataset size is 3 files
Removing files not on site BNL
[2018.12.04 10:53:16 EST] Dataset size is 3 files
-------Processing recovered dataset for paths-------
Removing HPSS files as not accessible in syntax=paths
[2018.12.04 10:53:16 EST] Dataset size is 3 files
Skipping (Removing RCRS node files) no such files
Dropping files with duplicate LFN (files that are the same)
[2018.12.04 10:53:16 EST] Started with 3 files, current size is 3files, 0 duplicate files dropped.
Skipping (Sorting by node) all NFS files
Skipping (Splitting by node) all NFS files
Splitting dataset entries by size (minSize=1 ,maxSize=1 )
[2018.12.04 10:53:16 EST] Dataset size is 3 files
----------------------------------------------------
validating dataset ....passed
Writting files for process 989ECD4516E09A157C2B7025CF04DE1D_2..done.
Writting files for process 989ECD4516E09A157C2B7025CF04DE1D_1..done.
Writting files for process 989ECD4516E09A157C2B7025CF04DE1D_0..done.
Dispatching process 989ECD4516E09A157C2B7025CF04DE1D_0_2.. done.
Wrote scheduling report to : /star/u/zchang/jetAnalysis/jets/working_2/scripts/sched989ECD4516E09A157C2B7025CF04DE1D.report
Reporting statistics... done.
Scheduling successful
runnumber=13093015
STAR Template Scheduler 0.1 (/afs/rhic.bnl.gov/star/packages/scripts/star-submit)

STAR Unified Meta Scheduler 1.10.28
Your Log file can be found at: /afs/rhic.bnl.gov/star/doc/www/html/tmp/pub/scheduler/zchang.log
Reading request description file : schedTemplateExp.xml
Analyzing XML...XML OK
Resolving File system wildcards
There was an error processing the request XML file.
Scheduling failed!
Couldn't parse request.
Error while resolving wildcard: file:/star/u/zchang/jetAnalysis/jets/lists_jets/13093015.*.list
runnumber=13093036
STAR Template Scheduler 0.1 (/afs/rhic.bnl.gov/star/packages/scripts/star-submit)

STAR Unified Meta Scheduler 1.10.28
Your Log file can be found at: /afs/rhic.bnl.gov/star/doc/www/html/tmp/pub/scheduler/zchang.log
Reading request description file : schedTemplateExp.xml
Analyzing XML...XML OK
Resolving File system wildcards
[2018.12.04 10:53:24 EST] Dataset size is 3 files
Removing files not on site BNL
[2018.12.04 10:53:25 EST] Dataset size is 3 files
-------Processing recovered dataset for paths-------
Removing HPSS files as not accessible in syntax=paths
[2018.12.04 10:53:25 EST] Dataset size is 3 files
Skipping (Removing RCRS node files) no such files
Dropping files with duplicate LFN (files that are the same)
[2018.12.04 10:53:25 EST] Started with 3 files, current size is 3files, 0 duplicate files dropped.
Skipping (Sorting by node) all NFS files
Skipping (Splitting by node) all NFS files
Splitting dataset entries by size (minSize=1 ,maxSize=1 )
[2018.12.04 10:53:25 EST] Dataset size is 3 files
----------------------------------------------------
validating dataset ....passed
Writting files for process 91A38CC0BC45BC3A1E554F6BF7CE61FD_2..done.
Writting files for process 91A38CC0BC45BC3A1E554F6BF7CE61FD_1..done.
Writting files for process 91A38CC0BC45BC3A1E554F6BF7CE61FD_0..done.
Dispatching process 91A38CC0BC45BC3A1E554F6BF7CE61FD_0_2.. done.
Wrote scheduling report to : /star/u/zchang/jetAnalysis/jets/working_2/scripts/sched91A38CC0BC45BC3A1E554F6BF7CE61FD.report
Reporting statistics... done.
Scheduling successful
runnumber=13094007
STAR Template Scheduler 0.1 (/afs/rhic.bnl.gov/star/packages/scripts/star-submit)

STAR Unified Meta Scheduler 1.10.28
Your Log file can be found at: /afs/rhic.bnl.gov/star/doc/www/html/tmp/pub/scheduler/zchang.log
Reading request description file : schedTemplateExp.xml
Analyzing XML...XML OK
Resolving File system wildcards
[2018.12.04 10:53:31 EST] Dataset size is 3 files
Removing files not on site BNL
[2018.12.04 10:53:31 EST] Dataset size is 3 files
-------Processing recovered dataset for paths-------
Removing HPSS files as not accessible in syntax=paths
[2018.12.04 10:53:31 EST] Dataset size is 3 files
Skipping (Removing RCRS node files) no such files
Dropping files with duplicate LFN (files that are the same)
[2018.12.04 10:53:31 EST] Started with 3 files, current size is 3files, 0 duplicate files dropped.
Skipping (Sorting by node) all NFS files
Skipping (Splitting by node) all NFS files
Splitting dataset entries by size (minSize=1 ,maxSize=1 )
[2018.12.04 10:53:31 EST] Dataset size is 3 files
----------------------------------------------------
validating dataset ....passed
Writting files for process D92EA24ED8AD03287162607D4E39A511_2..done.
Writting files for process D92EA24ED8AD03287162607D4E39A511_1..done.
Writting files for process D92EA24ED8AD03287162607D4E39A511_0..done.
Dispatching process D92EA24ED8AD03287162607D4E39A511_0_2. done.
Wrote scheduling report to : /star/u/zchang/jetAnalysis/jets/working_2/scripts/schedD92EA24ED8AD03287162607D4E39A511.report
Reporting statistics... done.
Scheduling successful
runnumber=13094045
STAR Template Scheduler 0.1 (/afs/rhic.bnl.gov/star/packages/scripts/star-submit)

STAR Unified Meta Scheduler 1.10.28
Your Log file can be found at: /afs/rhic.bnl.gov/star/doc/www/html/tmp/pub/scheduler/zchang.log
Reading request description file : schedTemplateExp.xml
Analyzing XML...XML OK
Resolving File system wildcards
[2018.12.04 10:53:36 EST] Dataset size is 3 files
Removing files not on site BNL
[2018.12.04 10:53:36 EST] Dataset size is 3 files
-------Processing recovered dataset for paths-------
Removing HPSS files as not accessible in syntax=paths
[2018.12.04 10:53:36 EST] Dataset size is 3 files
Skipping (Removing RCRS node files) no such files
Dropping files with duplicate LFN (files that are the same)
[2018.12.04 10:53:36 EST] Started with 3 files, current size is 3files, 0 duplicate files dropped.
Skipping (Sorting by node) all NFS files
Skipping (Splitting by node) all NFS files
Splitting dataset entries by size (minSize=1 ,maxSize=1 )
[2018.12.04 10:53:36 EST] Dataset size is 3 files
----------------------------------------------------
validating dataset ....passed
Writting files for process 5ED61E7F5C3628CAD6E219CFC571BD3E_2..done.
Writting files for process 5ED61E7F5C3628CAD6E219CFC571BD3E_1..done.
Writting files for process 5ED61E7F5C3628CAD6E219CFC571BD3E_0..done.
Dispatching process 5ED61E7F5C3628CAD6E219CFC571BD3E_0_2. done.
Wrote scheduling report to : /star/u/zchang/jetAnalysis/jets/working_2/scripts/sched5ED61E7F5C3628CAD6E219CFC571BD3E.report
Reporting statistics... done.
Scheduling successful
runnumber=13095003
STAR Template Scheduler 0.1 (/afs/rhic.bnl.gov/star/packages/scripts/star-submit)

STAR Unified Meta Scheduler 1.10.28
Your Log file can be found at: /afs/rhic.bnl.gov/star/doc/www/html/tmp/pub/scheduler/zchang.log
Reading request description file : schedTemplateExp.xml
Analyzing XML...XML OK
Resolving File system wildcards
[2018.12.04 10:53:42 EST] Dataset size is 3 files
Removing files not on site BNL
[2018.12.04 10:53:42 EST] Dataset size is 3 files
-------Processing recovered dataset for paths-------
Removing HPSS files as not accessible in syntax=paths
[2018.12.04 10:53:42 EST] Dataset size is 3 files
Skipping (Removing RCRS node files) no such files
Dropping files with duplicate LFN (files that are the same)
[2018.12.04 10:53:42 EST] Started with 3 files, current size is 3files, 0 duplicate files dropped.
Skipping (Sorting by node) all NFS files
Skipping (Splitting by node) all NFS files
Splitting dataset entries by size (minSize=1 ,maxSize=1 )
[2018.12.04 10:53:42 EST] Dataset size is 3 files
----------------------------------------------------
validating dataset ....passed
Writting files for process 3FC523299EF1F4A2BBD87F6B0E4B5F98_2..done.
Writting files for process 3FC523299EF1F4A2BBD87F6B0E4B5F98_1..done.
Writting files for process 3FC523299EF1F4A2BBD87F6B0E4B5F98_0..done.
Dispatching process 3FC523299EF1F4A2BBD87F6B0E4B5F98_0_2.. done.
Wrote scheduling report to : /star/u/zchang/jetAnalysis/jets/working_2/scripts/sched3FC523299EF1F4A2BBD87F6B0E4B5F98.report
Reporting statistics... done.
Scheduling successful
runnumber=13095049
STAR Template Scheduler 0.1 (/afs/rhic.bnl.gov/star/packages/scripts/star-submit)

STAR Unified Meta Scheduler 1.10.28
Your Log file can be found at: /afs/rhic.bnl.gov/star/doc/www/html/tmp/pub/scheduler/zchang.log
Reading request description file : schedTemplateExp.xml
Analyzing XML...XML OK
Resolving File system wildcards
[2018.12.04 10:53:50 EST] Dataset size is 3 files
Removing files not on site BNL
[2018.12.04 10:53:50 EST] Dataset size is 3 files
-------Processing recovered dataset for paths-------
Removing HPSS files as not accessible in syntax=paths
[2018.12.04 10:53:50 EST] Dataset size is 3 files
Skipping (Removing RCRS node files) no such files
Dropping files with duplicate LFN (files that are the same)
[2018.12.04 10:53:50 EST] Started with 3 files, current size is 3files, 0 duplicate files dropped.
Skipping (Sorting by node) all NFS files
Skipping (Splitting by node) all NFS files
Splitting dataset entries by size (minSize=1 ,maxSize=1 )
[2018.12.04 10:53:50 EST] Dataset size is 3 files
----------------------------------------------------
validating dataset ....passed
Writting files for process 3B48A0514685EB6E25E2F58F1E4D5631_2..done.
Writting files for process 3B48A0514685EB6E25E2F58F1E4D5631_1..done.
Writting files for process 3B48A0514685EB6E25E2F58F1E4D5631_0..done.
Dispatching process 3B48A0514685EB6E25E2F58F1E4D5631_0_2. done.
Wrote scheduling report to : /star/u/zchang/jetAnalysis/jets/working_2/scripts/sched3B48A0514685EB6E25E2F58F1E4D5631.report
Reporting statistics... done.
Scheduling successful
runnumber=13096063
STAR Template Scheduler 0.1 (/afs/rhic.bnl.gov/star/packages/scripts/star-submit)

STAR Unified Meta Scheduler 1.10.28
Your Log file can be found at: /afs/rhic.bnl.gov/star/doc/www/html/tmp/pub/scheduler/zchang.log
Reading request description file : schedTemplateExp.xml
Analyzing XML...XML OK
Resolving File system wildcards
[2018.12.04 10:53:56 EST] Dataset size is 3 files
Removing files not on site BNL
[2018.12.04 10:53:56 EST] Dataset size is 3 files
-------Processing recovered dataset for paths-------
Removing HPSS files as not accessible in syntax=paths
[2018.12.04 10:53:56 EST] Dataset size is 3 files
Skipping (Removing RCRS node files) no such files
Dropping files with duplicate LFN (files that are the same)
[2018.12.04 10:53:56 EST] Started with 3 files, current size is 3files, 0 duplicate files dropped.
Skipping (Sorting by node) all NFS files
Skipping (Splitting by node) all NFS files
Splitting dataset entries by size (minSize=1 ,maxSize=1 )
[2018.12.04 10:53:56 EST] Dataset size is 3 files
----------------------------------------------------
validating dataset ....passed
Writting files for process 39378B74AB7D650A7F9612D763CFFE95_2..done.
Writting files for process 39378B74AB7D650A7F9612D763CFFE95_1..done.
Writting files for process 39378B74AB7D650A7F9612D763CFFE95_0..done.
Dispatching process 39378B74AB7D650A7F9612D763CFFE95_0_2... done.
Wrote scheduling report to : /star/u/zchang/jetAnalysis/jets/working_2/scripts/sched39378B74AB7D650A7F9612D763CFFE95.report
Reporting statistics... done.
Scheduling successful
runnumber=13097005
STAR Template Scheduler 0.1 (/afs/rhic.bnl.gov/star/packages/scripts/star-submit)

STAR Unified Meta Scheduler 1.10.28
Your Log file can be found at: /afs/rhic.bnl.gov/star/doc/www/html/tmp/pub/scheduler/zchang.log
Reading request description file : schedTemplateExp.xml
Analyzing XML...XML OK
Resolving File system wildcards
[2018.12.04 10:54:04 EST] Dataset size is 3 files
Removing files not on site BNL
[2018.12.04 10:54:04 EST] Dataset size is 3 files
-------Processing recovered dataset for paths-------
Removing HPSS files as not accessible in syntax=paths
[2018.12.04 10:54:04 EST] Dataset size is 3 files
Skipping (Removing RCRS node files) no such files
Dropping files with duplicate LFN (files that are the same)
[2018.12.04 10:54:04 EST] Started with 3 files, current size is 3files, 0 duplicate files dropped.
Skipping (Sorting by node) all NFS files
Skipping (Splitting by node) all NFS files
Splitting dataset entries by size (minSize=1 ,maxSize=1 )
[2018.12.04 10:54:04 EST] Dataset size is 3 files
----------------------------------------------------
validating dataset ....passed
Writting files for process F102997A28A2359784D80B737290AC6A_2..done.
Writting files for process F102997A28A2359784D80B737290AC6A_1..done.
Writting files for process F102997A28A2359784D80B737290AC6A_0..done.
Dispatching process F102997A28A2359784D80B737290AC6A_0_2.. done.
Wrote scheduling report to : /star/u/zchang/jetAnalysis/jets/working_2/scripts/schedF102997A28A2359784D80B737290AC6A.report
Reporting statistics... done.
Scheduling successful
runnumber=13097029
STAR Template Scheduler 0.1 (/afs/rhic.bnl.gov/star/packages/scripts/star-submit)

STAR Unified Meta Scheduler 1.10.28
Your Log file can be found at: /afs/rhic.bnl.gov/star/doc/www/html/tmp/pub/scheduler/zchang.log
Reading request description file : schedTemplateExp.xml
Analyzing XML...XML OK
Resolving File system wildcards
[2018.12.04 10:54:11 EST] Dataset size is 3 files
Removing files not on site BNL
[2018.12.04 10:54:11 EST] Dataset size is 3 files
-------Processing recovered dataset for paths-------
Removing HPSS files as not accessible in syntax=paths
[2018.12.04 10:54:11 EST] Dataset size is 3 files
Skipping (Removing RCRS node files) no such files
Dropping files with duplicate LFN (files that are the same)
[2018.12.04 10:54:11 EST] Started with 3 files, current size is 3files, 0 duplicate files dropped.
Skipping (Sorting by node) all NFS files
Skipping (Splitting by node) all NFS files
Splitting dataset entries by size (minSize=1 ,maxSize=1 )
[2018.12.04 10:54:11 EST] Dataset size is 3 files
----------------------------------------------------
validating dataset ....passed
Writting files for process 01461D932085678D622408E4B056FF18_2..done.
Writting files for process 01461D932085678D622408E4B056FF18_1..done.
Writting files for process 01461D932085678D622408E4B056FF18_0..done.
Dispatching process 01461D932085678D622408E4B056FF18_0_2. done.
Wrote scheduling report to : /star/u/zchang/jetAnalysis/jets/working_2/scripts/sched01461D932085678D622408E4B056FF18.report
Reporting statistics... done.
Scheduling successful
runnumber=13100004
STAR Template Scheduler 0.1 (/afs/rhic.bnl.gov/star/packages/scripts/star-submit)

STAR Unified Meta Scheduler 1.10.28
Your Log file can be found at: /afs/rhic.bnl.gov/star/doc/www/html/tmp/pub/scheduler/zchang.log
Reading request description file : schedTemplateExp.xml
Analyzing XML...XML OK
Resolving File system wildcards
[2018.12.04 10:54:17 EST] Dataset size is 3 files
Removing files not on site BNL
[2018.12.04 10:54:17 EST] Dataset size is 3 files
-------Processing recovered dataset for paths-------
Removing HPSS files as not accessible in syntax=paths
[2018.12.04 10:54:17 EST] Dataset size is 3 files
Skipping (Removing RCRS node files) no such files
Dropping files with duplicate LFN (files that are the same)
[2018.12.04 10:54:17 EST] Started with 3 files, current size is 3files, 0 duplicate files dropped.
Skipping (Sorting by node) all NFS files
Skipping (Splitting by node) all NFS files
Splitting dataset entries by size (minSize=1 ,maxSize=1 )
[2018.12.04 10:54:17 EST] Dataset size is 3 files
----------------------------------------------------
validating dataset ....passed
Writting files for process EA07F715F8516C160787BFA6C5E38CA7_2..done.
Writting files for process EA07F715F8516C160787BFA6C5E38CA7_1..done.
Writting files for process EA07F715F8516C160787BFA6C5E38CA7_0..done.
Dispatching process EA07F715F8516C160787BFA6C5E38CA7_0_2. done.
Wrote scheduling report to : /star/u/zchang/jetAnalysis/jets/working_2/scripts/schedEA07F715F8516C160787BFA6C5E38CA7.report
Reporting statistics... done.
Scheduling successful
runnumber=13100025
STAR Template Scheduler 0.1 (/afs/rhic.bnl.gov/star/packages/scripts/star-submit)

STAR Unified Meta Scheduler 1.10.28
Your Log file can be found at: /afs/rhic.bnl.gov/star/doc/www/html/tmp/pub/scheduler/zchang.log
Reading request description file : schedTemplateExp.xml
Analyzing XML...XML OK
Resolving File system wildcards
There was an error processing the request XML file.
Scheduling failed!
Couldn't parse request.
Error while resolving wildcard: file:/star/u/zchang/jetAnalysis/jets/lists_jets/13100025.*.list
runnumber=13100037
STAR Template Scheduler 0.1 (/afs/rhic.bnl.gov/star/packages/scripts/star-submit)

STAR Unified Meta Scheduler 1.10.28
Your Log file can be found at: /afs/rhic.bnl.gov/star/doc/www/html/tmp/pub/scheduler/zchang.log
Reading request description file : schedTemplateExp.xml
Analyzing XML...XML OK
Resolving File system wildcards
[2018.12.04 10:54:25 EST] Dataset size is 3 files
Removing files not on site BNL
[2018.12.04 10:54:25 EST] Dataset size is 3 files
-------Processing recovered dataset for paths-------
Removing HPSS files as not accessible in syntax=paths
[2018.12.04 10:54:25 EST] Dataset size is 3 files
Skipping (Removing RCRS node files) no such files
Dropping files with duplicate LFN (files that are the same)
[2018.12.04 10:54:25 EST] Started with 3 files, current size is 3files, 0 duplicate files dropped.
Skipping (Sorting by node) all NFS files
Skipping (Splitting by node) all NFS files
Splitting dataset entries by size (minSize=1 ,maxSize=1 )
[2018.12.04 10:54:25 EST] Dataset size is 3 files
----------------------------------------------------
validating dataset ....passed
Writting files for process 2BBA38A947BDEB79ED03B2C2C40D5109_2..done.
Writting files for process 2BBA38A947BDEB79ED03B2C2C40D5109_1..done.
Writting files for process 2BBA38A947BDEB79ED03B2C2C40D5109_0..done.
Dispatching process 2BBA38A947BDEB79ED03B2C2C40D5109_0_2. done.
Wrote scheduling report to : /star/u/zchang/jetAnalysis/jets/working_2/scripts/sched2BBA38A947BDEB79ED03B2C2C40D5109.report
Reporting statistics... done.
Scheduling successful
runnumber=13100059
STAR Template Scheduler 0.1 (/afs/rhic.bnl.gov/star/packages/scripts/star-submit)

STAR Unified Meta Scheduler 1.10.28
Your Log file can be found at: /afs/rhic.bnl.gov/star/doc/www/html/tmp/pub/scheduler/zchang.log
Reading request description file : schedTemplateExp.xml
Analyzing XML...XML OK
Resolving File system wildcards
[2018.12.04 10:54:31 EST] Dataset size is 3 files
Removing files not on site BNL
[2018.12.04 10:54:31 EST] Dataset size is 3 files
-------Processing recovered dataset for paths-------
Removing HPSS files as not accessible in syntax=paths
[2018.12.04 10:54:31 EST] Dataset size is 3 files
Skipping (Removing RCRS node files) no such files
Dropping files with duplicate LFN (files that are the same)
[2018.12.04 10:54:31 EST] Started with 3 files, current size is 3files, 0 duplicate files dropped.
Skipping (Sorting by node) all NFS files
Skipping (Splitting by node) all NFS files
Splitting dataset entries by size (minSize=1 ,maxSize=1 )
[2018.12.04 10:54:31 EST] Dataset size is 3 files
----------------------------------------------------
validating dataset ....passed
Writting files for process 1880EF7A49FF56A0A54587FF874394EC_2..done.
Writting files for process 1880EF7A49FF56A0A54587FF874394EC_1..done.
Writting files for process 1880EF7A49FF56A0A54587FF874394EC_0..done.
Dispatching process 1880EF7A49FF56A0A54587FF874394EC_0_2. done.
Wrote scheduling report to : /star/u/zchang/jetAnalysis/jets/working_2/scripts/sched1880EF7A49FF56A0A54587FF874394EC.report
Reporting statistics... done.
Scheduling successful
runnumber=13101015
STAR Template Scheduler 0.1 (/afs/rhic.bnl.gov/star/packages/scripts/star-submit)

STAR Unified Meta Scheduler 1.10.28
Your Log file can be found at: /afs/rhic.bnl.gov/star/doc/www/html/tmp/pub/scheduler/zchang.log
Reading request description file : schedTemplateExp.xml
Analyzing XML...XML OK
Resolving File system wildcards
[2018.12.04 10:54:37 EST] Dataset size is 3 files
Removing files not on site BNL
[2018.12.04 10:54:37 EST] Dataset size is 3 files
-------Processing recovered dataset for paths-------
Removing HPSS files as not accessible in syntax=paths
[2018.12.04 10:54:37 EST] Dataset size is 3 files
Skipping (Removing RCRS node files) no such files
Dropping files with duplicate LFN (files that are the same)
[2018.12.04 10:54:37 EST] Started with 3 files, current size is 3files, 0 duplicate files dropped.
Skipping (Sorting by node) all NFS files
Skipping (Splitting by node) all NFS files
Splitting dataset entries by size (minSize=1 ,maxSize=1 )
[2018.12.04 10:54:37 EST] Dataset size is 3 files
----------------------------------------------------
validating dataset ....passed
Writting files for process EF134C374E55C496E9467F65D02638BE_2..done.
Writting files for process EF134C374E55C496E9467F65D02638BE_1..done.
Writting files for process EF134C374E55C496E9467F65D02638BE_0..done.
Dispatching process EF134C374E55C496E9467F65D02638BE_0_2.. done.
Wrote scheduling report to : /star/u/zchang/jetAnalysis/jets/working_2/scripts/schedEF134C374E55C496E9467F65D02638BE.report
Reporting statistics... done.
Scheduling successful
runnumber=13101045
STAR Template Scheduler 0.1 (/afs/rhic.bnl.gov/star/packages/scripts/star-submit)

STAR Unified Meta Scheduler 1.10.28
Your Log file can be found at: /afs/rhic.bnl.gov/star/doc/www/html/tmp/pub/scheduler/zchang.log
Reading request description file : schedTemplateExp.xml
Analyzing XML...XML OK
Resolving File system wildcards
[2018.12.04 10:54:45 EST] Dataset size is 3 files
Removing files not on site BNL
[2018.12.04 10:54:45 EST] Dataset size is 3 files
-------Processing recovered dataset for paths-------
Removing HPSS files as not accessible in syntax=paths
[2018.12.04 10:54:45 EST] Dataset size is 3 files
Skipping (Removing RCRS node files) no such files
Dropping files with duplicate LFN (files that are the same)
[2018.12.04 10:54:45 EST] Started with 3 files, current size is 3files, 0 duplicate files dropped.
Skipping (Sorting by node) all NFS files
Skipping (Splitting by node) all NFS files
Splitting dataset entries by size (minSize=1 ,maxSize=1 )
[2018.12.04 10:54:45 EST] Dataset size is 3 files
----------------------------------------------------
validating dataset ....passed
Writting files for process 0055235CF5C18ACACDC4EB3DBFAE20A1_2..done.
Writting files for process 0055235CF5C18ACACDC4EB3DBFAE20A1_1..done.
Writting files for process 0055235CF5C18ACACDC4EB3DBFAE20A1_0..done.
Dispatching process 0055235CF5C18ACACDC4EB3DBFAE20A1_0_2. done.
Wrote scheduling report to : /star/u/zchang/jetAnalysis/jets/working_2/scripts/sched0055235CF5C18ACACDC4EB3DBFAE20A1.report
Reporting statistics... done.
Scheduling successful
runnumber=13103015
STAR Template Scheduler 0.1 (/afs/rhic.bnl.gov/star/packages/scripts/star-submit)

STAR Unified Meta Scheduler 1.10.28
Your Log file can be found at: /afs/rhic.bnl.gov/star/doc/www/html/tmp/pub/scheduler/zchang.log
Reading request description file : schedTemplateExp.xml
Analyzing XML...XML OK
Resolving File system wildcards
[2018.12.04 10:54:51 EST] Dataset size is 3 files
Removing files not on site BNL
[2018.12.04 10:54:51 EST] Dataset size is 3 files
-------Processing recovered dataset for paths-------
Removing HPSS files as not accessible in syntax=paths
[2018.12.04 10:54:51 EST] Dataset size is 3 files
Skipping (Removing RCRS node files) no such files
Dropping files with duplicate LFN (files that are the same)
[2018.12.04 10:54:51 EST] Started with 3 files, current size is 3files, 0 duplicate files dropped.
Skipping (Sorting by node) all NFS files
Skipping (Splitting by node) all NFS files
Splitting dataset entries by size (minSize=1 ,maxSize=1 )
[2018.12.04 10:54:51 EST] Dataset size is 3 files
----------------------------------------------------
validating dataset ....passed
Writting files for process FB0289D6294BDC68181152B27B058DE5_2..done.
Writting files for process FB0289D6294BDC68181152B27B058DE5_1..done.
Writting files for process FB0289D6294BDC68181152B27B058DE5_0..done.
Dispatching process FB0289D6294BDC68181152B27B058DE5_0_2. done.
Wrote scheduling report to : /star/u/zchang/jetAnalysis/jets/working_2/scripts/schedFB0289D6294BDC68181152B27B058DE5.report
Reporting statistics... done.
Scheduling successful
runnumber=13104019
STAR Template Scheduler 0.1 (/afs/rhic.bnl.gov/star/packages/scripts/star-submit)

STAR Unified Meta Scheduler 1.10.28
Your Log file can be found at: /afs/rhic.bnl.gov/star/doc/www/html/tmp/pub/scheduler/zchang.log
Reading request description file : schedTemplateExp.xml
Analyzing XML...XML OK
Resolving File system wildcards
[2018.12.04 10:54:56 EST] Dataset size is 3 files
Removing files not on site BNL
[2018.12.04 10:54:56 EST] Dataset size is 3 files
-------Processing recovered dataset for paths-------
Removing HPSS files as not accessible in syntax=paths
[2018.12.04 10:54:56 EST] Dataset size is 3 files
Skipping (Removing RCRS node files) no such files
Dropping files with duplicate LFN (files that are the same)
[2018.12.04 10:54:56 EST] Started with 3 files, current size is 3files, 0 duplicate files dropped.
Skipping (Sorting by node) all NFS files
Skipping (Splitting by node) all NFS files
Splitting dataset entries by size (minSize=1 ,maxSize=1 )
[2018.12.04 10:54:56 EST] Dataset size is 3 files
----------------------------------------------------
validating dataset ....passed
Writting files for process 9C6461C8AE7DC5B1ECABF8588338ED82_2..done.
Writting files for process 9C6461C8AE7DC5B1ECABF8588338ED82_1..done.
Writting files for process 9C6461C8AE7DC5B1ECABF8588338ED82_0..done.
Dispatching process 9C6461C8AE7DC5B1ECABF8588338ED82_0_2. done.
Wrote scheduling report to : /star/u/zchang/jetAnalysis/jets/working_2/scripts/sched9C6461C8AE7DC5B1ECABF8588338ED82.report
Reporting statistics... done.
Scheduling successful
runnumber=13105006
STAR Template Scheduler 0.1 (/afs/rhic.bnl.gov/star/packages/scripts/star-submit)

STAR Unified Meta Scheduler 1.10.28
Your Log file can be found at: /afs/rhic.bnl.gov/star/doc/www/html/tmp/pub/scheduler/zchang.log
Reading request description file : schedTemplateExp.xml
Analyzing XML...XML OK
Resolving File system wildcards
[2018.12.04 10:55:01 EST] Dataset size is 3 files
Removing files not on site BNL
[2018.12.04 10:55:01 EST] Dataset size is 3 files
-------Processing recovered dataset for paths-------
Removing HPSS files as not accessible in syntax=paths
[2018.12.04 10:55:01 EST] Dataset size is 3 files
Skipping (Removing RCRS node files) no such files
Dropping files with duplicate LFN (files that are the same)
[2018.12.04 10:55:01 EST] Started with 3 files, current size is 3files, 0 duplicate files dropped.
Skipping (Sorting by node) all NFS files
Skipping (Splitting by node) all NFS files
Splitting dataset entries by size (minSize=1 ,maxSize=1 )
[2018.12.04 10:55:01 EST] Dataset size is 3 files
----------------------------------------------------
validating dataset ....passed
Writting files for process FEA7BEF19B7D4885642350F868310B47_2..done.
Writting files for process FEA7BEF19B7D4885642350F868310B47_1..done.
Writting files for process FEA7BEF19B7D4885642350F868310B47_0..done.
Dispatching process FEA7BEF19B7D4885642350F868310B47_0_2. done.
Wrote scheduling report to : /star/u/zchang/jetAnalysis/jets/working_2/scripts/schedFEA7BEF19B7D4885642350F868310B47.report
Reporting statistics... done.
Scheduling successful
runnumber=13105017
STAR Template Scheduler 0.1 (/afs/rhic.bnl.gov/star/packages/scripts/star-submit)

STAR Unified Meta Scheduler 1.10.28
Your Log file can be found at: /afs/rhic.bnl.gov/star/doc/www/html/tmp/pub/scheduler/zchang.log
Reading request description file : schedTemplateExp.xml
Analyzing XML...XML OK
Resolving File system wildcards
[2018.12.04 10:55:08 EST] Dataset size is 3 files
Removing files not on site BNL
[2018.12.04 10:55:08 EST] Dataset size is 3 files
-------Processing recovered dataset for paths-------
Removing HPSS files as not accessible in syntax=paths
[2018.12.04 10:55:08 EST] Dataset size is 3 files
Skipping (Removing RCRS node files) no such files
Dropping files with duplicate LFN (files that are the same)
[2018.12.04 10:55:08 EST] Started with 3 files, current size is 3files, 0 duplicate files dropped.
Skipping (Sorting by node) all NFS files
Skipping (Splitting by node) all NFS files
Splitting dataset entries by size (minSize=1 ,maxSize=1 )
[2018.12.04 10:55:08 EST] Dataset size is 3 files
----------------------------------------------------
validating dataset ....passed
Writting files for process A6B9F576CBA941B998418C1CBAA85CE6_2..done.
Writting files for process A6B9F576CBA941B998418C1CBAA85CE6_1..done.
Writting files for process A6B9F576CBA941B998418C1CBAA85CE6_0..done.
Dispatching process A6B9F576CBA941B998418C1CBAA85CE6_0_2. done.
Wrote scheduling report to : /star/u/zchang/jetAnalysis/jets/working_2/scripts/schedA6B9F576CBA941B998418C1CBAA85CE6.report
Reporting statistics... done.
Scheduling successful
runnumber=13106072
STAR Template Scheduler 0.1 (/afs/rhic.bnl.gov/star/packages/scripts/star-submit)

STAR Unified Meta Scheduler 1.10.28
Your Log file can be found at: /afs/rhic.bnl.gov/star/doc/www/html/tmp/pub/scheduler/zchang.log
Reading request description file : schedTemplateExp.xml
Analyzing XML...XML OK
Resolving File system wildcards
[2018.12.04 10:55:14 EST] Dataset size is 3 files
Removing files not on site BNL
[2018.12.04 10:55:14 EST] Dataset size is 3 files
-------Processing recovered dataset for paths-------
Removing HPSS files as not accessible in syntax=paths
[2018.12.04 10:55:14 EST] Dataset size is 3 files
Skipping (Removing RCRS node files) no such files
Dropping files with duplicate LFN (files that are the same)
[2018.12.04 10:55:14 EST] Started with 3 files, current size is 3files, 0 duplicate files dropped.
Skipping (Sorting by node) all NFS files
Skipping (Splitting by node) all NFS files
Splitting dataset entries by size (minSize=1 ,maxSize=1 )
[2018.12.04 10:55:14 EST] Dataset size is 3 files
----------------------------------------------------
validating dataset ....passed
Writting files for process 6EF569F39B75CC9F5722CE8098963852_2..done.
Writting files for process 6EF569F39B75CC9F5722CE8098963852_1..done.
Writting files for process 6EF569F39B75CC9F5722CE8098963852_0..done.
Dispatching process 6EF569F39B75CC9F5722CE8098963852_0_2. done.
Wrote scheduling report to : /star/u/zchang/jetAnalysis/jets/working_2/scripts/sched6EF569F39B75CC9F5722CE8098963852.report
Reporting statistics... done.
Scheduling successful
runnumber=13107017
STAR Template Scheduler 0.1 (/afs/rhic.bnl.gov/star/packages/scripts/star-submit)

STAR Unified Meta Scheduler 1.10.28
Your Log file can be found at: /afs/rhic.bnl.gov/star/doc/www/html/tmp/pub/scheduler/zchang.log
Reading request description file : schedTemplateExp.xml
Analyzing XML...XML OK
Resolving File system wildcards
[2018.12.04 10:55:20 EST] Dataset size is 3 files
Removing files not on site BNL
[2018.12.04 10:55:20 EST] Dataset size is 3 files
-------Processing recovered dataset for paths-------
Removing HPSS files as not accessible in syntax=paths
[2018.12.04 10:55:20 EST] Dataset size is 3 files
Skipping (Removing RCRS node files) no such files
Dropping files with duplicate LFN (files that are the same)
[2018.12.04 10:55:20 EST] Started with 3 files, current size is 3files, 0 duplicate files dropped.
Skipping (Sorting by node) all NFS files
Skipping (Splitting by node) all NFS files
Splitting dataset entries by size (minSize=1 ,maxSize=1 )
[2018.12.04 10:55:20 EST] Dataset size is 3 files
----------------------------------------------------
validating dataset ....passed
Writting files for process A6118DF29AFE7A861B58F376FE69263E_2..done.
Writting files for process A6118DF29AFE7A861B58F376FE69263E_1..done.
Writting files for process A6118DF29AFE7A861B58F376FE69263E_0..done.
Dispatching process A6118DF29AFE7A861B58F376FE69263E_0_2. done.
Wrote scheduling report to : /star/u/zchang/jetAnalysis/jets/working_2/scripts/schedA6118DF29AFE7A861B58F376FE69263E.report
Reporting statistics... done.
Scheduling successful
runnumber=13107033
STAR Template Scheduler 0.1 (/afs/rhic.bnl.gov/star/packages/scripts/star-submit)

STAR Unified Meta Scheduler 1.10.28
Your Log file can be found at: /afs/rhic.bnl.gov/star/doc/www/html/tmp/pub/scheduler/zchang.log
Reading request description file : schedTemplateExp.xml
Analyzing XML...XML OK
Resolving File system wildcards
[2018.12.04 10:55:25 EST] Dataset size is 3 files
Removing files not on site BNL
[2018.12.04 10:55:25 EST] Dataset size is 3 files
-------Processing recovered dataset for paths-------
Removing HPSS files as not accessible in syntax=paths
[2018.12.04 10:55:25 EST] Dataset size is 3 files
Skipping (Removing RCRS node files) no such files
Dropping files with duplicate LFN (files that are the same)
[2018.12.04 10:55:26 EST] Started with 3 files, current size is 3files, 0 duplicate files dropped.
Skipping (Sorting by node) all NFS files
Skipping (Splitting by node) all NFS files
Splitting dataset entries by size (minSize=1 ,maxSize=1 )
[2018.12.04 10:55:26 EST] Dataset size is 3 files
----------------------------------------------------
validating dataset ....passed
Writting files for process BC45509BA05ACA4523318732D90324E4_2..done.
Writting files for process BC45509BA05ACA4523318732D90324E4_1..done.
Writting files for process BC45509BA05ACA4523318732D90324E4_0..done.
Dispatching process BC45509BA05ACA4523318732D90324E4_0_2. done.
Wrote scheduling report to : /star/u/zchang/jetAnalysis/jets/working_2/scripts/schedBC45509BA05ACA4523318732D90324E4.report
Reporting statistics... done.
Scheduling successful
runnumber=13108025
STAR Template Scheduler 0.1 (/afs/rhic.bnl.gov/star/packages/scripts/star-submit)

STAR Unified Meta Scheduler 1.10.28
Your Log file can be found at: /afs/rhic.bnl.gov/star/doc/www/html/tmp/pub/scheduler/zchang.log
Reading request description file : schedTemplateExp.xml
Analyzing XML...XML OK
Resolving File system wildcards
There was an error processing the request XML file.
Scheduling failed!
Couldn't parse request.
Error while resolving wildcard: file:/star/u/zchang/jetAnalysis/jets/lists_jets/13108025.*.list
runnumber=13108073
STAR Template Scheduler 0.1 (/afs/rhic.bnl.gov/star/packages/scripts/star-submit)

STAR Unified Meta Scheduler 1.10.28
Your Log file can be found at: /afs/rhic.bnl.gov/star/doc/www/html/tmp/pub/scheduler/zchang.log
Reading request description file : schedTemplateExp.xml
Analyzing XML...XML OK
Resolving File system wildcards
There was an error processing the request XML file.
Scheduling failed!
Couldn't parse request.
Error while resolving wildcard: file:/star/u/zchang/jetAnalysis/jets/lists_jets/13108073.*.list
