000 (11478990.000.000) 12/04 10:53:25 Job submitted from host: <130.199.153.66:9618?addrs=130.199.153.66-9618&noUDP&sock=8910_0083_4>
...
001 (11478990.000.000) 12/04 10:54:18 Job executing on host: <130.199.153.47:9618?addrs=130.199.153.47-9618&noUDP&sock=21969_02b9_3>
...
006 (11478990.000.000) 12/04 10:54:27 Image size of job updated: 15756
	16  -  MemoryUsage of job (MB)
	15756  -  ResidentSetSize of job (KB)
...
006 (11478990.000.000) 12/04 10:59:28 Image size of job updated: 55080
	54  -  MemoryUsage of job (MB)
	55072  -  ResidentSetSize of job (KB)
...
006 (11478990.000.000) 12/04 11:04:29 Image size of job updated: 60552
	59  -  MemoryUsage of job (MB)
	60368  -  ResidentSetSize of job (KB)
...
005 (11478990.000.000) 12/04 11:07:00 Job terminated.
	(1) Normal termination (return value 0)
		Usr 0 00:10:30, Sys 0 00:00:25  -  Run Remote Usage
		Usr 0 00:00:00, Sys 0 00:00:00  -  Run Local Usage
		Usr 0 00:10:30, Sys 0 00:00:25  -  Total Remote Usage
		Usr 0 00:00:00, Sys 0 00:00:00  -  Total Local Usage
	0  -  Run Bytes Sent By Job
	0  -  Run Bytes Received By Job
	0  -  Total Bytes Sent By Job
	0  -  Total Bytes Received By Job
	Partitionable Resources :    Usage  Request Allocated
	   Cpus                 :                 1         1
	   Disk (KB)            :       10       10  47328219
	   Memory (MB)          :       59        1      2005
...
