000 (11478939.000.000) 12/04 10:53:13 Job submitted from host: <130.199.153.66:9618?addrs=130.199.153.66-9618&noUDP&sock=8910_0083_4>
...
001 (11478939.000.000) 12/04 10:54:07 Job executing on host: <130.199.153.34:9618?addrs=130.199.153.34-9618&noUDP&sock=9671_d951_3>
...
006 (11478939.000.000) 12/04 10:54:15 Image size of job updated: 17304
	15  -  MemoryUsage of job (MB)
	14520  -  ResidentSetSize of job (KB)
...
006 (11478939.000.000) 12/04 10:59:15 Image size of job updated: 58408
	53  -  MemoryUsage of job (MB)
	54168  -  ResidentSetSize of job (KB)
...
006 (11478939.000.000) 12/04 11:04:16 Image size of job updated: 60100
	55  -  MemoryUsage of job (MB)
	55860  -  ResidentSetSize of job (KB)
...
005 (11478939.000.000) 12/04 11:04:58 Job terminated.
	(1) Normal termination (return value 0)
		Usr 0 00:08:29, Sys 0 00:00:22  -  Run Remote Usage
		Usr 0 00:00:00, Sys 0 00:00:00  -  Run Local Usage
		Usr 0 00:08:29, Sys 0 00:00:22  -  Total Remote Usage
		Usr 0 00:00:00, Sys 0 00:00:00  -  Total Local Usage
	0  -  Run Bytes Sent By Job
	0  -  Run Bytes Received By Job
	0  -  Total Bytes Sent By Job
	0  -  Total Bytes Received By Job
	Partitionable Resources :    Usage  Request Allocated
	   Cpus                 :                 1         1
	   Disk (KB)            :       10       10  47327987
	   Memory (MB)          :       55        1      2005
...
