000 (11479436.000.000) 12/04 10:54:59 Job submitted from host: <130.199.153.66:9618?addrs=130.199.153.66-9618&noUDP&sock=8910_0083_4>
...
001 (11479436.000.000) 12/04 10:55:38 Job executing on host: <130.199.202.14:9618?addrs=130.199.202.14-9618&noUDP&sock=43193_2382_3>
...
006 (11479436.000.000) 12/04 10:55:46 Image size of job updated: 19056
	19  -  MemoryUsage of job (MB)
	19056  -  ResidentSetSize of job (KB)
...
005 (11479436.000.000) 12/04 10:56:13 Job terminated.
	(1) Normal termination (return value 0)
		Usr 0 00:00:24, Sys 0 00:00:03  -  Run Remote Usage
		Usr 0 00:00:00, Sys 0 00:00:00  -  Run Local Usage
		Usr 0 00:00:24, Sys 0 00:00:03  -  Total Remote Usage
		Usr 0 00:00:00, Sys 0 00:00:00  -  Total Local Usage
	0  -  Run Bytes Sent By Job
	0  -  Run Bytes Received By Job
	0  -  Total Bytes Sent By Job
	0  -  Total Bytes Received By Job
	Partitionable Resources :    Usage  Request Allocated
	   Cpus                 :                 1         1
	   Disk (KB)            :       10       10  47541099
	   Memory (MB)          :       19        1      2008
...
