000 (11478678.000.000) 12/04 10:51:49 Job submitted from host: <130.199.153.66:9618?addrs=130.199.153.66-9618&noUDP&sock=8910_0083_4>
...
001 (11478678.000.000) 12/04 10:53:17 Job executing on host: <130.199.150.207:9618?addrs=130.199.150.207-9618&noUDP&sock=22524_a940_3>
...
006 (11478678.000.000) 12/04 10:53:25 Image size of job updated: 14564
	15  -  MemoryUsage of job (MB)
	14564  -  ResidentSetSize of job (KB)
...
006 (11478678.000.000) 12/04 10:58:25 Image size of job updated: 52644
	52  -  MemoryUsage of job (MB)
	52488  -  ResidentSetSize of job (KB)
...
006 (11478678.000.000) 12/04 11:03:25 Image size of job updated: 53792
	53  -  MemoryUsage of job (MB)
	53496  -  ResidentSetSize of job (KB)
...
006 (11478678.000.000) 12/04 11:08:26 Image size of job updated: 54876
	54  -  MemoryUsage of job (MB)
	54492  -  ResidentSetSize of job (KB)
...
006 (11478678.000.000) 12/04 11:12:40 Image size of job updated: 278496
	54  -  MemoryUsage of job (MB)
	54492  -  ResidentSetSize of job (KB)
...
005 (11478678.000.000) 12/04 11:12:40 Job terminated.
	(1) Normal termination (return value 0)
		Usr 0 00:15:52, Sys 0 00:00:39  -  Run Remote Usage
		Usr 0 00:00:00, Sys 0 00:00:00  -  Run Local Usage
		Usr 0 00:15:52, Sys 0 00:00:39  -  Total Remote Usage
		Usr 0 00:00:00, Sys 0 00:00:00  -  Total Local Usage
	0  -  Run Bytes Sent By Job
	0  -  Run Bytes Received By Job
	0  -  Total Bytes Sent By Job
	0  -  Total Bytes Received By Job
	Partitionable Resources :    Usage  Request Allocated
	   Cpus                 :                 1         1
	   Disk (KB)            :       10       10  59426160
	   Memory (MB)          :       54        1      2007
...
