000 (11478677.000.000) 12/04 10:51:49 Job submitted from host: <130.199.153.66:9618?addrs=130.199.153.66-9618&noUDP&sock=8910_0083_4>
...
001 (11478677.000.000) 12/04 10:53:15 Job executing on host: <130.199.150.240:9618?addrs=130.199.150.240-9618&noUDP&sock=22015_91ae_3>
...
006 (11478677.000.000) 12/04 10:53:24 Image size of job updated: 15732
	16  -  MemoryUsage of job (MB)
	15732  -  ResidentSetSize of job (KB)
...
006 (11478677.000.000) 12/04 10:58:25 Image size of job updated: 50956
	50  -  MemoryUsage of job (MB)
	50832  -  ResidentSetSize of job (KB)
...
006 (11478677.000.000) 12/04 11:03:25 Image size of job updated: 55776
	55  -  MemoryUsage of job (MB)
	55436  -  ResidentSetSize of job (KB)
...
006 (11478677.000.000) 12/04 11:08:25 Image size of job updated: 59136
	58  -  MemoryUsage of job (MB)
	58436  -  ResidentSetSize of job (KB)
...
006 (11478677.000.000) 12/04 11:13:26 Image size of job updated: 63096
	61  -  MemoryUsage of job (MB)
	62016  -  ResidentSetSize of job (KB)
...
005 (11478677.000.000) 12/04 11:14:24 Job terminated.
	(1) Normal termination (return value 0)
		Usr 0 00:17:30, Sys 0 00:00:46  -  Run Remote Usage
		Usr 0 00:00:00, Sys 0 00:00:00  -  Run Local Usage
		Usr 0 00:17:30, Sys 0 00:00:46  -  Total Remote Usage
		Usr 0 00:00:00, Sys 0 00:00:00  -  Total Local Usage
	0  -  Run Bytes Sent By Job
	0  -  Run Bytes Received By Job
	0  -  Total Bytes Sent By Job
	0  -  Total Bytes Received By Job
	Partitionable Resources :    Usage  Request Allocated
	   Cpus                 :                 1         1
	   Disk (KB)            :       10       10  59426164
	   Memory (MB)          :       61        1      2007
...
