000 (11479040.000.000) 12/04 10:53:36 Job submitted from host: <130.199.153.66:9618?addrs=130.199.153.66-9618&noUDP&sock=8910_0083_4>
...
001 (11479040.000.000) 12/04 10:54:27 Job executing on host: <130.199.201.21:9618?addrs=130.199.201.21-9618&noUDP&sock=22607_edf9_3>
...
006 (11479040.000.000) 12/04 10:54:36 Image size of job updated: 14584
	15  -  MemoryUsage of job (MB)
	14584  -  ResidentSetSize of job (KB)
...
006 (11479040.000.000) 12/04 10:59:37 Image size of job updated: 52388
	52  -  MemoryUsage of job (MB)
	52388  -  ResidentSetSize of job (KB)
...
006 (11479040.000.000) 12/04 11:04:37 Image size of job updated: 55272
	54  -  MemoryUsage of job (MB)
	55272  -  ResidentSetSize of job (KB)
...
005 (11479040.000.000) 12/04 11:05:34 Job terminated.
	(1) Normal termination (return value 0)
		Usr 0 00:08:55, Sys 0 00:00:18  -  Run Remote Usage
		Usr 0 00:00:00, Sys 0 00:00:00  -  Run Local Usage
		Usr 0 00:08:55, Sys 0 00:00:18  -  Total Remote Usage
		Usr 0 00:00:00, Sys 0 00:00:00  -  Total Local Usage
	0  -  Run Bytes Sent By Job
	0  -  Run Bytes Received By Job
	0  -  Total Bytes Sent By Job
	0  -  Total Bytes Received By Job
	Partitionable Resources :    Usage  Request Allocated
	   Cpus                 :                 1         1
	   Disk (KB)            :       10       10  47327911
	   Memory (MB)          :       54        1      2005
...
