000 (11479199.000.000) 12/04 10:54:09 Job submitted from host: <130.199.153.66:9618?addrs=130.199.153.66-9618&noUDP&sock=8910_0083_4>
...
001 (11479199.000.000) 12/04 10:54:55 Job executing on host: <130.199.152.23:9618?addrs=130.199.152.23-9618&noUDP&sock=8685_cad7_3>
...
006 (11479199.000.000) 12/04 10:55:04 Image size of job updated: 15656
	16  -  MemoryUsage of job (MB)
	15656  -  ResidentSetSize of job (KB)
...
006 (11479199.000.000) 12/04 11:00:05 Image size of job updated: 53712
	53  -  MemoryUsage of job (MB)
	53688  -  ResidentSetSize of job (KB)
...
005 (11479199.000.000) 12/04 11:01:38 Job terminated.
	(1) Normal termination (return value 0)
		Usr 0 00:05:25, Sys 0 00:00:14  -  Run Remote Usage
		Usr 0 00:00:00, Sys 0 00:00:00  -  Run Local Usage
		Usr 0 00:05:25, Sys 0 00:00:14  -  Total Remote Usage
		Usr 0 00:00:00, Sys 0 00:00:00  -  Total Local Usage
	0  -  Run Bytes Sent By Job
	0  -  Run Bytes Received By Job
	0  -  Total Bytes Sent By Job
	0  -  Total Bytes Received By Job
	Partitionable Resources :    Usage  Request Allocated
	   Cpus                 :                 1         1
	   Disk (KB)            :       10       10  32976241
	   Memory (MB)          :       53        1      2005
...
