000 (11478883.000.000) 12/04 10:53:01 Job submitted from host: <130.199.153.66:9618?addrs=130.199.153.66-9618&noUDP&sock=8910_0083_4>
...
001 (11478883.000.000) 12/04 10:53:54 Job executing on host: <130.199.150.132:9618?addrs=130.199.150.132-9618&noUDP&sock=19256_6161_3>
...
006 (11478883.000.000) 12/04 10:54:03 Image size of job updated: 15784
	15  -  MemoryUsage of job (MB)
	14568  -  ResidentSetSize of job (KB)
...
006 (11478883.000.000) 12/04 10:59:04 Image size of job updated: 49292
	47  -  MemoryUsage of job (MB)
	47628  -  ResidentSetSize of job (KB)
...
005 (11478883.000.000) 12/04 11:05:26 Job terminated.
	(1) Normal termination (return value 0)
		Usr 0 00:09:33, Sys 0 00:00:23  -  Run Remote Usage
		Usr 0 00:00:00, Sys 0 00:00:00  -  Run Local Usage
		Usr 0 00:09:33, Sys 0 00:00:23  -  Total Remote Usage
		Usr 0 00:00:00, Sys 0 00:00:00  -  Total Local Usage
	0  -  Run Bytes Sent By Job
	0  -  Run Bytes Received By Job
	0  -  Total Bytes Sent By Job
	0  -  Total Bytes Received By Job
	Partitionable Resources :    Usage  Request Allocated
	   Cpus                 :                 1         1
	   Disk (KB)            :       10       10  41489382
	   Memory (MB)          :       47        1      2007
...
