000 (11478792.000.000) 12/04 10:52:41 Job submitted from host: <130.199.153.66:9618?addrs=130.199.153.66-9618&noUDP&sock=8910_0083_4>
...
001 (11478792.000.000) 12/04 10:53:42 Job executing on host: <130.199.202.12:9618?addrs=130.199.202.12-9618&noUDP&sock=31863_5635_3>
...
006 (11478792.000.000) 12/04 10:53:51 Image size of job updated: 16960
	16  -  MemoryUsage of job (MB)
	15744  -  ResidentSetSize of job (KB)
...
005 (11478792.000.000) 12/04 10:56:53 Job terminated.
	(1) Normal termination (return value 0)
		Usr 0 00:02:36, Sys 0 00:00:07  -  Run Remote Usage
		Usr 0 00:00:00, Sys 0 00:00:00  -  Run Local Usage
		Usr 0 00:02:36, Sys 0 00:00:07  -  Total Remote Usage
		Usr 0 00:00:00, Sys 0 00:00:00  -  Total Local Usage
	0  -  Run Bytes Sent By Job
	0  -  Run Bytes Received By Job
	0  -  Total Bytes Sent By Job
	0  -  Total Bytes Received By Job
	Partitionable Resources :    Usage  Request Allocated
	   Cpus                 :                 1         1
	   Disk (KB)            :       10       10  47541248
	   Memory (MB)          :       16        1      2008
...
