000 (11479172.000.000) 12/04 10:54:05 Job submitted from host: <130.199.153.66:9618?addrs=130.199.153.66-9618&noUDP&sock=8910_0083_4>
...
001 (11479172.000.000) 12/04 10:54:53 Job executing on host: <130.199.202.110:9618?addrs=130.199.202.110-9618&noUDP&sock=285616_f534_3>
...
006 (11479172.000.000) 12/04 10:55:01 Image size of job updated: 15024
	15  -  MemoryUsage of job (MB)
	14568  -  ResidentSetSize of job (KB)
...
006 (11479172.000.000) 12/04 11:00:01 Image size of job updated: 49252
	48  -  MemoryUsage of job (MB)
	48796  -  ResidentSetSize of job (KB)
...
005 (11479172.000.000) 12/04 11:01:10 Job terminated.
	(1) Normal termination (return value 0)
		Usr 0 00:04:59, Sys 0 00:00:18  -  Run Remote Usage
		Usr 0 00:00:00, Sys 0 00:00:00  -  Run Local Usage
		Usr 0 00:04:59, Sys 0 00:00:18  -  Total Remote Usage
		Usr 0 00:00:00, Sys 0 00:00:00  -  Total Local Usage
	0  -  Run Bytes Sent By Job
	0  -  Run Bytes Received By Job
	0  -  Total Bytes Sent By Job
	0  -  Total Bytes Received By Job
	Partitionable Resources :    Usage  Request Allocated
	   Cpus                 :                 1         1
	   Disk (KB)            :       10       10  66832012
	   Memory (MB)          :       48        1      2665
...
