000 (11479041.000.000) 12/04 10:53:36 Job submitted from host: <130.199.153.66:9618?addrs=130.199.153.66-9618&noUDP&sock=8910_0083_4>
...
001 (11479041.000.000) 12/04 10:54:27 Job executing on host: <130.199.201.22:9618?addrs=130.199.201.22-9618&noUDP&sock=22482_5e61_3>
...
006 (11479041.000.000) 12/04 10:54:36 Image size of job updated: 15856
	16  -  MemoryUsage of job (MB)
	15856  -  ResidentSetSize of job (KB)
...
006 (11479041.000.000) 12/04 10:59:37 Image size of job updated: 53324
	53  -  MemoryUsage of job (MB)
	53324  -  ResidentSetSize of job (KB)
...
005 (11479041.000.000) 12/04 11:06:10 Job terminated.
	(1) Normal termination (return value 0)
		Usr 0 00:09:27, Sys 0 00:00:25  -  Run Remote Usage
		Usr 0 00:00:00, Sys 0 00:00:00  -  Run Local Usage
		Usr 0 00:09:27, Sys 0 00:00:25  -  Total Remote Usage
		Usr 0 00:00:00, Sys 0 00:00:00  -  Total Local Usage
	0  -  Run Bytes Sent By Job
	0  -  Run Bytes Received By Job
	0  -  Total Bytes Sent By Job
	0  -  Total Bytes Received By Job
	Partitionable Resources :    Usage  Request Allocated
	   Cpus                 :                 1         1
	   Disk (KB)            :       10       10  47328178
	   Memory (MB)          :       53        1      2005
...
