000 (11478989.000.000) 12/04 10:53:25 Job submitted from host: <130.199.153.66:9618?addrs=130.199.153.66-9618&noUDP&sock=8910_0083_4>
...
001 (11478989.000.000) 12/04 10:54:18 Job executing on host: <130.199.153.41:9618?addrs=130.199.153.41-9618&noUDP&sock=21610_6445_3>
...
006 (11478989.000.000) 12/04 10:54:26 Image size of job updated: 15824
	16  -  MemoryUsage of job (MB)
	15824  -  ResidentSetSize of job (KB)
...
006 (11478989.000.000) 12/04 10:59:26 Image size of job updated: 52008
	51  -  MemoryUsage of job (MB)
	52008  -  ResidentSetSize of job (KB)
...
006 (11478989.000.000) 12/04 11:04:27 Image size of job updated: 53376
	53  -  MemoryUsage of job (MB)
	53376  -  ResidentSetSize of job (KB)
...
005 (11478989.000.000) 12/04 11:07:00 Job terminated.
	(1) Normal termination (return value 0)
		Usr 0 00:10:21, Sys 0 00:00:23  -  Run Remote Usage
		Usr 0 00:00:00, Sys 0 00:00:00  -  Run Local Usage
		Usr 0 00:10:21, Sys 0 00:00:23  -  Total Remote Usage
		Usr 0 00:00:00, Sys 0 00:00:00  -  Total Local Usage
	0  -  Run Bytes Sent By Job
	0  -  Run Bytes Received By Job
	0  -  Total Bytes Sent By Job
	0  -  Total Bytes Received By Job
	Partitionable Resources :    Usage  Request Allocated
	   Cpus                 :                 1         1
	   Disk (KB)            :       10       10  47328248
	   Memory (MB)          :       53        1      2005
...
