000 (11478595.000.000) 12/04 10:51:08 Job submitted from host: <130.199.153.66:9618?addrs=130.199.153.66-9618&noUDP&sock=8910_0083_4>
...
001 (11478595.000.000) 12/04 10:52:58 Job executing on host: <130.199.202.87:9618?addrs=130.199.202.87-9618&noUDP&sock=118306_7479_3>
...
006 (11478595.000.000) 12/04 10:53:16 Image size of job updated: 34196
	34  -  MemoryUsage of job (MB)
	34196  -  ResidentSetSize of job (KB)
...
006 (11478595.000.000) 12/04 10:58:08 Image size of job updated: 40924
	40  -  MemoryUsage of job (MB)
	40924  -  ResidentSetSize of job (KB)
...
006 (11478595.000.000) 12/04 10:58:13 Image size of job updated: 263808
	40  -  MemoryUsage of job (MB)
	40924  -  ResidentSetSize of job (KB)
...
005 (11478595.000.000) 12/04 10:58:13 Job terminated.
	(1) Normal termination (return value 0)
		Usr 0 00:04:20, Sys 0 00:00:13  -  Run Remote Usage
		Usr 0 00:00:00, Sys 0 00:00:00  -  Run Local Usage
		Usr 0 00:04:20, Sys 0 00:00:13  -  Total Remote Usage
		Usr 0 00:00:00, Sys 0 00:00:00  -  Total Local Usage
	0  -  Run Bytes Sent By Job
	0  -  Run Bytes Received By Job
	0  -  Total Bytes Sent By Job
	0  -  Total Bytes Received By Job
	Partitionable Resources :    Usage  Request Allocated
	   Cpus                 :                 1         1
	   Disk (KB)            :       10       10  65563848
	   Memory (MB)          :       40        1      2297
...
