000 (11478881.000.000) 12/04 10:53:01 Job submitted from host: <130.199.153.66:9618?addrs=130.199.153.66-9618&noUDP&sock=8910_0083_4>
...
001 (11478881.000.000) 12/04 10:53:54 Job executing on host: <130.199.150.150:9618?addrs=130.199.150.150-9618&noUDP&sock=21968_b1b4_3>
...
006 (11478881.000.000) 12/04 10:54:03 Image size of job updated: 15720
	16  -  MemoryUsage of job (MB)
	15720  -  ResidentSetSize of job (KB)
...
006 (11478881.000.000) 12/04 10:59:04 Image size of job updated: 55896
	55  -  MemoryUsage of job (MB)
	55796  -  ResidentSetSize of job (KB)
...
005 (11478881.000.000) 12/04 11:03:35 Job terminated.
	(1) Normal termination (return value 0)
		Usr 0 00:07:39, Sys 0 00:00:17  -  Run Remote Usage
		Usr 0 00:00:00, Sys 0 00:00:00  -  Run Local Usage
		Usr 0 00:07:39, Sys 0 00:00:17  -  Total Remote Usage
		Usr 0 00:00:00, Sys 0 00:00:00  -  Total Local Usage
	0  -  Run Bytes Sent By Job
	0  -  Run Bytes Received By Job
	0  -  Total Bytes Sent By Job
	0  -  Total Bytes Received By Job
	Partitionable Resources :    Usage  Request Allocated
	   Cpus                 :                 1         1
	   Disk (KB)            :       10       10  41489364
	   Memory (MB)          :       55        1      2007
...
