000 (11478623.000.000) 12/04 10:51:14 Job submitted from host: <130.199.153.66:9618?addrs=130.199.153.66-9618&noUDP&sock=8910_0083_4>
...
001 (11478623.000.000) 12/04 10:53:03 Job executing on host: <130.199.150.252:9618?addrs=130.199.150.252-9618&noUDP&sock=29405_6928_14>
...
006 (11478623.000.000) 12/04 10:53:11 Image size of job updated: 15888
	15  -  MemoryUsage of job (MB)
	14696  -  ResidentSetSize of job (KB)
...
006 (11478623.000.000) 12/04 10:58:11 Image size of job updated: 48964
	47  -  MemoryUsage of job (MB)
	47388  -  ResidentSetSize of job (KB)
...
006 (11478623.000.000) 12/04 11:03:12 Image size of job updated: 54608
	52  -  MemoryUsage of job (MB)
	53032  -  ResidentSetSize of job (KB)
...
006 (11478623.000.000) 12/04 11:08:12 Image size of job updated: 55512
	53  -  MemoryUsage of job (MB)
	53936  -  ResidentSetSize of job (KB)
...
006 (11478623.000.000) 12/04 11:13:12 Image size of job updated: 65884
	63  -  MemoryUsage of job (MB)
	64308  -  ResidentSetSize of job (KB)
...
005 (11478623.000.000) 12/04 11:13:58 Job terminated.
	(1) Normal termination (return value 0)
		Usr 0 00:17:54, Sys 0 00:00:42  -  Run Remote Usage
		Usr 0 00:00:00, Sys 0 00:00:00  -  Run Local Usage
		Usr 0 00:17:54, Sys 0 00:00:42  -  Total Remote Usage
		Usr 0 00:00:00, Sys 0 00:00:00  -  Total Local Usage
	0  -  Run Bytes Sent By Job
	0  -  Run Bytes Received By Job
	0  -  Total Bytes Sent By Job
	0  -  Total Bytes Received By Job
	Partitionable Resources :    Usage  Request Allocated
	   Cpus                 :                 1         1
	   Disk (KB)            :       10       10  59378667
	   Memory (MB)          :       63        1      2007
...
