000 (11478938.000.000) 12/04 10:53:13 Job submitted from host: <130.199.153.66:9618?addrs=130.199.153.66-9618&noUDP&sock=8910_0083_4>
...
001 (11478938.000.000) 12/04 10:54:06 Job executing on host: <130.199.153.43:9618?addrs=130.199.153.43-9618&noUDP&sock=21825_6fbc_3>
...
006 (11478938.000.000) 12/04 10:54:15 Image size of job updated: 17132
	16  -  MemoryUsage of job (MB)
	15904  -  ResidentSetSize of job (KB)
...
006 (11478938.000.000) 12/04 10:59:16 Image size of job updated: 52032
	50  -  MemoryUsage of job (MB)
	50368  -  ResidentSetSize of job (KB)
...
006 (11478938.000.000) 12/04 11:04:16 Image size of job updated: 61240
	59  -  MemoryUsage of job (MB)
	59576  -  ResidentSetSize of job (KB)
...
005 (11478938.000.000) 12/04 11:04:31 Job terminated.
	(1) Normal termination (return value 0)
		Usr 0 00:08:10, Sys 0 00:00:20  -  Run Remote Usage
		Usr 0 00:00:00, Sys 0 00:00:00  -  Run Local Usage
		Usr 0 00:08:10, Sys 0 00:00:20  -  Total Remote Usage
		Usr 0 00:00:00, Sys 0 00:00:00  -  Total Local Usage
	0  -  Run Bytes Sent By Job
	0  -  Run Bytes Received By Job
	0  -  Total Bytes Sent By Job
	0  -  Total Bytes Received By Job
	Partitionable Resources :    Usage  Request Allocated
	   Cpus                 :                 1         1
	   Disk (KB)            :       10       10  47328112
	   Memory (MB)          :       59        1      2005
...
