000 (11478882.000.000) 12/04 10:53:01 Job submitted from host: <130.199.153.66:9618?addrs=130.199.153.66-9618&noUDP&sock=8910_0083_4>
...
001 (11478882.000.000) 12/04 10:53:54 Job executing on host: <130.199.150.180:9618?addrs=130.199.150.180-9618&noUDP&sock=22591_dda4_3>
...
006 (11478882.000.000) 12/04 10:54:03 Image size of job updated: 15724
	16  -  MemoryUsage of job (MB)
	15724  -  ResidentSetSize of job (KB)
...
006 (11478882.000.000) 12/04 10:59:04 Image size of job updated: 51512
	51  -  MemoryUsage of job (MB)
	51420  -  ResidentSetSize of job (KB)
...
006 (11478882.000.000) 12/04 11:04:04 Image size of job updated: 58712
	58  -  MemoryUsage of job (MB)
	58384  -  ResidentSetSize of job (KB)
...
005 (11478882.000.000) 12/04 11:04:59 Job terminated.
	(1) Normal termination (return value 0)
		Usr 0 00:09:05, Sys 0 00:00:21  -  Run Remote Usage
		Usr 0 00:00:00, Sys 0 00:00:00  -  Run Local Usage
		Usr 0 00:09:05, Sys 0 00:00:21  -  Total Remote Usage
		Usr 0 00:00:00, Sys 0 00:00:00  -  Total Local Usage
	0  -  Run Bytes Sent By Job
	0  -  Run Bytes Received By Job
	0  -  Total Bytes Sent By Job
	0  -  Total Bytes Received By Job
	Partitionable Resources :    Usage  Request Allocated
	   Cpus                 :                 1         1
	   Disk (KB)            :       10       10  41489315
	   Memory (MB)          :       58        1      2007
...
