000 (11478624.000.000) 12/04 10:51:14 Job submitted from host: <130.199.153.66:9618?addrs=130.199.153.66-9618&noUDP&sock=8910_0083_4>
...
001 (11478624.000.000) 12/04 10:53:04 Job executing on host: <130.199.202.72:9618?addrs=130.199.202.72-9618&noUDP&sock=884_dfd4_3>
...
006 (11478624.000.000) 12/04 10:53:13 Image size of job updated: 16100
	15  -  MemoryUsage of job (MB)
	14856  -  ResidentSetSize of job (KB)
...
006 (11478624.000.000) 12/04 10:58:14 Image size of job updated: 47620
	44  -  MemoryUsage of job (MB)
	44760  -  ResidentSetSize of job (KB)
...
006 (11478624.000.000) 12/04 11:03:14 Image size of job updated: 56204
	53  -  MemoryUsage of job (MB)
	53344  -  ResidentSetSize of job (KB)
...
006 (11478624.000.000) 12/04 11:08:14 Image size of job updated: 63028
	59  -  MemoryUsage of job (MB)
	60116  -  ResidentSetSize of job (KB)
...
005 (11478624.000.000) 12/04 11:14:14 Job terminated.
	(1) Normal termination (return value 0)
		Usr 0 00:18:48, Sys 0 00:00:50  -  Run Remote Usage
		Usr 0 00:00:00, Sys 0 00:00:00  -  Run Local Usage
		Usr 0 00:18:48, Sys 0 00:00:50  -  Total Remote Usage
		Usr 0 00:00:00, Sys 0 00:00:00  -  Total Local Usage
	0  -  Run Bytes Sent By Job
	0  -  Run Bytes Received By Job
	0  -  Total Bytes Sent By Job
	0  -  Total Bytes Received By Job
	Partitionable Resources :    Usage  Request Allocated
	   Cpus                 :                 1         1
	   Disk (KB)            :       10       10  65479263
	   Memory (MB)          :       59        1      2008
...
