000 (11478594.000.000) 12/04 10:51:08 Job submitted from host: <130.199.153.66:9618?addrs=130.199.153.66-9618&noUDP&sock=8910_0083_4>
...
001 (11478594.000.000) 12/04 10:52:58 Job executing on host: <130.199.150.206:9618?addrs=130.199.150.206-9618&noUDP&sock=21929_59e5_3>
...
006 (11478594.000.000) 12/04 10:53:06 Image size of job updated: 15744
	16  -  MemoryUsage of job (MB)
	15744  -  ResidentSetSize of job (KB)
...
006 (11478594.000.000) 12/04 10:58:06 Image size of job updated: 45808
	45  -  MemoryUsage of job (MB)
	45808  -  ResidentSetSize of job (KB)
...
005 (11478594.000.000) 12/04 10:59:25 Job terminated.
	(1) Normal termination (return value 0)
		Usr 0 00:05:14, Sys 0 00:00:13  -  Run Remote Usage
		Usr 0 00:00:00, Sys 0 00:00:00  -  Run Local Usage
		Usr 0 00:05:14, Sys 0 00:00:13  -  Total Remote Usage
		Usr 0 00:00:00, Sys 0 00:00:00  -  Total Local Usage
	0  -  Run Bytes Sent By Job
	0  -  Run Bytes Received By Job
	0  -  Total Bytes Sent By Job
	0  -  Total Bytes Received By Job
	Partitionable Resources :    Usage  Request Allocated
	   Cpus                 :                 1         1
	   Disk (KB)            :       10       10  59426359
	   Memory (MB)          :       45        1      2007
...
