000 (11479291.000.000) 12/04 10:54:29 Job submitted from host: <130.199.153.66:9618?addrs=130.199.153.66-9618&noUDP&sock=8910_0083_4>
...
001 (11479291.000.000) 12/04 10:55:14 Job executing on host: <130.199.150.198:9618?addrs=130.199.150.198-9618&noUDP&sock=8674_4f9c_3>
...
006 (11479291.000.000) 12/04 10:55:23 Image size of job updated: 15680
	16  -  MemoryUsage of job (MB)
	15680  -  ResidentSetSize of job (KB)
...
006 (11479291.000.000) 12/04 10:58:14 Image size of job updated: 39068
	16  -  MemoryUsage of job (MB)
	15680  -  ResidentSetSize of job (KB)
...
005 (11479291.000.000) 12/04 10:58:14 Job terminated.
	(1) Normal termination (return value 0)
		Usr 0 00:02:22, Sys 0 00:00:07  -  Run Remote Usage
		Usr 0 00:00:00, Sys 0 00:00:00  -  Run Local Usage
		Usr 0 00:02:22, Sys 0 00:00:07  -  Total Remote Usage
		Usr 0 00:00:00, Sys 0 00:00:00  -  Total Local Usage
	0  -  Run Bytes Sent By Job
	0  -  Run Bytes Received By Job
	0  -  Total Bytes Sent By Job
	0  -  Total Bytes Received By Job
	Partitionable Resources :    Usage  Request Allocated
	   Cpus                 :                 1         1
	   Disk (KB)            :       10       10  41489084
	   Memory (MB)          :       16        1      2007
...
