000 (11478910.000.000) 12/04 10:53:07 Job submitted from host: <130.199.153.66:9618?addrs=130.199.153.66-9618&noUDP&sock=8910_0083_4>
...
001 (11478910.000.000) 12/04 10:54:00 Job executing on host: <130.199.150.149:9618?addrs=130.199.150.149-9618&noUDP&sock=12417_ec59_3>
...
006 (11478910.000.000) 12/04 10:54:09 Image size of job updated: 15776
	16  -  MemoryUsage of job (MB)
	15776  -  ResidentSetSize of job (KB)
...
006 (11478910.000.000) 12/04 10:59:10 Image size of job updated: 54688
	54  -  MemoryUsage of job (MB)
	54608  -  ResidentSetSize of job (KB)
...
005 (11478910.000.000) 12/04 11:05:00 Job terminated.
	(1) Normal termination (return value 0)
		Usr 0 00:09:06, Sys 0 00:00:23  -  Run Remote Usage
		Usr 0 00:00:00, Sys 0 00:00:00  -  Run Local Usage
		Usr 0 00:09:06, Sys 0 00:00:23  -  Total Remote Usage
		Usr 0 00:00:00, Sys 0 00:00:00  -  Total Local Usage
	0  -  Run Bytes Sent By Job
	0  -  Run Bytes Received By Job
	0  -  Total Bytes Sent By Job
	0  -  Total Bytes Received By Job
	Partitionable Resources :    Usage  Request Allocated
	   Cpus                 :                 1         1
	   Disk (KB)            :       10       10  41489003
	   Memory (MB)          :       54        1      2007
...
