000 (11479350.000.000) 12/04 10:54:41 Job submitted from host: <130.199.153.66:9618?addrs=130.199.153.66-9618&noUDP&sock=8910_0083_4>
...
001 (11479350.000.000) 12/04 10:55:22 Job executing on host: <130.199.150.135:9618?addrs=130.199.150.135-9618&noUDP&sock=18914_2447_3>
...
006 (11479350.000.000) 12/04 10:55:31 Image size of job updated: 14484
	15  -  MemoryUsage of job (MB)
	14484  -  ResidentSetSize of job (KB)
...
005 (11479350.000.000) 12/04 10:57:15 Job terminated.
	(1) Normal termination (return value 0)
		Usr 0 00:01:26, Sys 0 00:00:05  -  Run Remote Usage
		Usr 0 00:00:00, Sys 0 00:00:00  -  Run Local Usage
		Usr 0 00:01:26, Sys 0 00:00:05  -  Total Remote Usage
		Usr 0 00:00:00, Sys 0 00:00:00  -  Total Local Usage
	0  -  Run Bytes Sent By Job
	0  -  Run Bytes Received By Job
	0  -  Total Bytes Sent By Job
	0  -  Total Bytes Received By Job
	Partitionable Resources :    Usage  Request Allocated
	   Cpus                 :                 1         1
	   Disk (KB)            :       10       10  41489196
	   Memory (MB)          :       15        1      2007
...
