000 (11478655.000.000) 12/04 10:51:20 Job submitted from host: <130.199.153.66:9618?addrs=130.199.153.66-9618&noUDP&sock=8910_0083_4>
...
001 (11478655.000.000) 12/04 10:53:19 Job executing on host: <130.199.202.66:9618?addrs=130.199.202.66-9618&noUDP&sock=21319_4b3a_3>
...
006 (11478655.000.000) 12/04 10:53:28 Image size of job updated: 14712
	15  -  MemoryUsage of job (MB)
	14712  -  ResidentSetSize of job (KB)
...
006 (11478655.000.000) 12/04 10:58:29 Image size of job updated: 50560
	50  -  MemoryUsage of job (MB)
	50532  -  ResidentSetSize of job (KB)
...
005 (11478655.000.000) 12/04 11:03:10 Job terminated.
	(1) Normal termination (return value 0)
		Usr 0 00:08:27, Sys 0 00:00:20  -  Run Remote Usage
		Usr 0 00:00:00, Sys 0 00:00:00  -  Run Local Usage
		Usr 0 00:08:27, Sys 0 00:00:20  -  Total Remote Usage
		Usr 0 00:00:00, Sys 0 00:00:00  -  Total Local Usage
	0  -  Run Bytes Sent By Job
	0  -  Run Bytes Received By Job
	0  -  Total Bytes Sent By Job
	0  -  Total Bytes Received By Job
	Partitionable Resources :    Usage  Request Allocated
	   Cpus                 :                 1         1
	   Disk (KB)            :       10       10  65479220
	   Memory (MB)          :       50        1      2008
...
