000 (11479118.000.000) 12/04 10:53:51 Job submitted from host: <130.199.153.66:9618?addrs=130.199.153.66-9618&noUDP&sock=8910_0083_4>
...
001 (11479118.000.000) 12/04 10:54:44 Job executing on host: <130.199.201.3:9618?addrs=130.199.201.3-9618&noUDP&sock=8710_b45c_3>
...
006 (11479118.000.000) 12/04 10:54:53 Image size of job updated: 15712
	16  -  MemoryUsage of job (MB)
	15712  -  ResidentSetSize of job (KB)
...
006 (11479118.000.000) 12/04 10:59:54 Image size of job updated: 45944
	45  -  MemoryUsage of job (MB)
	45904  -  ResidentSetSize of job (KB)
...
005 (11479118.000.000) 12/04 11:00:38 Job terminated.
	(1) Normal termination (return value 0)
		Usr 0 00:04:40, Sys 0 00:00:11  -  Run Remote Usage
		Usr 0 00:00:00, Sys 0 00:00:00  -  Run Local Usage
		Usr 0 00:04:40, Sys 0 00:00:11  -  Total Remote Usage
		Usr 0 00:00:00, Sys 0 00:00:00  -  Total Local Usage
	0  -  Run Bytes Sent By Job
	0  -  Run Bytes Received By Job
	0  -  Total Bytes Sent By Job
	0  -  Total Bytes Received By Job
	Partitionable Resources :    Usage  Request Allocated
	   Cpus                 :                 1         1
	   Disk (KB)            :       10       10  47327857
	   Memory (MB)          :       45        1      2005
...
