000 (11479555.000.000) 12/04 10:55:23 Job submitted from host: <130.199.153.66:9618?addrs=130.199.153.66-9618&noUDP&sock=8910_0083_4>
...
001 (11479555.000.000) 12/04 10:55:49 Job executing on host: <130.199.202.28:9618?addrs=130.199.202.28-9618&noUDP&sock=32330_22e7_3>
...
006 (11479555.000.000) 12/04 10:55:57 Image size of job updated: 14404
	15  -  MemoryUsage of job (MB)
	14404  -  ResidentSetSize of job (KB)
...
006 (11479555.000.000) 12/04 10:57:28 Image size of job updated: 263044
	15  -  MemoryUsage of job (MB)
	14404  -  ResidentSetSize of job (KB)
...
005 (11479555.000.000) 12/04 10:57:29 Job terminated.
	(1) Normal termination (return value 0)
		Usr 0 00:01:16, Sys 0 00:00:04  -  Run Remote Usage
		Usr 0 00:00:00, Sys 0 00:00:00  -  Run Local Usage
		Usr 0 00:01:16, Sys 0 00:00:04  -  Total Remote Usage
		Usr 0 00:00:00, Sys 0 00:00:00  -  Total Local Usage
	0  -  Run Bytes Sent By Job
	0  -  Run Bytes Received By Job
	0  -  Total Bytes Sent By Job
	0  -  Total Bytes Received By Job
	Partitionable Resources :    Usage  Request Allocated
	   Cpus                 :                 1         1
	   Disk (KB)            :       10       10  47541127
	   Memory (MB)          :       15        1      2008
...
