000 (11478909.000.000) 12/04 10:53:07 Job submitted from host: <130.199.153.66:9618?addrs=130.199.153.66-9618&noUDP&sock=8910_0083_4>
...
001 (11478909.000.000) 12/04 10:54:00 Job executing on host: <130.199.150.156:9618?addrs=130.199.150.156-9618&noUDP&sock=21961_7a8f_3>
...
006 (11478909.000.000) 12/04 10:54:08 Image size of job updated: 17016
	16  -  MemoryUsage of job (MB)
	15776  -  ResidentSetSize of job (KB)
...
006 (11478909.000.000) 12/04 10:59:08 Image size of job updated: 50392
	48  -  MemoryUsage of job (MB)
	48228  -  ResidentSetSize of job (KB)
...
006 (11478909.000.000) 12/04 11:04:09 Image size of job updated: 61032
	58  -  MemoryUsage of job (MB)
	58816  -  ResidentSetSize of job (KB)
...
005 (11478909.000.000) 12/04 11:04:18 Job terminated.
	(1) Normal termination (return value 0)
		Usr 0 00:08:41, Sys 0 00:00:22  -  Run Remote Usage
		Usr 0 00:00:00, Sys 0 00:00:00  -  Run Local Usage
		Usr 0 00:08:41, Sys 0 00:00:22  -  Total Remote Usage
		Usr 0 00:00:00, Sys 0 00:00:00  -  Total Local Usage
	0  -  Run Bytes Sent By Job
	0  -  Run Bytes Received By Job
	0  -  Total Bytes Sent By Job
	0  -  Total Bytes Received By Job
	Partitionable Resources :    Usage  Request Allocated
	   Cpus                 :                 1         1
	   Disk (KB)            :       10       10  41489383
	   Memory (MB)          :       58        1      2007
...
