000 (11478625.000.000) 12/04 10:51:14 Job submitted from host: <130.199.153.66:9618?addrs=130.199.153.66-9618&noUDP&sock=8910_0083_4>
...
001 (11478625.000.000) 12/04 10:53:05 Job executing on host: <130.199.202.79:9618?addrs=130.199.202.79-9618&noUDP&sock=33600_1348_3>
...
006 (11478625.000.000) 12/04 10:53:13 Image size of job updated: 17164
	16  -  MemoryUsage of job (MB)
	15924  -  ResidentSetSize of job (KB)
...
006 (11478625.000.000) 12/04 10:58:13 Image size of job updated: 56272
	54  -  MemoryUsage of job (MB)
	54564  -  ResidentSetSize of job (KB)
...
006 (11478625.000.000) 12/04 11:03:13 Image size of job updated: 59828
	57  -  MemoryUsage of job (MB)
	58052  -  ResidentSetSize of job (KB)
...
006 (11478625.000.000) 12/04 11:08:14 Image size of job updated: 61912
	59  -  MemoryUsage of job (MB)
	60084  -  ResidentSetSize of job (KB)
...
006 (11478625.000.000) 12/04 11:13:15 Image size of job updated: 66352
	63  -  MemoryUsage of job (MB)
	64512  -  ResidentSetSize of job (KB)
...
005 (11478625.000.000) 12/04 11:13:44 Job terminated.
	(1) Normal termination (return value 0)
		Usr 0 00:18:23, Sys 0 00:00:45  -  Run Remote Usage
		Usr 0 00:00:00, Sys 0 00:00:00  -  Run Local Usage
		Usr 0 00:18:23, Sys 0 00:00:45  -  Total Remote Usage
		Usr 0 00:00:00, Sys 0 00:00:00  -  Total Local Usage
	0  -  Run Bytes Sent By Job
	0  -  Run Bytes Received By Job
	0  -  Total Bytes Sent By Job
	0  -  Total Bytes Received By Job
	Partitionable Resources :    Usage  Request Allocated
	   Cpus                 :                 1         1
	   Disk (KB)            :       10       10  65479203
	   Memory (MB)          :       63        1      2008
...
