000 (11478969.000.000) 12/04 10:53:19 Job submitted from host: <130.199.153.66:9618?addrs=130.199.153.66-9618&noUDP&sock=8910_0083_4>
...
001 (11478969.000.000) 12/04 10:54:14 Job executing on host: <130.199.152.27:9618?addrs=130.199.152.27-9618&noUDP&sock=22588_ea94_3>
...
006 (11478969.000.000) 12/04 10:54:23 Image size of job updated: 14512
	15  -  MemoryUsage of job (MB)
	14512  -  ResidentSetSize of job (KB)
...
006 (11478969.000.000) 12/04 10:59:24 Image size of job updated: 43392
	43  -  MemoryUsage of job (MB)
	43392  -  ResidentSetSize of job (KB)
...
005 (11478969.000.000) 12/04 11:00:49 Job terminated.
	(1) Normal termination (return value 0)
		Usr 0 00:05:05, Sys 0 00:00:13  -  Run Remote Usage
		Usr 0 00:00:00, Sys 0 00:00:00  -  Run Local Usage
		Usr 0 00:05:05, Sys 0 00:00:13  -  Total Remote Usage
		Usr 0 00:00:00, Sys 0 00:00:00  -  Total Local Usage
	0  -  Run Bytes Sent By Job
	0  -  Run Bytes Received By Job
	0  -  Total Bytes Sent By Job
	0  -  Total Bytes Received By Job
	Partitionable Resources :    Usage  Request Allocated
	   Cpus                 :                 1         1
	   Disk (KB)            :       10       10  32976582
	   Memory (MB)          :       43        1      2005
...
