000 (11479378.000.000) 12/04 10:54:47 Job submitted from host: <130.199.153.66:9618?addrs=130.199.153.66-9618&noUDP&sock=8910_0083_4>
...
001 (11479378.000.000) 12/04 10:55:27 Job executing on host: <130.199.152.14:9618?addrs=130.199.152.14-9618&noUDP&sock=9834_6fb4_3>
...
006 (11479378.000.000) 12/04 10:55:36 Image size of job updated: 15568
	16  -  MemoryUsage of job (MB)
	15568  -  ResidentSetSize of job (KB)
...
006 (11479378.000.000) 12/04 10:58:47 Image size of job updated: 41320
	16  -  MemoryUsage of job (MB)
	15568  -  ResidentSetSize of job (KB)
...
005 (11479378.000.000) 12/04 10:58:47 Job terminated.
	(1) Normal termination (return value 0)
		Usr 0 00:02:38, Sys 0 00:00:08  -  Run Remote Usage
		Usr 0 00:00:00, Sys 0 00:00:00  -  Run Local Usage
		Usr 0 00:02:38, Sys 0 00:00:08  -  Total Remote Usage
		Usr 0 00:00:00, Sys 0 00:00:00  -  Total Local Usage
	0  -  Run Bytes Sent By Job
	0  -  Run Bytes Received By Job
	0  -  Total Bytes Sent By Job
	0  -  Total Bytes Received By Job
	Partitionable Resources :    Usage  Request Allocated
	   Cpus                 :                 1         1
	   Disk (KB)            :       10       10  32976529
	   Memory (MB)          :       16        1      2005
...
