000 (11478908.000.000) 12/04 10:53:07 Job submitted from host: <130.199.153.66:9618?addrs=130.199.153.66-9618&noUDP&sock=8910_0083_4>
...
001 (11478908.000.000) 12/04 10:54:00 Job executing on host: <130.199.150.147:9618?addrs=130.199.150.147-9618&noUDP&sock=22003_c56e_3>
...
006 (11478908.000.000) 12/04 10:54:08 Image size of job updated: 16936
	16  -  MemoryUsage of job (MB)
	15740  -  ResidentSetSize of job (KB)
...
006 (11478908.000.000) 12/04 10:59:08 Image size of job updated: 53896
	52  -  MemoryUsage of job (MB)
	52288  -  ResidentSetSize of job (KB)
...
006 (11478908.000.000) 12/04 11:04:08 Image size of job updated: 59364
	57  -  MemoryUsage of job (MB)
	57756  -  ResidentSetSize of job (KB)
...
005 (11478908.000.000) 12/04 11:05:16 Job terminated.
	(1) Normal termination (return value 0)
		Usr 0 00:09:25, Sys 0 00:00:22  -  Run Remote Usage
		Usr 0 00:00:00, Sys 0 00:00:00  -  Run Local Usage
		Usr 0 00:09:25, Sys 0 00:00:22  -  Total Remote Usage
		Usr 0 00:00:00, Sys 0 00:00:00  -  Total Local Usage
	0  -  Run Bytes Sent By Job
	0  -  Run Bytes Received By Job
	0  -  Total Bytes Sent By Job
	0  -  Total Bytes Received By Job
	Partitionable Resources :    Usage  Request Allocated
	   Cpus                 :                 1         1
	   Disk (KB)            :       10       10  41489041
	   Memory (MB)          :       57        1      2007
...
