000 (11479086.000.000) 12/04 10:53:45 Job submitted from host: <130.199.153.66:9618?addrs=130.199.153.66-9618&noUDP&sock=8910_0083_4>
...
001 (11479086.000.000) 12/04 10:54:37 Job executing on host: <130.199.153.46:9618?addrs=130.199.153.46-9618&noUDP&sock=17857_9d53_3>
...
006 (11479086.000.000) 12/04 10:54:45 Image size of job updated: 15808
	16  -  MemoryUsage of job (MB)
	15808  -  ResidentSetSize of job (KB)
...
006 (11479086.000.000) 12/04 10:59:45 Image size of job updated: 55188
	54  -  MemoryUsage of job (MB)
	55188  -  ResidentSetSize of job (KB)
...
005 (11479086.000.000) 12/04 11:03:41 Job terminated.
	(1) Normal termination (return value 0)
		Usr 0 00:07:11, Sys 0 00:00:19  -  Run Remote Usage
		Usr 0 00:00:00, Sys 0 00:00:00  -  Run Local Usage
		Usr 0 00:07:11, Sys 0 00:00:19  -  Total Remote Usage
		Usr 0 00:00:00, Sys 0 00:00:00  -  Total Local Usage
	0  -  Run Bytes Sent By Job
	0  -  Run Bytes Received By Job
	0  -  Total Bytes Sent By Job
	0  -  Total Bytes Received By Job
	Partitionable Resources :    Usage  Request Allocated
	   Cpus                 :                 1         1
	   Disk (KB)            :       10       10  47328031
	   Memory (MB)          :       54        1      2005
...
