000 (11478818.000.000) 12/04 10:52:47 Job submitted from host: <130.199.153.66:9618?addrs=130.199.153.66-9618&noUDP&sock=8910_0083_4>
...
001 (11478818.000.000) 12/04 10:53:42 Job executing on host: <130.199.202.86:9618?addrs=130.199.202.86-9618&noUDP&sock=14880_6e80_3>
...
006 (11478818.000.000) 12/04 10:53:51 Image size of job updated: 14712
	15  -  MemoryUsage of job (MB)
	14700  -  ResidentSetSize of job (KB)
...
006 (11478818.000.000) 12/04 10:58:52 Image size of job updated: 46140
	46  -  MemoryUsage of job (MB)
	46128  -  ResidentSetSize of job (KB)
...
005 (11478818.000.000) 12/04 10:59:32 Job terminated.
	(1) Normal termination (return value 0)
		Usr 0 00:04:49, Sys 0 00:00:16  -  Run Remote Usage
		Usr 0 00:00:00, Sys 0 00:00:00  -  Run Local Usage
		Usr 0 00:04:49, Sys 0 00:00:16  -  Total Remote Usage
		Usr 0 00:00:00, Sys 0 00:00:00  -  Total Local Usage
	0  -  Run Bytes Sent By Job
	0  -  Run Bytes Received By Job
	0  -  Total Bytes Sent By Job
	0  -  Total Bytes Received By Job
	Partitionable Resources :    Usage  Request Allocated
	   Cpus                 :                 1         1
	   Disk (KB)            :       10       10  65563846
	   Memory (MB)          :       46        1      2297
...
