000 (11478573.000.000) 12/04 10:51:03 Job submitted from host: <130.199.153.66:9618?addrs=130.199.153.66-9618&noUDP&sock=8910_0083_4>
...
001 (11478573.000.000) 12/04 10:52:52 Job executing on host: <130.199.150.246:9618?addrs=130.199.150.246-9618&noUDP&sock=22564_5215_3>
...
006 (11478573.000.000) 12/04 10:53:01 Image size of job updated: 17284
	16  -  MemoryUsage of job (MB)
	16068  -  ResidentSetSize of job (KB)
...
005 (11478573.000.000) 12/04 10:57:04 Job terminated.
	(1) Normal termination (return value 0)
		Usr 0 00:03:25, Sys 0 00:00:09  -  Run Remote Usage
		Usr 0 00:00:00, Sys 0 00:00:00  -  Run Local Usage
		Usr 0 00:03:25, Sys 0 00:00:09  -  Total Remote Usage
		Usr 0 00:00:00, Sys 0 00:00:00  -  Total Local Usage
	0  -  Run Bytes Sent By Job
	0  -  Run Bytes Received By Job
	0  -  Total Bytes Sent By Job
	0  -  Total Bytes Received By Job
	Partitionable Resources :    Usage  Request Allocated
	   Cpus                 :                 1         1
	   Disk (KB)            :       10       10  59425899
	   Memory (MB)          :       16        1      2007
...
