000 (11478839.000.000) 12/04 10:52:53 Job submitted from host: <130.199.153.66:9618?addrs=130.199.153.66-9618&noUDP&sock=8910_0083_4>
...
001 (11478839.000.000) 12/04 10:53:47 Job executing on host: <130.199.150.142:9618?addrs=130.199.150.142-9618&noUDP&sock=8384_8797_3>
...
006 (11478839.000.000) 12/04 10:53:55 Image size of job updated: 15844
	15  -  MemoryUsage of job (MB)
	14560  -  ResidentSetSize of job (KB)
...
005 (11478839.000.000) 12/04 10:56:29 Job terminated.
	(1) Normal termination (return value 0)
		Usr 0 00:02:09, Sys 0 00:00:08  -  Run Remote Usage
		Usr 0 00:00:00, Sys 0 00:00:00  -  Run Local Usage
		Usr 0 00:02:09, Sys 0 00:00:08  -  Total Remote Usage
		Usr 0 00:00:00, Sys 0 00:00:00  -  Total Local Usage
	0  -  Run Bytes Sent By Job
	0  -  Run Bytes Received By Job
	0  -  Total Bytes Sent By Job
	0  -  Total Bytes Received By Job
	Partitionable Resources :    Usage  Request Allocated
	   Cpus                 :                 1         1
	   Disk (KB)            :       10       10  41489083
	   Memory (MB)          :       15        1      2007
...
