000 (11479119.000.000) 12/04 10:53:51 Job submitted from host: <130.199.153.66:9618?addrs=130.199.153.66-9618&noUDP&sock=8910_0083_4>
...
001 (11479119.000.000) 12/04 10:54:44 Job executing on host: <130.199.201.2:9618?addrs=130.199.201.2-9618&noUDP&sock=13134_d83d_3>
...
006 (11479119.000.000) 12/04 10:54:53 Image size of job updated: 14524
	15  -  MemoryUsage of job (MB)
	14524  -  ResidentSetSize of job (KB)
...
006 (11479119.000.000) 12/04 10:59:54 Image size of job updated: 46728
	46  -  MemoryUsage of job (MB)
	46720  -  ResidentSetSize of job (KB)
...
005 (11479119.000.000) 12/04 11:01:05 Job terminated.
	(1) Normal termination (return value 0)
		Usr 0 00:04:55, Sys 0 00:00:12  -  Run Remote Usage
		Usr 0 00:00:00, Sys 0 00:00:00  -  Run Local Usage
		Usr 0 00:04:55, Sys 0 00:00:12  -  Total Remote Usage
		Usr 0 00:00:00, Sys 0 00:00:00  -  Total Local Usage
	0  -  Run Bytes Sent By Job
	0  -  Run Bytes Received By Job
	0  -  Total Bytes Sent By Job
	0  -  Total Bytes Received By Job
	Partitionable Resources :    Usage  Request Allocated
	   Cpus                 :                 1         1
	   Disk (KB)            :       10       10  47327968
	   Memory (MB)          :       46        1      2005
...
