000 (11479120.000.000) 12/04 10:53:51 Job submitted from host: <130.199.153.66:9618?addrs=130.199.153.66-9618&noUDP&sock=8910_0083_4>
...
001 (11479120.000.000) 12/04 10:54:45 Job executing on host: <130.199.152.3:9618?addrs=130.199.152.3-9618&noUDP&sock=22511_8bfb_3>
...
006 (11479120.000.000) 12/04 10:54:53 Image size of job updated: 27772
	16  -  MemoryUsage of job (MB)
	15596  -  ResidentSetSize of job (KB)
...
006 (11479120.000.000) 12/04 10:59:53 Image size of job updated: 59568
	45  -  MemoryUsage of job (MB)
	45704  -  ResidentSetSize of job (KB)
...
006 (11479120.000.000) 12/04 11:00:59 Image size of job updated: 59568
	45  -  MemoryUsage of job (MB)
	45708  -  ResidentSetSize of job (KB)
...
005 (11479120.000.000) 12/04 11:01:00 Job terminated.
	(1) Normal termination (return value 0)
		Usr 0 00:05:02, Sys 0 00:00:13  -  Run Remote Usage
		Usr 0 00:00:00, Sys 0 00:00:00  -  Run Local Usage
		Usr 0 00:05:02, Sys 0 00:00:13  -  Total Remote Usage
		Usr 0 00:00:00, Sys 0 00:00:00  -  Total Local Usage
	0  -  Run Bytes Sent By Job
	0  -  Run Bytes Received By Job
	0  -  Total Bytes Sent By Job
	0  -  Total Bytes Received By Job
	Partitionable Resources :    Usage  Request Allocated
	   Cpus                 :                 1         1
	   Disk (KB)            :       10       10  32976518
	   Memory (MB)          :       45        1      2005
...
