000 (11478653.000.000) 12/04 10:51:20 Job submitted from host: <130.199.153.66:9618?addrs=130.199.153.66-9618&noUDP&sock=8910_0083_4>
...
001 (11478653.000.000) 12/04 10:53:09 Job executing on host: <130.199.202.79:9618?addrs=130.199.202.79-9618&noUDP&sock=33600_1348_3>
...
006 (11478653.000.000) 12/04 10:53:18 Image size of job updated: 15996
	16  -  MemoryUsage of job (MB)
	15996  -  ResidentSetSize of job (KB)
...
006 (11478653.000.000) 12/04 10:58:19 Image size of job updated: 51812
	50  -  MemoryUsage of job (MB)
	50696  -  ResidentSetSize of job (KB)
...
006 (11478653.000.000) 12/04 11:03:20 Image size of job updated: 56048
	54  -  MemoryUsage of job (MB)
	54876  -  ResidentSetSize of job (KB)
...
005 (11478653.000.000) 12/04 11:03:52 Job terminated.
	(1) Normal termination (return value 0)
		Usr 0 00:09:24, Sys 0 00:00:27  -  Run Remote Usage
		Usr 0 00:00:00, Sys 0 00:00:00  -  Run Local Usage
		Usr 0 00:09:24, Sys 0 00:00:27  -  Total Remote Usage
		Usr 0 00:00:00, Sys 0 00:00:00  -  Total Local Usage
	0  -  Run Bytes Sent By Job
	0  -  Run Bytes Received By Job
	0  -  Total Bytes Sent By Job
	0  -  Total Bytes Received By Job
	Partitionable Resources :    Usage  Request Allocated
	   Cpus                 :                 1         1
	   Disk (KB)            :       10       10  65479203
	   Memory (MB)          :       54        1      2008
...
