000 (11479042.000.000) 12/04 10:53:36 Job submitted from host: <130.199.153.66:9618?addrs=130.199.153.66-9618&noUDP&sock=8910_0083_4>
...
001 (11479042.000.000) 12/04 10:54:28 Job executing on host: <130.199.201.43:9618?addrs=130.199.201.43-9618&noUDP&sock=16339_2fcd_3>
...
006 (11479042.000.000) 12/04 10:54:36 Image size of job updated: 18696
	16  -  MemoryUsage of job (MB)
	15780  -  ResidentSetSize of job (KB)
...
006 (11479042.000.000) 12/04 10:59:36 Image size of job updated: 57420
	52  -  MemoryUsage of job (MB)
	53024  -  ResidentSetSize of job (KB)
...
005 (11479042.000.000) 12/04 11:04:39 Job terminated.
	(1) Normal termination (return value 0)
		Usr 0 00:08:31, Sys 0 00:00:18  -  Run Remote Usage
		Usr 0 00:00:00, Sys 0 00:00:00  -  Run Local Usage
		Usr 0 00:08:31, Sys 0 00:00:18  -  Total Remote Usage
		Usr 0 00:00:00, Sys 0 00:00:00  -  Total Local Usage
	0  -  Run Bytes Sent By Job
	0  -  Run Bytes Received By Job
	0  -  Total Bytes Sent By Job
	0  -  Total Bytes Received By Job
	Partitionable Resources :    Usage  Request Allocated
	   Cpus                 :                 1         1
	   Disk (KB)            :       10       10  47328034
	   Memory (MB)          :       52        1      2005
...
