000 (11478940.000.000) 12/04 10:53:13 Job submitted from host: <130.199.153.66:9618?addrs=130.199.153.66-9618&noUDP&sock=8910_0083_4>
...
001 (11478940.000.000) 12/04 10:54:07 Job executing on host: <130.199.202.3:9618?addrs=130.199.202.3-9618&noUDP&sock=9633_d287_3>
...
006 (11478940.000.000) 12/04 10:54:15 Image size of job updated: 15784
	16  -  MemoryUsage of job (MB)
	15784  -  ResidentSetSize of job (KB)
...
006 (11478940.000.000) 12/04 10:59:15 Image size of job updated: 52596
	52  -  MemoryUsage of job (MB)
	52564  -  ResidentSetSize of job (KB)
...
005 (11478940.000.000) 12/04 11:03:10 Job terminated.
	(1) Normal termination (return value 0)
		Usr 0 00:07:37, Sys 0 00:00:19  -  Run Remote Usage
		Usr 0 00:00:00, Sys 0 00:00:00  -  Run Local Usage
		Usr 0 00:07:37, Sys 0 00:00:19  -  Total Remote Usage
		Usr 0 00:00:00, Sys 0 00:00:00  -  Total Local Usage
	0  -  Run Bytes Sent By Job
	0  -  Run Bytes Received By Job
	0  -  Total Bytes Sent By Job
	0  -  Total Bytes Received By Job
	Partitionable Resources :    Usage  Request Allocated
	   Cpus                 :                 1         1
	   Disk (KB)            :       10       10  47540283
	   Memory (MB)          :       52        1      2008
...
