000 (11478679.000.000) 12/04 10:51:49 Job submitted from host: <130.199.153.66:9618?addrs=130.199.153.66-9618&noUDP&sock=8910_0083_4>
...
001 (11478679.000.000) 12/04 10:53:17 Job executing on host: <130.199.150.208:9618?addrs=130.199.150.208-9618&noUDP&sock=22075_8eed_3>
...
006 (11478679.000.000) 12/04 10:53:25 Image size of job updated: 15716
	16  -  MemoryUsage of job (MB)
	15716  -  ResidentSetSize of job (KB)
...
006 (11478679.000.000) 12/04 10:58:25 Image size of job updated: 51348
	51  -  MemoryUsage of job (MB)
	51348  -  ResidentSetSize of job (KB)
...
006 (11478679.000.000) 12/04 11:03:26 Image size of job updated: 54600
	54  -  MemoryUsage of job (MB)
	54600  -  ResidentSetSize of job (KB)
...
006 (11478679.000.000) 12/04 11:08:27 Image size of job updated: 59320
	58  -  MemoryUsage of job (MB)
	59320  -  ResidentSetSize of job (KB)
...
006 (11478679.000.000) 12/04 11:13:27 Image size of job updated: 62144
	61  -  MemoryUsage of job (MB)
	62144  -  ResidentSetSize of job (KB)
...
005 (11478679.000.000) 12/04 11:16:23 Job terminated.
	(1) Normal termination (return value 0)
		Usr 0 00:16:40, Sys 0 00:00:43  -  Run Remote Usage
		Usr 0 00:00:00, Sys 0 00:00:00  -  Run Local Usage
		Usr 0 00:16:40, Sys 0 00:00:43  -  Total Remote Usage
		Usr 0 00:00:00, Sys 0 00:00:00  -  Total Local Usage
	0  -  Run Bytes Sent By Job
	0  -  Run Bytes Received By Job
	0  -  Total Bytes Sent By Job
	0  -  Total Bytes Received By Job
	Partitionable Resources :    Usage  Request Allocated
	   Cpus                 :                 1         1
	   Disk (KB)            :       10       10  59426271
	   Memory (MB)          :       61        1      2007
...
