000 (11479438.000.000) 12/04 10:54:59 Job submitted from host: <130.199.153.66:9618?addrs=130.199.153.66-9618&noUDP&sock=8910_0083_4>
...
001 (11479438.000.000) 12/04 10:55:39 Job executing on host: <130.199.153.226:9618?addrs=130.199.153.226-9618&noUDP&sock=22089_fd37_3>
...
006 (11479438.000.000) 12/04 10:55:47 Image size of job updated: 17304
	15  -  MemoryUsage of job (MB)
	14420  -  ResidentSetSize of job (KB)
...
006 (11479438.000.000) 12/04 10:56:12 Image size of job updated: 41404
	15  -  MemoryUsage of job (MB)
	14420  -  ResidentSetSize of job (KB)
...
005 (11479438.000.000) 12/04 10:56:12 Job terminated.
	(1) Normal termination (return value 0)
		Usr 0 00:00:24, Sys 0 00:00:02  -  Run Remote Usage
		Usr 0 00:00:00, Sys 0 00:00:00  -  Run Local Usage
		Usr 0 00:00:24, Sys 0 00:00:02  -  Total Remote Usage
		Usr 0 00:00:00, Sys 0 00:00:00  -  Total Local Usage
	0  -  Run Bytes Sent By Job
	0  -  Run Bytes Received By Job
	0  -  Total Bytes Sent By Job
	0  -  Total Bytes Received By Job
	Partitionable Resources :    Usage  Request Allocated
	   Cpus                 :                 1         1
	   Disk (KB)            :       10       10  47328220
	   Memory (MB)          :       15        1      2005
...
