000 (11479231.000.000) 12/04 10:54:15 Job submitted from host: <130.199.153.66:9618?addrs=130.199.153.66-9618&noUDP&sock=8910_0083_4>
...
001 (11479231.000.000) 12/04 10:55:01 Job executing on host: <130.199.201.58:9618?addrs=130.199.201.58-9618&noUDP&sock=22437_2072_3>
...
006 (11479231.000.000) 12/04 10:55:09 Image size of job updated: 15696
	16  -  MemoryUsage of job (MB)
	15696  -  ResidentSetSize of job (KB)
...
005 (11479231.000.000) 12/04 10:57:28 Job terminated.
	(1) Normal termination (return value 0)
		Usr 0 00:01:40, Sys 0 00:00:07  -  Run Remote Usage
		Usr 0 00:00:00, Sys 0 00:00:00  -  Run Local Usage
		Usr 0 00:01:40, Sys 0 00:00:07  -  Total Remote Usage
		Usr 0 00:00:00, Sys 0 00:00:00  -  Total Local Usage
	0  -  Run Bytes Sent By Job
	0  -  Run Bytes Received By Job
	0  -  Total Bytes Sent By Job
	0  -  Total Bytes Received By Job
	Partitionable Resources :    Usage  Request Allocated
	   Cpus                 :                 1         1
	   Disk (KB)            :       10       10  47327796
	   Memory (MB)          :       16        1      2005
...
