000 (11478841.000.000) 12/04 10:52:53 Job submitted from host: <130.199.153.66:9618?addrs=130.199.153.66-9618&noUDP&sock=8910_0083_4>
...
001 (11478841.000.000) 12/04 10:53:47 Job executing on host: <130.199.150.196:9618?addrs=130.199.150.196-9618&noUDP&sock=22546_9fb5_3>
...
006 (11478841.000.000) 12/04 10:53:55 Image size of job updated: 15756
	16  -  MemoryUsage of job (MB)
	15756  -  ResidentSetSize of job (KB)
...
005 (11478841.000.000) 12/04 10:55:17 Job terminated.
	(1) Normal termination (return value 0)
		Usr 0 00:01:05, Sys 0 00:00:04  -  Run Remote Usage
		Usr 0 00:00:00, Sys 0 00:00:00  -  Run Local Usage
		Usr 0 00:01:05, Sys 0 00:00:04  -  Total Remote Usage
		Usr 0 00:00:00, Sys 0 00:00:00  -  Total Local Usage
	0  -  Run Bytes Sent By Job
	0  -  Run Bytes Received By Job
	0  -  Total Bytes Sent By Job
	0  -  Total Bytes Received By Job
	Partitionable Resources :    Usage  Request Allocated
	   Cpus                 :                 1         1
	   Disk (KB)            :       10       10  41489294
	   Memory (MB)          :       16        1      2007
...
