000 (11479498.000.000) 12/04 10:55:11 Job submitted from host: <130.199.153.66:9618?addrs=130.199.153.66-9618&noUDP&sock=8910_0083_4>
...
001 (11479498.000.000) 12/04 10:55:50 Job executing on host: <130.199.153.68:9618?addrs=130.199.153.68-9618&noUDP&sock=7348_a612_3>
...
006 (11479498.000.000) 12/04 10:55:59 Image size of job updated: 14532
	15  -  MemoryUsage of job (MB)
	14532  -  ResidentSetSize of job (KB)
...
005 (11479498.000.000) 12/04 10:59:22 Job terminated.
	(1) Normal termination (return value 0)
		Usr 0 00:02:37, Sys 0 00:00:27  -  Run Remote Usage
		Usr 0 00:00:00, Sys 0 00:00:00  -  Run Local Usage
		Usr 0 00:02:37, Sys 0 00:00:27  -  Total Remote Usage
		Usr 0 00:00:00, Sys 0 00:00:00  -  Total Local Usage
	0  -  Run Bytes Sent By Job
	0  -  Run Bytes Received By Job
	0  -  Total Bytes Sent By Job
	0  -  Total Bytes Received By Job
	Partitionable Resources :    Usage  Request Allocated
	   Cpus                 :                 1         1
	   Disk (KB)            :       10       10 189288993
	   Memory (MB)          :       15        1      2005
...
