000 (11478654.000.000) 12/04 10:51:20 Job submitted from host: <130.199.153.66:9618?addrs=130.199.153.66-9618&noUDP&sock=8910_0083_4>
...
001 (11478654.000.000) 12/04 10:53:17 Job executing on host: <130.199.202.75:9618?addrs=130.199.202.75-9618&noUDP&sock=12669_ad94_3>
...
006 (11478654.000.000) 12/04 10:53:25 Image size of job updated: 17108
	16  -  MemoryUsage of job (MB)
	15908  -  ResidentSetSize of job (KB)
...
006 (11478654.000.000) 12/04 10:58:25 Image size of job updated: 57900
	55  -  MemoryUsage of job (MB)
	56284  -  ResidentSetSize of job (KB)
...
005 (11478654.000.000) 12/04 11:04:42 Job terminated.
	(1) Normal termination (return value 0)
		Usr 0 00:09:41, Sys 0 00:00:30  -  Run Remote Usage
		Usr 0 00:00:00, Sys 0 00:00:00  -  Run Local Usage
		Usr 0 00:09:41, Sys 0 00:00:30  -  Total Remote Usage
		Usr 0 00:00:00, Sys 0 00:00:00  -  Total Local Usage
	0  -  Run Bytes Sent By Job
	0  -  Run Bytes Received By Job
	0  -  Total Bytes Sent By Job
	0  -  Total Bytes Received By Job
	Partitionable Resources :    Usage  Request Allocated
	   Cpus                 :                 1         1
	   Disk (KB)            :       10       10  65479292
	   Memory (MB)          :       55        1      2008
...
