000 (11479351.000.000) 12/04 10:54:41 Job submitted from host: <130.199.153.66:9618?addrs=130.199.153.66-9618&noUDP&sock=8910_0083_4>
...
001 (11479351.000.000) 12/04 10:55:23 Job executing on host: <130.199.150.178:9618?addrs=130.199.150.178-9618&noUDP&sock=22504_54d6_3>
...
006 (11479351.000.000) 12/04 10:55:32 Image size of job updated: 15568
	16  -  MemoryUsage of job (MB)
	15568  -  ResidentSetSize of job (KB)
...
006 (11479351.000.000) 12/04 10:57:21 Image size of job updated: 260624
	16  -  MemoryUsage of job (MB)
	15568  -  ResidentSetSize of job (KB)
...
005 (11479351.000.000) 12/04 10:57:22 Job terminated.
	(1) Normal termination (return value 0)
		Usr 0 00:01:28, Sys 0 00:00:05  -  Run Remote Usage
		Usr 0 00:00:00, Sys 0 00:00:00  -  Run Local Usage
		Usr 0 00:01:28, Sys 0 00:00:05  -  Total Remote Usage
		Usr 0 00:00:00, Sys 0 00:00:00  -  Total Local Usage
	0  -  Run Bytes Sent By Job
	0  -  Run Bytes Received By Job
	0  -  Total Bytes Sent By Job
	0  -  Total Bytes Received By Job
	Partitionable Resources :    Usage  Request Allocated
	   Cpus                 :                 1         1
	   Disk (KB)            :       10       10  41489389
	   Memory (MB)          :       16        1      2007
...
