000 (11479088.000.000) 12/04 10:53:45 Job submitted from host: <130.199.153.66:9618?addrs=130.199.153.66-9618&noUDP&sock=8910_0083_4>
...
001 (11479088.000.000) 12/04 10:54:37 Job executing on host: <130.199.153.58:9618?addrs=130.199.153.58-9618&noUDP&sock=7448_4c26_3>
...
006 (11479088.000.000) 12/04 10:54:45 Image size of job updated: 14544
	15  -  MemoryUsage of job (MB)
	14544  -  ResidentSetSize of job (KB)
...
006 (11479088.000.000) 12/04 10:59:15 Image size of job updated: 39852
	15  -  MemoryUsage of job (MB)
	14544  -  ResidentSetSize of job (KB)
...
005 (11479088.000.000) 12/04 10:59:15 Job terminated.
	(1) Normal termination (return value 0)
		Usr 0 00:03:35, Sys 0 00:00:12  -  Run Remote Usage
		Usr 0 00:00:00, Sys 0 00:00:00  -  Run Local Usage
		Usr 0 00:03:35, Sys 0 00:00:12  -  Total Remote Usage
		Usr 0 00:00:00, Sys 0 00:00:00  -  Total Local Usage
	0  -  Run Bytes Sent By Job
	0  -  Run Bytes Received By Job
	0  -  Total Bytes Sent By Job
	0  -  Total Bytes Received By Job
	Partitionable Resources :    Usage  Request Allocated
	   Cpus                 :                 1         1
	   Disk (KB)            :       10       10 189257963
	   Memory (MB)          :       15        1      2005
...
