000 (11479264.000.000) 12/04 10:54:22 Job submitted from host: <130.199.153.66:9618?addrs=130.199.153.66-9618&noUDP&sock=8910_0083_4>
...
001 (11479264.000.000) 12/04 10:55:08 Job executing on host: <130.199.202.14:9618?addrs=130.199.202.14-9618&noUDP&sock=43193_2382_3>
...
006 (11479264.000.000) 12/04 10:55:17 Image size of job updated: 15632
	15  -  MemoryUsage of job (MB)
	14400  -  ResidentSetSize of job (KB)
...
006 (11479264.000.000) 12/04 10:58:51 Image size of job updated: 261348
	15  -  MemoryUsage of job (MB)
	14400  -  ResidentSetSize of job (KB)
...
005 (11479264.000.000) 12/04 10:58:51 Job terminated.
	(1) Normal termination (return value 0)
		Usr 0 00:02:51, Sys 0 00:00:10  -  Run Remote Usage
		Usr 0 00:00:00, Sys 0 00:00:00  -  Run Local Usage
		Usr 0 00:02:51, Sys 0 00:00:10  -  Total Remote Usage
		Usr 0 00:00:00, Sys 0 00:00:00  -  Total Local Usage
	0  -  Run Bytes Sent By Job
	0  -  Run Bytes Received By Job
	0  -  Total Bytes Sent By Job
	0  -  Total Bytes Received By Job
	Partitionable Resources :    Usage  Request Allocated
	   Cpus                 :                 1         1
	   Disk (KB)            :       10       10  47541099
	   Memory (MB)          :       15        1      2008
...
