000 (11479058.000.000) 12/04 10:53:39 Job submitted from host: <130.199.153.66:9618?addrs=130.199.153.66-9618&noUDP&sock=8910_0083_4>
...
001 (11479058.000.000) 12/04 10:54:30 Job executing on host: <130.199.152.14:9618?addrs=130.199.152.14-9618&noUDP&sock=9834_6fb4_3>
...
006 (11479058.000.000) 12/04 10:54:39 Image size of job updated: 32612
	16  -  MemoryUsage of job (MB)
	15716  -  ResidentSetSize of job (KB)
...
006 (11479058.000.000) 12/04 10:59:39 Image size of job updated: 67616
	48  -  MemoryUsage of job (MB)
	48960  -  ResidentSetSize of job (KB)
...
006 (11479058.000.000) 12/04 11:01:43 Image size of job updated: 270236
	48  -  MemoryUsage of job (MB)
	48960  -  ResidentSetSize of job (KB)
...
005 (11479058.000.000) 12/04 11:01:43 Job terminated.
	(1) Normal termination (return value 0)
		Usr 0 00:05:48, Sys 0 00:00:17  -  Run Remote Usage
		Usr 0 00:00:00, Sys 0 00:00:00  -  Run Local Usage
		Usr 0 00:05:48, Sys 0 00:00:17  -  Total Remote Usage
		Usr 0 00:00:00, Sys 0 00:00:00  -  Total Local Usage
	0  -  Run Bytes Sent By Job
	0  -  Run Bytes Received By Job
	0  -  Total Bytes Sent By Job
	0  -  Total Bytes Received By Job
	Partitionable Resources :    Usage  Request Allocated
	   Cpus                 :                 1         1
	   Disk (KB)            :       10       10  32976529
	   Memory (MB)          :       48        1      2005
...
