000 (11478701.000.000) 12/04 10:51:54 Job submitted from host: <130.199.153.66:9618?addrs=130.199.153.66-9618&noUDP&sock=8910_0083_4>
...
001 (11478701.000.000) 12/04 10:53:20 Job executing on host: <130.199.150.234:9618?addrs=130.199.150.234-9618&noUDP&sock=21977_8ae4_3>
...
006 (11478701.000.000) 12/04 10:53:29 Image size of job updated: 15832
	16  -  MemoryUsage of job (MB)
	15832  -  ResidentSetSize of job (KB)
...
006 (11478701.000.000) 12/04 10:58:29 Image size of job updated: 52972
	52  -  MemoryUsage of job (MB)
	52888  -  ResidentSetSize of job (KB)
...
006 (11478701.000.000) 12/04 11:08:30 Image size of job updated: 61388
	60  -  MemoryUsage of job (MB)
	61248  -  ResidentSetSize of job (KB)
...
005 (11478701.000.000) 12/04 11:09:56 Job terminated.
	(1) Normal termination (return value 0)
		Usr 0 00:13:19, Sys 0 00:00:35  -  Run Remote Usage
		Usr 0 00:00:00, Sys 0 00:00:00  -  Run Local Usage
		Usr 0 00:13:19, Sys 0 00:00:35  -  Total Remote Usage
		Usr 0 00:00:00, Sys 0 00:00:00  -  Total Local Usage
	0  -  Run Bytes Sent By Job
	0  -  Run Bytes Received By Job
	0  -  Total Bytes Sent By Job
	0  -  Total Bytes Received By Job
	Partitionable Resources :    Usage  Request Allocated
	   Cpus                 :                 1         1
	   Disk (KB)            :       10       10  59426052
	   Memory (MB)          :       60        1      2007
...
