000 (11479170.000.000) 12/04 10:54:04 Job submitted from host: <130.199.153.66:9618?addrs=130.199.153.66-9618&noUDP&sock=8910_0083_4>
...
001 (11479170.000.000) 12/04 10:54:44 Job executing on host: <130.199.202.43:9618?addrs=130.199.202.43-9618&noUDP&sock=2339_5d0b_3>
...
006 (11479170.000.000) 12/04 10:54:53 Image size of job updated: 15796
	16  -  MemoryUsage of job (MB)
	15796  -  ResidentSetSize of job (KB)
...
006 (11479170.000.000) 12/04 10:59:08 Image size of job updated: 44388
	16  -  MemoryUsage of job (MB)
	15796  -  ResidentSetSize of job (KB)
...
005 (11479170.000.000) 12/04 10:59:08 Job terminated.
	(1) Normal termination (return value 0)
		Usr 0 00:03:38, Sys 0 00:00:10  -  Run Remote Usage
		Usr 0 00:00:00, Sys 0 00:00:00  -  Run Local Usage
		Usr 0 00:03:38, Sys 0 00:00:10  -  Total Remote Usage
		Usr 0 00:00:00, Sys 0 00:00:00  -  Total Local Usage
	0  -  Run Bytes Sent By Job
	0  -  Run Bytes Received By Job
	0  -  Total Bytes Sent By Job
	0  -  Total Bytes Received By Job
	Partitionable Resources :    Usage  Request Allocated
	   Cpus                 :                 1         1
	   Disk (KB)            :       10       10  65479265
	   Memory (MB)          :       16        1      2008
...
