000 (11478836.000.000) 12/04 10:52:53 Job submitted from host: <130.199.153.66:9618?addrs=130.199.153.66-9618&noUDP&sock=8910_0083_4>
...
001 (11478836.000.000) 12/04 10:53:45 Job executing on host: <130.199.150.203:9618?addrs=130.199.150.203-9618&noUDP&sock=21975_e8d9_3>
...
006 (11478836.000.000) 12/04 10:53:54 Image size of job updated: 16092
	16  -  MemoryUsage of job (MB)
	16092  -  ResidentSetSize of job (KB)
...
006 (11478836.000.000) 12/04 10:58:55 Image size of job updated: 51228
	51  -  MemoryUsage of job (MB)
	51228  -  ResidentSetSize of job (KB)
...
006 (11478836.000.000) 12/04 11:03:55 Image size of job updated: 58964
	58  -  MemoryUsage of job (MB)
	58948  -  ResidentSetSize of job (KB)
...
006 (11478836.000.000) 12/04 11:08:55 Image size of job updated: 62296
	61  -  MemoryUsage of job (MB)
	61964  -  ResidentSetSize of job (KB)
...
005 (11478836.000.000) 12/04 11:17:15 Job terminated.
	(1) Normal termination (return value 0)
		Usr 0 00:20:14, Sys 0 00:00:40  -  Run Remote Usage
		Usr 0 00:00:00, Sys 0 00:00:00  -  Run Local Usage
		Usr 0 00:20:14, Sys 0 00:00:40  -  Total Remote Usage
		Usr 0 00:00:00, Sys 0 00:00:00  -  Total Local Usage
	0  -  Run Bytes Sent By Job
	0  -  Run Bytes Received By Job
	0  -  Total Bytes Sent By Job
	0  -  Total Bytes Received By Job
	Partitionable Resources :    Usage  Request Allocated
	   Cpus                 :                 1         1
	   Disk (KB)            :       10       10  59425958
	   Memory (MB)          :       61        1      2007
...
