000 (11478884.000.000) 12/04 10:53:03 Job submitted from host: <130.199.153.66:9618?addrs=130.199.153.66-9618&noUDP&sock=8910_0083_4>
...
001 (11478884.000.000) 12/04 10:53:54 Job executing on host: <130.199.150.133:9618?addrs=130.199.150.133-9618&noUDP&sock=19230_26d7_3>
...
006 (11478884.000.000) 12/04 10:54:03 Image size of job updated: 16912
	16  -  MemoryUsage of job (MB)
	15700  -  ResidentSetSize of job (KB)
...
006 (11478884.000.000) 12/04 10:55:11 Image size of job updated: 40136
	16  -  MemoryUsage of job (MB)
	15700  -  ResidentSetSize of job (KB)
...
005 (11478884.000.000) 12/04 10:55:11 Job terminated.
	(1) Normal termination (return value 0)
		Usr 0 00:01:01, Sys 0 00:00:04  -  Run Remote Usage
		Usr 0 00:00:00, Sys 0 00:00:00  -  Run Local Usage
		Usr 0 00:01:01, Sys 0 00:00:04  -  Total Remote Usage
		Usr 0 00:00:00, Sys 0 00:00:00  -  Total Local Usage
	0  -  Run Bytes Sent By Job
	0  -  Run Bytes Received By Job
	0  -  Total Bytes Sent By Job
	0  -  Total Bytes Received By Job
	Partitionable Resources :    Usage  Request Allocated
	   Cpus                 :                 1         1
	   Disk (KB)            :       10       10  41489470
	   Memory (MB)          :       16        1      2007
...
