000 (11479109.000.000) 12/04 10:53:51 Job submitted from host: <130.199.153.66:9618?addrs=130.199.153.66-9618&noUDP&sock=8910_0083_4>
...
001 (11479109.000.000) 12/04 10:54:41 Job executing on host: <130.199.202.10:9618?addrs=130.199.202.10-9618&noUDP&sock=30268_8a14_3>
...
006 (11479109.000.000) 12/04 10:54:50 Image size of job updated: 15936
	16  -  MemoryUsage of job (MB)
	15936  -  ResidentSetSize of job (KB)
...
006 (11479109.000.000) 12/04 10:59:51 Image size of job updated: 55440
	55  -  MemoryUsage of job (MB)
	55424  -  ResidentSetSize of job (KB)
...
005 (11479109.000.000) 12/04 11:02:04 Job terminated.
	(1) Normal termination (return value 0)
		Usr 0 00:06:24, Sys 0 00:00:13  -  Run Remote Usage
		Usr 0 00:00:00, Sys 0 00:00:00  -  Run Local Usage
		Usr 0 00:06:24, Sys 0 00:00:13  -  Total Remote Usage
		Usr 0 00:00:00, Sys 0 00:00:00  -  Total Local Usage
	0  -  Run Bytes Sent By Job
	0  -  Run Bytes Received By Job
	0  -  Total Bytes Sent By Job
	0  -  Total Bytes Received By Job
	Partitionable Resources :    Usage  Request Allocated
	   Cpus                 :                 1         1
	   Disk (KB)            :       10       10  47541146
	   Memory (MB)          :       55        1      2008
...
