000 (11479234.000.000) 12/04 10:54:16 Job submitted from host: <130.199.153.66:9618?addrs=130.199.153.66-9618&noUDP&sock=8910_0083_4>
...
001 (11479234.000.000) 12/04 10:55:02 Job executing on host: <130.199.153.48:9618?addrs=130.199.153.48-9618&noUDP&sock=22213_3bcb_3>
...
006 (11479234.000.000) 12/04 10:55:10 Image size of job updated: 15180
	15  -  MemoryUsage of job (MB)
	15180  -  ResidentSetSize of job (KB)
...
006 (11479234.000.000) 12/04 10:57:17 Image size of job updated: 37692
	15  -  MemoryUsage of job (MB)
	15336  -  ResidentSetSize of job (KB)
...
005 (11479234.000.000) 12/04 10:57:17 Job terminated.
	(1) Normal termination (return value 0)
		Usr 0 00:01:30, Sys 0 00:00:06  -  Run Remote Usage
		Usr 0 00:00:00, Sys 0 00:00:00  -  Run Local Usage
		Usr 0 00:01:30, Sys 0 00:00:06  -  Total Remote Usage
		Usr 0 00:00:00, Sys 0 00:00:00  -  Total Local Usage
	0  -  Run Bytes Sent By Job
	0  -  Run Bytes Received By Job
	0  -  Total Bytes Sent By Job
	0  -  Total Bytes Received By Job
	Partitionable Resources :    Usage  Request Allocated
	   Cpus                 :                 1         1
	   Disk (KB)            :       10       10  47328226
	   Memory (MB)          :       15        1      2005
...
