000 (11479031.000.000) 12/04 10:53:33 Job submitted from host: <130.199.153.66:9618?addrs=130.199.153.66-9618&noUDP&sock=8910_0083_4>
...
001 (11479031.000.000) 12/04 10:54:26 Job executing on host: <130.199.152.8:9618?addrs=130.199.152.8-9618&noUDP&sock=23045_8d12_3>
...
006 (11479031.000.000) 12/04 10:54:35 Image size of job updated: 15908
	16  -  MemoryUsage of job (MB)
	15908  -  ResidentSetSize of job (KB)
...
006 (11479031.000.000) 12/04 10:59:36 Image size of job updated: 55124
	54  -  MemoryUsage of job (MB)
	55124  -  ResidentSetSize of job (KB)
...
006 (11479031.000.000) 12/04 11:04:37 Image size of job updated: 58716
	58  -  MemoryUsage of job (MB)
	58708  -  ResidentSetSize of job (KB)
...
005 (11479031.000.000) 12/04 11:10:00 Job terminated.
	(1) Normal termination (return value 0)
		Usr 0 00:12:55, Sys 0 00:00:34  -  Run Remote Usage
		Usr 0 00:00:00, Sys 0 00:00:00  -  Run Local Usage
		Usr 0 00:12:55, Sys 0 00:00:34  -  Total Remote Usage
		Usr 0 00:00:00, Sys 0 00:00:00  -  Total Local Usage
	0  -  Run Bytes Sent By Job
	0  -  Run Bytes Received By Job
	0  -  Total Bytes Sent By Job
	0  -  Total Bytes Received By Job
	Partitionable Resources :    Usage  Request Allocated
	   Cpus                 :                 1         1
	   Disk (KB)            :       10       10  32976373
	   Memory (MB)          :       58        1      2005
...
