000 (11478837.000.000) 12/04 10:52:53 Job submitted from host: <130.199.153.66:9618?addrs=130.199.153.66-9618&noUDP&sock=8910_0083_4>
...
001 (11478837.000.000) 12/04 10:53:46 Job executing on host: <130.199.150.245:9618?addrs=130.199.150.245-9618&noUDP&sock=21987_b519_3>
...
006 (11478837.000.000) 12/04 10:53:55 Image size of job updated: 15940
	16  -  MemoryUsage of job (MB)
	15940  -  ResidentSetSize of job (KB)
...
006 (11478837.000.000) 12/04 10:58:56 Image size of job updated: 54648
	54  -  MemoryUsage of job (MB)
	54648  -  ResidentSetSize of job (KB)
...
006 (11478837.000.000) 12/04 11:03:56 Image size of job updated: 58880
	58  -  MemoryUsage of job (MB)
	58880  -  ResidentSetSize of job (KB)
...
006 (11478837.000.000) 12/04 11:18:58 Image size of job updated: 64764
	64  -  MemoryUsage of job (MB)
	64764  -  ResidentSetSize of job (KB)
...
005 (11478837.000.000) 12/04 11:19:40 Job terminated.
	(1) Normal termination (return value 0)
		Usr 0 00:21:39, Sys 0 00:00:45  -  Run Remote Usage
		Usr 0 00:00:00, Sys 0 00:00:00  -  Run Local Usage
		Usr 0 00:21:39, Sys 0 00:00:45  -  Total Remote Usage
		Usr 0 00:00:00, Sys 0 00:00:00  -  Total Local Usage
	0  -  Run Bytes Sent By Job
	0  -  Run Bytes Received By Job
	0  -  Total Bytes Sent By Job
	0  -  Total Bytes Received By Job
	Partitionable Resources :    Usage  Request Allocated
	   Cpus                 :                 1         1
	   Disk (KB)            :       10       10  59426234
	   Memory (MB)          :       64        1      2007
...
