000 (11479032.000.000) 12/04 10:53:33 Job submitted from host: <130.199.153.66:9618?addrs=130.199.153.66-9618&noUDP&sock=8910_0083_4>
...
001 (11479032.000.000) 12/04 10:54:26 Job executing on host: <130.199.201.20:9618?addrs=130.199.201.20-9618&noUDP&sock=6912_a904_3>
...
006 (11479032.000.000) 12/04 10:54:34 Image size of job updated: 15764
	16  -  MemoryUsage of job (MB)
	15764  -  ResidentSetSize of job (KB)
...
006 (11479032.000.000) 12/04 10:59:34 Image size of job updated: 52564
	52  -  MemoryUsage of job (MB)
	52476  -  ResidentSetSize of job (KB)
...
006 (11479032.000.000) 12/04 11:04:35 Image size of job updated: 56932
	56  -  MemoryUsage of job (MB)
	56660  -  ResidentSetSize of job (KB)
...
006 (11479032.000.000) 12/04 11:09:35 Image size of job updated: 58216
	56  -  MemoryUsage of job (MB)
	57336  -  ResidentSetSize of job (KB)
...
005 (11479032.000.000) 12/04 11:10:06 Job terminated.
	(1) Normal termination (return value 0)
		Usr 0 00:13:01, Sys 0 00:00:29  -  Run Remote Usage
		Usr 0 00:00:00, Sys 0 00:00:00  -  Run Local Usage
		Usr 0 00:13:01, Sys 0 00:00:29  -  Total Remote Usage
		Usr 0 00:00:00, Sys 0 00:00:00  -  Total Local Usage
	0  -  Run Bytes Sent By Job
	0  -  Run Bytes Received By Job
	0  -  Total Bytes Sent By Job
	0  -  Total Bytes Received By Job
	Partitionable Resources :    Usage  Request Allocated
	   Cpus                 :                 1         1
	   Disk (KB)            :       10       10  47327930
	   Memory (MB)          :       56        1      2005
...
