000 (11478582.000.000) 12/04 10:51:06 Job submitted from host: <130.199.153.66:9618?addrs=130.199.153.66-9618&noUDP&sock=8910_0083_4>
...
001 (11478582.000.000) 12/04 10:52:55 Job executing on host: <130.199.202.95:9618?addrs=130.199.202.95-9618&noUDP&sock=44453_e9ad_3>
...
006 (11478582.000.000) 12/04 10:53:03 Image size of job updated: 37568
	37  -  MemoryUsage of job (MB)
	37568  -  ResidentSetSize of job (KB)
...
006 (11478582.000.000) 12/04 10:54:37 Image size of job updated: 43212
	37  -  MemoryUsage of job (MB)
	37568  -  ResidentSetSize of job (KB)
...
005 (11478582.000.000) 12/04 10:54:37 Job terminated.
	(1) Normal termination (return value 0)
		Usr 0 00:01:26, Sys 0 00:00:04  -  Run Remote Usage
		Usr 0 00:00:00, Sys 0 00:00:00  -  Run Local Usage
		Usr 0 00:01:26, Sys 0 00:00:04  -  Total Remote Usage
		Usr 0 00:00:00, Sys 0 00:00:00  -  Total Local Usage
	0  -  Run Bytes Sent By Job
	0  -  Run Bytes Received By Job
	0  -  Total Bytes Sent By Job
	0  -  Total Bytes Received By Job
	Partitionable Resources :    Usage  Request Allocated
	   Cpus                 :                 1         1
	   Disk (KB)            :       10       10  65563792
	   Memory (MB)          :       37        1      2297
...
