000 (11479059.000.000) 12/04 10:53:39 Job submitted from host: <130.199.153.66:9618?addrs=130.199.153.66-9618&noUDP&sock=8910_0083_4>
...
001 (11479059.000.000) 12/04 10:54:30 Job executing on host: <130.199.152.21:9618?addrs=130.199.152.21-9618&noUDP&sock=9458_6fe5_3>
...
006 (11479059.000.000) 12/04 10:54:39 Image size of job updated: 15772
	16  -  MemoryUsage of job (MB)
	15772  -  ResidentSetSize of job (KB)
...
006 (11479059.000.000) 12/04 10:59:40 Image size of job updated: 48356
	48  -  MemoryUsage of job (MB)
	48204  -  ResidentSetSize of job (KB)
...
006 (11479059.000.000) 12/04 11:02:06 Image size of job updated: 52888
	48  -  MemoryUsage of job (MB)
	48204  -  ResidentSetSize of job (KB)
...
005 (11479059.000.000) 12/04 11:02:07 Job terminated.
	(1) Normal termination (return value 0)
		Usr 0 00:06:00, Sys 0 00:00:16  -  Run Remote Usage
		Usr 0 00:00:00, Sys 0 00:00:00  -  Run Local Usage
		Usr 0 00:06:00, Sys 0 00:00:16  -  Total Remote Usage
		Usr 0 00:00:00, Sys 0 00:00:00  -  Total Local Usage
	0  -  Run Bytes Sent By Job
	0  -  Run Bytes Received By Job
	0  -  Total Bytes Sent By Job
	0  -  Total Bytes Received By Job
	Partitionable Resources :    Usage  Request Allocated
	   Cpus                 :                 1         1
	   Disk (KB)            :       10       10  32976413
	   Memory (MB)          :       48        1      2005
...
