000 (11478740.000.000) 12/04 10:52:33 Job submitted from host: <130.199.153.66:9618?addrs=130.199.153.66-9618&noUDP&sock=8910_0083_4>
...
001 (11478740.000.000) 12/04 10:53:27 Job executing on host: <130.199.150.172:9618?addrs=130.199.150.172-9618&noUDP&sock=9870_d473_3>
...
006 (11478740.000.000) 12/04 10:53:36 Image size of job updated: 15960
	15  -  MemoryUsage of job (MB)
	14708  -  ResidentSetSize of job (KB)
...
006 (11478740.000.000) 12/04 10:58:37 Image size of job updated: 52988
	51  -  MemoryUsage of job (MB)
	51352  -  ResidentSetSize of job (KB)
...
006 (11478740.000.000) 12/04 11:08:37 Image size of job updated: 53648
	51  -  MemoryUsage of job (MB)
	51976  -  ResidentSetSize of job (KB)
...
006 (11478740.000.000) 12/04 11:13:38 Image size of job updated: 58132
	55  -  MemoryUsage of job (MB)
	56232  -  ResidentSetSize of job (KB)
...
006 (11478740.000.000) 12/04 11:18:39 Image size of job updated: 60564
	58  -  MemoryUsage of job (MB)
	58500  -  ResidentSetSize of job (KB)
...
006 (11478740.000.000) 12/04 11:23:39 Image size of job updated: 67476
	64  -  MemoryUsage of job (MB)
	65332  -  ResidentSetSize of job (KB)
...
006 (11478740.000.000) 12/04 11:28:39 Image size of job updated: 69068
	66  -  MemoryUsage of job (MB)
	66744  -  ResidentSetSize of job (KB)
...
006 (11478740.000.000) 12/04 11:33:40 Image size of job updated: 70524
	67  -  MemoryUsage of job (MB)
	67884  -  ResidentSetSize of job (KB)
...
005 (11478740.000.000) 12/04 11:37:10 Job terminated.
	(1) Normal termination (return value 0)
		Usr 0 00:32:42, Sys 0 00:01:19  -  Run Remote Usage
		Usr 0 00:00:00, Sys 0 00:00:00  -  Run Local Usage
		Usr 0 00:32:42, Sys 0 00:01:19  -  Total Remote Usage
		Usr 0 00:00:00, Sys 0 00:00:00  -  Total Local Usage
	0  -  Run Bytes Sent By Job
	0  -  Run Bytes Received By Job
	0  -  Total Bytes Sent By Job
	0  -  Total Bytes Received By Job
	Partitionable Resources :    Usage  Request Allocated
	   Cpus                 :                 1         1
	   Disk (KB)            :       10       10  41489014
	   Memory (MB)          :       67        1      2007
...
