000 (11478855.000.000) 12/04 10:52:58 Job submitted from host: <130.199.153.66:9618?addrs=130.199.153.66-9618&noUDP&sock=8910_0083_4>
...
001 (11478855.000.000) 12/04 10:53:40 Job executing on host: <130.199.202.90:9618?addrs=130.199.202.90-9618&noUDP&sock=96748_9ec0_3>
...
006 (11478855.000.000) 12/04 10:53:58 Image size of job updated: 15780
	16  -  MemoryUsage of job (MB)
	15780  -  ResidentSetSize of job (KB)
...
006 (11478855.000.000) 12/04 10:59:09 Image size of job updated: 46436
	46  -  MemoryUsage of job (MB)
	46428  -  ResidentSetSize of job (KB)
...
006 (11478855.000.000) 12/04 11:00:09 Image size of job updated: 47116
	46  -  MemoryUsage of job (MB)
	46464  -  ResidentSetSize of job (KB)
...
005 (11478855.000.000) 12/04 11:00:09 Job terminated.
	(1) Normal termination (return value 0)
		Usr 0 00:05:11, Sys 0 00:00:16  -  Run Remote Usage
		Usr 0 00:00:00, Sys 0 00:00:00  -  Run Local Usage
		Usr 0 00:05:11, Sys 0 00:00:16  -  Total Remote Usage
		Usr 0 00:00:00, Sys 0 00:00:00  -  Total Local Usage
	0  -  Run Bytes Sent By Job
	0  -  Run Bytes Received By Job
	0  -  Total Bytes Sent By Job
	0  -  Total Bytes Received By Job
	Partitionable Resources :    Usage  Request Allocated
	   Cpus                 :                 1         1
	   Disk (KB)            :       10       10  65563822
	   Memory (MB)          :       46        1      2297
...
