000 (11479111.000.000) 12/04 10:53:51 Job submitted from host: <130.199.153.66:9618?addrs=130.199.153.66-9618&noUDP&sock=8910_0083_4>
...
001 (11479111.000.000) 12/04 10:54:43 Job executing on host: <130.199.202.29:9618?addrs=130.199.202.29-9618&noUDP&sock=23229_c8e4_3>
...
006 (11479111.000.000) 12/04 10:54:51 Image size of job updated: 15772
	16  -  MemoryUsage of job (MB)
	15772  -  ResidentSetSize of job (KB)
...
006 (11479111.000.000) 12/04 10:59:51 Image size of job updated: 50876
	50  -  MemoryUsage of job (MB)
	50876  -  ResidentSetSize of job (KB)
...
005 (11479111.000.000) 12/04 11:01:38 Job terminated.
	(1) Normal termination (return value 0)
		Usr 0 00:06:02, Sys 0 00:00:13  -  Run Remote Usage
		Usr 0 00:00:00, Sys 0 00:00:00  -  Run Local Usage
		Usr 0 00:06:02, Sys 0 00:00:13  -  Total Remote Usage
		Usr 0 00:00:00, Sys 0 00:00:00  -  Total Local Usage
	0  -  Run Bytes Sent By Job
	0  -  Run Bytes Received By Job
	0  -  Total Bytes Sent By Job
	0  -  Total Bytes Received By Job
	Partitionable Resources :    Usage  Request Allocated
	   Cpus                 :                 1         1
	   Disk (KB)            :       10       10  47541200
	   Memory (MB)          :       50        1      2008
...
