000 (11478672.000.000) 12/04 10:51:22 Job submitted from host: <130.199.153.66:9618?addrs=130.199.153.66-9618&noUDP&sock=8910_0083_4>
...
001 (11478672.000.000) 12/04 10:53:15 Job executing on host: <130.199.150.205:9618?addrs=130.199.150.205-9618&noUDP&sock=21966_0fa9_3>
...
006 (11478672.000.000) 12/04 10:53:24 Image size of job updated: 15748
	16  -  MemoryUsage of job (MB)
	15748  -  ResidentSetSize of job (KB)
...
006 (11478672.000.000) 12/04 10:58:25 Image size of job updated: 53752
	53  -  MemoryUsage of job (MB)
	53624  -  ResidentSetSize of job (KB)
...
006 (11478672.000.000) 12/04 11:03:26 Image size of job updated: 54504
	53  -  MemoryUsage of job (MB)
	54272  -  ResidentSetSize of job (KB)
...
006 (11478672.000.000) 12/04 11:05:03 Image size of job updated: 272852
	53  -  MemoryUsage of job (MB)
	54272  -  ResidentSetSize of job (KB)
...
005 (11478672.000.000) 12/04 11:05:03 Job terminated.
	(1) Normal termination (return value 0)
		Usr 0 00:09:27, Sys 0 00:00:26  -  Run Remote Usage
		Usr 0 00:00:00, Sys 0 00:00:00  -  Run Local Usage
		Usr 0 00:09:27, Sys 0 00:00:26  -  Total Remote Usage
		Usr 0 00:00:00, Sys 0 00:00:00  -  Total Local Usage
	0  -  Run Bytes Sent By Job
	0  -  Run Bytes Received By Job
	0  -  Total Bytes Sent By Job
	0  -  Total Bytes Received By Job
	Partitionable Resources :    Usage  Request Allocated
	   Cpus                 :                 1         1
	   Disk (KB)            :       10       10  59426227
	   Memory (MB)          :       53        1      2007
...
