000 (11478673.000.000) 12/04 10:51:22 Job submitted from host: <130.199.153.66:9618?addrs=130.199.153.66-9618&noUDP&sock=8910_0083_4>
...
001 (11478673.000.000) 12/04 10:53:15 Job executing on host: <130.199.150.234:9618?addrs=130.199.150.234-9618&noUDP&sock=21977_8ae4_3>
...
006 (11478673.000.000) 12/04 10:53:24 Image size of job updated: 15728
	16  -  MemoryUsage of job (MB)
	15728  -  ResidentSetSize of job (KB)
...
006 (11478673.000.000) 12/04 10:58:25 Image size of job updated: 48376
	48  -  MemoryUsage of job (MB)
	48300  -  ResidentSetSize of job (KB)
...
006 (11478673.000.000) 12/04 11:03:25 Image size of job updated: 53908
	53  -  MemoryUsage of job (MB)
	53728  -  ResidentSetSize of job (KB)
...
005 (11478673.000.000) 12/04 11:04:47 Job terminated.
	(1) Normal termination (return value 0)
		Usr 0 00:08:44, Sys 0 00:00:23  -  Run Remote Usage
		Usr 0 00:00:00, Sys 0 00:00:00  -  Run Local Usage
		Usr 0 00:08:44, Sys 0 00:00:23  -  Total Remote Usage
		Usr 0 00:00:00, Sys 0 00:00:00  -  Total Local Usage
	0  -  Run Bytes Sent By Job
	0  -  Run Bytes Received By Job
	0  -  Total Bytes Sent By Job
	0  -  Total Bytes Received By Job
	Partitionable Resources :    Usage  Request Allocated
	   Cpus                 :                 1         1
	   Disk (KB)            :       10       10  59426052
	   Memory (MB)          :       53        1      2007
...
