000 (11479004.000.000) 12/04 10:53:28 Job submitted from host: <130.199.153.66:9618?addrs=130.199.153.66-9618&noUDP&sock=8910_0083_4>
...
001 (11479004.000.000) 12/04 10:54:21 Job executing on host: <130.199.153.253:9618?addrs=130.199.153.253-9618&noUDP&sock=22112_44b2_3>
...
006 (11479004.000.000) 12/04 10:54:30 Image size of job updated: 17120
	16  -  MemoryUsage of job (MB)
	15892  -  ResidentSetSize of job (KB)
...
006 (11479004.000.000) 12/04 10:59:31 Image size of job updated: 59012
	55  -  MemoryUsage of job (MB)
	56164  -  ResidentSetSize of job (KB)
...
005 (11479004.000.000) 12/04 11:03:21 Job terminated.
	(1) Normal termination (return value 0)
		Usr 0 00:07:29, Sys 0 00:00:18  -  Run Remote Usage
		Usr 0 00:00:00, Sys 0 00:00:00  -  Run Local Usage
		Usr 0 00:07:29, Sys 0 00:00:18  -  Total Remote Usage
		Usr 0 00:00:00, Sys 0 00:00:00  -  Total Local Usage
	0  -  Run Bytes Sent By Job
	0  -  Run Bytes Received By Job
	0  -  Total Bytes Sent By Job
	0  -  Total Bytes Received By Job
	Partitionable Resources :    Usage  Request Allocated
	   Cpus                 :                 1         1
	   Disk (KB)            :       10       10  47327977
	   Memory (MB)          :       55        1      2005
...
