000 (11478707.000.000) 12/04 10:52:26 Job submitted from host: <130.199.153.66:9618?addrs=130.199.153.66-9618&noUDP&sock=8910_0083_4>
...
001 (11478707.000.000) 12/04 10:53:22 Job executing on host: <130.199.202.3:9618?addrs=130.199.202.3-9618&noUDP&sock=9633_d287_3>
...
006 (11478707.000.000) 12/04 10:53:31 Image size of job updated: 17156
	16  -  MemoryUsage of job (MB)
	15960  -  ResidentSetSize of job (KB)
...
005 (11478707.000.000) 12/04 10:56:49 Job terminated.
	(1) Normal termination (return value 0)
		Usr 0 00:02:52, Sys 0 00:00:08  -  Run Remote Usage
		Usr 0 00:00:00, Sys 0 00:00:00  -  Run Local Usage
		Usr 0 00:02:52, Sys 0 00:00:08  -  Total Remote Usage
		Usr 0 00:00:00, Sys 0 00:00:00  -  Total Local Usage
	0  -  Run Bytes Sent By Job
	0  -  Run Bytes Received By Job
	0  -  Total Bytes Sent By Job
	0  -  Total Bytes Received By Job
	Partitionable Resources :    Usage  Request Allocated
	   Cpus                 :                 1         1
	   Disk (KB)            :       10       10  47540283
	   Memory (MB)          :       16        1      2008
...
