000 (11478914.000.000) 12/04 10:53:09 Job submitted from host: <130.199.153.66:9618?addrs=130.199.153.66-9618&noUDP&sock=8910_0083_4>
...
001 (11478914.000.000) 12/04 10:54:00 Job executing on host: <130.199.152.9:9618?addrs=130.199.152.9-9618&noUDP&sock=22280_702f_3>
...
006 (11478914.000.000) 12/04 10:54:09 Image size of job updated: 16900
	16  -  MemoryUsage of job (MB)
	15708  -  ResidentSetSize of job (KB)
...
005 (11478914.000.000) 12/04 10:55:06 Job terminated.
	(1) Normal termination (return value 0)
		Usr 0 00:00:49, Sys 0 00:00:04  -  Run Remote Usage
		Usr 0 00:00:00, Sys 0 00:00:00  -  Run Local Usage
		Usr 0 00:00:49, Sys 0 00:00:04  -  Total Remote Usage
		Usr 0 00:00:00, Sys 0 00:00:00  -  Total Local Usage
	0  -  Run Bytes Sent By Job
	0  -  Run Bytes Received By Job
	0  -  Total Bytes Sent By Job
	0  -  Total Bytes Received By Job
	Partitionable Resources :    Usage  Request Allocated
	   Cpus                 :                 1         1
	   Disk (KB)            :       10       10  32976588
	   Memory (MB)          :       16        1      2005
...
