000 (11478788.000.000) 12/04 10:52:41 Job submitted from host: <130.199.153.66:9618?addrs=130.199.153.66-9618&noUDP&sock=8910_0083_4>
...
001 (11478788.000.000) 12/04 10:53:36 Job executing on host: <130.199.202.16:9618?addrs=130.199.202.16-9618&noUDP&sock=26451_81cf_3>
...
006 (11478788.000.000) 12/04 10:53:44 Image size of job updated: 16028
	15  -  MemoryUsage of job (MB)
	14760  -  ResidentSetSize of job (KB)
...
005 (11478788.000.000) 12/04 10:55:52 Job terminated.
	(1) Normal termination (return value 0)
		Usr 0 00:01:53, Sys 0 00:00:06  -  Run Remote Usage
		Usr 0 00:00:00, Sys 0 00:00:00  -  Run Local Usage
		Usr 0 00:01:53, Sys 0 00:00:06  -  Total Remote Usage
		Usr 0 00:00:00, Sys 0 00:00:00  -  Total Local Usage
	0  -  Run Bytes Sent By Job
	0  -  Run Bytes Received By Job
	0  -  Total Bytes Sent By Job
	0  -  Total Bytes Received By Job
	Partitionable Resources :    Usage  Request Allocated
	   Cpus                 :                 1         1
	   Disk (KB)            :       10       10  47541128
	   Memory (MB)          :       15        1      2008
...
