000 (11479470.000.000) 12/04 10:55:06 Job submitted from host: <130.199.153.66:9618?addrs=130.199.153.66-9618&noUDP&sock=8910_0083_4>
...
001 (11479470.000.000) 12/04 10:55:45 Job executing on host: <130.199.201.41:9618?addrs=130.199.201.41-9618&noUDP&sock=9074_e7eb_3>
...
006 (11479470.000.000) 12/04 10:55:53 Image size of job updated: 16888
	16  -  MemoryUsage of job (MB)
	15676  -  ResidentSetSize of job (KB)
...
006 (11479470.000.000) 12/04 10:57:08 Image size of job updated: 41252
	16  -  MemoryUsage of job (MB)
	15676  -  ResidentSetSize of job (KB)
...
005 (11479470.000.000) 12/04 10:57:08 Job terminated.
	(1) Normal termination (return value 0)
		Usr 0 00:01:04, Sys 0 00:00:03  -  Run Remote Usage
		Usr 0 00:00:00, Sys 0 00:00:00  -  Run Local Usage
		Usr 0 00:01:04, Sys 0 00:00:03  -  Total Remote Usage
		Usr 0 00:00:00, Sys 0 00:00:00  -  Total Local Usage
	0  -  Run Bytes Sent By Job
	0  -  Run Bytes Received By Job
	0  -  Total Bytes Sent By Job
	0  -  Total Bytes Received By Job
	Partitionable Resources :    Usage  Request Allocated
	   Cpus                 :                 1         1
	   Disk (KB)            :       10       10  47327900
	   Memory (MB)          :       16        1      2005
...
