000 (11478946.000.000) 12/04 10:53:14 Job submitted from host: <130.199.153.66:9618?addrs=130.199.153.66-9618&noUDP&sock=8910_0083_4>
...
001 (11478946.000.000) 12/04 10:54:08 Job executing on host: <130.199.202.4:9618?addrs=130.199.202.4-9618&noUDP&sock=37472_83b2_3>
...
006 (11478946.000.000) 12/04 10:54:17 Image size of job updated: 15724
	16  -  MemoryUsage of job (MB)
	15724  -  ResidentSetSize of job (KB)
...
006 (11478946.000.000) 12/04 10:58:48 Image size of job updated: 41744
	16  -  MemoryUsage of job (MB)
	15724  -  ResidentSetSize of job (KB)
...
005 (11478946.000.000) 12/04 10:58:48 Job terminated.
	(1) Normal termination (return value 0)
		Usr 0 00:03:49, Sys 0 00:00:11  -  Run Remote Usage
		Usr 0 00:00:00, Sys 0 00:00:00  -  Run Local Usage
		Usr 0 00:03:49, Sys 0 00:00:11  -  Total Remote Usage
		Usr 0 00:00:00, Sys 0 00:00:00  -  Total Local Usage
	0  -  Run Bytes Sent By Job
	0  -  Run Bytes Received By Job
	0  -  Total Bytes Sent By Job
	0  -  Total Bytes Received By Job
	Partitionable Resources :    Usage  Request Allocated
	   Cpus                 :                 1         1
	   Disk (KB)            :       10       10  47541257
	   Memory (MB)          :       16        1      2008
...
