000 (11478854.000.000) 12/04 10:52:58 Job submitted from host: <130.199.153.66:9618?addrs=130.199.153.66-9618&noUDP&sock=8910_0083_4>
...
001 (11478854.000.000) 12/04 10:53:49 Job executing on host: <130.199.202.6:9618?addrs=130.199.202.6-9618&noUDP&sock=23332_6208_3>
...
006 (11478854.000.000) 12/04 10:53:58 Image size of job updated: 15968
	16  -  MemoryUsage of job (MB)
	15968  -  ResidentSetSize of job (KB)
...
006 (11478854.000.000) 12/04 10:59:00 Image size of job updated: 48016
	47  -  MemoryUsage of job (MB)
	48016  -  ResidentSetSize of job (KB)
...
005 (11478854.000.000) 12/04 11:00:51 Job terminated.
	(1) Normal termination (return value 0)
		Usr 0 00:05:48, Sys 0 00:00:16  -  Run Remote Usage
		Usr 0 00:00:00, Sys 0 00:00:00  -  Run Local Usage
		Usr 0 00:05:48, Sys 0 00:00:16  -  Total Remote Usage
		Usr 0 00:00:00, Sys 0 00:00:00  -  Total Local Usage
	0  -  Run Bytes Sent By Job
	0  -  Run Bytes Received By Job
	0  -  Total Bytes Sent By Job
	0  -  Total Bytes Received By Job
	Partitionable Resources :    Usage  Request Allocated
	   Cpus                 :                 1         1
	   Disk (KB)            :       10       10  47541167
	   Memory (MB)          :       47        1      2008
...
