000 (11479500.000.000) 12/04 10:55:11 Job submitted from host: <130.199.153.66:9618?addrs=130.199.153.66-9618&noUDP&sock=8910_0083_4>
...
001 (11479500.000.000) 12/04 10:55:49 Job executing on host: <130.199.201.52:9618?addrs=130.199.201.52-9618&noUDP&sock=9828_8994_3>
...
006 (11479500.000.000) 12/04 10:55:58 Image size of job updated: 15760
	16  -  MemoryUsage of job (MB)
	15760  -  ResidentSetSize of job (KB)
...
006 (11479500.000.000) 12/04 10:58:26 Image size of job updated: 38416
	16  -  MemoryUsage of job (MB)
	15760  -  ResidentSetSize of job (KB)
...
005 (11479500.000.000) 12/04 10:58:26 Job terminated.
	(1) Normal termination (return value 0)
		Usr 0 00:02:05, Sys 0 00:00:06  -  Run Remote Usage
		Usr 0 00:00:00, Sys 0 00:00:00  -  Run Local Usage
		Usr 0 00:02:05, Sys 0 00:00:06  -  Total Remote Usage
		Usr 0 00:00:00, Sys 0 00:00:00  -  Total Local Usage
	0  -  Run Bytes Sent By Job
	0  -  Run Bytes Received By Job
	0  -  Total Bytes Sent By Job
	0  -  Total Bytes Received By Job
	Partitionable Resources :    Usage  Request Allocated
	   Cpus                 :                 1         1
	   Disk (KB)            :       10       10  47327863
	   Memory (MB)          :       16        1      2005
...
