000 (11479139.000.000) 12/04 10:53:58 Job submitted from host: <130.199.153.66:9618?addrs=130.199.153.66-9618&noUDP&sock=8910_0083_4>
...
001 (11479139.000.000) 12/04 10:54:16 Job executing on host: <130.199.202.92:9618?addrs=130.199.202.92-9618&noUDP&sock=86375_b253_3>
...
006 (11479139.000.000) 12/04 10:54:24 Image size of job updated: 14784
	15  -  MemoryUsage of job (MB)
	14784  -  ResidentSetSize of job (KB)
...
006 (11479139.000.000) 12/04 10:59:24 Image size of job updated: 51352
	51  -  MemoryUsage of job (MB)
	51336  -  ResidentSetSize of job (KB)
...
005 (11479139.000.000) 12/04 11:00:20 Job terminated.
	(1) Normal termination (return value 0)
		Usr 0 00:04:59, Sys 0 00:00:17  -  Run Remote Usage
		Usr 0 00:00:00, Sys 0 00:00:00  -  Run Local Usage
		Usr 0 00:04:59, Sys 0 00:00:17  -  Total Remote Usage
		Usr 0 00:00:00, Sys 0 00:00:00  -  Total Local Usage
	0  -  Run Bytes Sent By Job
	0  -  Run Bytes Received By Job
	0  -  Total Bytes Sent By Job
	0  -  Total Bytes Received By Job
	Partitionable Resources :    Usage  Request Allocated
	   Cpus                 :                 1         1
	   Disk (KB)            :       10       10  65563844
	   Memory (MB)          :       51        1      2297
...
