000 (11478856.000.000) 12/04 10:52:58 Job submitted from host: <130.199.153.66:9618?addrs=130.199.153.66-9618&noUDP&sock=8910_0083_4>
...
001 (11478856.000.000) 12/04 10:53:50 Job executing on host: <130.199.150.204:9618?addrs=130.199.150.204-9618&noUDP&sock=22670_de48_3>
...
006 (11478856.000.000) 12/04 10:53:59 Image size of job updated: 14600
	15  -  MemoryUsage of job (MB)
	14600  -  ResidentSetSize of job (KB)
...
006 (11478856.000.000) 12/04 10:59:00 Image size of job updated: 44388
	44  -  MemoryUsage of job (MB)
	44388  -  ResidentSetSize of job (KB)
...
005 (11478856.000.000) 12/04 11:01:18 Job terminated.
	(1) Normal termination (return value 0)
		Usr 0 00:05:52, Sys 0 00:00:15  -  Run Remote Usage
		Usr 0 00:00:00, Sys 0 00:00:00  -  Run Local Usage
		Usr 0 00:05:52, Sys 0 00:00:15  -  Total Remote Usage
		Usr 0 00:00:00, Sys 0 00:00:00  -  Total Local Usage
	0  -  Run Bytes Sent By Job
	0  -  Run Bytes Received By Job
	0  -  Total Bytes Sent By Job
	0  -  Total Bytes Received By Job
	Partitionable Resources :    Usage  Request Allocated
	   Cpus                 :                 1         1
	   Disk (KB)            :       10       10  59426222
	   Memory (MB)          :       44        1      2007
...
