000 (11479380.000.000) 12/04 10:54:48 Job submitted from host: <130.199.153.66:9618?addrs=130.199.153.66-9618&noUDP&sock=8910_0083_4>
...
001 (11479380.000.000) 12/04 10:55:28 Job executing on host: <130.199.152.12:9618?addrs=130.199.152.12-9618&noUDP&sock=23132_15e1_3>
...
006 (11479380.000.000) 12/04 10:55:37 Image size of job updated: 1148
	2  -  MemoryUsage of job (MB)
	1148  -  ResidentSetSize of job (KB)
...
006 (11479380.000.000) 12/04 10:58:02 Image size of job updated: 39064
	2  -  MemoryUsage of job (MB)
	1148  -  ResidentSetSize of job (KB)
...
005 (11479380.000.000) 12/04 10:58:04 Job terminated.
	(1) Normal termination (return value 0)
		Usr 0 00:01:38, Sys 0 00:00:07  -  Run Remote Usage
		Usr 0 00:00:00, Sys 0 00:00:00  -  Run Local Usage
		Usr 0 00:01:38, Sys 0 00:00:07  -  Total Remote Usage
		Usr 0 00:00:00, Sys 0 00:00:00  -  Total Local Usage
	0  -  Run Bytes Sent By Job
	0  -  Run Bytes Received By Job
	0  -  Total Bytes Sent By Job
	0  -  Total Bytes Received By Job
	Partitionable Resources :    Usage  Request Allocated
	   Cpus                 :                 1         1
	   Disk (KB)            :       10       10  32976455
	   Memory (MB)          :        2        1      2005
...
