000 (11479202.000.000) 12/04 10:54:09 Job submitted from host: <130.199.153.66:9618?addrs=130.199.153.66-9618&noUDP&sock=8910_0083_4>
...
001 (11479202.000.000) 12/04 10:54:56 Job executing on host: <130.199.153.35:9618?addrs=130.199.153.35-9618&noUDP&sock=22198_7c7b_3>
...
006 (11479202.000.000) 12/04 10:55:05 Image size of job updated: 14524
	15  -  MemoryUsage of job (MB)
	14524  -  ResidentSetSize of job (KB)
...
006 (11479202.000.000) 12/04 10:58:20 Image size of job updated: 38304
	15  -  MemoryUsage of job (MB)
	14524  -  ResidentSetSize of job (KB)
...
005 (11479202.000.000) 12/04 10:58:20 Job terminated.
	(1) Normal termination (return value 0)
		Usr 0 00:02:40, Sys 0 00:00:09  -  Run Remote Usage
		Usr 0 00:00:00, Sys 0 00:00:00  -  Run Local Usage
		Usr 0 00:02:40, Sys 0 00:00:09  -  Total Remote Usage
		Usr 0 00:00:00, Sys 0 00:00:00  -  Total Local Usage
	0  -  Run Bytes Sent By Job
	0  -  Run Bytes Received By Job
	0  -  Total Bytes Sent By Job
	0  -  Total Bytes Received By Job
	Partitionable Resources :    Usage  Request Allocated
	   Cpus                 :                 1         1
	   Disk (KB)            :       10       10  47327938
	   Memory (MB)          :       15        1      2005
...
