000 (11478612.000.000) 12/04 10:51:11 Job submitted from host: <130.199.153.66:9618?addrs=130.199.153.66-9618&noUDP&sock=8910_0083_4>
...
001 (11478612.000.000) 12/04 10:53:01 Job executing on host: <130.199.202.58:9618?addrs=130.199.202.58-9618&noUDP&sock=33426_01aa_3>
...
006 (11478612.000.000) 12/04 10:53:10 Image size of job updated: 17092
	16  -  MemoryUsage of job (MB)
	15904  -  ResidentSetSize of job (KB)
...
006 (11478612.000.000) 12/04 10:58:11 Image size of job updated: 53252
	51  -  MemoryUsage of job (MB)
	51648  -  ResidentSetSize of job (KB)
...
005 (11478612.000.000) 12/04 11:01:29 Job terminated.
	(1) Normal termination (return value 0)
		Usr 0 00:07:22, Sys 0 00:00:16  -  Run Remote Usage
		Usr 0 00:00:00, Sys 0 00:00:00  -  Run Local Usage
		Usr 0 00:07:22, Sys 0 00:00:16  -  Total Remote Usage
		Usr 0 00:00:00, Sys 0 00:00:00  -  Total Local Usage
	0  -  Run Bytes Sent By Job
	0  -  Run Bytes Received By Job
	0  -  Total Bytes Sent By Job
	0  -  Total Bytes Received By Job
	Partitionable Resources :    Usage  Request Allocated
	   Cpus                 :                 1         1
	   Disk (KB)            :       10       10  65479296
	   Memory (MB)          :       51        1      2008
...
