000 (11478611.000.000) 12/04 10:51:11 Job submitted from host: <130.199.153.66:9618?addrs=130.199.153.66-9618&noUDP&sock=8910_0083_4>
...
001 (11478611.000.000) 12/04 10:53:01 Job executing on host: <130.199.202.54:9618?addrs=130.199.202.54-9618&noUDP&sock=13693_c2d9_3>
...
006 (11478611.000.000) 12/04 10:53:09 Image size of job updated: 14692
	15  -  MemoryUsage of job (MB)
	14656  -  ResidentSetSize of job (KB)
...
006 (11478611.000.000) 12/04 10:58:09 Image size of job updated: 51516
	51  -  MemoryUsage of job (MB)
	51404  -  ResidentSetSize of job (KB)
...
006 (11478611.000.000) 12/04 11:03:09 Image size of job updated: 58372
	57  -  MemoryUsage of job (MB)
	58252  -  ResidentSetSize of job (KB)
...
005 (11478611.000.000) 12/04 11:03:19 Job terminated.
	(1) Normal termination (return value 0)
		Usr 0 00:08:40, Sys 0 00:00:28  -  Run Remote Usage
		Usr 0 00:00:00, Sys 0 00:00:00  -  Run Local Usage
		Usr 0 00:08:40, Sys 0 00:00:28  -  Total Remote Usage
		Usr 0 00:00:00, Sys 0 00:00:00  -  Total Local Usage
	0  -  Run Bytes Sent By Job
	0  -  Run Bytes Received By Job
	0  -  Total Bytes Sent By Job
	0  -  Total Bytes Received By Job
	Partitionable Resources :    Usage  Request Allocated
	   Cpus                 :                 1         1
	   Disk (KB)            :       10       10  65479260
	   Memory (MB)          :       57        1      2008
...
