000 (11478517.000.000) 12/04 10:50:55 Job submitted from host: <130.199.153.66:9618?addrs=130.199.153.66-9618&noUDP&sock=8910_0083_4>
...
001 (11478517.000.000) 12/04 10:52:41 Job executing on host: <130.199.202.96:9618?addrs=130.199.202.96-9618&noUDP&sock=8395_02d1_3>
...
006 (11478517.000.000) 12/04 10:52:50 Image size of job updated: 39844
	39  -  MemoryUsage of job (MB)
	39824  -  ResidentSetSize of job (KB)
...
006 (11478517.000.000) 12/04 10:54:57 Image size of job updated: 51732
	39  -  MemoryUsage of job (MB)
	39828  -  ResidentSetSize of job (KB)
...
005 (11478517.000.000) 12/04 10:54:57 Job terminated.
	(1) Normal termination (return value 0)
		Usr 0 00:01:51, Sys 0 00:00:08  -  Run Remote Usage
		Usr 0 00:00:00, Sys 0 00:00:00  -  Run Local Usage
		Usr 0 00:01:51, Sys 0 00:00:08  -  Total Remote Usage
		Usr 0 00:00:00, Sys 0 00:00:00  -  Total Local Usage
	0  -  Run Bytes Sent By Job
	0  -  Run Bytes Received By Job
	0  -  Total Bytes Sent By Job
	0  -  Total Bytes Received By Job
	Partitionable Resources :    Usage  Request Allocated
	   Cpus                 :                 1         1
	   Disk (KB)            :       10       10  65563444
	   Memory (MB)          :       39        1      2297
...
