000 (11478838.000.000) 12/04 10:52:53 Job submitted from host: <130.199.153.66:9618?addrs=130.199.153.66-9618&noUDP&sock=8910_0083_4>
...
001 (11478838.000.000) 12/04 10:53:58 Job executing on host: <130.199.202.90:9618?addrs=130.199.202.90-9618&noUDP&sock=96748_9ec0_3>
...
006 (11478838.000.000) 12/04 10:54:06 Image size of job updated: 15932
	16  -  MemoryUsage of job (MB)
	15932  -  ResidentSetSize of job (KB)
...
006 (11478838.000.000) 12/04 10:59:09 Image size of job updated: 55568
	55  -  MemoryUsage of job (MB)
	55568  -  ResidentSetSize of job (KB)
...
006 (11478838.000.000) 12/04 11:04:07 Image size of job updated: 59244
	58  -  MemoryUsage of job (MB)
	59236  -  ResidentSetSize of job (KB)
...
006 (11478838.000.000) 12/04 11:09:07 Image size of job updated: 60928
	60  -  MemoryUsage of job (MB)
	60920  -  ResidentSetSize of job (KB)
...
006 (11478838.000.000) 12/04 11:14:10 Image size of job updated: 63776
	63  -  MemoryUsage of job (MB)
	63768  -  ResidentSetSize of job (KB)
...
006 (11478838.000.000) 12/04 11:14:59 Image size of job updated: 278592
	63  -  MemoryUsage of job (MB)
	63768  -  ResidentSetSize of job (KB)
...
005 (11478838.000.000) 12/04 11:14:59 Job terminated.
	(1) Normal termination (return value 0)
		Usr 0 00:18:13, Sys 0 00:00:55  -  Run Remote Usage
		Usr 0 00:00:00, Sys 0 00:00:00  -  Run Local Usage
		Usr 0 00:18:13, Sys 0 00:00:55  -  Total Remote Usage
		Usr 0 00:00:00, Sys 0 00:00:00  -  Total Local Usage
	0  -  Run Bytes Sent By Job
	0  -  Run Bytes Received By Job
	0  -  Total Bytes Sent By Job
	0  -  Total Bytes Received By Job
	Partitionable Resources :    Usage  Request Allocated
	   Cpus                 :                 1         1
	   Disk (KB)            :       10       10  65563822
	   Memory (MB)          :       63        1      2297
...
