000 (11478703.000.000) 12/04 10:51:54 Job submitted from host: <130.199.153.66:9618?addrs=130.199.153.66-9618&noUDP&sock=8910_0083_4>
...
001 (11478703.000.000) 12/04 10:53:21 Job executing on host: <130.199.150.216:9618?addrs=130.199.150.216-9618&noUDP&sock=22046_6153_3>
...
006 (11478703.000.000) 12/04 10:53:30 Image size of job updated: 16064
	16  -  MemoryUsage of job (MB)
	16064  -  ResidentSetSize of job (KB)
...
006 (11478703.000.000) 12/04 10:58:31 Image size of job updated: 54484
	54  -  MemoryUsage of job (MB)
	54484  -  ResidentSetSize of job (KB)
...
006 (11478703.000.000) 12/04 11:03:31 Image size of job updated: 58080
	57  -  MemoryUsage of job (MB)
	58080  -  ResidentSetSize of job (KB)
...
006 (11478703.000.000) 12/04 11:08:31 Image size of job updated: 60316
	59  -  MemoryUsage of job (MB)
	60316  -  ResidentSetSize of job (KB)
...
005 (11478703.000.000) 12/04 11:09:48 Job terminated.
	(1) Normal termination (return value 0)
		Usr 0 00:13:35, Sys 0 00:00:29  -  Run Remote Usage
		Usr 0 00:00:00, Sys 0 00:00:00  -  Run Local Usage
		Usr 0 00:13:35, Sys 0 00:00:29  -  Total Remote Usage
		Usr 0 00:00:00, Sys 0 00:00:00  -  Total Local Usage
	0  -  Run Bytes Sent By Job
	0  -  Run Bytes Received By Job
	0  -  Total Bytes Sent By Job
	0  -  Total Bytes Received By Job
	Partitionable Resources :    Usage  Request Allocated
	   Cpus                 :                 1         1
	   Disk (KB)            :       10       10  59426127
	   Memory (MB)          :       59        1      2007
...
