000 (11479038.000.000) 12/04 10:53:35 Job submitted from host: <130.199.153.66:9618?addrs=130.199.153.66-9618&noUDP&sock=8910_0083_4>
...
001 (11479038.000.000) 12/04 10:54:28 Job executing on host: <130.199.201.14:9618?addrs=130.199.201.14-9618&noUDP&sock=9142_6d55_3>
...
006 (11479038.000.000) 12/04 10:54:37 Image size of job updated: 15792
	15  -  MemoryUsage of job (MB)
	14588  -  ResidentSetSize of job (KB)
...
006 (11479038.000.000) 12/04 10:59:38 Image size of job updated: 58940
	56  -  MemoryUsage of job (MB)
	57320  -  ResidentSetSize of job (KB)
...
005 (11479038.000.000) 12/04 11:03:57 Job terminated.
	(1) Normal termination (return value 0)
		Usr 0 00:07:39, Sys 0 00:00:18  -  Run Remote Usage
		Usr 0 00:00:00, Sys 0 00:00:00  -  Run Local Usage
		Usr 0 00:07:39, Sys 0 00:00:18  -  Total Remote Usage
		Usr 0 00:00:00, Sys 0 00:00:00  -  Total Local Usage
	0  -  Run Bytes Sent By Job
	0  -  Run Bytes Received By Job
	0  -  Total Bytes Sent By Job
	0  -  Total Bytes Received By Job
	Partitionable Resources :    Usage  Request Allocated
	   Cpus                 :                 1         1
	   Disk (KB)            :       10       10  47328055
	   Memory (MB)          :       56        1      2005
...
