000 (11478860.000.000) 12/04 10:52:58 Job submitted from host: <130.199.153.66:9618?addrs=130.199.153.66-9618&noUDP&sock=8910_0083_4>
...
001 (11478860.000.000) 12/04 10:53:51 Job executing on host: <130.199.150.202:9618?addrs=130.199.150.202-9618&noUDP&sock=21963_1c9a_3>
...
006 (11478860.000.000) 12/04 10:53:59 Image size of job updated: 15888
	16  -  MemoryUsage of job (MB)
	15888  -  ResidentSetSize of job (KB)
...
006 (11478860.000.000) 12/04 10:58:59 Image size of job updated: 56040
	55  -  MemoryUsage of job (MB)
	56040  -  ResidentSetSize of job (KB)
...
005 (11478860.000.000) 12/04 11:01:28 Job terminated.
	(1) Normal termination (return value 0)
		Usr 0 00:06:14, Sys 0 00:00:15  -  Run Remote Usage
		Usr 0 00:00:00, Sys 0 00:00:00  -  Run Local Usage
		Usr 0 00:06:14, Sys 0 00:00:15  -  Total Remote Usage
		Usr 0 00:00:00, Sys 0 00:00:00  -  Total Local Usage
	0  -  Run Bytes Sent By Job
	0  -  Run Bytes Received By Job
	0  -  Total Bytes Sent By Job
	0  -  Total Bytes Received By Job
	Partitionable Resources :    Usage  Request Allocated
	   Cpus                 :                 1         1
	   Disk (KB)            :       10       10  59426063
	   Memory (MB)          :       55        1      2007
...
