000 (11479103.000.000) 12/04 10:53:51 Job submitted from host: <130.199.153.66:9618?addrs=130.199.153.66-9618&noUDP&sock=8910_0083_4>
...
001 (11479103.000.000) 12/04 10:54:41 Job executing on host: <130.199.153.39:9618?addrs=130.199.153.39-9618&noUDP&sock=21535_a7b6_3>
...
006 (11479103.000.000) 12/04 10:54:50 Image size of job updated: 15788
	16  -  MemoryUsage of job (MB)
	15788  -  ResidentSetSize of job (KB)
...
006 (11479103.000.000) 12/04 10:59:51 Image size of job updated: 54088
	53  -  MemoryUsage of job (MB)
	54088  -  ResidentSetSize of job (KB)
...
006 (11479103.000.000) 12/04 11:09:52 Image size of job updated: 59288
	58  -  MemoryUsage of job (MB)
	59288  -  ResidentSetSize of job (KB)
...
005 (11479103.000.000) 12/04 11:11:04 Job terminated.
	(1) Normal termination (return value 0)
		Usr 0 00:13:31, Sys 0 00:00:28  -  Run Remote Usage
		Usr 0 00:00:00, Sys 0 00:00:00  -  Run Local Usage
		Usr 0 00:13:31, Sys 0 00:00:28  -  Total Remote Usage
		Usr 0 00:00:00, Sys 0 00:00:00  -  Total Local Usage
	0  -  Run Bytes Sent By Job
	0  -  Run Bytes Received By Job
	0  -  Total Bytes Sent By Job
	0  -  Total Bytes Received By Job
	Partitionable Resources :    Usage  Request Allocated
	   Cpus                 :                 1         1
	   Disk (KB)            :       10       10  47328196
	   Memory (MB)          :       58        1      2005
...
