000 (11478746.000.000) 12/04 10:52:33 Job submitted from host: <130.199.153.66:9618?addrs=130.199.153.66-9618&noUDP&sock=8910_0083_4>
...
001 (11478746.000.000) 12/04 10:53:28 Job executing on host: <130.199.150.146:9618?addrs=130.199.150.146-9618&noUDP&sock=10914_3e22_3>
...
006 (11478746.000.000) 12/04 10:53:37 Image size of job updated: 16112
	15  -  MemoryUsage of job (MB)
	14812  -  ResidentSetSize of job (KB)
...
006 (11478746.000.000) 12/04 10:58:38 Image size of job updated: 56348
	53  -  MemoryUsage of job (MB)
	53528  -  ResidentSetSize of job (KB)
...
006 (11478746.000.000) 12/04 11:03:38 Image size of job updated: 58488
	55  -  MemoryUsage of job (MB)
	55664  -  ResidentSetSize of job (KB)
...
006 (11478746.000.000) 12/04 11:13:39 Image size of job updated: 63712
	60  -  MemoryUsage of job (MB)
	60880  -  ResidentSetSize of job (KB)
...
005 (11478746.000.000) 12/04 11:23:28 Job terminated.
	(1) Normal termination (return value 0)
		Usr 0 00:24:52, Sys 0 00:01:03  -  Run Remote Usage
		Usr 0 00:00:00, Sys 0 00:00:00  -  Run Local Usage
		Usr 0 00:24:52, Sys 0 00:01:03  -  Total Remote Usage
		Usr 0 00:00:00, Sys 0 00:00:00  -  Total Local Usage
	0  -  Run Bytes Sent By Job
	0  -  Run Bytes Received By Job
	0  -  Total Bytes Sent By Job
	0  -  Total Bytes Received By Job
	Partitionable Resources :    Usage  Request Allocated
	   Cpus                 :                 1         1
	   Disk (KB)            :       10       10  41491385
	   Memory (MB)          :       60        1      2007
...
