000 (11479587.000.000) 12/04 10:55:34 Job submitted from host: <130.199.153.66:9618?addrs=130.199.153.66-9618&noUDP&sock=8910_0083_4>
...
001 (11479587.000.000) 12/04 10:55:57 Job executing on host: <130.199.202.17:9618?addrs=130.199.202.17-9618&noUDP&sock=45046_96fe_3>
...
006 (11479587.000.000) 12/04 10:56:05 Image size of job updated: 35536
	35  -  MemoryUsage of job (MB)
	35536  -  ResidentSetSize of job (KB)
...
006 (11479587.000.000) 12/04 10:56:28 Image size of job updated: 261236
	35  -  MemoryUsage of job (MB)
	35536  -  ResidentSetSize of job (KB)
...
005 (11479587.000.000) 12/04 10:56:28 Job terminated.
	(1) Normal termination (return value 0)
		Usr 0 00:00:23, Sys 0 00:00:02  -  Run Remote Usage
		Usr 0 00:00:00, Sys 0 00:00:00  -  Run Local Usage
		Usr 0 00:00:23, Sys 0 00:00:02  -  Total Remote Usage
		Usr 0 00:00:00, Sys 0 00:00:00  -  Total Local Usage
	0  -  Run Bytes Sent By Job
	0  -  Run Bytes Received By Job
	0  -  Total Bytes Sent By Job
	0  -  Total Bytes Received By Job
	Partitionable Resources :    Usage  Request Allocated
	   Cpus                 :                 1         1
	   Disk (KB)            :       10       10  47541352
	   Memory (MB)          :       35        1      2008
...
