000 (11478948.000.000) 12/04 10:53:17 Job submitted from host: <130.199.153.66:9618?addrs=130.199.153.66-9618&noUDP&sock=8910_0083_4>
...
001 (11478948.000.000) 12/04 10:54:09 Job executing on host: <130.199.202.9:9618?addrs=130.199.202.9-9618&noUDP&sock=37429_e7cd_3>
...
006 (11478948.000.000) 12/04 10:54:17 Image size of job updated: 15756
	16  -  MemoryUsage of job (MB)
	15756  -  ResidentSetSize of job (KB)
...
006 (11478948.000.000) 12/04 10:59:17 Image size of job updated: 46228
	46  -  MemoryUsage of job (MB)
	46144  -  ResidentSetSize of job (KB)
...
005 (11478948.000.000) 12/04 10:59:46 Job terminated.
	(1) Normal termination (return value 0)
		Usr 0 00:04:42, Sys 0 00:00:14  -  Run Remote Usage
		Usr 0 00:00:00, Sys 0 00:00:00  -  Run Local Usage
		Usr 0 00:04:42, Sys 0 00:00:14  -  Total Remote Usage
		Usr 0 00:00:00, Sys 0 00:00:00  -  Total Local Usage
	0  -  Run Bytes Sent By Job
	0  -  Run Bytes Received By Job
	0  -  Total Bytes Sent By Job
	0  -  Total Bytes Received By Job
	Partitionable Resources :    Usage  Request Allocated
	   Cpus                 :                 1         1
	   Disk (KB)            :       10       10  47541158
	   Memory (MB)          :       46        1      2008
...
