000 (11478568.000.000) 12/04 10:51:03 Job submitted from host: <130.199.153.66:9618?addrs=130.199.153.66-9618&noUDP&sock=8910_0083_4>
...
001 (11478568.000.000) 12/04 10:52:52 Job executing on host: <130.199.150.206:9618?addrs=130.199.150.206-9618&noUDP&sock=21929_59e5_3>
...
006 (11478568.000.000) 12/04 10:53:00 Image size of job updated: 28488
	27  -  MemoryUsage of job (MB)
	26856  -  ResidentSetSize of job (KB)
...
005 (11478568.000.000) 12/04 10:54:44 Job terminated.
	(1) Normal termination (return value 0)
		Usr 0 00:01:30, Sys 0 00:00:05  -  Run Remote Usage
		Usr 0 00:00:00, Sys 0 00:00:00  -  Run Local Usage
		Usr 0 00:01:30, Sys 0 00:00:05  -  Total Remote Usage
		Usr 0 00:00:00, Sys 0 00:00:00  -  Total Local Usage
	0  -  Run Bytes Sent By Job
	0  -  Run Bytes Received By Job
	0  -  Total Bytes Sent By Job
	0  -  Total Bytes Received By Job
	Partitionable Resources :    Usage  Request Allocated
	   Cpus                 :                 1         1
	   Disk (KB)            :       10       10  59426359
	   Memory (MB)          :       27        1      2007
...
