000 (11478861.000.000) 12/04 10:52:58 Job submitted from host: <130.199.153.66:9618?addrs=130.199.153.66-9618&noUDP&sock=8910_0083_4>
...
001 (11478861.000.000) 12/04 10:53:51 Job executing on host: <130.199.150.188:9618?addrs=130.199.150.188-9618&noUDP&sock=21989_5724_3>
...
006 (11478861.000.000) 12/04 10:53:59 Image size of job updated: 15764
	16  -  MemoryUsage of job (MB)
	15764  -  ResidentSetSize of job (KB)
...
006 (11478861.000.000) 12/04 10:59:00 Image size of job updated: 55304
	54  -  MemoryUsage of job (MB)
	55276  -  ResidentSetSize of job (KB)
...
006 (11478861.000.000) 12/04 11:04:00 Image size of job updated: 58044
	57  -  MemoryUsage of job (MB)
	57916  -  ResidentSetSize of job (KB)
...
005 (11478861.000.000) 12/04 11:05:11 Job terminated.
	(1) Normal termination (return value 0)
		Usr 0 00:09:40, Sys 0 00:00:20  -  Run Remote Usage
		Usr 0 00:00:00, Sys 0 00:00:00  -  Run Local Usage
		Usr 0 00:09:40, Sys 0 00:00:20  -  Total Remote Usage
		Usr 0 00:00:00, Sys 0 00:00:00  -  Total Local Usage
	0  -  Run Bytes Sent By Job
	0  -  Run Bytes Received By Job
	0  -  Total Bytes Sent By Job
	0  -  Total Bytes Received By Job
	Partitionable Resources :    Usage  Request Allocated
	   Cpus                 :                 1         1
	   Disk (KB)            :       10       10  41489110
	   Memory (MB)          :       57        1      2007
...
