000 (11478600.000.000) 12/04 10:51:09 Job submitted from host: <130.199.153.66:9618?addrs=130.199.153.66-9618&noUDP&sock=8910_0083_4>
...
001 (11478600.000.000) 12/04 10:52:59 Job executing on host: <130.199.150.216:9618?addrs=130.199.150.216-9618&noUDP&sock=22046_6153_3>
...
006 (11478600.000.000) 12/04 10:53:07 Image size of job updated: 15716
	16  -  MemoryUsage of job (MB)
	15716  -  ResidentSetSize of job (KB)
...
006 (11478600.000.000) 12/04 10:55:26 Image size of job updated: 260768
	16  -  MemoryUsage of job (MB)
	15716  -  ResidentSetSize of job (KB)
...
005 (11478600.000.000) 12/04 10:55:26 Job terminated.
	(1) Normal termination (return value 0)
		Usr 0 00:01:51, Sys 0 00:00:06  -  Run Remote Usage
		Usr 0 00:00:00, Sys 0 00:00:00  -  Run Local Usage
		Usr 0 00:01:51, Sys 0 00:00:06  -  Total Remote Usage
		Usr 0 00:00:00, Sys 0 00:00:00  -  Total Local Usage
	0  -  Run Bytes Sent By Job
	0  -  Run Bytes Received By Job
	0  -  Total Bytes Sent By Job
	0  -  Total Bytes Received By Job
	Partitionable Resources :    Usage  Request Allocated
	   Cpus                 :                 1         1
	   Disk (KB)            :       10       10  59426127
	   Memory (MB)          :       16        1      2007
...
