000 (11478833.000.000) 12/04 10:52:52 Job submitted from host: <130.199.153.66:9618?addrs=130.199.153.66-9618&noUDP&sock=8910_0083_4>
...
001 (11478833.000.000) 12/04 10:53:45 Job executing on host: <130.199.150.229:9618?addrs=130.199.150.229-9618&noUDP&sock=13646_e2df_3>
...
006 (11478833.000.000) 12/04 10:53:54 Image size of job updated: 15660
	16  -  MemoryUsage of job (MB)
	15660  -  ResidentSetSize of job (KB)
...
006 (11478833.000.000) 12/04 10:58:55 Image size of job updated: 41720
	41  -  MemoryUsage of job (MB)
	41720  -  ResidentSetSize of job (KB)
...
006 (11478833.000.000) 12/04 10:59:47 Image size of job updated: 49372
	41  -  MemoryUsage of job (MB)
	41720  -  ResidentSetSize of job (KB)
...
005 (11478833.000.000) 12/04 10:59:47 Job terminated.
	(1) Normal termination (return value 0)
		Usr 0 00:04:32, Sys 0 00:00:12  -  Run Remote Usage
		Usr 0 00:00:00, Sys 0 00:00:00  -  Run Local Usage
		Usr 0 00:04:32, Sys 0 00:00:12  -  Total Remote Usage
		Usr 0 00:00:00, Sys 0 00:00:00  -  Total Local Usage
	0  -  Run Bytes Sent By Job
	0  -  Run Bytes Received By Job
	0  -  Total Bytes Sent By Job
	0  -  Total Bytes Received By Job
	Partitionable Resources :    Usage  Request Allocated
	   Cpus                 :                 1         1
	   Disk (KB)            :       10       10  59425694
	   Memory (MB)          :       41        1      2007
...
