000 (11479195.000.000) 12/04 10:54:07 Job submitted from host: <130.199.153.66:9618?addrs=130.199.153.66-9618&noUDP&sock=8910_0083_4>
...
001 (11479195.000.000) 12/04 10:54:55 Job executing on host: <130.199.153.43:9618?addrs=130.199.153.43-9618&noUDP&sock=21825_6fbc_3>
...
006 (11479195.000.000) 12/04 10:55:04 Image size of job updated: 15756
	16  -  MemoryUsage of job (MB)
	15756  -  ResidentSetSize of job (KB)
...
006 (11479195.000.000) 12/04 11:00:05 Image size of job updated: 47976
	47  -  MemoryUsage of job (MB)
	47976  -  ResidentSetSize of job (KB)
...
006 (11479195.000.000) 12/04 11:05:06 Image size of job updated: 57740
	57  -  MemoryUsage of job (MB)
	57740  -  ResidentSetSize of job (KB)
...
005 (11479195.000.000) 12/04 11:06:38 Job terminated.
	(1) Normal termination (return value 0)
		Usr 0 00:09:31, Sys 0 00:00:24  -  Run Remote Usage
		Usr 0 00:00:00, Sys 0 00:00:00  -  Run Local Usage
		Usr 0 00:09:31, Sys 0 00:00:24  -  Total Remote Usage
		Usr 0 00:00:00, Sys 0 00:00:00  -  Total Local Usage
	0  -  Run Bytes Sent By Job
	0  -  Run Bytes Received By Job
	0  -  Total Bytes Sent By Job
	0  -  Total Bytes Received By Job
	Partitionable Resources :    Usage  Request Allocated
	   Cpus                 :                 1         1
	   Disk (KB)            :       10       10  47328112
	   Memory (MB)          :       57        1      2005
...
