000 (11479561.000.000) 12/04 10:55:24 Job submitted from host: <130.199.153.66:9618?addrs=130.199.153.66-9618&noUDP&sock=8910_0083_4>
...
001 (11479561.000.000) 12/04 10:55:53 Job executing on host: <130.199.150.172:9618?addrs=130.199.150.172-9618&noUDP&sock=9870_d473_3>
...
006 (11479561.000.000) 12/04 10:56:01 Image size of job updated: 15620
	16  -  MemoryUsage of job (MB)
	15620  -  ResidentSetSize of job (KB)
...
006 (11479561.000.000) 12/04 10:56:43 Image size of job updated: 39304
	16  -  MemoryUsage of job (MB)
	15620  -  ResidentSetSize of job (KB)
...
005 (11479561.000.000) 12/04 10:56:43 Job terminated.
	(1) Normal termination (return value 0)
		Usr 0 00:00:33, Sys 0 00:00:03  -  Run Remote Usage
		Usr 0 00:00:00, Sys 0 00:00:00  -  Run Local Usage
		Usr 0 00:00:33, Sys 0 00:00:03  -  Total Remote Usage
		Usr 0 00:00:00, Sys 0 00:00:00  -  Total Local Usage
	0  -  Run Bytes Sent By Job
	0  -  Run Bytes Received By Job
	0  -  Total Bytes Sent By Job
	0  -  Total Bytes Received By Job
	Partitionable Resources :    Usage  Request Allocated
	   Cpus                 :                 1         1
	   Disk (KB)            :       10       10  41489014
	   Memory (MB)          :       16        1      2007
...
