000 (11479277.000.000) 12/04 10:54:26 Job submitted from host: <130.199.153.66:9618?addrs=130.199.153.66-9618&noUDP&sock=8910_0083_4>
...
001 (11479277.000.000) 12/04 10:55:10 Job executing on host: <130.199.153.235:9618?addrs=130.199.153.235-9618&noUDP&sock=10313_08a6_3>
...
006 (11479277.000.000) 12/04 10:55:19 Image size of job updated: 16840
	16  -  MemoryUsage of job (MB)
	15564  -  ResidentSetSize of job (KB)
...
006 (11479277.000.000) 12/04 10:57:20 Image size of job updated: 40168
	16  -  MemoryUsage of job (MB)
	15564  -  ResidentSetSize of job (KB)
...
005 (11479277.000.000) 12/04 10:57:20 Job terminated.
	(1) Normal termination (return value 0)
		Usr 0 00:01:34, Sys 0 00:00:04  -  Run Remote Usage
		Usr 0 00:00:00, Sys 0 00:00:00  -  Run Local Usage
		Usr 0 00:01:34, Sys 0 00:00:04  -  Total Remote Usage
		Usr 0 00:00:00, Sys 0 00:00:00  -  Total Local Usage
	0  -  Run Bytes Sent By Job
	0  -  Run Bytes Received By Job
	0  -  Total Bytes Sent By Job
	0  -  Total Bytes Received By Job
	Partitionable Resources :    Usage  Request Allocated
	   Cpus                 :                 1         1
	   Disk (KB)            :       10       10  47327990
	   Memory (MB)          :       16        1      2005
...
