000 (11478809.000.000) 12/04 10:52:46 Job submitted from host: <130.199.153.66:9618?addrs=130.199.153.66-9618&noUDP&sock=8910_0083_4>
...
001 (11478809.000.000) 12/04 10:53:40 Job executing on host: <130.199.202.104:9618?addrs=130.199.202.104-9618&noUDP&sock=387891_b446_3>
...
006 (11478809.000.000) 12/04 10:53:49 Image size of job updated: 14772
	15  -  MemoryUsage of job (MB)
	14772  -  ResidentSetSize of job (KB)
...
006 (11478809.000.000) 12/04 10:58:50 Image size of job updated: 48624
	48  -  MemoryUsage of job (MB)
	48624  -  ResidentSetSize of job (KB)
...
006 (11478809.000.000) 12/04 11:03:50 Image size of job updated: 52084
	51  -  MemoryUsage of job (MB)
	52084  -  ResidentSetSize of job (KB)
...
006 (11478809.000.000) 12/04 11:08:50 Image size of job updated: 61204
	60  -  MemoryUsage of job (MB)
	61204  -  ResidentSetSize of job (KB)
...
006 (11478809.000.000) 12/04 11:18:52 Image size of job updated: 63776
	63  -  MemoryUsage of job (MB)
	63776  -  ResidentSetSize of job (KB)
...
005 (11478809.000.000) 12/04 11:19:27 Job terminated.
	(1) Normal termination (return value 0)
		Usr 0 00:22:20, Sys 0 00:01:10  -  Run Remote Usage
		Usr 0 00:00:00, Sys 0 00:00:00  -  Run Local Usage
		Usr 0 00:22:20, Sys 0 00:01:10  -  Total Remote Usage
		Usr 0 00:00:00, Sys 0 00:00:00  -  Total Local Usage
	0  -  Run Bytes Sent By Job
	0  -  Run Bytes Received By Job
	0  -  Total Bytes Sent By Job
	0  -  Total Bytes Received By Job
	Partitionable Resources :    Usage  Request Allocated
	   Cpus                 :                 1         1
	   Disk (KB)            :       10       10  66832037
	   Memory (MB)          :       63        1      2665
...
