000 (11479133.000.000) 12/04 10:53:56 Job submitted from host: <130.199.153.66:9618?addrs=130.199.153.66-9618&noUDP&sock=8910_0083_4>
...
001 (11479133.000.000) 12/04 10:54:48 Job executing on host: <130.199.201.23:9618?addrs=130.199.201.23-9618&noUDP&sock=23361_8fa2_3>
...
006 (11479133.000.000) 12/04 10:54:57 Image size of job updated: 14508
	15  -  MemoryUsage of job (MB)
	14508  -  ResidentSetSize of job (KB)
...
006 (11479133.000.000) 12/04 10:59:58 Image size of job updated: 48144
	47  -  MemoryUsage of job (MB)
	48100  -  ResidentSetSize of job (KB)
...
005 (11479133.000.000) 12/04 11:03:17 Job terminated.
	(1) Normal termination (return value 0)
		Usr 0 00:06:43, Sys 0 00:00:17  -  Run Remote Usage
		Usr 0 00:00:00, Sys 0 00:00:00  -  Run Local Usage
		Usr 0 00:06:43, Sys 0 00:00:17  -  Total Remote Usage
		Usr 0 00:00:00, Sys 0 00:00:00  -  Total Local Usage
	0  -  Run Bytes Sent By Job
	0  -  Run Bytes Received By Job
	0  -  Total Bytes Sent By Job
	0  -  Total Bytes Received By Job
	Partitionable Resources :    Usage  Request Allocated
	   Cpus                 :                 1         1
	   Disk (KB)            :       10       10  47328142
	   Memory (MB)          :       47        1      2005
...
