000 (11478781.000.000) 12/04 10:52:40 Job submitted from host: <130.199.153.66:9618?addrs=130.199.153.66-9618&noUDP&sock=8910_0083_4>
...
001 (11478781.000.000) 12/04 10:53:35 Job executing on host: <130.199.202.5:9618?addrs=130.199.202.5-9618&noUDP&sock=29158_3d07_3>
...
006 (11478781.000.000) 12/04 10:53:44 Image size of job updated: 17284
	16  -  MemoryUsage of job (MB)
	16072  -  ResidentSetSize of job (KB)
...
005 (11478781.000.000) 12/04 10:56:38 Job terminated.
	(1) Normal termination (return value 0)
		Usr 0 00:02:29, Sys 0 00:00:07  -  Run Remote Usage
		Usr 0 00:00:00, Sys 0 00:00:00  -  Run Local Usage
		Usr 0 00:02:29, Sys 0 00:00:07  -  Total Remote Usage
		Usr 0 00:00:00, Sys 0 00:00:00  -  Total Local Usage
	0  -  Run Bytes Sent By Job
	0  -  Run Bytes Received By Job
	0  -  Total Bytes Sent By Job
	0  -  Total Bytes Received By Job
	Partitionable Resources :    Usage  Request Allocated
	   Cpus                 :                 1         1
	   Disk (KB)            :       10       10  47541051
	   Memory (MB)          :       16        1      2008
...
