000 (11479104.000.000) 12/04 10:53:51 Job submitted from host: <130.199.153.66:9618?addrs=130.199.153.66-9618&noUDP&sock=8910_0083_4>
...
001 (11479104.000.000) 12/04 10:54:41 Job executing on host: <130.199.153.50:9618?addrs=130.199.153.50-9618&noUDP&sock=22125_61f7_3>
...
006 (11479104.000.000) 12/04 10:54:50 Image size of job updated: 15784
	16  -  MemoryUsage of job (MB)
	15784  -  ResidentSetSize of job (KB)
...
006 (11479104.000.000) 12/04 10:59:51 Image size of job updated: 54992
	54  -  MemoryUsage of job (MB)
	54716  -  ResidentSetSize of job (KB)
...
006 (11479104.000.000) 12/04 11:04:51 Image size of job updated: 57260
	56  -  MemoryUsage of job (MB)
	56428  -  ResidentSetSize of job (KB)
...
006 (11479104.000.000) 12/04 11:09:51 Image size of job updated: 60000
	58  -  MemoryUsage of job (MB)
	58632  -  ResidentSetSize of job (KB)
...
005 (11479104.000.000) 12/04 11:12:26 Job terminated.
	(1) Normal termination (return value 0)
		Usr 0 00:14:02, Sys 0 00:00:32  -  Run Remote Usage
		Usr 0 00:00:00, Sys 0 00:00:00  -  Run Local Usage
		Usr 0 00:14:02, Sys 0 00:00:32  -  Total Remote Usage
		Usr 0 00:00:00, Sys 0 00:00:00  -  Total Local Usage
	0  -  Run Bytes Sent By Job
	0  -  Run Bytes Received By Job
	0  -  Total Bytes Sent By Job
	0  -  Total Bytes Received By Job
	Partitionable Resources :    Usage  Request Allocated
	   Cpus                 :                 1         1
	   Disk (KB)            :       10       10  47328109
	   Memory (MB)          :       58        1      2005
...
