000 (11478748.000.000) 12/04 10:52:33 Job submitted from host: <130.199.153.66:9618?addrs=130.199.153.66-9618&noUDP&sock=8910_0083_4>
...
001 (11478748.000.000) 12/04 10:53:28 Job executing on host: <130.199.150.196:9618?addrs=130.199.150.196-9618&noUDP&sock=22546_9fb5_3>
...
006 (11478748.000.000) 12/04 10:53:37 Image size of job updated: 17080
	16  -  MemoryUsage of job (MB)
	15860  -  ResidentSetSize of job (KB)
...
006 (11478748.000.000) 12/04 10:58:38 Image size of job updated: 54700
	52  -  MemoryUsage of job (MB)
	53080  -  ResidentSetSize of job (KB)
...
006 (11478748.000.000) 12/04 11:03:38 Image size of job updated: 57984
	55  -  MemoryUsage of job (MB)
	56312  -  ResidentSetSize of job (KB)
...
006 (11478748.000.000) 12/04 11:08:38 Image size of job updated: 61232
	59  -  MemoryUsage of job (MB)
	59500  -  ResidentSetSize of job (KB)
...
006 (11478748.000.000) 12/04 11:13:39 Image size of job updated: 61496
	59  -  MemoryUsage of job (MB)
	60124  -  ResidentSetSize of job (KB)
...
006 (11478748.000.000) 12/04 11:18:40 Image size of job updated: 61636
	59  -  MemoryUsage of job (MB)
	60124  -  ResidentSetSize of job (KB)
...
006 (11478748.000.000) 12/04 11:23:40 Image size of job updated: 66444
	64  -  MemoryUsage of job (MB)
	64552  -  ResidentSetSize of job (KB)
...
005 (11478748.000.000) 12/04 11:24:40 Job terminated.
	(1) Normal termination (return value 0)
		Usr 0 00:24:35, Sys 0 00:00:57  -  Run Remote Usage
		Usr 0 00:00:00, Sys 0 00:00:00  -  Run Local Usage
		Usr 0 00:24:35, Sys 0 00:00:57  -  Total Remote Usage
		Usr 0 00:00:00, Sys 0 00:00:00  -  Total Local Usage
	0  -  Run Bytes Sent By Job
	0  -  Run Bytes Received By Job
	0  -  Total Bytes Sent By Job
	0  -  Total Bytes Received By Job
	Partitionable Resources :    Usage  Request Allocated
	   Cpus                 :                 1         1
	   Disk (KB)            :       10       10  41489294
	   Memory (MB)          :       64        1      2007
...
