000 (11479039.000.000) 12/04 10:53:35 Job submitted from host: <130.199.153.66:9618?addrs=130.199.153.66-9618&noUDP&sock=8910_0083_4>
...
001 (11479039.000.000) 12/04 10:54:27 Job executing on host: <130.199.201.23:9618?addrs=130.199.201.23-9618&noUDP&sock=23361_8fa2_3>
...
006 (11479039.000.000) 12/04 10:54:36 Image size of job updated: 15780
	15  -  MemoryUsage of job (MB)
	14564  -  ResidentSetSize of job (KB)
...
006 (11479039.000.000) 12/04 10:59:37 Image size of job updated: 49656
	46  -  MemoryUsage of job (MB)
	47024  -  ResidentSetSize of job (KB)
...
006 (11479039.000.000) 12/04 11:04:02 Image size of job updated: 52168
	46  -  MemoryUsage of job (MB)
	47024  -  ResidentSetSize of job (KB)
...
005 (11479039.000.000) 12/04 11:04:02 Job terminated.
	(1) Normal termination (return value 0)
		Usr 0 00:07:46, Sys 0 00:00:19  -  Run Remote Usage
		Usr 0 00:00:00, Sys 0 00:00:00  -  Run Local Usage
		Usr 0 00:07:46, Sys 0 00:00:19  -  Total Remote Usage
		Usr 0 00:00:00, Sys 0 00:00:00  -  Total Local Usage
	0  -  Run Bytes Sent By Job
	0  -  Run Bytes Received By Job
	0  -  Total Bytes Sent By Job
	0  -  Total Bytes Received By Job
	Partitionable Resources :    Usage  Request Allocated
	   Cpus                 :                 1         1
	   Disk (KB)            :       10       10  47328142
	   Memory (MB)          :       46        1      2005
...
