000 (11478692.000.000) 12/04 10:51:53 Job submitted from host: <130.199.153.66:9618?addrs=130.199.153.66-9618&noUDP&sock=8910_0083_4>
...
001 (11478692.000.000) 12/04 10:53:19 Job executing on host: <130.199.202.62:9618?addrs=130.199.202.62-9618&noUDP&sock=48648_93cd_3>
...
006 (11478692.000.000) 12/04 10:53:28 Image size of job updated: 17004
	16  -  MemoryUsage of job (MB)
	15756  -  ResidentSetSize of job (KB)
...
005 (11478692.000.000) 12/04 10:57:54 Job terminated.
	(1) Normal termination (return value 0)
		Usr 0 00:03:46, Sys 0 00:00:12  -  Run Remote Usage
		Usr 0 00:00:00, Sys 0 00:00:00  -  Run Local Usage
		Usr 0 00:03:46, Sys 0 00:00:12  -  Total Remote Usage
		Usr 0 00:00:00, Sys 0 00:00:00  -  Total Local Usage
	0  -  Run Bytes Sent By Job
	0  -  Run Bytes Received By Job
	0  -  Total Bytes Sent By Job
	0  -  Total Bytes Received By Job
	Partitionable Resources :    Usage  Request Allocated
	   Cpus                 :                 1         1
	   Disk (KB)            :       10       10  65479175
	   Memory (MB)          :       16        1      2008
...
