000 (11479222.000.000) 12/04 10:54:14 Job submitted from host: <130.199.153.66:9618?addrs=130.199.153.66-9618&noUDP&sock=8910_0083_4>
...
001 (11479222.000.000) 12/04 10:54:59 Job executing on host: <130.199.153.41:9618?addrs=130.199.153.41-9618&noUDP&sock=21610_6445_3>
...
006 (11479222.000.000) 12/04 10:55:08 Image size of job updated: 15676
	16  -  MemoryUsage of job (MB)
	15676  -  ResidentSetSize of job (KB)
...
006 (11479222.000.000) 12/04 11:00:09 Image size of job updated: 50020
	49  -  MemoryUsage of job (MB)
	50020  -  ResidentSetSize of job (KB)
...
005 (11479222.000.000) 12/04 11:03:48 Job terminated.
	(1) Normal termination (return value 0)
		Usr 0 00:06:45, Sys 0 00:00:16  -  Run Remote Usage
		Usr 0 00:00:00, Sys 0 00:00:00  -  Run Local Usage
		Usr 0 00:06:45, Sys 0 00:00:16  -  Total Remote Usage
		Usr 0 00:00:00, Sys 0 00:00:00  -  Total Local Usage
	0  -  Run Bytes Sent By Job
	0  -  Run Bytes Received By Job
	0  -  Total Bytes Sent By Job
	0  -  Total Bytes Received By Job
	Partitionable Resources :    Usage  Request Allocated
	   Cpus                 :                 1         1
	   Disk (KB)            :       10       10  47328248
	   Memory (MB)          :       49        1      2005
...
