000 (11478542.000.000) 12/04 10:50:56 Job submitted from host: <130.199.153.66:9618?addrs=130.199.153.66-9618&noUDP&sock=8910_0083_4>
...
001 (11478542.000.000) 12/04 10:52:46 Job executing on host: <130.199.202.116:9618?addrs=130.199.202.116-9618&noUDP&sock=193740_5d1a_3>
...
006 (11478542.000.000) 12/04 10:52:55 Image size of job updated: 37812
	37  -  MemoryUsage of job (MB)
	37796  -  ResidentSetSize of job (KB)
...
006 (11478542.000.000) 12/04 10:55:06 Image size of job updated: 42964
	37  -  MemoryUsage of job (MB)
	37796  -  ResidentSetSize of job (KB)
...
005 (11478542.000.000) 12/04 10:55:06 Job terminated.
	(1) Normal termination (return value 0)
		Usr 0 00:01:51, Sys 0 00:00:09  -  Run Remote Usage
		Usr 0 00:00:00, Sys 0 00:00:00  -  Run Local Usage
		Usr 0 00:01:51, Sys 0 00:00:09  -  Total Remote Usage
		Usr 0 00:00:00, Sys 0 00:00:00  -  Total Local Usage
	0  -  Run Bytes Sent By Job
	0  -  Run Bytes Received By Job
	0  -  Total Bytes Sent By Job
	0  -  Total Bytes Received By Job
	Partitionable Resources :    Usage  Request Allocated
	   Cpus                 :                 1         1
	   Disk (KB)            :       10       10  66832027
	   Memory (MB)          :       37        1      2665
...
