000 (11479194.000.000) 12/04 10:54:07 Job submitted from host: <130.199.153.66:9618?addrs=130.199.153.66-9618&noUDP&sock=8910_0083_4>
...
001 (11479194.000.000) 12/04 10:54:55 Job executing on host: <130.199.201.25:9618?addrs=130.199.201.25-9618&noUDP&sock=22464_ac01_3>
...
006 (11479194.000.000) 12/04 10:55:03 Image size of job updated: 15752
	16  -  MemoryUsage of job (MB)
	15752  -  ResidentSetSize of job (KB)
...
006 (11479194.000.000) 12/04 11:00:03 Image size of job updated: 53696
	53  -  MemoryUsage of job (MB)
	53640  -  ResidentSetSize of job (KB)
...
006 (11479194.000.000) 12/04 11:05:04 Image size of job updated: 57604
	57  -  MemoryUsage of job (MB)
	57504  -  ResidentSetSize of job (KB)
...
005 (11479194.000.000) 12/04 11:06:15 Job terminated.
	(1) Normal termination (return value 0)
		Usr 0 00:09:03, Sys 0 00:00:18  -  Run Remote Usage
		Usr 0 00:00:00, Sys 0 00:00:00  -  Run Local Usage
		Usr 0 00:09:03, Sys 0 00:00:18  -  Total Remote Usage
		Usr 0 00:00:00, Sys 0 00:00:00  -  Total Local Usage
	0  -  Run Bytes Sent By Job
	0  -  Run Bytes Received By Job
	0  -  Total Bytes Sent By Job
	0  -  Total Bytes Received By Job
	Partitionable Resources :    Usage  Request Allocated
	   Cpus                 :                 1         1
	   Disk (KB)            :       10       10  47327873
	   Memory (MB)          :       57        1      2005
...
