000 (11478889.000.000) 12/04 10:53:03 Job submitted from host: <130.199.153.66:9618?addrs=130.199.153.66-9618&noUDP&sock=8910_0083_4>
...
001 (11478889.000.000) 12/04 10:53:55 Job executing on host: <130.199.150.138:9618?addrs=130.199.150.138-9618&noUDP&sock=21677_98a9_3>
...
006 (11478889.000.000) 12/04 10:54:04 Image size of job updated: 15912
	15  -  MemoryUsage of job (MB)
	14716  -  ResidentSetSize of job (KB)
...
006 (11478889.000.000) 12/04 10:57:59 Image size of job updated: 47664
	15  -  MemoryUsage of job (MB)
	14716  -  ResidentSetSize of job (KB)
...
005 (11478889.000.000) 12/04 10:57:59 Job terminated.
	(1) Normal termination (return value 0)
		Usr 0 00:03:24, Sys 0 00:00:09  -  Run Remote Usage
		Usr 0 00:00:00, Sys 0 00:00:00  -  Run Local Usage
		Usr 0 00:03:24, Sys 0 00:00:09  -  Total Remote Usage
		Usr 0 00:00:00, Sys 0 00:00:00  -  Total Local Usage
	0  -  Run Bytes Sent By Job
	0  -  Run Bytes Received By Job
	0  -  Total Bytes Sent By Job
	0  -  Total Bytes Received By Job
	Partitionable Resources :    Usage  Request Allocated
	   Cpus                 :                 1         1
	   Disk (KB)            :       10       10  41490175
	   Memory (MB)          :       15        1      2007
...
