000 (11479164.000.000) 12/04 10:54:02 Job submitted from host: <130.199.153.66:9618?addrs=130.199.153.66-9618&noUDP&sock=8910_0083_4>
...
001 (11479164.000.000) 12/04 10:54:51 Job executing on host: <130.199.150.162:9618?addrs=130.199.150.162-9618&noUDP&sock=21925_15d0_3>
...
006 (11479164.000.000) 12/04 10:54:59 Image size of job updated: 16952
	16  -  MemoryUsage of job (MB)
	15760  -  ResidentSetSize of job (KB)
...
006 (11479164.000.000) 12/04 10:59:59 Image size of job updated: 41920
	40  -  MemoryUsage of job (MB)
	40324  -  ResidentSetSize of job (KB)
...
006 (11479164.000.000) 12/04 11:03:53 Image size of job updated: 44204
	40  -  MemoryUsage of job (MB)
	40324  -  ResidentSetSize of job (KB)
...
005 (11479164.000.000) 12/04 11:03:53 Job terminated.
	(1) Normal termination (return value 0)
		Usr 0 00:07:25, Sys 0 00:00:21  -  Run Remote Usage
		Usr 0 00:00:00, Sys 0 00:00:00  -  Run Local Usage
		Usr 0 00:07:25, Sys 0 00:00:21  -  Total Remote Usage
		Usr 0 00:00:00, Sys 0 00:00:00  -  Total Local Usage
	0  -  Run Bytes Sent By Job
	0  -  Run Bytes Received By Job
	0  -  Total Bytes Sent By Job
	0  -  Total Bytes Received By Job
	Partitionable Resources :    Usage  Request Allocated
	   Cpus                 :                 1         1
	   Disk (KB)            :       10       10  41489434
	   Memory (MB)          :       40        1      2007
...
