000 (11478927.000.000) 12/04 10:53:11 Job submitted from host: <130.199.153.66:9618?addrs=130.199.153.66-9618&noUDP&sock=8910_0083_4>
...
001 (11478927.000.000) 12/04 10:54:04 Job executing on host: <130.199.201.61:9618?addrs=130.199.201.61-9618&noUDP&sock=13718_ac5e_3>
...
006 (11478927.000.000) 12/04 10:54:12 Image size of job updated: 17852
	16  -  MemoryUsage of job (MB)
	15808  -  ResidentSetSize of job (KB)
...
006 (11478927.000.000) 12/04 10:59:12 Image size of job updated: 56464
	53  -  MemoryUsage of job (MB)
	53528  -  ResidentSetSize of job (KB)
...
005 (11478927.000.000) 12/04 11:02:47 Job terminated.
	(1) Normal termination (return value 0)
		Usr 0 00:06:50, Sys 0 00:00:17  -  Run Remote Usage
		Usr 0 00:00:00, Sys 0 00:00:00  -  Run Local Usage
		Usr 0 00:06:50, Sys 0 00:00:17  -  Total Remote Usage
		Usr 0 00:00:00, Sys 0 00:00:00  -  Total Local Usage
	0  -  Run Bytes Sent By Job
	0  -  Run Bytes Received By Job
	0  -  Total Bytes Sent By Job
	0  -  Total Bytes Received By Job
	Partitionable Resources :    Usage  Request Allocated
	   Cpus                 :                 1         1
	   Disk (KB)            :       10       10  47327894
	   Memory (MB)          :       53        1      2005
...
