000 (11478747.000.000) 12/04 10:52:33 Job submitted from host: <130.199.153.66:9618?addrs=130.199.153.66-9618&noUDP&sock=8910_0083_4>
...
001 (11478747.000.000) 12/04 10:53:28 Job executing on host: <130.199.150.195:9618?addrs=130.199.150.195-9618&noUDP&sock=21944_1935_3>
...
006 (11478747.000.000) 12/04 10:53:37 Image size of job updated: 17104
	16  -  MemoryUsage of job (MB)
	15900  -  ResidentSetSize of job (KB)
...
006 (11478747.000.000) 12/04 10:58:38 Image size of job updated: 56724
	54  -  MemoryUsage of job (MB)
	55008  -  ResidentSetSize of job (KB)
...
006 (11478747.000.000) 12/04 11:03:38 Image size of job updated: 56752
	54  -  MemoryUsage of job (MB)
	55008  -  ResidentSetSize of job (KB)
...
006 (11478747.000.000) 12/04 11:08:38 Image size of job updated: 58580
	56  -  MemoryUsage of job (MB)
	56620  -  ResidentSetSize of job (KB)
...
006 (11478747.000.000) 12/04 11:18:40 Image size of job updated: 65144
	62  -  MemoryUsage of job (MB)
	62828  -  ResidentSetSize of job (KB)
...
006 (11478747.000.000) 12/04 11:23:40 Image size of job updated: 66976
	64  -  MemoryUsage of job (MB)
	64608  -  ResidentSetSize of job (KB)
...
006 (11478747.000.000) 12/04 11:28:40 Image size of job updated: 69304
	66  -  MemoryUsage of job (MB)
	66900  -  ResidentSetSize of job (KB)
...
005 (11478747.000.000) 12/04 11:30:01 Job terminated.
	(1) Normal termination (return value 0)
		Usr 0 00:30:10, Sys 0 00:01:07  -  Run Remote Usage
		Usr 0 00:00:00, Sys 0 00:00:00  -  Run Local Usage
		Usr 0 00:30:10, Sys 0 00:01:07  -  Total Remote Usage
		Usr 0 00:00:00, Sys 0 00:00:00  -  Total Local Usage
	0  -  Run Bytes Sent By Job
	0  -  Run Bytes Received By Job
	0  -  Total Bytes Sent By Job
	0  -  Total Bytes Received By Job
	Partitionable Resources :    Usage  Request Allocated
	   Cpus                 :                 1         1
	   Disk (KB)            :       10       10  41489374
	   Memory (MB)          :       66        1      2007
...
