000 (11478811.000.000) 12/04 10:52:46 Job submitted from host: <130.199.153.66:9618?addrs=130.199.153.66-9618&noUDP&sock=8910_0083_4>
...
001 (11478811.000.000) 12/04 10:53:40 Job executing on host: <130.199.202.92:9618?addrs=130.199.202.92-9618&noUDP&sock=86375_b253_3>
...
006 (11478811.000.000) 12/04 10:53:49 Image size of job updated: 14768
	15  -  MemoryUsage of job (MB)
	14768  -  ResidentSetSize of job (KB)
...
006 (11478811.000.000) 12/04 10:58:50 Image size of job updated: 53864
	53  -  MemoryUsage of job (MB)
	53836  -  ResidentSetSize of job (KB)
...
006 (11478811.000.000) 12/04 11:03:50 Image size of job updated: 57412
	56  -  MemoryUsage of job (MB)
	57260  -  ResidentSetSize of job (KB)
...
006 (11478811.000.000) 12/04 11:08:50 Image size of job updated: 60776
	60  -  MemoryUsage of job (MB)
	60572  -  ResidentSetSize of job (KB)
...
006 (11478811.000.000) 12/04 11:13:51 Image size of job updated: 64160
	63  -  MemoryUsage of job (MB)
	63936  -  ResidentSetSize of job (KB)
...
006 (11478811.000.000) 12/04 11:18:51 Image size of job updated: 68424
	67  -  MemoryUsage of job (MB)
	68176  -  ResidentSetSize of job (KB)
...
005 (11478811.000.000) 12/04 11:19:08 Job terminated.
	(1) Normal termination (return value 0)
		Usr 0 00:22:16, Sys 0 00:01:06  -  Run Remote Usage
		Usr 0 00:00:00, Sys 0 00:00:00  -  Run Local Usage
		Usr 0 00:22:16, Sys 0 00:01:06  -  Total Remote Usage
		Usr 0 00:00:00, Sys 0 00:00:00  -  Total Local Usage
	0  -  Run Bytes Sent By Job
	0  -  Run Bytes Received By Job
	0  -  Total Bytes Sent By Job
	0  -  Total Bytes Received By Job
	Partitionable Resources :    Usage  Request Allocated
	   Cpus                 :                 1         1
	   Disk (KB)            :       10       10  65563844
	   Memory (MB)          :       67        1      2297
...
