000 (11479077.000.000) 12/04 10:53:44 Job submitted from host: <130.199.153.66:9618?addrs=130.199.153.66-9618&noUDP&sock=8910_0083_4>
...
001 (11479077.000.000) 12/04 10:54:35 Job executing on host: <130.199.201.47:9618?addrs=130.199.201.47-9618&noUDP&sock=21263_9210_3>
...
006 (11479077.000.000) 12/04 10:54:43 Image size of job updated: 17732
	16  -  MemoryUsage of job (MB)
	15828  -  ResidentSetSize of job (KB)
...
006 (11479077.000.000) 12/04 10:59:43 Image size of job updated: 50908
	48  -  MemoryUsage of job (MB)
	48132  -  ResidentSetSize of job (KB)
...
005 (11479077.000.000) 12/04 11:04:46 Job terminated.
	(1) Normal termination (return value 0)
		Usr 0 00:08:29, Sys 0 00:00:19  -  Run Remote Usage
		Usr 0 00:00:00, Sys 0 00:00:00  -  Run Local Usage
		Usr 0 00:08:29, Sys 0 00:00:19  -  Total Remote Usage
		Usr 0 00:00:00, Sys 0 00:00:00  -  Total Local Usage
	0  -  Run Bytes Sent By Job
	0  -  Run Bytes Received By Job
	0  -  Total Bytes Sent By Job
	0  -  Total Bytes Received By Job
	Partitionable Resources :    Usage  Request Allocated
	   Cpus                 :                 1         1
	   Disk (KB)            :       10       10  47327914
	   Memory (MB)          :       48        1      2005
...
