000 (11479193.000.000) 12/04 10:54:07 Job submitted from host: <130.199.153.66:9618?addrs=130.199.153.66-9618&noUDP&sock=8910_0083_4>
...
001 (11479193.000.000) 12/04 10:54:54 Job executing on host: <130.199.201.62:9618?addrs=130.199.201.62-9618&noUDP&sock=23050_222d_3>
...
006 (11479193.000.000) 12/04 10:55:03 Image size of job updated: 15876
	16  -  MemoryUsage of job (MB)
	15876  -  ResidentSetSize of job (KB)
...
006 (11479193.000.000) 12/04 11:00:04 Image size of job updated: 48980
	48  -  MemoryUsage of job (MB)
	48780  -  ResidentSetSize of job (KB)
...
006 (11479193.000.000) 12/04 11:05:05 Image size of job updated: 58508
	57  -  MemoryUsage of job (MB)
	57880  -  ResidentSetSize of job (KB)
...
005 (11479193.000.000) 12/04 11:06:08 Job terminated.
	(1) Normal termination (return value 0)
		Usr 0 00:09:13, Sys 0 00:00:21  -  Run Remote Usage
		Usr 0 00:00:00, Sys 0 00:00:00  -  Run Local Usage
		Usr 0 00:09:13, Sys 0 00:00:21  -  Total Remote Usage
		Usr 0 00:00:00, Sys 0 00:00:00  -  Total Local Usage
	0  -  Run Bytes Sent By Job
	0  -  Run Bytes Received By Job
	0  -  Total Bytes Sent By Job
	0  -  Total Bytes Received By Job
	Partitionable Resources :    Usage  Request Allocated
	   Cpus                 :                 1         1
	   Disk (KB)            :       10       10  47327837
	   Memory (MB)          :       57        1      2005
...
