000 (11478834.000.000) 12/04 10:52:52 Job submitted from host: <130.199.153.66:9618?addrs=130.199.153.66-9618&noUDP&sock=8910_0083_4>
...
001 (11478834.000.000) 12/04 10:53:45 Job executing on host: <130.199.202.28:9618?addrs=130.199.202.28-9618&noUDP&sock=32330_22e7_3>
...
006 (11478834.000.000) 12/04 10:53:54 Image size of job updated: 16976
	16  -  MemoryUsage of job (MB)
	15748  -  ResidentSetSize of job (KB)
...
006 (11478834.000.000) 12/04 10:58:55 Image size of job updated: 49472
	47  -  MemoryUsage of job (MB)
	47696  -  ResidentSetSize of job (KB)
...
005 (11478834.000.000) 12/04 10:59:28 Job terminated.
	(1) Normal termination (return value 0)
		Usr 0 00:04:39, Sys 0 00:00:12  -  Run Remote Usage
		Usr 0 00:00:00, Sys 0 00:00:00  -  Run Local Usage
		Usr 0 00:04:39, Sys 0 00:00:12  -  Total Remote Usage
		Usr 0 00:00:00, Sys 0 00:00:00  -  Total Local Usage
	0  -  Run Bytes Sent By Job
	0  -  Run Bytes Received By Job
	0  -  Total Bytes Sent By Job
	0  -  Total Bytes Received By Job
	Partitionable Resources :    Usage  Request Allocated
	   Cpus                 :                 1         1
	   Disk (KB)            :       10       10  47541127
	   Memory (MB)          :       47        1      2008
...
