000 (11478928.000.000) 12/04 10:53:11 Job submitted from host: <130.199.153.66:9618?addrs=130.199.153.66-9618&noUDP&sock=8910_0083_4>
...
001 (11478928.000.000) 12/04 10:54:05 Job executing on host: <130.199.201.24:9618?addrs=130.199.201.24-9618&noUDP&sock=10373_05e5_3>
...
006 (11478928.000.000) 12/04 10:54:13 Image size of job updated: 18072
	16  -  MemoryUsage of job (MB)
	15804  -  ResidentSetSize of job (KB)
...
006 (11478928.000.000) 12/04 10:59:13 Image size of job updated: 56176
	52  -  MemoryUsage of job (MB)
	52440  -  ResidentSetSize of job (KB)
...
005 (11478928.000.000) 12/04 11:02:57 Job terminated.
	(1) Normal termination (return value 0)
		Usr 0 00:07:03, Sys 0 00:00:17  -  Run Remote Usage
		Usr 0 00:00:00, Sys 0 00:00:00  -  Run Local Usage
		Usr 0 00:07:03, Sys 0 00:00:17  -  Total Remote Usage
		Usr 0 00:00:00, Sys 0 00:00:00  -  Total Local Usage
	0  -  Run Bytes Sent By Job
	0  -  Run Bytes Received By Job
	0  -  Total Bytes Sent By Job
	0  -  Total Bytes Received By Job
	Partitionable Resources :    Usage  Request Allocated
	   Cpus                 :                 1         1
	   Disk (KB)            :       10       10  47327699
	   Memory (MB)          :       52        1      2005
...
