000 (11478633.000.000) 12/04 10:51:14 Job submitted from host: <130.199.153.66:9618?addrs=130.199.153.66-9618&noUDP&sock=8910_0083_4>
...
001 (11478633.000.000) 12/04 10:53:05 Job executing on host: <130.199.202.68:9618?addrs=130.199.202.68-9618&noUDP&sock=11649_dc65_3>
...
006 (11478633.000.000) 12/04 10:53:14 Image size of job updated: 14724
	15  -  MemoryUsage of job (MB)
	14724  -  ResidentSetSize of job (KB)
...
006 (11478633.000.000) 12/04 10:58:15 Image size of job updated: 49336
	49  -  MemoryUsage of job (MB)
	49336  -  ResidentSetSize of job (KB)
...
006 (11478633.000.000) 12/04 11:03:16 Image size of job updated: 51500
	51  -  MemoryUsage of job (MB)
	51440  -  ResidentSetSize of job (KB)
...
005 (11478633.000.000) 12/04 11:04:59 Job terminated.
	(1) Normal termination (return value 0)
		Usr 0 00:10:28, Sys 0 00:00:24  -  Run Remote Usage
		Usr 0 00:00:00, Sys 0 00:00:00  -  Run Local Usage
		Usr 0 00:10:28, Sys 0 00:00:24  -  Total Remote Usage
		Usr 0 00:00:00, Sys 0 00:00:00  -  Total Local Usage
	0  -  Run Bytes Sent By Job
	0  -  Run Bytes Received By Job
	0  -  Total Bytes Sent By Job
	0  -  Total Bytes Received By Job
	Partitionable Resources :    Usage  Request Allocated
	   Cpus                 :                 1         1
	   Disk (KB)            :       10       10  65479168
	   Memory (MB)          :       51        1      2008
...
