000 (11479443.000.000) 12/04 10:55:00 Job submitted from host: <130.199.153.66:9618?addrs=130.199.153.66-9618&noUDP&sock=8910_0083_4>
...
001 (11479443.000.000) 12/04 10:55:38 Job executing on host: <130.199.202.25:9618?addrs=130.199.202.25-9618&noUDP&sock=13097_2278_3>
...
006 (11479443.000.000) 12/04 10:55:47 Image size of job updated: 33436
	33  -  MemoryUsage of job (MB)
	33436  -  ResidentSetSize of job (KB)
...
006 (11479443.000.000) 12/04 10:56:24 Image size of job updated: 257924
	33  -  MemoryUsage of job (MB)
	33436  -  ResidentSetSize of job (KB)
...
005 (11479443.000.000) 12/04 10:56:24 Job terminated.
	(1) Normal termination (return value 0)
		Usr 0 00:00:35, Sys 0 00:00:03  -  Run Remote Usage
		Usr 0 00:00:00, Sys 0 00:00:00  -  Run Local Usage
		Usr 0 00:00:35, Sys 0 00:00:03  -  Total Remote Usage
		Usr 0 00:00:00, Sys 0 00:00:00  -  Total Local Usage
	0  -  Run Bytes Sent By Job
	0  -  Run Bytes Received By Job
	0  -  Total Bytes Sent By Job
	0  -  Total Bytes Received By Job
	Partitionable Resources :    Usage  Request Allocated
	   Cpus                 :                 1         1
	   Disk (KB)            :       10       10  47541239
	   Memory (MB)          :       33        1      2008
...
