000 (11478810.000.000) 12/04 10:52:46 Job submitted from host: <130.199.153.66:9618?addrs=130.199.153.66-9618&noUDP&sock=8910_0083_4>
...
001 (11478810.000.000) 12/04 10:53:40 Job executing on host: <130.199.202.104:9618?addrs=130.199.202.104-9618&noUDP&sock=387891_b446_3>
...
006 (11478810.000.000) 12/04 10:53:49 Image size of job updated: 14752
	15  -  MemoryUsage of job (MB)
	14752  -  ResidentSetSize of job (KB)
...
006 (11478810.000.000) 12/04 10:58:50 Image size of job updated: 54884
	54  -  MemoryUsage of job (MB)
	54884  -  ResidentSetSize of job (KB)
...
006 (11478810.000.000) 12/04 11:03:50 Image size of job updated: 59392
	58  -  MemoryUsage of job (MB)
	59392  -  ResidentSetSize of job (KB)
...
006 (11478810.000.000) 12/04 11:08:50 Image size of job updated: 59912
	59  -  MemoryUsage of job (MB)
	59912  -  ResidentSetSize of job (KB)
...
006 (11478810.000.000) 12/04 11:13:51 Image size of job updated: 60640
	60  -  MemoryUsage of job (MB)
	60640  -  ResidentSetSize of job (KB)
...
006 (11478810.000.000) 12/04 11:18:52 Image size of job updated: 64888
	64  -  MemoryUsage of job (MB)
	64888  -  ResidentSetSize of job (KB)
...
005 (11478810.000.000) 12/04 11:20:10 Job terminated.
	(1) Normal termination (return value 0)
		Usr 0 00:22:58, Sys 0 00:01:14  -  Run Remote Usage
		Usr 0 00:00:00, Sys 0 00:00:00  -  Run Local Usage
		Usr 0 00:22:58, Sys 0 00:01:14  -  Total Remote Usage
		Usr 0 00:00:00, Sys 0 00:00:00  -  Total Local Usage
	0  -  Run Bytes Sent By Job
	0  -  Run Bytes Received By Job
	0  -  Total Bytes Sent By Job
	0  -  Total Bytes Received By Job
	Partitionable Resources :    Usage  Request Allocated
	   Cpus                 :                 1         1
	   Disk (KB)            :       10       10  66832037
	   Memory (MB)          :       64        1      2665
...
