000 (11478632.000.000) 12/04 10:51:14 Job submitted from host: <130.199.153.66:9618?addrs=130.199.153.66-9618&noUDP&sock=8910_0083_4>
...
001 (11478632.000.000) 12/04 10:53:05 Job executing on host: <130.199.202.54:9618?addrs=130.199.202.54-9618&noUDP&sock=13693_c2d9_3>
...
006 (11478632.000.000) 12/04 10:53:16 Image size of job updated: 14740
	15  -  MemoryUsage of job (MB)
	14740  -  ResidentSetSize of job (KB)
...
006 (11478632.000.000) 12/04 10:58:15 Image size of job updated: 48808
	48  -  MemoryUsage of job (MB)
	48764  -  ResidentSetSize of job (KB)
...
006 (11478632.000.000) 12/04 11:03:15 Image size of job updated: 55800
	55  -  MemoryUsage of job (MB)
	55624  -  ResidentSetSize of job (KB)
...
006 (11478632.000.000) 12/04 11:06:45 Image size of job updated: 55800
	56  -  MemoryUsage of job (MB)
	56876  -  ResidentSetSize of job (KB)
...
005 (11478632.000.000) 12/04 11:06:46 Job terminated.
	(1) Normal termination (return value 0)
		Usr 0 00:11:36, Sys 0 00:00:39  -  Run Remote Usage
		Usr 0 00:00:00, Sys 0 00:00:00  -  Run Local Usage
		Usr 0 00:11:36, Sys 0 00:00:39  -  Total Remote Usage
		Usr 0 00:00:00, Sys 0 00:00:00  -  Total Local Usage
	0  -  Run Bytes Sent By Job
	0  -  Run Bytes Received By Job
	0  -  Total Bytes Sent By Job
	0  -  Total Bytes Received By Job
	Partitionable Resources :    Usage  Request Allocated
	   Cpus                 :                 1         1
	   Disk (KB)            :       10       10  65479260
	   Memory (MB)          :       56        1      2008
...
