000 (11479278.000.000) 12/04 10:54:26 Job submitted from host: <130.199.153.66:9618?addrs=130.199.153.66-9618&noUDP&sock=8910_0083_4>
...
001 (11479278.000.000) 12/04 10:55:11 Job executing on host: <130.199.153.241:9618?addrs=130.199.153.241-9618&noUDP&sock=10853_efdd_3>
...
006 (11479278.000.000) 12/04 10:55:20 Image size of job updated: 16884
	16  -  MemoryUsage of job (MB)
	15624  -  ResidentSetSize of job (KB)
...
006 (11479278.000.000) 12/04 10:57:23 Image size of job updated: 42228
	16  -  MemoryUsage of job (MB)
	15624  -  ResidentSetSize of job (KB)
...
005 (11479278.000.000) 12/04 10:57:23 Job terminated.
	(1) Normal termination (return value 0)
		Usr 0 00:01:35, Sys 0 00:00:04  -  Run Remote Usage
		Usr 0 00:00:00, Sys 0 00:00:00  -  Run Local Usage
		Usr 0 00:01:35, Sys 0 00:00:04  -  Total Remote Usage
		Usr 0 00:00:00, Sys 0 00:00:00  -  Total Local Usage
	0  -  Run Bytes Sent By Job
	0  -  Run Bytes Received By Job
	0  -  Total Bytes Sent By Job
	0  -  Total Bytes Received By Job
	Partitionable Resources :    Usage  Request Allocated
	   Cpus                 :                 1         1
	   Disk (KB)            :       10       10  47327944
	   Memory (MB)          :       16        1      2005
...
