000 (11479076.000.000) 12/04 10:53:44 Job submitted from host: <130.199.153.66:9618?addrs=130.199.153.66-9618&noUDP&sock=8910_0083_4>
...
001 (11479076.000.000) 12/04 10:54:35 Job executing on host: <130.199.201.56:9618?addrs=130.199.201.56-9618&noUDP&sock=9013_99a7_3>
...
006 (11479076.000.000) 12/04 10:54:43 Image size of job updated: 16100
	15  -  MemoryUsage of job (MB)
	14632  -  ResidentSetSize of job (KB)
...
006 (11479076.000.000) 12/04 10:59:43 Image size of job updated: 56396
	53  -  MemoryUsage of job (MB)
	53664  -  ResidentSetSize of job (KB)
...
005 (11479076.000.000) 12/04 11:04:44 Job terminated.
	(1) Normal termination (return value 0)
		Usr 0 00:08:26, Sys 0 00:00:22  -  Run Remote Usage
		Usr 0 00:00:00, Sys 0 00:00:00  -  Run Local Usage
		Usr 0 00:08:26, Sys 0 00:00:22  -  Total Remote Usage
		Usr 0 00:00:00, Sys 0 00:00:00  -  Total Local Usage
	0  -  Run Bytes Sent By Job
	0  -  Run Bytes Received By Job
	0  -  Total Bytes Sent By Job
	0  -  Total Bytes Received By Job
	Partitionable Resources :    Usage  Request Allocated
	   Cpus                 :                 1         1
	   Disk (KB)            :       10       10  47327538
	   Memory (MB)          :       53        1      2005
...
