000 (11479476.000.000) 12/04 10:55:06 Job submitted from host: <130.199.153.66:9618?addrs=130.199.153.66-9618&noUDP&sock=8910_0083_4>
...
001 (11479476.000.000) 12/04 10:55:45 Job executing on host: <130.199.201.30:9618?addrs=130.199.201.30-9618&noUDP&sock=22472_342c_3>
...
006 (11479476.000.000) 12/04 10:55:54 Image size of job updated: 15624
	16  -  MemoryUsage of job (MB)
	15624  -  ResidentSetSize of job (KB)
...
006 (11479476.000.000) 12/04 10:58:23 Image size of job updated: 37976
	16  -  MemoryUsage of job (MB)
	15624  -  ResidentSetSize of job (KB)
...
005 (11479476.000.000) 12/04 10:58:23 Job terminated.
	(1) Normal termination (return value 0)
		Usr 0 00:02:03, Sys 0 00:00:06  -  Run Remote Usage
		Usr 0 00:00:00, Sys 0 00:00:00  -  Run Local Usage
		Usr 0 00:02:03, Sys 0 00:00:06  -  Total Remote Usage
		Usr 0 00:00:00, Sys 0 00:00:00  -  Total Local Usage
	0  -  Run Bytes Sent By Job
	0  -  Run Bytes Received By Job
	0  -  Total Bytes Sent By Job
	0  -  Total Bytes Received By Job
	Partitionable Resources :    Usage  Request Allocated
	   Cpus                 :                 1         1
	   Disk (KB)            :       10       10  47328058
	   Memory (MB)          :       16        1      2005
...
