000 (11479269.000.000) 12/04 10:54:26 Job submitted from host: <130.199.153.66:9618?addrs=130.199.153.66-9618&noUDP&sock=8910_0083_4>
...
001 (11479269.000.000) 12/04 10:55:09 Job executing on host: <130.199.202.15:9618?addrs=130.199.202.15-9618&noUDP&sock=30087_4152_3>
...
006 (11479269.000.000) 12/04 10:55:18 Image size of job updated: 17208
	16  -  MemoryUsage of job (MB)
	15956  -  ResidentSetSize of job (KB)
...
006 (11479269.000.000) 12/04 11:00:19 Image size of job updated: 54508
	51  -  MemoryUsage of job (MB)
	51788  -  ResidentSetSize of job (KB)
...
005 (11479269.000.000) 12/04 11:02:56 Job terminated.
	(1) Normal termination (return value 0)
		Usr 0 00:06:31, Sys 0 00:00:14  -  Run Remote Usage
		Usr 0 00:00:00, Sys 0 00:00:00  -  Run Local Usage
		Usr 0 00:06:31, Sys 0 00:00:14  -  Total Remote Usage
		Usr 0 00:00:00, Sys 0 00:00:00  -  Total Local Usage
	0  -  Run Bytes Sent By Job
	0  -  Run Bytes Received By Job
	0  -  Total Bytes Sent By Job
	0  -  Total Bytes Received By Job
	Partitionable Resources :    Usage  Request Allocated
	   Cpus                 :                 1         1
	   Disk (KB)            :       10       10  47541104
	   Memory (MB)          :       51        1      2008
...
