000 (11479161.000.000) 12/04 10:54:00 Job submitted from host: <130.199.153.66:9618?addrs=130.199.153.66-9618&noUDP&sock=8910_0083_4>
...
001 (11479161.000.000) 12/04 10:54:49 Job executing on host: <130.199.202.66:9618?addrs=130.199.202.66-9618&noUDP&sock=21319_4b3a_3>
...
006 (11479161.000.000) 12/04 10:54:58 Image size of job updated: 15776
	16  -  MemoryUsage of job (MB)
	15776  -  ResidentSetSize of job (KB)
...
006 (11479161.000.000) 12/04 10:59:59 Image size of job updated: 50676
	50  -  MemoryUsage of job (MB)
	50676  -  ResidentSetSize of job (KB)
...
006 (11479161.000.000) 12/04 11:02:52 Image size of job updated: 50676
	50  -  MemoryUsage of job (MB)
	50732  -  ResidentSetSize of job (KB)
...
005 (11479161.000.000) 12/04 11:02:52 Job terminated.
	(1) Normal termination (return value 0)
		Usr 0 00:06:37, Sys 0 00:00:17  -  Run Remote Usage
		Usr 0 00:00:00, Sys 0 00:00:00  -  Run Local Usage
		Usr 0 00:06:37, Sys 0 00:00:17  -  Total Remote Usage
		Usr 0 00:00:00, Sys 0 00:00:00  -  Total Local Usage
	0  -  Run Bytes Sent By Job
	0  -  Run Bytes Received By Job
	0  -  Total Bytes Sent By Job
	0  -  Total Bytes Received By Job
	Partitionable Resources :    Usage  Request Allocated
	   Cpus                 :                 1         1
	   Disk (KB)            :       10       10  65479220
	   Memory (MB)          :       50        1      2008
...
