000 (11478691.000.000) 12/04 10:51:53 Job submitted from host: <130.199.153.66:9618?addrs=130.199.153.66-9618&noUDP&sock=8910_0083_4>
...
001 (11478691.000.000) 12/04 10:53:19 Job executing on host: <130.199.202.52:9618?addrs=130.199.202.52-9618&noUDP&sock=25936_841d_3>
...
006 (11478691.000.000) 12/04 10:53:28 Image size of job updated: 17232
	16  -  MemoryUsage of job (MB)
	15960  -  ResidentSetSize of job (KB)
...
006 (11478691.000.000) 12/04 10:58:29 Image size of job updated: 56916
	54  -  MemoryUsage of job (MB)
	55156  -  ResidentSetSize of job (KB)
...
006 (11478691.000.000) 12/04 11:03:29 Image size of job updated: 61200
	58  -  MemoryUsage of job (MB)
	59180  -  ResidentSetSize of job (KB)
...
005 (11478691.000.000) 12/04 11:04:16 Job terminated.
	(1) Normal termination (return value 0)
		Usr 0 00:09:35, Sys 0 00:00:22  -  Run Remote Usage
		Usr 0 00:00:00, Sys 0 00:00:00  -  Run Local Usage
		Usr 0 00:09:35, Sys 0 00:00:22  -  Total Remote Usage
		Usr 0 00:00:00, Sys 0 00:00:00  -  Total Local Usage
	0  -  Run Bytes Sent By Job
	0  -  Run Bytes Received By Job
	0  -  Total Bytes Sent By Job
	0  -  Total Bytes Received By Job
	Partitionable Resources :    Usage  Request Allocated
	   Cpus                 :                 1         1
	   Disk (KB)            :       10       10  65479637
	   Memory (MB)          :       58        1      2008
...
