000 (11479242.000.000) 12/04 10:54:20 Job submitted from host: <130.199.153.66:9618?addrs=130.199.153.66-9618&noUDP&sock=8910_0083_4>
...
001 (11479242.000.000) 12/04 10:55:03 Job executing on host: <130.199.153.244:9618?addrs=130.199.153.244-9618&noUDP&sock=22006_b87e_3>
...
006 (11479242.000.000) 12/04 10:55:12 Image size of job updated: 15720
	16  -  MemoryUsage of job (MB)
	15720  -  ResidentSetSize of job (KB)
...
006 (11479242.000.000) 12/04 11:00:13 Image size of job updated: 45004
	44  -  MemoryUsage of job (MB)
	44976  -  ResidentSetSize of job (KB)
...
005 (11479242.000.000) 12/04 11:02:31 Job terminated.
	(1) Normal termination (return value 0)
		Usr 0 00:05:46, Sys 0 00:00:12  -  Run Remote Usage
		Usr 0 00:00:00, Sys 0 00:00:00  -  Run Local Usage
		Usr 0 00:05:46, Sys 0 00:00:12  -  Total Remote Usage
		Usr 0 00:00:00, Sys 0 00:00:00  -  Total Local Usage
	0  -  Run Bytes Sent By Job
	0  -  Run Bytes Received By Job
	0  -  Total Bytes Sent By Job
	0  -  Total Bytes Received By Job
	Partitionable Resources :    Usage  Request Allocated
	   Cpus                 :                 1         1
	   Disk (KB)            :       10       10  47327925
	   Memory (MB)          :       44        1      2005
...
