000 (11478562.000.000) 12/04 10:51:02 Job submitted from host: <130.199.153.66:9618?addrs=130.199.153.66-9618&noUDP&sock=8910_0083_4>
...
001 (11478562.000.000) 12/04 10:52:50 Job executing on host: <130.199.202.94:9618?addrs=130.199.202.94-9618&noUDP&sock=12202_e0e2_3>
...
006 (11478562.000.000) 12/04 10:52:59 Image size of job updated: 42452
	42  -  MemoryUsage of job (MB)
	42452  -  ResidentSetSize of job (KB)
...
006 (11478562.000.000) 12/04 10:55:47 Image size of job updated: 44540
	42  -  MemoryUsage of job (MB)
	42452  -  ResidentSetSize of job (KB)
...
005 (11478562.000.000) 12/04 10:55:47 Job terminated.
	(1) Normal termination (return value 0)
		Usr 0 00:02:17, Sys 0 00:00:09  -  Run Remote Usage
		Usr 0 00:00:00, Sys 0 00:00:00  -  Run Local Usage
		Usr 0 00:02:17, Sys 0 00:00:09  -  Total Remote Usage
		Usr 0 00:00:00, Sys 0 00:00:00  -  Total Local Usage
	0  -  Run Bytes Sent By Job
	0  -  Run Bytes Received By Job
	0  -  Total Bytes Sent By Job
	0  -  Total Bytes Received By Job
	Partitionable Resources :    Usage  Request Allocated
	   Cpus                 :                 1         1
	   Disk (KB)            :       10       10  65563834
	   Memory (MB)          :       42        1      2297
...
