000 (11479009.000.000) 12/04 10:53:30 Job submitted from host: <130.199.153.66:9618?addrs=130.199.153.66-9618&noUDP&sock=8910_0083_4>
...
001 (11479009.000.000) 12/04 10:54:22 Job executing on host: <130.199.151.239:9618?addrs=130.199.151.239-9618&noUDP&sock=12206_24f7_3>
...
006 (11479009.000.000) 12/04 10:54:31 Image size of job updated: 27824
	16  -  MemoryUsage of job (MB)
	15744  -  ResidentSetSize of job (KB)
...
006 (11479009.000.000) 12/04 10:59:32 Image size of job updated: 64460
	50  -  MemoryUsage of job (MB)
	50828  -  ResidentSetSize of job (KB)
...
005 (11479009.000.000) 12/04 11:01:15 Job terminated.
	(1) Normal termination (return value 0)
		Usr 0 00:05:24, Sys 0 00:00:14  -  Run Remote Usage
		Usr 0 00:00:00, Sys 0 00:00:00  -  Run Local Usage
		Usr 0 00:05:24, Sys 0 00:00:14  -  Total Remote Usage
		Usr 0 00:00:00, Sys 0 00:00:00  -  Total Local Usage
	0  -  Run Bytes Sent By Job
	0  -  Run Bytes Received By Job
	0  -  Total Bytes Sent By Job
	0  -  Total Bytes Received By Job
	Partitionable Resources :    Usage  Request Allocated
	   Cpus                 :                 1         1
	   Disk (KB)            :       10       10  32976402
	   Memory (MB)          :       50        1      2005
...
