000 (11460363.000.000) 12/03 12:13:19 Job submitted from host: <130.199.153.66:9618?addrs=130.199.153.66-9618&noUDP&sock=8910_0083_4>
...
001 (11460363.000.000) 12/03 12:13:49 Job executing on host: <130.199.202.105:9618?addrs=130.199.202.105-9618&noUDP&sock=361804_7f7f_3>
...
006 (11460363.000.000) 12/03 12:13:58 Image size of job updated: 14752
	15  -  MemoryUsage of job (MB)
	14752  -  ResidentSetSize of job (KB)
...
006 (11460363.000.000) 12/03 12:18:59 Image size of job updated: 50208
	50  -  MemoryUsage of job (MB)
	50208  -  ResidentSetSize of job (KB)
...
005 (11460363.000.000) 12/03 12:20:46 Job terminated.
	(1) Normal termination (return value 0)
		Usr 0 00:06:09, Sys 0 00:00:26  -  Run Remote Usage
		Usr 0 00:00:00, Sys 0 00:00:00  -  Run Local Usage
		Usr 0 00:06:09, Sys 0 00:00:26  -  Total Remote Usage
		Usr 0 00:00:00, Sys 0 00:00:00  -  Total Local Usage
	0  -  Run Bytes Sent By Job
	0  -  Run Bytes Received By Job
	0  -  Total Bytes Sent By Job
	0  -  Total Bytes Received By Job
	Partitionable Resources :    Usage  Request Allocated
	   Cpus                 :                 1         1
	   Disk (KB)            :       10       10  66832050
	   Memory (MB)          :       50        1      2665
...
