000 (11478651.000.000) 12/04 10:51:20 Job submitted from host: <130.199.153.66:9618?addrs=130.199.153.66-9618&noUDP&sock=8910_0083_4>
...
001 (11478651.000.000) 12/04 10:53:09 Job executing on host: <130.199.202.69:9618?addrs=130.199.202.69-9618&noUDP&sock=10873_4448_3>
...
006 (11478651.000.000) 12/04 10:53:18 Image size of job updated: 17192
	16  -  MemoryUsage of job (MB)
	15900  -  ResidentSetSize of job (KB)
...
006 (11478651.000.000) 12/04 10:58:19 Image size of job updated: 57956
	54  -  MemoryUsage of job (MB)
	55204  -  ResidentSetSize of job (KB)
...
006 (11478651.000.000) 12/04 11:03:20 Image size of job updated: 60824
	57  -  MemoryUsage of job (MB)
	58052  -  ResidentSetSize of job (KB)
...
005 (11478651.000.000) 12/04 11:08:10 Job terminated.
	(1) Normal termination (return value 0)
		Usr 0 00:13:18, Sys 0 00:00:37  -  Run Remote Usage
		Usr 0 00:00:00, Sys 0 00:00:00  -  Run Local Usage
		Usr 0 00:13:18, Sys 0 00:00:37  -  Total Remote Usage
		Usr 0 00:00:00, Sys 0 00:00:00  -  Total Local Usage
	0  -  Run Bytes Sent By Job
	0  -  Run Bytes Received By Job
	0  -  Total Bytes Sent By Job
	0  -  Total Bytes Received By Job
	Partitionable Resources :    Usage  Request Allocated
	   Cpus                 :                 1         1
	   Disk (KB)            :       10       10  65479252
	   Memory (MB)          :       57        1      2008
...
