000 (11478777.000.000) 12/04 10:52:40 Job submitted from host: <130.199.153.66:9618?addrs=130.199.153.66-9618&noUDP&sock=8910_0083_4>
...
001 (11478777.000.000) 12/04 10:53:34 Job executing on host: <130.199.201.39:9618?addrs=130.199.201.39-9618&noUDP&sock=22493_d99b_3>
...
006 (11478777.000.000) 12/04 10:53:43 Image size of job updated: 18460
	16  -  MemoryUsage of job (MB)
	15620  -  ResidentSetSize of job (KB)
...
006 (11478777.000.000) 12/04 10:58:44 Image size of job updated: 48540
	44  -  MemoryUsage of job (MB)
	44232  -  ResidentSetSize of job (KB)
...
005 (11478777.000.000) 12/04 11:00:23 Job terminated.
	(1) Normal termination (return value 0)
		Usr 0 00:05:26, Sys 0 00:00:14  -  Run Remote Usage
		Usr 0 00:00:00, Sys 0 00:00:00  -  Run Local Usage
		Usr 0 00:05:26, Sys 0 00:00:14  -  Total Remote Usage
		Usr 0 00:00:00, Sys 0 00:00:00  -  Total Local Usage
	0  -  Run Bytes Sent By Job
	0  -  Run Bytes Received By Job
	0  -  Total Bytes Sent By Job
	0  -  Total Bytes Received By Job
	Partitionable Resources :    Usage  Request Allocated
	   Cpus                 :                 1         1
	   Disk (KB)            :       10       10  47327944
	   Memory (MB)          :       44        1      2005
...
