000 (11479189.000.000) 12/04 10:54:07 Job submitted from host: <130.199.153.66:9618?addrs=130.199.153.66-9618&noUDP&sock=8910_0083_4>
...
001 (11479189.000.000) 12/04 10:54:54 Job executing on host: <130.199.152.12:9618?addrs=130.199.152.12-9618&noUDP&sock=23132_15e1_3>
...
006 (11479189.000.000) 12/04 10:55:03 Image size of job updated: 13032
	13  -  MemoryUsage of job (MB)
	13032  -  ResidentSetSize of job (KB)
...
006 (11479189.000.000) 12/04 11:00:04 Image size of job updated: 45804
	45  -  MemoryUsage of job (MB)
	45724  -  ResidentSetSize of job (KB)
...
005 (11479189.000.000) 12/04 11:01:56 Job terminated.
	(1) Normal termination (return value 0)
		Usr 0 00:04:48, Sys 0 00:00:19  -  Run Remote Usage
		Usr 0 00:00:00, Sys 0 00:00:00  -  Run Local Usage
		Usr 0 00:04:48, Sys 0 00:00:19  -  Total Remote Usage
		Usr 0 00:00:00, Sys 0 00:00:00  -  Total Local Usage
	0  -  Run Bytes Sent By Job
	0  -  Run Bytes Received By Job
	0  -  Total Bytes Sent By Job
	0  -  Total Bytes Received By Job
	Partitionable Resources :    Usage  Request Allocated
	   Cpus                 :                 1         1
	   Disk (KB)            :       10       10  32976455
	   Memory (MB)          :       45        1      2005
...
