000 (11478778.000.000) 12/04 10:52:40 Job submitted from host: <130.199.153.66:9618?addrs=130.199.153.66-9618&noUDP&sock=8910_0083_4>
...
001 (11478778.000.000) 12/04 10:53:34 Job executing on host: <130.199.153.42:9618?addrs=130.199.153.42-9618&noUDP&sock=22129_a60c_3>
...
006 (11478778.000.000) 12/04 10:53:43 Image size of job updated: 16924
	16  -  MemoryUsage of job (MB)
	15660  -  ResidentSetSize of job (KB)
...
006 (11478778.000.000) 12/04 10:58:44 Image size of job updated: 44516
	42  -  MemoryUsage of job (MB)
	42680  -  ResidentSetSize of job (KB)
...
005 (11478778.000.000) 12/04 11:00:51 Job terminated.
	(1) Normal termination (return value 0)
		Usr 0 00:05:42, Sys 0 00:00:15  -  Run Remote Usage
		Usr 0 00:00:00, Sys 0 00:00:00  -  Run Local Usage
		Usr 0 00:05:42, Sys 0 00:00:15  -  Total Remote Usage
		Usr 0 00:00:00, Sys 0 00:00:00  -  Total Local Usage
	0  -  Run Bytes Sent By Job
	0  -  Run Bytes Received By Job
	0  -  Total Bytes Sent By Job
	0  -  Total Bytes Received By Job
	Partitionable Resources :    Usage  Request Allocated
	   Cpus                 :                 1         1
	   Disk (KB)            :       10       10  47327955
	   Memory (MB)          :       42        1      2005
...
