000 (11478652.000.000) 12/04 10:51:20 Job submitted from host: <130.199.153.66:9618?addrs=130.199.153.66-9618&noUDP&sock=8910_0083_4>
...
001 (11478652.000.000) 12/04 10:53:09 Job executing on host: <130.199.202.45:9618?addrs=130.199.202.45-9618&noUDP&sock=34383_e28b_3>
...
006 (11478652.000.000) 12/04 10:53:18 Image size of job updated: 17336
	16  -  MemoryUsage of job (MB)
	16104  -  ResidentSetSize of job (KB)
...
006 (11478652.000.000) 12/04 10:58:19 Image size of job updated: 55048
	52  -  MemoryUsage of job (MB)
	52816  -  ResidentSetSize of job (KB)
...
006 (11478652.000.000) 12/04 11:03:20 Image size of job updated: 55560
	53  -  MemoryUsage of job (MB)
	53328  -  ResidentSetSize of job (KB)
...
005 (11478652.000.000) 12/04 11:08:07 Job terminated.
	(1) Normal termination (return value 0)
		Usr 0 00:13:19, Sys 0 00:00:31  -  Run Remote Usage
		Usr 0 00:00:00, Sys 0 00:00:00  -  Run Local Usage
		Usr 0 00:13:19, Sys 0 00:00:31  -  Total Remote Usage
		Usr 0 00:00:00, Sys 0 00:00:00  -  Total Local Usage
	0  -  Run Bytes Sent By Job
	0  -  Run Bytes Received By Job
	0  -  Total Bytes Sent By Job
	0  -  Total Bytes Received By Job
	Partitionable Resources :    Usage  Request Allocated
	   Cpus                 :                 1         1
	   Disk (KB)            :       10       10  65479135
	   Memory (MB)          :       53        1      2008
...
