000 (11460362.000.000) 12/03 12:13:19 Job submitted from host: <130.199.153.66:9618?addrs=130.199.153.66-9618&noUDP&sock=8910_0083_4>
...
001 (11460362.000.000) 12/03 12:13:49 Job executing on host: <130.199.202.111:9618?addrs=130.199.202.111-9618&noUDP&sock=359684_8b77_3>
...
006 (11460362.000.000) 12/03 12:13:58 Image size of job updated: 14652
	15  -  MemoryUsage of job (MB)
	14652  -  ResidentSetSize of job (KB)
...
006 (11460362.000.000) 12/03 12:18:59 Image size of job updated: 54016
	53  -  MemoryUsage of job (MB)
	54016  -  ResidentSetSize of job (KB)
...
006 (11460362.000.000) 12/03 12:20:38 Image size of job updated: 263652
	53  -  MemoryUsage of job (MB)
	54016  -  ResidentSetSize of job (KB)
...
005 (11460362.000.000) 12/03 12:20:39 Job terminated.
	(1) Normal termination (return value 0)
		Usr 0 00:05:53, Sys 0 00:00:19  -  Run Remote Usage
		Usr 0 00:00:00, Sys 0 00:00:00  -  Run Local Usage
		Usr 0 00:05:53, Sys 0 00:00:19  -  Total Remote Usage
		Usr 0 00:00:00, Sys 0 00:00:00  -  Total Local Usage
	0  -  Run Bytes Sent By Job
	0  -  Run Bytes Received By Job
	0  -  Total Bytes Sent By Job
	0  -  Total Bytes Received By Job
	Partitionable Resources :    Usage  Request Allocated
	   Cpus                 :                 1         1
	   Disk (KB)            :       10       10  66832020
	   Memory (MB)          :       53        1      2665
...
