000 (11479219.000.000) 12/04 10:54:13 Job submitted from host: <130.199.153.66:9618?addrs=130.199.153.66-9618&noUDP&sock=8910_0083_4>
...
001 (11479219.000.000) 12/04 10:54:59 Job executing on host: <130.199.153.46:9618?addrs=130.199.153.46-9618&noUDP&sock=17857_9d53_3>
...
006 (11479219.000.000) 12/04 10:55:08 Image size of job updated: 15756
	16  -  MemoryUsage of job (MB)
	15756  -  ResidentSetSize of job (KB)
...
006 (11479219.000.000) 12/04 11:00:09 Image size of job updated: 53680
	53  -  MemoryUsage of job (MB)
	53680  -  ResidentSetSize of job (KB)
...
005 (11479219.000.000) 12/04 11:04:42 Job terminated.
	(1) Normal termination (return value 0)
		Usr 0 00:08:07, Sys 0 00:00:20  -  Run Remote Usage
		Usr 0 00:00:00, Sys 0 00:00:00  -  Run Local Usage
		Usr 0 00:08:07, Sys 0 00:00:20  -  Total Remote Usage
		Usr 0 00:00:00, Sys 0 00:00:00  -  Total Local Usage
	0  -  Run Bytes Sent By Job
	0  -  Run Bytes Received By Job
	0  -  Total Bytes Sent By Job
	0  -  Total Bytes Received By Job
	Partitionable Resources :    Usage  Request Allocated
	   Cpus                 :                 1         1
	   Disk (KB)            :       10       10  47328031
	   Memory (MB)          :       53        1      2005
...
