000 (11478894.000.000) 12/04 10:53:04 Job submitted from host: <130.199.153.66:9618?addrs=130.199.153.66-9618&noUDP&sock=8910_0083_4>
...
001 (11478894.000.000) 12/04 10:53:56 Job executing on host: <130.199.150.171:9618?addrs=130.199.150.171-9618&noUDP&sock=22517_721b_3>
...
006 (11478894.000.000) 12/04 10:54:05 Image size of job updated: 16988
	16  -  MemoryUsage of job (MB)
	15796  -  ResidentSetSize of job (KB)
...
006 (11478894.000.000) 12/04 10:59:06 Image size of job updated: 52272
	50  -  MemoryUsage of job (MB)
	50508  -  ResidentSetSize of job (KB)
...
006 (11478894.000.000) 12/04 11:04:06 Image size of job updated: 53748
	51  -  MemoryUsage of job (MB)
	51808  -  ResidentSetSize of job (KB)
...
005 (11478894.000.000) 12/04 11:05:34 Job terminated.
	(1) Normal termination (return value 0)
		Usr 0 00:09:50, Sys 0 00:00:23  -  Run Remote Usage
		Usr 0 00:00:00, Sys 0 00:00:00  -  Run Local Usage
		Usr 0 00:09:50, Sys 0 00:00:23  -  Total Remote Usage
		Usr 0 00:00:00, Sys 0 00:00:00  -  Total Local Usage
	0  -  Run Bytes Sent By Job
	0  -  Run Bytes Received By Job
	0  -  Total Bytes Sent By Job
	0  -  Total Bytes Received By Job
	Partitionable Resources :    Usage  Request Allocated
	   Cpus                 :                 1         1
	   Disk (KB)            :       10       10  41489315
	   Memory (MB)          :       51        1      2007
...
