000 (11479584.000.000) 12/04 10:55:32 Job submitted from host: <130.199.153.66:9618?addrs=130.199.153.66-9618&noUDP&sock=8910_0083_4>
...
001 (11479584.000.000) 12/04 10:55:57 Job executing on host: <130.199.202.21:9618?addrs=130.199.202.21-9618&noUDP&sock=23483_2c2b_3>
...
006 (11479584.000.000) 12/04 10:56:05 Image size of job updated: 15692
	16  -  MemoryUsage of job (MB)
	15692  -  ResidentSetSize of job (KB)
...
006 (11479584.000.000) 12/04 10:56:44 Image size of job updated: 38888
	16  -  MemoryUsage of job (MB)
	15692  -  ResidentSetSize of job (KB)
...
005 (11479584.000.000) 12/04 10:56:45 Job terminated.
	(1) Normal termination (return value 0)
		Usr 0 00:00:37, Sys 0 00:00:03  -  Run Remote Usage
		Usr 0 00:00:00, Sys 0 00:00:00  -  Run Local Usage
		Usr 0 00:00:37, Sys 0 00:00:03  -  Total Remote Usage
		Usr 0 00:00:00, Sys 0 00:00:00  -  Total Local Usage
	0  -  Run Bytes Sent By Job
	0  -  Run Bytes Received By Job
	0  -  Total Bytes Sent By Job
	0  -  Total Bytes Received By Job
	Partitionable Resources :    Usage  Request Allocated
	   Cpus                 :                 1         1
	   Disk (KB)            :       10       10  47541181
	   Memory (MB)          :       16        1      2008
...
