000 (11479067.000.000) 12/04 10:53:42 Job submitted from host: <130.199.153.66:9618?addrs=130.199.153.66-9618&noUDP&sock=8910_0083_4>
...
001 (11479067.000.000) 12/04 10:54:33 Job executing on host: <130.199.152.36:9618?addrs=130.199.152.36-9618&noUDP&sock=22274_8a0f_3>
...
006 (11479067.000.000) 12/04 10:54:42 Image size of job updated: 33112
	16  -  MemoryUsage of job (MB)
	15788  -  ResidentSetSize of job (KB)
...
006 (11479067.000.000) 12/04 10:59:43 Image size of job updated: 69068
	49  -  MemoryUsage of job (MB)
	49836  -  ResidentSetSize of job (KB)
...
006 (11479067.000.000) 12/04 11:04:43 Image size of job updated: 79416
	59  -  MemoryUsage of job (MB)
	60144  -  ResidentSetSize of job (KB)
...
005 (11479067.000.000) 12/04 11:07:37 Job terminated.
	(1) Normal termination (return value 0)
		Usr 0 00:10:55, Sys 0 00:00:27  -  Run Remote Usage
		Usr 0 00:00:00, Sys 0 00:00:00  -  Run Local Usage
		Usr 0 00:10:55, Sys 0 00:00:27  -  Total Remote Usage
		Usr 0 00:00:00, Sys 0 00:00:00  -  Total Local Usage
	0  -  Run Bytes Sent By Job
	0  -  Run Bytes Received By Job
	0  -  Total Bytes Sent By Job
	0  -  Total Bytes Received By Job
	Partitionable Resources :    Usage  Request Allocated
	   Cpus                 :                 1         1
	   Disk (KB)            :       10       10  32976389
	   Memory (MB)          :       59        1      2005
...
