000 (11478530.000.000) 12/04 10:50:56 Job submitted from host: <130.199.153.66:9618?addrs=130.199.153.66-9618&noUDP&sock=8910_0083_4>
...
001 (11478530.000.000) 12/04 10:52:44 Job executing on host: <130.199.202.87:9618?addrs=130.199.202.87-9618&noUDP&sock=118306_7479_3>
...
006 (11478530.000.000) 12/04 10:52:53 Image size of job updated: 38296
	38  -  MemoryUsage of job (MB)
	38296  -  ResidentSetSize of job (KB)
...
006 (11478530.000.000) 12/04 10:53:50 Image size of job updated: 42260
	38  -  MemoryUsage of job (MB)
	38296  -  ResidentSetSize of job (KB)
...
005 (11478530.000.000) 12/04 10:53:50 Job terminated.
	(1) Normal termination (return value 0)
		Usr 0 00:00:53, Sys 0 00:00:04  -  Run Remote Usage
		Usr 0 00:00:00, Sys 0 00:00:00  -  Run Local Usage
		Usr 0 00:00:53, Sys 0 00:00:04  -  Total Remote Usage
		Usr 0 00:00:00, Sys 0 00:00:00  -  Total Local Usage
	0  -  Run Bytes Sent By Job
	0  -  Run Bytes Received By Job
	0  -  Total Bytes Sent By Job
	0  -  Total Bytes Received By Job
	Partitionable Resources :    Usage  Request Allocated
	   Cpus                 :                 1         1
	   Disk (KB)            :       10       10  65563848
	   Memory (MB)          :       38        1      2297
...
