000 (11479162.000.000) 12/04 10:54:00 Job submitted from host: <130.199.153.66:9618?addrs=130.199.153.66-9618&noUDP&sock=8910_0083_4>
...
001 (11479162.000.000) 12/04 10:54:51 Job executing on host: <130.199.150.167:9618?addrs=130.199.150.167-9618&noUDP&sock=22013_efa3_3>
...
006 (11479162.000.000) 12/04 10:54:59 Image size of job updated: 15728
	16  -  MemoryUsage of job (MB)
	15728  -  ResidentSetSize of job (KB)
...
006 (11479162.000.000) 12/04 10:59:59 Image size of job updated: 49424
	49  -  MemoryUsage of job (MB)
	49420  -  ResidentSetSize of job (KB)
...
006 (11479162.000.000) 12/04 11:03:54 Image size of job updated: 49716
	49  -  MemoryUsage of job (MB)
	49420  -  ResidentSetSize of job (KB)
...
005 (11479162.000.000) 12/04 11:03:54 Job terminated.
	(1) Normal termination (return value 0)
		Usr 0 00:07:11, Sys 0 00:00:17  -  Run Remote Usage
		Usr 0 00:00:00, Sys 0 00:00:00  -  Run Local Usage
		Usr 0 00:07:11, Sys 0 00:00:17  -  Total Remote Usage
		Usr 0 00:00:00, Sys 0 00:00:00  -  Total Local Usage
	0  -  Run Bytes Sent By Job
	0  -  Run Bytes Received By Job
	0  -  Total Bytes Sent By Job
	0  -  Total Bytes Received By Job
	Partitionable Resources :    Usage  Request Allocated
	   Cpus                 :                 1         1
	   Disk (KB)            :       10       10  41489268
	   Memory (MB)          :       49        1      2007
...
