000 (11479127.000.000) 12/04 10:53:52 Job submitted from host: <130.199.153.66:9618?addrs=130.199.153.66-9618&noUDP&sock=8910_0083_4>
...
001 (11479127.000.000) 12/04 10:54:46 Job executing on host: <130.199.201.11:9618?addrs=130.199.201.11-9618&noUDP&sock=23200_9b4a_3>
...
006 (11479127.000.000) 12/04 10:54:54 Image size of job updated: 15788
	16  -  MemoryUsage of job (MB)
	15788  -  ResidentSetSize of job (KB)
...
006 (11479127.000.000) 12/04 10:59:55 Image size of job updated: 50552
	50  -  MemoryUsage of job (MB)
	50488  -  ResidentSetSize of job (KB)
...
005 (11479127.000.000) 12/04 11:03:23 Job terminated.
	(1) Normal termination (return value 0)
		Usr 0 00:06:54, Sys 0 00:00:18  -  Run Remote Usage
		Usr 0 00:00:00, Sys 0 00:00:00  -  Run Local Usage
		Usr 0 00:06:54, Sys 0 00:00:18  -  Total Remote Usage
		Usr 0 00:00:00, Sys 0 00:00:00  -  Total Local Usage
	0  -  Run Bytes Sent By Job
	0  -  Run Bytes Received By Job
	0  -  Total Bytes Sent By Job
	0  -  Total Bytes Received By Job
	Partitionable Resources :    Usage  Request Allocated
	   Cpus                 :                 1         1
	   Disk (KB)            :       10       10  47328048
	   Memory (MB)          :       50        1      2005
...
