000 (11479243.000.000) 12/04 10:54:20 Job submitted from host: <130.199.153.66:9618?addrs=130.199.153.66-9618&noUDP&sock=8910_0083_4>
...
001 (11479243.000.000) 12/04 10:55:03 Job executing on host: <130.199.202.27:9618?addrs=130.199.202.27-9618&noUDP&sock=26591_d0b7_3>
...
006 (11479243.000.000) 12/04 10:55:12 Image size of job updated: 15780
	15  -  MemoryUsage of job (MB)
	14588  -  ResidentSetSize of job (KB)
...
006 (11479243.000.000) 12/04 11:00:13 Image size of job updated: 54688
	52  -  MemoryUsage of job (MB)
	53036  -  ResidentSetSize of job (KB)
...
005 (11479243.000.000) 12/04 11:02:02 Job terminated.
	(1) Normal termination (return value 0)
		Usr 0 00:05:46, Sys 0 00:00:13  -  Run Remote Usage
		Usr 0 00:00:00, Sys 0 00:00:00  -  Run Local Usage
		Usr 0 00:05:46, Sys 0 00:00:13  -  Total Remote Usage
		Usr 0 00:00:00, Sys 0 00:00:00  -  Total Local Usage
	0  -  Run Bytes Sent By Job
	0  -  Run Bytes Received By Job
	0  -  Total Bytes Sent By Job
	0  -  Total Bytes Received By Job
	Partitionable Resources :    Usage  Request Allocated
	   Cpus                 :                 1         1
	   Disk (KB)            :       10       10  47541131
	   Memory (MB)          :       52        1      2008
...
