000 (11478754.000.000) 12/04 10:52:33 Job submitted from host: <130.199.153.66:9618?addrs=130.199.153.66-9618&noUDP&sock=8910_0083_4>
...
001 (11478754.000.000) 12/04 10:53:30 Job executing on host: <130.199.201.6:9618?addrs=130.199.201.6-9618&noUDP&sock=23022_4598_3>
...
006 (11478754.000.000) 12/04 10:53:38 Image size of job updated: 16924
	16  -  MemoryUsage of job (MB)
	15700  -  ResidentSetSize of job (KB)
...
005 (11478754.000.000) 12/04 10:56:31 Job terminated.
	(1) Normal termination (return value 0)
		Usr 0 00:02:17, Sys 0 00:00:06  -  Run Remote Usage
		Usr 0 00:00:00, Sys 0 00:00:00  -  Run Local Usage
		Usr 0 00:02:17, Sys 0 00:00:06  -  Total Remote Usage
		Usr 0 00:00:00, Sys 0 00:00:00  -  Total Local Usage
	0  -  Run Bytes Sent By Job
	0  -  Run Bytes Received By Job
	0  -  Total Bytes Sent By Job
	0  -  Total Bytes Received By Job
	Partitionable Resources :    Usage  Request Allocated
	   Cpus                 :                 1         1
	   Disk (KB)            :       10       10  47328020
	   Memory (MB)          :       16        1      2005
...
