000 (11479128.000.000) 12/04 10:53:52 Job submitted from host: <130.199.153.66:9618?addrs=130.199.153.66-9618&noUDP&sock=8910_0083_4>
...
001 (11479128.000.000) 12/04 10:54:47 Job executing on host: <130.199.201.12:9618?addrs=130.199.201.12-9618&noUDP&sock=22468_f016_3>
...
006 (11479128.000.000) 12/04 10:54:56 Image size of job updated: 14812
	15  -  MemoryUsage of job (MB)
	14812  -  ResidentSetSize of job (KB)
...
006 (11479128.000.000) 12/04 10:59:57 Image size of job updated: 46780
	46  -  MemoryUsage of job (MB)
	46780  -  ResidentSetSize of job (KB)
...
005 (11479128.000.000) 12/04 11:03:29 Job terminated.
	(1) Normal termination (return value 0)
		Usr 0 00:07:07, Sys 0 00:00:20  -  Run Remote Usage
		Usr 0 00:00:00, Sys 0 00:00:00  -  Run Local Usage
		Usr 0 00:07:07, Sys 0 00:00:20  -  Total Remote Usage
		Usr 0 00:00:00, Sys 0 00:00:00  -  Total Local Usage
	0  -  Run Bytes Sent By Job
	0  -  Run Bytes Received By Job
	0  -  Total Bytes Sent By Job
	0  -  Total Bytes Received By Job
	Partitionable Resources :    Usage  Request Allocated
	   Cpus                 :                 1         1
	   Disk (KB)            :       10       10  47328110
	   Memory (MB)          :       46        1      2005
...
