000 (11479583.000.000) 12/04 10:55:32 Job submitted from host: <130.199.153.66:9618?addrs=130.199.153.66-9618&noUDP&sock=8910_0083_4>
...
001 (11479583.000.000) 12/04 10:55:56 Job executing on host: <130.199.151.242:9618?addrs=130.199.151.242-9618&noUDP&sock=22511_8bfb_3>
...
006 (11479583.000.000) 12/04 10:56:05 Image size of job updated: 15620
	16  -  MemoryUsage of job (MB)
	15620  -  ResidentSetSize of job (KB)
...
006 (11479583.000.000) 12/04 10:56:44 Image size of job updated: 38824
	16  -  MemoryUsage of job (MB)
	15620  -  ResidentSetSize of job (KB)
...
005 (11479583.000.000) 12/04 10:56:44 Job terminated.
	(1) Normal termination (return value 0)
		Usr 0 00:00:34, Sys 0 00:00:02  -  Run Remote Usage
		Usr 0 00:00:00, Sys 0 00:00:00  -  Run Local Usage
		Usr 0 00:00:34, Sys 0 00:00:02  -  Total Remote Usage
		Usr 0 00:00:00, Sys 0 00:00:00  -  Total Local Usage
	0  -  Run Bytes Sent By Job
	0  -  Run Bytes Received By Job
	0  -  Total Bytes Sent By Job
	0  -  Total Bytes Received By Job
	Partitionable Resources :    Usage  Request Allocated
	   Cpus                 :                 1         1
	   Disk (KB)            :       10       10  32976533
	   Memory (MB)          :       16        1      2005
...
