000 (11478985.000.000) 12/04 10:53:24 Job submitted from host: <130.199.153.66:9618?addrs=130.199.153.66-9618&noUDP&sock=8910_0083_4>
...
001 (11478985.000.000) 12/04 10:54:07 Job executing on host: <130.199.150.229:9618?addrs=130.199.150.229-9618&noUDP&sock=13646_e2df_3>
...
006 (11478985.000.000) 12/04 10:54:15 Image size of job updated: 15756
	16  -  MemoryUsage of job (MB)
	15756  -  ResidentSetSize of job (KB)
...
006 (11478985.000.000) 12/04 10:59:15 Image size of job updated: 45960
	45  -  MemoryUsage of job (MB)
	45960  -  ResidentSetSize of job (KB)
...
006 (11478985.000.000) 12/04 11:02:58 Image size of job updated: 45960
	45  -  MemoryUsage of job (MB)
	46048  -  ResidentSetSize of job (KB)
...
005 (11478985.000.000) 12/04 11:02:59 Job terminated.
	(1) Normal termination (return value 0)
		Usr 0 00:07:04, Sys 0 00:00:17  -  Run Remote Usage
		Usr 0 00:00:00, Sys 0 00:00:00  -  Run Local Usage
		Usr 0 00:07:04, Sys 0 00:00:17  -  Total Remote Usage
		Usr 0 00:00:00, Sys 0 00:00:00  -  Total Local Usage
	0  -  Run Bytes Sent By Job
	0  -  Run Bytes Received By Job
	0  -  Total Bytes Sent By Job
	0  -  Total Bytes Received By Job
	Partitionable Resources :    Usage  Request Allocated
	   Cpus                 :                 1         1
	   Disk (KB)            :       10       10  59425694
	   Memory (MB)          :       45        1      2007
...
