000 (11479043.000.000) 12/04 10:53:36 Job submitted from host: <130.199.153.66:9618?addrs=130.199.153.66-9618&noUDP&sock=8910_0083_4>
...
001 (11479043.000.000) 12/04 10:54:28 Job executing on host: <130.199.202.1:9618?addrs=130.199.202.1-9618&noUDP&sock=45930_5d5a_3>
...
006 (11479043.000.000) 12/04 10:54:37 Image size of job updated: 38284
	38  -  MemoryUsage of job (MB)
	38284  -  ResidentSetSize of job (KB)
...
006 (11479043.000.000) 12/04 10:55:17 Image size of job updated: 42572
	38  -  MemoryUsage of job (MB)
	38284  -  ResidentSetSize of job (KB)
...
005 (11479043.000.000) 12/04 10:55:18 Job terminated.
	(1) Normal termination (return value 0)
		Usr 0 00:00:37, Sys 0 00:00:03  -  Run Remote Usage
		Usr 0 00:00:00, Sys 0 00:00:00  -  Run Local Usage
		Usr 0 00:00:37, Sys 0 00:00:03  -  Total Remote Usage
		Usr 0 00:00:00, Sys 0 00:00:00  -  Total Local Usage
	0  -  Run Bytes Sent By Job
	0  -  Run Bytes Received By Job
	0  -  Total Bytes Sent By Job
	0  -  Total Bytes Received By Job
	Partitionable Resources :    Usage  Request Allocated
	   Cpus                 :                 1         1
	   Disk (KB)            :       10       10  47541125
	   Memory (MB)          :       38        1      2008
...
