000 (11479416.000.000) 12/04 10:54:55 Job submitted from host: <130.199.153.66:9618?addrs=130.199.153.66-9618&noUDP&sock=8910_0083_4>
...
001 (11479416.000.000) 12/04 10:55:34 Job executing on host: <130.199.152.38:9618?addrs=130.199.152.38-9618&noUDP&sock=22445_a89c_3>
...
006 (11479416.000.000) 12/04 10:55:43 Image size of job updated: 15876
	16  -  MemoryUsage of job (MB)
	15876  -  ResidentSetSize of job (KB)
...
006 (11479416.000.000) 12/04 10:56:24 Image size of job updated: 36384
	16  -  MemoryUsage of job (MB)
	15876  -  ResidentSetSize of job (KB)
...
005 (11479416.000.000) 12/04 10:56:24 Job terminated.
	(1) Normal termination (return value 0)
		Usr 0 00:00:34, Sys 0 00:00:04  -  Run Remote Usage
		Usr 0 00:00:00, Sys 0 00:00:00  -  Run Local Usage
		Usr 0 00:00:34, Sys 0 00:00:04  -  Total Remote Usage
		Usr 0 00:00:00, Sys 0 00:00:00  -  Total Local Usage
	0  -  Run Bytes Sent By Job
	0  -  Run Bytes Received By Job
	0  -  Total Bytes Sent By Job
	0  -  Total Bytes Received By Job
	Partitionable Resources :    Usage  Request Allocated
	   Cpus                 :                 1         1
	   Disk (KB)            :       10       10  32976565
	   Memory (MB)          :       16        1      2005
...
