000 (11479270.000.000) 12/04 10:54:26 Job submitted from host: <130.199.153.66:9618?addrs=130.199.153.66-9618&noUDP&sock=8910_0083_4>
...
001 (11479270.000.000) 12/04 10:55:09 Job executing on host: <130.199.151.249:9618?addrs=130.199.151.249-9618&noUDP&sock=22431_3a52_3>
...
006 (11479270.000.000) 12/04 10:55:18 Image size of job updated: 14532
	15  -  MemoryUsage of job (MB)
	14532  -  ResidentSetSize of job (KB)
...
006 (11479270.000.000) 12/04 11:00:19 Image size of job updated: 46724
	46  -  MemoryUsage of job (MB)
	46636  -  ResidentSetSize of job (KB)
...
006 (11479270.000.000) 12/04 11:03:35 Image size of job updated: 46876
	46  -  MemoryUsage of job (MB)
	46636  -  ResidentSetSize of job (KB)
...
005 (11479270.000.000) 12/04 11:03:35 Job terminated.
	(1) Normal termination (return value 0)
		Usr 0 00:06:36, Sys 0 00:00:14  -  Run Remote Usage
		Usr 0 00:00:00, Sys 0 00:00:00  -  Run Local Usage
		Usr 0 00:06:36, Sys 0 00:00:14  -  Total Remote Usage
		Usr 0 00:00:00, Sys 0 00:00:00  -  Total Local Usage
	0  -  Run Bytes Sent By Job
	0  -  Run Bytes Received By Job
	0  -  Total Bytes Sent By Job
	0  -  Total Bytes Received By Job
	Partitionable Resources :    Usage  Request Allocated
	   Cpus                 :                 1         1
	   Disk (KB)            :       10       10  32976457
	   Memory (MB)          :       46        1      2005
...
