000 (11479564.000.000) 12/04 10:55:26 Job submitted from host: <130.199.153.66:9618?addrs=130.199.153.66-9618&noUDP&sock=8910_0083_4>
...
001 (11479564.000.000) 12/04 10:55:54 Job executing on host: <130.199.202.69:9618?addrs=130.199.202.69-9618&noUDP&sock=10873_4448_3>
...
006 (11479564.000.000) 12/04 10:56:02 Image size of job updated: 15720
	16  -  MemoryUsage of job (MB)
	15720  -  ResidentSetSize of job (KB)
...
006 (11479564.000.000) 12/04 10:58:33 Image size of job updated: 38956
	16  -  MemoryUsage of job (MB)
	15720  -  ResidentSetSize of job (KB)
...
005 (11479564.000.000) 12/04 10:58:34 Job terminated.
	(1) Normal termination (return value 0)
		Usr 0 00:02:12, Sys 0 00:00:08  -  Run Remote Usage
		Usr 0 00:00:00, Sys 0 00:00:00  -  Run Local Usage
		Usr 0 00:02:12, Sys 0 00:00:08  -  Total Remote Usage
		Usr 0 00:00:00, Sys 0 00:00:00  -  Total Local Usage
	0  -  Run Bytes Sent By Job
	0  -  Run Bytes Received By Job
	0  -  Total Bytes Sent By Job
	0  -  Total Bytes Received By Job
	Partitionable Resources :    Usage  Request Allocated
	   Cpus                 :                 1         1
	   Disk (KB)            :       10       10  65479252
	   Memory (MB)          :       16        1      2008
...
