000 (11479217.000.000) 12/04 10:54:13 Job submitted from host: <130.199.153.66:9618?addrs=130.199.153.66-9618&noUDP&sock=8910_0083_4>
...
001 (11479217.000.000) 12/04 10:54:59 Job executing on host: <130.199.153.52:9618?addrs=130.199.153.52-9618&noUDP&sock=22375_8128_3>
...
006 (11479217.000.000) 12/04 10:55:07 Image size of job updated: 21844
	11  -  MemoryUsage of job (MB)
	10456  -  ResidentSetSize of job (KB)
...
006 (11479217.000.000) 12/04 11:00:07 Image size of job updated: 60664
	44  -  MemoryUsage of job (MB)
	44652  -  ResidentSetSize of job (KB)
...
006 (11479217.000.000) 12/04 11:04:30 Image size of job updated: 63280
	44  -  MemoryUsage of job (MB)
	44652  -  ResidentSetSize of job (KB)
...
005 (11479217.000.000) 12/04 11:04:30 Job terminated.
	(1) Normal termination (return value 0)
		Usr 0 00:08:05, Sys 0 00:00:21  -  Run Remote Usage
		Usr 0 00:00:00, Sys 0 00:00:00  -  Run Local Usage
		Usr 0 00:08:05, Sys 0 00:00:21  -  Total Remote Usage
		Usr 0 00:00:00, Sys 0 00:00:00  -  Total Local Usage
	0  -  Run Bytes Sent By Job
	0  -  Run Bytes Received By Job
	0  -  Total Bytes Sent By Job
	0  -  Total Bytes Received By Job
	Partitionable Resources :    Usage  Request Allocated
	   Cpus                 :                 1         1
	   Disk (KB)            :       10       10  47328403
	   Memory (MB)          :       44        1      2005
...
