000 (11478895.000.000) 12/04 10:53:04 Job submitted from host: <130.199.153.66:9618?addrs=130.199.153.66-9618&noUDP&sock=8910_0083_4>
...
001 (11478895.000.000) 12/04 10:53:56 Job executing on host: <130.199.150.135:9618?addrs=130.199.150.135-9618&noUDP&sock=18914_2447_3>
...
006 (11478895.000.000) 12/04 10:54:05 Image size of job updated: 17072
	16  -  MemoryUsage of job (MB)
	15824  -  ResidentSetSize of job (KB)
...
006 (11478895.000.000) 12/04 10:59:06 Image size of job updated: 52016
	49  -  MemoryUsage of job (MB)
	49384  -  ResidentSetSize of job (KB)
...
005 (11478895.000.000) 12/04 11:02:08 Job terminated.
	(1) Normal termination (return value 0)
		Usr 0 00:06:53, Sys 0 00:00:16  -  Run Remote Usage
		Usr 0 00:00:00, Sys 0 00:00:00  -  Run Local Usage
		Usr 0 00:06:53, Sys 0 00:00:16  -  Total Remote Usage
		Usr 0 00:00:00, Sys 0 00:00:00  -  Total Local Usage
	0  -  Run Bytes Sent By Job
	0  -  Run Bytes Received By Job
	0  -  Total Bytes Sent By Job
	0  -  Total Bytes Received By Job
	Partitionable Resources :    Usage  Request Allocated
	   Cpus                 :                 1         1
	   Disk (KB)            :       10       10  41489196
	   Memory (MB)          :       49        1      2007
...
