000 (11460364.000.000) 12/03 12:13:19 Job submitted from host: <130.199.153.66:9618?addrs=130.199.153.66-9618&noUDP&sock=8910_0083_4>
...
001 (11460364.000.000) 12/03 12:13:50 Job executing on host: <130.199.202.110:9618?addrs=130.199.202.110-9618&noUDP&sock=285616_f534_3>
...
006 (11460364.000.000) 12/03 12:13:59 Image size of job updated: 14788
	15  -  MemoryUsage of job (MB)
	14668  -  ResidentSetSize of job (KB)
...
006 (11460364.000.000) 12/03 12:19:00 Image size of job updated: 52856
	52  -  MemoryUsage of job (MB)
	52736  -  ResidentSetSize of job (KB)
...
005 (11460364.000.000) 12/03 12:20:37 Job terminated.
	(1) Normal termination (return value 0)
		Usr 0 00:06:01, Sys 0 00:00:22  -  Run Remote Usage
		Usr 0 00:00:00, Sys 0 00:00:00  -  Run Local Usage
		Usr 0 00:06:01, Sys 0 00:00:22  -  Total Remote Usage
		Usr 0 00:00:00, Sys 0 00:00:00  -  Total Local Usage
	0  -  Run Bytes Sent By Job
	0  -  Run Bytes Received By Job
	0  -  Total Bytes Sent By Job
	0  -  Total Bytes Received By Job
	Partitionable Resources :    Usage  Request Allocated
	   Cpus                 :                 1         1
	   Disk (KB)            :       10       10  66832012
	   Memory (MB)          :       52        1      2665
...
