000 (11479563.000.000) 12/04 10:55:26 Job submitted from host: <130.199.153.66:9618?addrs=130.199.153.66-9618&noUDP&sock=8910_0083_4>
...
001 (11479563.000.000) 12/04 10:55:54 Job executing on host: <130.199.202.53:9618?addrs=130.199.202.53-9618&noUDP&sock=33007_65f7_3>
...
006 (11479563.000.000) 12/04 10:56:02 Image size of job updated: 16976
	16  -  MemoryUsage of job (MB)
	15744  -  ResidentSetSize of job (KB)
...
005 (11479563.000.000) 12/04 10:58:42 Job terminated.
	(1) Normal termination (return value 0)
		Usr 0 00:02:20, Sys 0 00:00:08  -  Run Remote Usage
		Usr 0 00:00:00, Sys 0 00:00:00  -  Run Local Usage
		Usr 0 00:02:20, Sys 0 00:00:08  -  Total Remote Usage
		Usr 0 00:00:00, Sys 0 00:00:00  -  Total Local Usage
	0  -  Run Bytes Sent By Job
	0  -  Run Bytes Received By Job
	0  -  Total Bytes Sent By Job
	0  -  Total Bytes Received By Job
	Partitionable Resources :    Usage  Request Allocated
	   Cpus                 :                 1         1
	   Disk (KB)            :       10       10  65479177
	   Memory (MB)          :       16        1      2008
...
