000 (11479446.000.000) 12/04 10:55:00 Job submitted from host: <130.199.153.66:9618?addrs=130.199.153.66-9618&noUDP&sock=8910_0083_4>
...
001 (11479446.000.000) 12/04 10:55:40 Job executing on host: <130.199.153.227:9618?addrs=130.199.153.227-9618&noUDP&sock=21632_5aba_3>
...
006 (11479446.000.000) 12/04 10:55:48 Image size of job updated: 17908
	16  -  MemoryUsage of job (MB)
	15672  -  ResidentSetSize of job (KB)
...
006 (11479446.000.000) 12/04 10:58:56 Image size of job updated: 44392
	16  -  MemoryUsage of job (MB)
	15672  -  ResidentSetSize of job (KB)
...
005 (11479446.000.000) 12/04 10:58:56 Job terminated.
	(1) Normal termination (return value 0)
		Usr 0 00:02:36, Sys 0 00:00:07  -  Run Remote Usage
		Usr 0 00:00:00, Sys 0 00:00:00  -  Run Local Usage
		Usr 0 00:02:36, Sys 0 00:00:07  -  Total Remote Usage
		Usr 0 00:00:00, Sys 0 00:00:00  -  Total Local Usage
	0  -  Run Bytes Sent By Job
	0  -  Run Bytes Received By Job
	0  -  Total Bytes Sent By Job
	0  -  Total Bytes Received By Job
	Partitionable Resources :    Usage  Request Allocated
	   Cpus                 :                 1         1
	   Disk (KB)            :       10       10  47327936
	   Memory (MB)          :       16        1      2005
...
