000 (11479268.000.000) 12/04 10:54:26 Job submitted from host: <130.199.153.66:9618?addrs=130.199.153.66-9618&noUDP&sock=8910_0083_4>
...
001 (11479268.000.000) 12/04 10:55:09 Job executing on host: <130.199.153.252:9618?addrs=130.199.153.252-9618&noUDP&sock=10851_4dd3_3>
...
006 (11479268.000.000) 12/04 10:55:18 Image size of job updated: 17036
	16  -  MemoryUsage of job (MB)
	15816  -  ResidentSetSize of job (KB)
...
006 (11479268.000.000) 12/04 11:00:19 Image size of job updated: 52412
	50  -  MemoryUsage of job (MB)
	50796  -  ResidentSetSize of job (KB)
...
005 (11479268.000.000) 12/04 11:03:21 Job terminated.
	(1) Normal termination (return value 0)
		Usr 0 00:06:35, Sys 0 00:00:14  -  Run Remote Usage
		Usr 0 00:00:00, Sys 0 00:00:00  -  Run Local Usage
		Usr 0 00:06:35, Sys 0 00:00:14  -  Total Remote Usage
		Usr 0 00:00:00, Sys 0 00:00:00  -  Total Local Usage
	0  -  Run Bytes Sent By Job
	0  -  Run Bytes Received By Job
	0  -  Total Bytes Sent By Job
	0  -  Total Bytes Received By Job
	Partitionable Resources :    Usage  Request Allocated
	   Cpus                 :                 1         1
	   Disk (KB)            :       10       10  47328049
	   Memory (MB)          :       50        1      2005
...
