000 (11478690.000.000) 12/04 10:51:53 Job submitted from host: <130.199.153.66:9618?addrs=130.199.153.66-9618&noUDP&sock=8910_0083_4>
...
001 (11478690.000.000) 12/04 10:53:20 Job executing on host: <130.199.150.232:9618?addrs=130.199.150.232-9618&noUDP&sock=21960_298a_3>
...
006 (11478690.000.000) 12/04 10:53:29 Image size of job updated: 14732
	15  -  MemoryUsage of job (MB)
	14728  -  ResidentSetSize of job (KB)
...
006 (11478690.000.000) 12/04 10:58:30 Image size of job updated: 53388
	53  -  MemoryUsage of job (MB)
	53308  -  ResidentSetSize of job (KB)
...
006 (11478690.000.000) 12/04 11:03:30 Image size of job updated: 53388
	54  -  MemoryUsage of job (MB)
	54840  -  ResidentSetSize of job (KB)
...
005 (11478690.000.000) 12/04 11:04:52 Job terminated.
	(1) Normal termination (return value 0)
		Usr 0 00:09:44, Sys 0 00:00:25  -  Run Remote Usage
		Usr 0 00:00:00, Sys 0 00:00:00  -  Run Local Usage
		Usr 0 00:09:44, Sys 0 00:00:25  -  Total Remote Usage
		Usr 0 00:00:00, Sys 0 00:00:00  -  Total Local Usage
	0  -  Run Bytes Sent By Job
	0  -  Run Bytes Received By Job
	0  -  Total Bytes Sent By Job
	0  -  Total Bytes Received By Job
	Partitionable Resources :    Usage  Request Allocated
	   Cpus                 :                 1         1
	   Disk (KB)            :       10       10  59426056
	   Memory (MB)          :       54        1      2007
...
