000 (11478589.000.000) 12/04 10:51:08 Job submitted from host: <130.199.153.66:9618?addrs=130.199.153.66-9618&noUDP&sock=8910_0083_4>
...
001 (11478589.000.000) 12/04 10:52:57 Job executing on host: <130.199.202.88:9618?addrs=130.199.202.88-9618&noUDP&sock=169515_74fe_3>
...
006 (11478589.000.000) 12/04 10:53:05 Image size of job updated: 26720
	27  -  MemoryUsage of job (MB)
	26720  -  ResidentSetSize of job (KB)
...
006 (11478589.000.000) 12/04 10:56:50 Image size of job updated: 44124
	27  -  MemoryUsage of job (MB)
	26720  -  ResidentSetSize of job (KB)
...
005 (11478589.000.000) 12/04 10:56:50 Job terminated.
	(1) Normal termination (return value 0)
		Usr 0 00:02:53, Sys 0 00:00:14  -  Run Remote Usage
		Usr 0 00:00:00, Sys 0 00:00:00  -  Run Local Usage
		Usr 0 00:02:53, Sys 0 00:00:14  -  Total Remote Usage
		Usr 0 00:00:00, Sys 0 00:00:00  -  Total Local Usage
	0  -  Run Bytes Sent By Job
	0  -  Run Bytes Received By Job
	0  -  Total Bytes Sent By Job
	0  -  Total Bytes Received By Job
	Partitionable Resources :    Usage  Request Allocated
	   Cpus                 :                 1         1
	   Disk (KB)            :       10       10  65563789
	   Memory (MB)          :       27        1      2297
...
