000 (11478650.000.000) 12/04 10:51:20 Job submitted from host: <130.199.153.66:9618?addrs=130.199.153.66-9618&noUDP&sock=8910_0083_4>
...
001 (11478650.000.000) 12/04 10:53:17 Job executing on host: <130.199.202.39:9618?addrs=130.199.202.39-9618&noUDP&sock=30214_72f5_3>
...
006 (11478650.000.000) 12/04 10:53:25 Image size of job updated: 17144
	16  -  MemoryUsage of job (MB)
	15948  -  ResidentSetSize of job (KB)
...
006 (11478650.000.000) 12/04 10:58:25 Image size of job updated: 50080
	48  -  MemoryUsage of job (MB)
	48412  -  ResidentSetSize of job (KB)
...
006 (11478650.000.000) 12/04 11:03:25 Image size of job updated: 56088
	53  -  MemoryUsage of job (MB)
	54244  -  ResidentSetSize of job (KB)
...
005 (11478650.000.000) 12/04 11:07:34 Job terminated.
	(1) Normal termination (return value 0)
		Usr 0 00:12:46, Sys 0 00:00:27  -  Run Remote Usage
		Usr 0 00:00:00, Sys 0 00:00:00  -  Run Local Usage
		Usr 0 00:12:46, Sys 0 00:00:27  -  Total Remote Usage
		Usr 0 00:00:00, Sys 0 00:00:00  -  Total Local Usage
	0  -  Run Bytes Sent By Job
	0  -  Run Bytes Received By Job
	0  -  Total Bytes Sent By Job
	0  -  Total Bytes Received By Job
	Partitionable Resources :    Usage  Request Allocated
	   Cpus                 :                 1         1
	   Disk (KB)            :       10       10  65479108
	   Memory (MB)          :       53        1      2008
...
