000 (11478587.000.000) 12/04 10:51:08 Job submitted from host: <130.199.153.66:9618?addrs=130.199.153.66-9618&noUDP&sock=8910_0083_4>
...
001 (11478587.000.000) 12/04 10:52:55 Job executing on host: <130.199.150.253:9618?addrs=130.199.150.253-9618&noUDP&sock=22474_d636_3>
...
006 (11478587.000.000) 12/04 10:53:04 Image size of job updated: 14708
	15  -  MemoryUsage of job (MB)
	14704  -  ResidentSetSize of job (KB)
...
005 (11478587.000.000) 12/04 10:56:31 Job terminated.
	(1) Normal termination (return value 0)
		Usr 0 00:03:02, Sys 0 00:00:07  -  Run Remote Usage
		Usr 0 00:00:00, Sys 0 00:00:00  -  Run Local Usage
		Usr 0 00:03:02, Sys 0 00:00:07  -  Total Remote Usage
		Usr 0 00:00:00, Sys 0 00:00:00  -  Total Local Usage
	0  -  Run Bytes Sent By Job
	0  -  Run Bytes Received By Job
	0  -  Total Bytes Sent By Job
	0  -  Total Bytes Received By Job
	Partitionable Resources :    Usage  Request Allocated
	   Cpus                 :                 1         1
	   Disk (KB)            :       10       10  59426049
	   Memory (MB)          :       15        1      2007
...
