000 (11478962.000.000) 12/04 10:53:18 Job submitted from host: <130.199.153.66:9618?addrs=130.199.153.66-9618&noUDP&sock=8910_0083_4>
...
001 (11478962.000.000) 12/04 10:54:13 Job executing on host: <130.199.152.38:9618?addrs=130.199.152.38-9618&noUDP&sock=22445_a89c_3>
...
006 (11478962.000.000) 12/04 10:54:21 Image size of job updated: 18940
	16  -  MemoryUsage of job (MB)
	16076  -  ResidentSetSize of job (KB)
...
005 (11478962.000.000) 12/04 10:59:20 Job terminated.
	(1) Normal termination (return value 0)
		Usr 0 00:03:52, Sys 0 00:00:11  -  Run Remote Usage
		Usr 0 00:00:00, Sys 0 00:00:00  -  Run Local Usage
		Usr 0 00:03:52, Sys 0 00:00:11  -  Total Remote Usage
		Usr 0 00:00:00, Sys 0 00:00:00  -  Total Local Usage
	0  -  Run Bytes Sent By Job
	0  -  Run Bytes Received By Job
	0  -  Total Bytes Sent By Job
	0  -  Total Bytes Received By Job
	Partitionable Resources :    Usage  Request Allocated
	   Cpus                 :                 1         1
	   Disk (KB)            :       10       10  32976565
	   Memory (MB)          :       16        1      2005
...
