000 (11479098.000.000) 12/04 10:53:47 Job submitted from host: <130.199.153.66:9618?addrs=130.199.153.66-9618&noUDP&sock=8910_0083_4>
...
001 (11479098.000.000) 12/04 10:54:40 Job executing on host: <130.199.153.51:9618?addrs=130.199.153.51-9618&noUDP&sock=22161_c6b6_3>
...
006 (11479098.000.000) 12/04 10:54:48 Image size of job updated: 15628
	16  -  MemoryUsage of job (MB)
	15628  -  ResidentSetSize of job (KB)
...
006 (11479098.000.000) 12/04 10:59:48 Image size of job updated: 46864
	46  -  MemoryUsage of job (MB)
	46860  -  ResidentSetSize of job (KB)
...
006 (11479098.000.000) 12/04 11:00:36 Image size of job updated: 257404
	46  -  MemoryUsage of job (MB)
	46860  -  ResidentSetSize of job (KB)
...
005 (11479098.000.000) 12/04 11:00:37 Job terminated.
	(1) Normal termination (return value 0)
		Usr 0 00:04:29, Sys 0 00:00:13  -  Run Remote Usage
		Usr 0 00:00:00, Sys 0 00:00:00  -  Run Local Usage
		Usr 0 00:04:29, Sys 0 00:00:13  -  Total Remote Usage
		Usr 0 00:00:00, Sys 0 00:00:00  -  Total Local Usage
	0  -  Run Bytes Sent By Job
	0  -  Run Bytes Received By Job
	0  -  Total Bytes Sent By Job
	0  -  Total Bytes Received By Job
	Partitionable Resources :    Usage  Request Allocated
	   Cpus                 :                 1         1
	   Disk (KB)            :       10       10  47328135
	   Memory (MB)          :       46        1      2005
...
