000 (11479188.000.000) 12/04 10:54:07 Job submitted from host: <130.199.153.66:9618?addrs=130.199.153.66-9618&noUDP&sock=8910_0083_4>
...
001 (11479188.000.000) 12/04 10:54:54 Job executing on host: <130.199.152.21:9618?addrs=130.199.152.21-9618&noUDP&sock=9458_6fe5_3>
...
006 (11479188.000.000) 12/04 10:55:02 Image size of job updated: 15676
	16  -  MemoryUsage of job (MB)
	15676  -  ResidentSetSize of job (KB)
...
006 (11479188.000.000) 12/04 11:00:02 Image size of job updated: 47708
	47  -  MemoryUsage of job (MB)
	47436  -  ResidentSetSize of job (KB)
...
005 (11479188.000.000) 12/04 11:01:05 Job terminated.
	(1) Normal termination (return value 0)
		Usr 0 00:04:49, Sys 0 00:00:12  -  Run Remote Usage
		Usr 0 00:00:00, Sys 0 00:00:00  -  Run Local Usage
		Usr 0 00:04:49, Sys 0 00:00:12  -  Total Remote Usage
		Usr 0 00:00:00, Sys 0 00:00:00  -  Total Local Usage
	0  -  Run Bytes Sent By Job
	0  -  Run Bytes Received By Job
	0  -  Total Bytes Sent By Job
	0  -  Total Bytes Received By Job
	Partitionable Resources :    Usage  Request Allocated
	   Cpus                 :                 1         1
	   Disk (KB)            :       10       10  32976413
	   Memory (MB)          :       47        1      2005
...
