000 (11479535.000.000) 12/04 10:55:20 Job submitted from host: <130.199.153.66:9618?addrs=130.199.153.66-9618&noUDP&sock=8910_0083_4>
...
001 (11479535.000.000) 12/04 10:55:40 Job executing on host: <130.199.201.51:9618?addrs=130.199.201.51-9618&noUDP&sock=16982_b027_3>
...
006 (11479535.000.000) 12/04 10:55:48 Image size of job updated: 35236
	35  -  MemoryUsage of job (MB)
	35236  -  ResidentSetSize of job (KB)
...
006 (11479535.000.000) 12/04 10:56:05 Image size of job updated: 39072
	35  -  MemoryUsage of job (MB)
	35236  -  ResidentSetSize of job (KB)
...
005 (11479535.000.000) 12/04 10:56:05 Job terminated.
	(1) Normal termination (return value 0)
		Usr 0 00:00:15, Sys 0 00:00:02  -  Run Remote Usage
		Usr 0 00:00:00, Sys 0 00:00:00  -  Run Local Usage
		Usr 0 00:00:15, Sys 0 00:00:02  -  Total Remote Usage
		Usr 0 00:00:00, Sys 0 00:00:00  -  Total Local Usage
	0  -  Run Bytes Sent By Job
	0  -  Run Bytes Received By Job
	0  -  Total Bytes Sent By Job
	0  -  Total Bytes Received By Job
	Partitionable Resources :    Usage  Request Allocated
	   Cpus                 :                 1         1
	   Disk (KB)            :       10       10  47328005
	   Memory (MB)          :       35        1      2005
...
