000 (11478808.000.000) 12/04 10:52:46 Job submitted from host: <130.199.153.66:9618?addrs=130.199.153.66-9618&noUDP&sock=8910_0083_4>
...
001 (11478808.000.000) 12/04 10:53:40 Job executing on host: <130.199.202.110:9618?addrs=130.199.202.110-9618&noUDP&sock=285616_f534_3>
...
006 (11478808.000.000) 12/04 10:53:49 Image size of job updated: 14776
	15  -  MemoryUsage of job (MB)
	14748  -  ResidentSetSize of job (KB)
...
006 (11478808.000.000) 12/04 10:58:50 Image size of job updated: 49288
	49  -  MemoryUsage of job (MB)
	49260  -  ResidentSetSize of job (KB)
...
006 (11478808.000.000) 12/04 11:03:51 Image size of job updated: 59724
	59  -  MemoryUsage of job (MB)
	59720  -  ResidentSetSize of job (KB)
...
005 (11478808.000.000) 12/04 11:03:59 Job terminated.
	(1) Normal termination (return value 0)
		Usr 0 00:08:38, Sys 0 00:00:28  -  Run Remote Usage
		Usr 0 00:00:00, Sys 0 00:00:00  -  Run Local Usage
		Usr 0 00:08:38, Sys 0 00:00:28  -  Total Remote Usage
		Usr 0 00:00:00, Sys 0 00:00:00  -  Total Local Usage
	0  -  Run Bytes Sent By Job
	0  -  Run Bytes Received By Job
	0  -  Total Bytes Sent By Job
	0  -  Total Bytes Received By Job
	Partitionable Resources :    Usage  Request Allocated
	   Cpus                 :                 1         1
	   Disk (KB)            :       10       10  66832012
	   Memory (MB)          :       59        1      2665
...
