runnumber=13077078
STAR Template Scheduler 0.1 (/afs/rhic.bnl.gov/star/packages/scripts/star-submit)

STAR Unified Meta Scheduler 1.10.28
Your Log file can be found at: /afs/rhic.bnl.gov/star/doc/www/html/tmp/pub/scheduler/zchang.log
Reading request description file : schedTemplateExp.xml
Analyzing XML...XML OK
Resolving File system wildcards
[2018.12.04 10:50:54 EST] Dataset size is 3 files
Removing files not on site BNL
[2018.12.04 10:50:54 EST] Dataset size is 3 files
-------Processing recovered dataset for paths-------
Removing HPSS files as not accessible in syntax=paths
[2018.12.04 10:50:54 EST] Dataset size is 3 files
Skipping (Removing RCRS node files) no such files
Dropping files with duplicate LFN (files that are the same)
[2018.12.04 10:50:54 EST] Started with 3 files, current size is 3files, 0 duplicate files dropped.
Skipping (Sorting by node) all NFS files
Skipping (Splitting by node) all NFS files
Splitting dataset entries by size (minSize=1 ,maxSize=1 )
[2018.12.04 10:50:54 EST] Dataset size is 3 files
----------------------------------------------------
validating dataset ....passed
Writting files for process 09D9EBD7A04832110384832896BAB762_2..done.
Writting files for process 09D9EBD7A04832110384832896BAB762_1..done.
Writting files for process 09D9EBD7A04832110384832896BAB762_0..done.
Dispatching process 09D9EBD7A04832110384832896BAB762_0_2.. done.
Wrote scheduling report to : /star/u/zchang/jetAnalysis/jets/working_6/scripts/sched09D9EBD7A04832110384832896BAB762.report
Reporting statistics... done.
Scheduling successful
runnumber=13078042
STAR Template Scheduler 0.1 (/afs/rhic.bnl.gov/star/packages/scripts/star-submit)

STAR Unified Meta Scheduler 1.10.28
Your Log file can be found at: /afs/rhic.bnl.gov/star/doc/www/html/tmp/pub/scheduler/zchang.log
Reading request description file : schedTemplateExp.xml
Analyzing XML...XML OK
Resolving File system wildcards
[2018.12.04 10:51:01 EST] Dataset size is 3 files
Removing files not on site BNL
[2018.12.04 10:51:01 EST] Dataset size is 3 files
-------Processing recovered dataset for paths-------
Removing HPSS files as not accessible in syntax=paths
[2018.12.04 10:51:01 EST] Dataset size is 3 files
Skipping (Removing RCRS node files) no such files
Dropping files with duplicate LFN (files that are the same)
[2018.12.04 10:51:01 EST] Started with 3 files, current size is 3files, 0 duplicate files dropped.
Skipping (Sorting by node) all NFS files
Skipping (Splitting by node) all NFS files
Splitting dataset entries by size (minSize=1 ,maxSize=1 )
[2018.12.04 10:51:01 EST] Dataset size is 3 files
----------------------------------------------------
validating dataset ....passed
Writting files for process 152D2C9697165995900F59AAE7FD8DB1_2..done.
Writting files for process 152D2C9697165995900F59AAE7FD8DB1_1..done.
Writting files for process 152D2C9697165995900F59AAE7FD8DB1_0..done.
Dispatching process 152D2C9697165995900F59AAE7FD8DB1_0_2. done.
Wrote scheduling report to : /star/u/zchang/jetAnalysis/jets/working_6/scripts/sched152D2C9697165995900F59AAE7FD8DB1.report
Reporting statistics... done.
Scheduling successful
runnumber=13078070
STAR Template Scheduler 0.1 (/afs/rhic.bnl.gov/star/packages/scripts/star-submit)

STAR Unified Meta Scheduler 1.10.28
Your Log file can be found at: /afs/rhic.bnl.gov/star/doc/www/html/tmp/pub/scheduler/zchang.log
Reading request description file : schedTemplateExp.xml
Analyzing XML...XML OK
Resolving File system wildcards
[2018.12.04 10:51:07 EST] Dataset size is 3 files
Removing files not on site BNL
[2018.12.04 10:51:07 EST] Dataset size is 3 files
-------Processing recovered dataset for paths-------
Removing HPSS files as not accessible in syntax=paths
[2018.12.04 10:51:07 EST] Dataset size is 3 files
Skipping (Removing RCRS node files) no such files
Dropping files with duplicate LFN (files that are the same)
[2018.12.04 10:51:07 EST] Started with 3 files, current size is 3files, 0 duplicate files dropped.
Skipping (Sorting by node) all NFS files
Skipping (Splitting by node) all NFS files
Splitting dataset entries by size (minSize=1 ,maxSize=1 )
[2018.12.04 10:51:07 EST] Dataset size is 3 files
----------------------------------------------------
validating dataset ....passed
Writting files for process 0BC06D6755FE4D5DF82AEA11C9A38BA9_2..done.
Writting files for process 0BC06D6755FE4D5DF82AEA11C9A38BA9_1..done.
Writting files for process 0BC06D6755FE4D5DF82AEA11C9A38BA9_0..done.
Dispatching process 0BC06D6755FE4D5DF82AEA11C9A38BA9_0_2. done.
Wrote scheduling report to : /star/u/zchang/jetAnalysis/jets/working_6/scripts/sched0BC06D6755FE4D5DF82AEA11C9A38BA9.report
Reporting statistics... done.
Scheduling successful
runnumber=13080003
STAR Template Scheduler 0.1 (/afs/rhic.bnl.gov/star/packages/scripts/star-submit)

STAR Unified Meta Scheduler 1.10.28
Your Log file can be found at: /afs/rhic.bnl.gov/star/doc/www/html/tmp/pub/scheduler/zchang.log
Reading request description file : schedTemplateExp.xml
Analyzing XML...XML OK
Resolving File system wildcards
[2018.12.04 10:51:13 EST] Dataset size is 3 files
Removing files not on site BNL
[2018.12.04 10:51:13 EST] Dataset size is 3 files
-------Processing recovered dataset for paths-------
Removing HPSS files as not accessible in syntax=paths
[2018.12.04 10:51:13 EST] Dataset size is 3 files
Skipping (Removing RCRS node files) no such files
Dropping files with duplicate LFN (files that are the same)
[2018.12.04 10:51:13 EST] Started with 3 files, current size is 3files, 0 duplicate files dropped.
Skipping (Sorting by node) all NFS files
Skipping (Splitting by node) all NFS files
Splitting dataset entries by size (minSize=1 ,maxSize=1 )
[2018.12.04 10:51:13 EST] Dataset size is 3 files
----------------------------------------------------
validating dataset ....passed
Writting files for process 404075F3B96BB47228D71D2B77CDC90B_2..done.
Writting files for process 404075F3B96BB47228D71D2B77CDC90B_1..done.
Writting files for process 404075F3B96BB47228D71D2B77CDC90B_0..done.
Dispatching process 404075F3B96BB47228D71D2B77CDC90B_0_2. done.
Wrote scheduling report to : /star/u/zchang/jetAnalysis/jets/working_6/scripts/sched404075F3B96BB47228D71D2B77CDC90B.report
Reporting statistics... done.
Scheduling successful
runnumber=13080093
STAR Template Scheduler 0.1 (/afs/rhic.bnl.gov/star/packages/scripts/star-submit)

STAR Unified Meta Scheduler 1.10.28
Your Log file can be found at: /afs/rhic.bnl.gov/star/doc/www/html/tmp/pub/scheduler/zchang.log
Reading request description file : schedTemplateExp.xml
Analyzing XML...XML OK
Resolving File system wildcards
[2018.12.04 10:51:19 EST] Dataset size is 3 files
Removing files not on site BNL
[2018.12.04 10:51:19 EST] Dataset size is 3 files
-------Processing recovered dataset for paths-------
Removing HPSS files as not accessible in syntax=paths
[2018.12.04 10:51:19 EST] Dataset size is 3 files
Skipping (Removing RCRS node files) no such files
Dropping files with duplicate LFN (files that are the same)
[2018.12.04 10:51:19 EST] Started with 3 files, current size is 3files, 0 duplicate files dropped.
Skipping (Sorting by node) all NFS files
Skipping (Splitting by node) all NFS files
Splitting dataset entries by size (minSize=1 ,maxSize=1 )
[2018.12.04 10:51:19 EST] Dataset size is 3 files
----------------------------------------------------
validating dataset ....passed
Writting files for process 4165A2F0F823E4B11F3FD869FEE052E5_2..done.
Writting files for process 4165A2F0F823E4B11F3FD869FEE052E5_1..done.
Writting files for process 4165A2F0F823E4B11F3FD869FEE052E5_0..done.
Dispatching process 4165A2F0F823E4B11F3FD869FEE052E5_0_2. done.
Wrote scheduling report to : /star/u/zchang/jetAnalysis/jets/working_6/scripts/sched4165A2F0F823E4B11F3FD869FEE052E5.report
Reporting statistics... done.
Scheduling successful
runnumber=13081007
STAR Template Scheduler 0.1 (/afs/rhic.bnl.gov/star/packages/scripts/star-submit)

STAR Unified Meta Scheduler 1.10.28
Your Log file can be found at: /afs/rhic.bnl.gov/star/doc/www/html/tmp/pub/scheduler/zchang.log
Reading request description file : schedTemplateExp.xml
Analyzing XML...XML OK
Resolving File system wildcards
[2018.12.04 10:51:26 EST] Dataset size is 3 files
Removing files not on site BNL
[2018.12.04 10:51:26 EST] Dataset size is 3 files
-------Processing recovered dataset for paths-------
Removing HPSS files as not accessible in syntax=paths
[2018.12.04 10:51:26 EST] Dataset size is 3 files
Skipping (Removing RCRS node files) no such files
Dropping files with duplicate LFN (files that are the same)
[2018.12.04 10:51:26 EST] Started with 3 files, current size is 3files, 0 duplicate files dropped.
Skipping (Sorting by node) all NFS files
Skipping (Splitting by node) all NFS files
Splitting dataset entries by size (minSize=1 ,maxSize=1 )
[2018.12.04 10:51:26 EST] Dataset size is 3 files
----------------------------------------------------
validating dataset ....passed
Writting files for process 6492A015D168290BECCABC207A00147D_2..done.
Writting files for process 6492A015D168290BECCABC207A00147D_1..done.
Writting files for process 6492A015D168290BECCABC207A00147D_0..done.
Dispatching process 6492A015D168290BECCABC207A00147D_0_2........................... done.
Wrote scheduling report to : /star/u/zchang/jetAnalysis/jets/working_6/scripts/sched6492A015D168290BECCABC207A00147D.report
Reporting statistics... done.
Scheduling successful
runnumber=13082011
STAR Template Scheduler 0.1 (/afs/rhic.bnl.gov/star/packages/scripts/star-submit)

STAR Unified Meta Scheduler 1.10.28
Your Log file can be found at: /afs/rhic.bnl.gov/star/doc/www/html/tmp/pub/scheduler/zchang.log
Reading request description file : schedTemplateExp.xml
Analyzing XML...XML OK
Resolving File system wildcards
[2018.12.04 10:52:25 EST] Dataset size is 3 files
Removing files not on site BNL
[2018.12.04 10:52:25 EST] Dataset size is 3 files
-------Processing recovered dataset for paths-------
Removing HPSS files as not accessible in syntax=paths
[2018.12.04 10:52:25 EST] Dataset size is 3 files
Skipping (Removing RCRS node files) no such files
Dropping files with duplicate LFN (files that are the same)
[2018.12.04 10:52:25 EST] Started with 3 files, current size is 3files, 0 duplicate files dropped.
Skipping (Sorting by node) all NFS files
Skipping (Splitting by node) all NFS files
Splitting dataset entries by size (minSize=1 ,maxSize=1 )
[2018.12.04 10:52:25 EST] Dataset size is 3 files
----------------------------------------------------
validating dataset ....passed
Writting files for process 6839869BA7346480E41A7BBDB3BE1E21_2..done.
Writting files for process 6839869BA7346480E41A7BBDB3BE1E21_1..done.
Writting files for process 6839869BA7346480E41A7BBDB3BE1E21_0..done.
Dispatching process 6839869BA7346480E41A7BBDB3BE1E21_0_2.. done.
Wrote scheduling report to : /star/u/zchang/jetAnalysis/jets/working_6/scripts/sched6839869BA7346480E41A7BBDB3BE1E21.report
Reporting statistics... done.
Scheduling successful
runnumber=13084001
STAR Template Scheduler 0.1 (/afs/rhic.bnl.gov/star/packages/scripts/star-submit)

STAR Unified Meta Scheduler 1.10.28
Your Log file can be found at: /afs/rhic.bnl.gov/star/doc/www/html/tmp/pub/scheduler/zchang.log
Reading request description file : schedTemplateExp.xml
Analyzing XML...XML OK
Resolving File system wildcards
[2018.12.04 10:52:32 EST] Dataset size is 3 files
Removing files not on site BNL
[2018.12.04 10:52:32 EST] Dataset size is 3 files
-------Processing recovered dataset for paths-------
Removing HPSS files as not accessible in syntax=paths
[2018.12.04 10:52:32 EST] Dataset size is 3 files
Skipping (Removing RCRS node files) no such files
Dropping files with duplicate LFN (files that are the same)
[2018.12.04 10:52:32 EST] Started with 3 files, current size is 3files, 0 duplicate files dropped.
Skipping (Sorting by node) all NFS files
Skipping (Splitting by node) all NFS files
Splitting dataset entries by size (minSize=1 ,maxSize=1 )
[2018.12.04 10:52:32 EST] Dataset size is 3 files
----------------------------------------------------
validating dataset ....passed
Writting files for process 24C3A895334DB5108FC7B6693DBAF903_2..done.
Writting files for process 24C3A895334DB5108FC7B6693DBAF903_1..done.
Writting files for process 24C3A895334DB5108FC7B6693DBAF903_0..done.
Dispatching process 24C3A895334DB5108FC7B6693DBAF903_0_2. done.
Wrote scheduling report to : /star/u/zchang/jetAnalysis/jets/working_6/scripts/sched24C3A895334DB5108FC7B6693DBAF903.report
Reporting statistics... done.
Scheduling successful
runnumber=13084036
STAR Template Scheduler 0.1 (/afs/rhic.bnl.gov/star/packages/scripts/star-submit)

STAR Unified Meta Scheduler 1.10.28
Your Log file can be found at: /afs/rhic.bnl.gov/star/doc/www/html/tmp/pub/scheduler/zchang.log
Reading request description file : schedTemplateExp.xml
Analyzing XML...XML OK
Resolving File system wildcards
[2018.12.04 10:52:38 EST] Dataset size is 3 files
Removing files not on site BNL
[2018.12.04 10:52:38 EST] Dataset size is 3 files
-------Processing recovered dataset for paths-------
Removing HPSS files as not accessible in syntax=paths
[2018.12.04 10:52:38 EST] Dataset size is 3 files
Skipping (Removing RCRS node files) no such files
Dropping files with duplicate LFN (files that are the same)
[2018.12.04 10:52:38 EST] Started with 3 files, current size is 3files, 0 duplicate files dropped.
Skipping (Sorting by node) all NFS files
Skipping (Splitting by node) all NFS files
Splitting dataset entries by size (minSize=1 ,maxSize=1 )
[2018.12.04 10:52:38 EST] Dataset size is 3 files
----------------------------------------------------
validating dataset ....passed
Writting files for process 40FAAD93805AE8E39FEA969C30C4D847_2..done.
Writting files for process 40FAAD93805AE8E39FEA969C30C4D847_1..done.
Writting files for process 40FAAD93805AE8E39FEA969C30C4D847_0..done.
Dispatching process 40FAAD93805AE8E39FEA969C30C4D847_0_2.. done.
Wrote scheduling report to : /star/u/zchang/jetAnalysis/jets/working_6/scripts/sched40FAAD93805AE8E39FEA969C30C4D847.report
Reporting statistics... done.
Scheduling successful
runnumber=13085009
STAR Template Scheduler 0.1 (/afs/rhic.bnl.gov/star/packages/scripts/star-submit)

STAR Unified Meta Scheduler 1.10.28
Your Log file can be found at: /afs/rhic.bnl.gov/star/doc/www/html/tmp/pub/scheduler/zchang.log
Reading request description file : schedTemplateExp.xml
Analyzing XML...XML OK
Resolving File system wildcards
[2018.12.04 10:52:45 EST] Dataset size is 3 files
Removing files not on site BNL
[2018.12.04 10:52:45 EST] Dataset size is 3 files
-------Processing recovered dataset for paths-------
Removing HPSS files as not accessible in syntax=paths
[2018.12.04 10:52:45 EST] Dataset size is 3 files
Skipping (Removing RCRS node files) no such files
Dropping files with duplicate LFN (files that are the same)
[2018.12.04 10:52:45 EST] Started with 3 files, current size is 3files, 0 duplicate files dropped.
Skipping (Sorting by node) all NFS files
Skipping (Splitting by node) all NFS files
Splitting dataset entries by size (minSize=1 ,maxSize=1 )
[2018.12.04 10:52:45 EST] Dataset size is 3 files
----------------------------------------------------
validating dataset ....passed
Writting files for process 68DA1F1F654A91132F6B37CC5BC76E40_2..done.
Writting files for process 68DA1F1F654A91132F6B37CC5BC76E40_1..done.
Writting files for process 68DA1F1F654A91132F6B37CC5BC76E40_0..done.
Dispatching process 68DA1F1F654A91132F6B37CC5BC76E40_0_2. done.
Wrote scheduling report to : /star/u/zchang/jetAnalysis/jets/working_6/scripts/sched68DA1F1F654A91132F6B37CC5BC76E40.report
Reporting statistics... done.
Scheduling successful
runnumber=13086065
STAR Template Scheduler 0.1 (/afs/rhic.bnl.gov/star/packages/scripts/star-submit)

STAR Unified Meta Scheduler 1.10.28
Your Log file can be found at: /afs/rhic.bnl.gov/star/doc/www/html/tmp/pub/scheduler/zchang.log
Reading request description file : schedTemplateExp.xml
Analyzing XML...XML OK
Resolving File system wildcards
There was an error processing the request XML file.
Scheduling failed!
Couldn't parse request.
Error while resolving wildcard: file:/star/u/zchang/jetAnalysis/jets/lists_jets/13086065.*.list
runnumber=13086082
STAR Template Scheduler 0.1 (/afs/rhic.bnl.gov/star/packages/scripts/star-submit)

STAR Unified Meta Scheduler 1.10.28
Your Log file can be found at: /afs/rhic.bnl.gov/star/doc/www/html/tmp/pub/scheduler/zchang.log
Reading request description file : schedTemplateExp.xml
Analyzing XML...XML OK
Resolving File system wildcards
[2018.12.04 10:52:52 EST] Dataset size is 3 files
Removing files not on site BNL
[2018.12.04 10:52:52 EST] Dataset size is 3 files
-------Processing recovered dataset for paths-------
Removing HPSS files as not accessible in syntax=paths
[2018.12.04 10:52:52 EST] Dataset size is 3 files
Skipping (Removing RCRS node files) no such files
Dropping files with duplicate LFN (files that are the same)
[2018.12.04 10:52:52 EST] Started with 3 files, current size is 3files, 0 duplicate files dropped.
Skipping (Sorting by node) all NFS files
Skipping (Splitting by node) all NFS files
Splitting dataset entries by size (minSize=1 ,maxSize=1 )
[2018.12.04 10:52:52 EST] Dataset size is 3 files
----------------------------------------------------
validating dataset ....passed
Writting files for process 7448004868C55C8B98EFEF952B7ED165_2..done.
Writting files for process 7448004868C55C8B98EFEF952B7ED165_1..done.
Writting files for process 7448004868C55C8B98EFEF952B7ED165_0..done.
Dispatching process 7448004868C55C8B98EFEF952B7ED165_0_2. done.
Wrote scheduling report to : /star/u/zchang/jetAnalysis/jets/working_6/scripts/sched7448004868C55C8B98EFEF952B7ED165.report
Reporting statistics... done.
Scheduling successful
runnumber=13090021
STAR Template Scheduler 0.1 (/afs/rhic.bnl.gov/star/packages/scripts/star-submit)

STAR Unified Meta Scheduler 1.10.28
Your Log file can be found at: /afs/rhic.bnl.gov/star/doc/www/html/tmp/pub/scheduler/zchang.log
Reading request description file : schedTemplateExp.xml
Analyzing XML...XML OK
Resolving File system wildcards
[2018.12.04 10:52:58 EST] Dataset size is 3 files
Removing files not on site BNL
[2018.12.04 10:52:58 EST] Dataset size is 3 files
-------Processing recovered dataset for paths-------
Removing HPSS files as not accessible in syntax=paths
[2018.12.04 10:52:58 EST] Dataset size is 3 files
Skipping (Removing RCRS node files) no such files
Dropping files with duplicate LFN (files that are the same)
[2018.12.04 10:52:58 EST] Started with 3 files, current size is 3files, 0 duplicate files dropped.
Skipping (Sorting by node) all NFS files
Skipping (Splitting by node) all NFS files
Splitting dataset entries by size (minSize=1 ,maxSize=1 )
[2018.12.04 10:52:58 EST] Dataset size is 3 files
----------------------------------------------------
validating dataset ....passed
Writting files for process 9C3B671EE46B8A8EBBBD53B16C9F9752_2..done.
Writting files for process 9C3B671EE46B8A8EBBBD53B16C9F9752_1..done.
Writting files for process 9C3B671EE46B8A8EBBBD53B16C9F9752_0..done.
Dispatching process 9C3B671EE46B8A8EBBBD53B16C9F9752_0_2. done.
Wrote scheduling report to : /star/u/zchang/jetAnalysis/jets/working_6/scripts/sched9C3B671EE46B8A8EBBBD53B16C9F9752.report
Reporting statistics... done.
Scheduling successful
runnumber=13091009
STAR Template Scheduler 0.1 (/afs/rhic.bnl.gov/star/packages/scripts/star-submit)

STAR Unified Meta Scheduler 1.10.28
Your Log file can be found at: /afs/rhic.bnl.gov/star/doc/www/html/tmp/pub/scheduler/zchang.log
Reading request description file : schedTemplateExp.xml
Analyzing XML...XML OK
Resolving File system wildcards
[2018.12.04 10:53:04 EST] Dataset size is 3 files
Removing files not on site BNL
[2018.12.04 10:53:04 EST] Dataset size is 3 files
-------Processing recovered dataset for paths-------
Removing HPSS files as not accessible in syntax=paths
[2018.12.04 10:53:04 EST] Dataset size is 3 files
Skipping (Removing RCRS node files) no such files
Dropping files with duplicate LFN (files that are the same)
[2018.12.04 10:53:04 EST] Started with 3 files, current size is 3files, 0 duplicate files dropped.
Skipping (Sorting by node) all NFS files
Skipping (Splitting by node) all NFS files
Splitting dataset entries by size (minSize=1 ,maxSize=1 )
[2018.12.04 10:53:04 EST] Dataset size is 3 files
----------------------------------------------------
validating dataset ....passed
Writting files for process 35CEEF6EF0B6026FB2659BB6E3028182_2..done.
Writting files for process 35CEEF6EF0B6026FB2659BB6E3028182_1..done.
Writting files for process 35CEEF6EF0B6026FB2659BB6E3028182_0..done.
Dispatching process 35CEEF6EF0B6026FB2659BB6E3028182_0_2. done.
Wrote scheduling report to : /star/u/zchang/jetAnalysis/jets/working_6/scripts/sched35CEEF6EF0B6026FB2659BB6E3028182.report
Reporting statistics... done.
Scheduling successful
runnumber=13091035
STAR Template Scheduler 0.1 (/afs/rhic.bnl.gov/star/packages/scripts/star-submit)

STAR Unified Meta Scheduler 1.10.28
Your Log file can be found at: /afs/rhic.bnl.gov/star/doc/www/html/tmp/pub/scheduler/zchang.log
Reading request description file : schedTemplateExp.xml
Analyzing XML...XML OK
Resolving File system wildcards
[2018.12.04 10:53:10 EST] Dataset size is 3 files
Removing files not on site BNL
[2018.12.04 10:53:10 EST] Dataset size is 3 files
-------Processing recovered dataset for paths-------
Removing HPSS files as not accessible in syntax=paths
[2018.12.04 10:53:10 EST] Dataset size is 3 files
Skipping (Removing RCRS node files) no such files
Dropping files with duplicate LFN (files that are the same)
[2018.12.04 10:53:10 EST] Started with 3 files, current size is 3files, 0 duplicate files dropped.
Skipping (Sorting by node) all NFS files
Skipping (Splitting by node) all NFS files
Splitting dataset entries by size (minSize=1 ,maxSize=1 )
[2018.12.04 10:53:10 EST] Dataset size is 3 files
----------------------------------------------------
validating dataset ....passed
Writting files for process E02DC0008BAFB56713700EEED02B0C2F_2..done.
Writting files for process E02DC0008BAFB56713700EEED02B0C2F_1..done.
Writting files for process E02DC0008BAFB56713700EEED02B0C2F_0..done.
Dispatching process E02DC0008BAFB56713700EEED02B0C2F_0_2. done.
Wrote scheduling report to : /star/u/zchang/jetAnalysis/jets/working_6/scripts/schedE02DC0008BAFB56713700EEED02B0C2F.report
Reporting statistics... done.
Scheduling successful
runnumber=13092006
STAR Template Scheduler 0.1 (/afs/rhic.bnl.gov/star/packages/scripts/star-submit)

STAR Unified Meta Scheduler 1.10.28
Your Log file can be found at: /afs/rhic.bnl.gov/star/doc/www/html/tmp/pub/scheduler/zchang.log
Reading request description file : schedTemplateExp.xml
Analyzing XML...XML OK
Resolving File system wildcards
[2018.12.04 10:53:16 EST] Dataset size is 3 files
Removing files not on site BNL
[2018.12.04 10:53:16 EST] Dataset size is 3 files
-------Processing recovered dataset for paths-------
Removing HPSS files as not accessible in syntax=paths
[2018.12.04 10:53:16 EST] Dataset size is 3 files
Skipping (Removing RCRS node files) no such files
Dropping files with duplicate LFN (files that are the same)
[2018.12.04 10:53:16 EST] Started with 3 files, current size is 3files, 0 duplicate files dropped.
Skipping (Sorting by node) all NFS files
Skipping (Splitting by node) all NFS files
Splitting dataset entries by size (minSize=1 ,maxSize=1 )
[2018.12.04 10:53:16 EST] Dataset size is 3 files
----------------------------------------------------
validating dataset ....passed
Writting files for process 183BE284BA74815655907F65166EF03C_2..done.
Writting files for process 183BE284BA74815655907F65166EF03C_1..done.
Writting files for process 183BE284BA74815655907F65166EF03C_0..done.
Dispatching process 183BE284BA74815655907F65166EF03C_0_2.. done.
Wrote scheduling report to : /star/u/zchang/jetAnalysis/jets/working_6/scripts/sched183BE284BA74815655907F65166EF03C.report
Reporting statistics... done.
Scheduling successful
runnumber=13093023
STAR Template Scheduler 0.1 (/afs/rhic.bnl.gov/star/packages/scripts/star-submit)

STAR Unified Meta Scheduler 1.10.28
Your Log file can be found at: /afs/rhic.bnl.gov/star/doc/www/html/tmp/pub/scheduler/zchang.log
Reading request description file : schedTemplateExp.xml
Analyzing XML...XML OK
Resolving File system wildcards
[2018.12.04 10:53:23 EST] Dataset size is 3 files
Removing files not on site BNL
[2018.12.04 10:53:23 EST] Dataset size is 3 files
-------Processing recovered dataset for paths-------
Removing HPSS files as not accessible in syntax=paths
[2018.12.04 10:53:23 EST] Dataset size is 3 files
Skipping (Removing RCRS node files) no such files
Dropping files with duplicate LFN (files that are the same)
[2018.12.04 10:53:23 EST] Started with 3 files, current size is 3files, 0 duplicate files dropped.
Skipping (Sorting by node) all NFS files
Skipping (Splitting by node) all NFS files
Splitting dataset entries by size (minSize=1 ,maxSize=1 )
[2018.12.04 10:53:23 EST] Dataset size is 3 files
----------------------------------------------------
validating dataset ....passed
Writting files for process 6C296208C17A3275B786CE2D72D2971F_2..done.
Writting files for process 6C296208C17A3275B786CE2D72D2971F_1..done.
Writting files for process 6C296208C17A3275B786CE2D72D2971F_0..done.
Dispatching process 6C296208C17A3275B786CE2D72D2971F_0_2. done.
Wrote scheduling report to : /star/u/zchang/jetAnalysis/jets/working_6/scripts/sched6C296208C17A3275B786CE2D72D2971F.report
Reporting statistics... done.
Scheduling successful
runnumber=13093045
STAR Template Scheduler 0.1 (/afs/rhic.bnl.gov/star/packages/scripts/star-submit)

STAR Unified Meta Scheduler 1.10.28
Your Log file can be found at: /afs/rhic.bnl.gov/star/doc/www/html/tmp/pub/scheduler/zchang.log
Reading request description file : schedTemplateExp.xml
Analyzing XML...XML OK
Resolving File system wildcards
There was an error processing the request XML file.
Scheduling failed!
Couldn't parse request.
Error while resolving wildcard: file:/star/u/zchang/jetAnalysis/jets/lists_jets/13093045.*.list
runnumber=13094013
STAR Template Scheduler 0.1 (/afs/rhic.bnl.gov/star/packages/scripts/star-submit)

STAR Unified Meta Scheduler 1.10.28
Your Log file can be found at: /afs/rhic.bnl.gov/star/doc/www/html/tmp/pub/scheduler/zchang.log
Reading request description file : schedTemplateExp.xml
Analyzing XML...XML OK
Resolving File system wildcards
[2018.12.04 10:53:30 EST] Dataset size is 3 files
Removing files not on site BNL
[2018.12.04 10:53:30 EST] Dataset size is 3 files
-------Processing recovered dataset for paths-------
Removing HPSS files as not accessible in syntax=paths
[2018.12.04 10:53:30 EST] Dataset size is 3 files
Skipping (Removing RCRS node files) no such files
Dropping files with duplicate LFN (files that are the same)
[2018.12.04 10:53:30 EST] Started with 3 files, current size is 3files, 0 duplicate files dropped.
Skipping (Sorting by node) all NFS files
Skipping (Splitting by node) all NFS files
Splitting dataset entries by size (minSize=1 ,maxSize=1 )
[2018.12.04 10:53:30 EST] Dataset size is 3 files
----------------------------------------------------
validating dataset ....passed
Writting files for process 2F97EDFDAD40B6DAA4EA1FC4323C901D_2..done.
Writting files for process 2F97EDFDAD40B6DAA4EA1FC4323C901D_1..done.
Writting files for process 2F97EDFDAD40B6DAA4EA1FC4323C901D_0..done.
Dispatching process 2F97EDFDAD40B6DAA4EA1FC4323C901D_0_2.. done.
Wrote scheduling report to : /star/u/zchang/jetAnalysis/jets/working_6/scripts/sched2F97EDFDAD40B6DAA4EA1FC4323C901D.report
Reporting statistics... done.
Scheduling successful
runnumber=13094081
STAR Template Scheduler 0.1 (/afs/rhic.bnl.gov/star/packages/scripts/star-submit)

STAR Unified Meta Scheduler 1.10.28
Your Log file can be found at: /afs/rhic.bnl.gov/star/doc/www/html/tmp/pub/scheduler/zchang.log
Reading request description file : schedTemplateExp.xml
Analyzing XML...XML OK
Resolving File system wildcards
There was an error processing the request XML file.
Scheduling failed!
Couldn't parse request.
Error while resolving wildcard: file:/star/u/zchang/jetAnalysis/jets/lists_jets/13094081.*.list
runnumber=13095012
STAR Template Scheduler 0.1 (/afs/rhic.bnl.gov/star/packages/scripts/star-submit)

STAR Unified Meta Scheduler 1.10.28
Your Log file can be found at: /afs/rhic.bnl.gov/star/doc/www/html/tmp/pub/scheduler/zchang.log
Reading request description file : schedTemplateExp.xml
Analyzing XML...XML OK
Resolving File system wildcards
[2018.12.04 10:53:39 EST] Dataset size is 3 files
Removing files not on site BNL
[2018.12.04 10:53:39 EST] Dataset size is 3 files
-------Processing recovered dataset for paths-------
Removing HPSS files as not accessible in syntax=paths
[2018.12.04 10:53:39 EST] Dataset size is 3 files
Skipping (Removing RCRS node files) no such files
Dropping files with duplicate LFN (files that are the same)
[2018.12.04 10:53:39 EST] Started with 3 files, current size is 3files, 0 duplicate files dropped.
Skipping (Sorting by node) all NFS files
Skipping (Splitting by node) all NFS files
Splitting dataset entries by size (minSize=1 ,maxSize=1 )
[2018.12.04 10:53:39 EST] Dataset size is 3 files
----------------------------------------------------
validating dataset ....passed
Writting files for process A992C71504FCAB27BBAE8087CFB33F08_2..done.
Writting files for process A992C71504FCAB27BBAE8087CFB33F08_1..done.
Writting files for process A992C71504FCAB27BBAE8087CFB33F08_0..done.
Dispatching process A992C71504FCAB27BBAE8087CFB33F08_0_2. done.
Wrote scheduling report to : /star/u/zchang/jetAnalysis/jets/working_6/scripts/schedA992C71504FCAB27BBAE8087CFB33F08.report
Reporting statistics... done.
Scheduling successful
runnumber=13096004
STAR Template Scheduler 0.1 (/afs/rhic.bnl.gov/star/packages/scripts/star-submit)

STAR Unified Meta Scheduler 1.10.28
Your Log file can be found at: /afs/rhic.bnl.gov/star/doc/www/html/tmp/pub/scheduler/zchang.log
Reading request description file : schedTemplateExp.xml
Analyzing XML...XML OK
Resolving File system wildcards
[2018.12.04 10:53:44 EST] Dataset size is 3 files
Removing files not on site BNL
[2018.12.04 10:53:44 EST] Dataset size is 3 files
-------Processing recovered dataset for paths-------
Removing HPSS files as not accessible in syntax=paths
[2018.12.04 10:53:44 EST] Dataset size is 3 files
Skipping (Removing RCRS node files) no such files
Dropping files with duplicate LFN (files that are the same)
[2018.12.04 10:53:44 EST] Started with 3 files, current size is 3files, 0 duplicate files dropped.
Skipping (Sorting by node) all NFS files
Skipping (Splitting by node) all NFS files
Splitting dataset entries by size (minSize=1 ,maxSize=1 )
[2018.12.04 10:53:44 EST] Dataset size is 3 files
----------------------------------------------------
validating dataset ....passed
Writting files for process 0511CED6B171003CE48DF11EB1D0C14C_2..done.
Writting files for process 0511CED6B171003CE48DF11EB1D0C14C_1..done.
Writting files for process 0511CED6B171003CE48DF11EB1D0C14C_0..done.
Dispatching process 0511CED6B171003CE48DF11EB1D0C14C_0_2. done.
Wrote scheduling report to : /star/u/zchang/jetAnalysis/jets/working_6/scripts/sched0511CED6B171003CE48DF11EB1D0C14C.report
Reporting statistics... done.
Scheduling successful
runnumber=13096069
STAR Template Scheduler 0.1 (/afs/rhic.bnl.gov/star/packages/scripts/star-submit)

STAR Unified Meta Scheduler 1.10.28
Your Log file can be found at: /afs/rhic.bnl.gov/star/doc/www/html/tmp/pub/scheduler/zchang.log
Reading request description file : schedTemplateExp.xml
Analyzing XML...XML OK
Resolving File system wildcards
[2018.12.04 10:53:50 EST] Dataset size is 3 files
Removing files not on site BNL
[2018.12.04 10:53:50 EST] Dataset size is 3 files
-------Processing recovered dataset for paths-------
Removing HPSS files as not accessible in syntax=paths
[2018.12.04 10:53:50 EST] Dataset size is 3 files
Skipping (Removing RCRS node files) no such files
Dropping files with duplicate LFN (files that are the same)
[2018.12.04 10:53:50 EST] Started with 3 files, current size is 3files, 0 duplicate files dropped.
Skipping (Sorting by node) all NFS files
Skipping (Splitting by node) all NFS files
Splitting dataset entries by size (minSize=1 ,maxSize=1 )
[2018.12.04 10:53:50 EST] Dataset size is 3 files
----------------------------------------------------
validating dataset ....passed
Writting files for process 7FDB34EF0045C26AB5F96B183418BD26_2..done.
Writting files for process 7FDB34EF0045C26AB5F96B183418BD26_1..done.
Writting files for process 7FDB34EF0045C26AB5F96B183418BD26_0..done.
Dispatching process 7FDB34EF0045C26AB5F96B183418BD26_0_2. done.
Wrote scheduling report to : /star/u/zchang/jetAnalysis/jets/working_6/scripts/sched7FDB34EF0045C26AB5F96B183418BD26.report
Reporting statistics... done.
Scheduling successful
runnumber=13097022
STAR Template Scheduler 0.1 (/afs/rhic.bnl.gov/star/packages/scripts/star-submit)

STAR Unified Meta Scheduler 1.10.28
Your Log file can be found at: /afs/rhic.bnl.gov/star/doc/www/html/tmp/pub/scheduler/zchang.log
Reading request description file : schedTemplateExp.xml
Analyzing XML...XML OK
Resolving File system wildcards
There was an error processing the request XML file.
Scheduling failed!
Couldn't parse request.
Error while resolving wildcard: file:/star/u/zchang/jetAnalysis/jets/lists_jets/13097022.*.list
runnumber=13097035
STAR Template Scheduler 0.1 (/afs/rhic.bnl.gov/star/packages/scripts/star-submit)

STAR Unified Meta Scheduler 1.10.28
Your Log file can be found at: /afs/rhic.bnl.gov/star/doc/www/html/tmp/pub/scheduler/zchang.log
Reading request description file : schedTemplateExp.xml
Analyzing XML...XML OK
Resolving File system wildcards
[2018.12.04 10:53:58 EST] Dataset size is 3 files
Removing files not on site BNL
[2018.12.04 10:53:58 EST] Dataset size is 3 files
-------Processing recovered dataset for paths-------
Removing HPSS files as not accessible in syntax=paths
[2018.12.04 10:53:58 EST] Dataset size is 3 files
Skipping (Removing RCRS node files) no such files
Dropping files with duplicate LFN (files that are the same)
[2018.12.04 10:53:58 EST] Started with 3 files, current size is 3files, 0 duplicate files dropped.
Skipping (Sorting by node) all NFS files
Skipping (Splitting by node) all NFS files
Splitting dataset entries by size (minSize=1 ,maxSize=1 )
[2018.12.04 10:53:58 EST] Dataset size is 3 files
----------------------------------------------------
validating dataset ....passed
Writting files for process 543AA70C0EE2F4176146C226C8C01729_2..done.
Writting files for process 543AA70C0EE2F4176146C226C8C01729_1..done.
Writting files for process 543AA70C0EE2F4176146C226C8C01729_0..done.
Dispatching process 543AA70C0EE2F4176146C226C8C01729_0_2.. done.
Wrote scheduling report to : /star/u/zchang/jetAnalysis/jets/working_6/scripts/sched543AA70C0EE2F4176146C226C8C01729.report
Reporting statistics... done.
Scheduling successful
runnumber=13100010
STAR Template Scheduler 0.1 (/afs/rhic.bnl.gov/star/packages/scripts/star-submit)

STAR Unified Meta Scheduler 1.10.28
Your Log file can be found at: /afs/rhic.bnl.gov/star/doc/www/html/tmp/pub/scheduler/zchang.log
Reading request description file : schedTemplateExp.xml
Analyzing XML...XML OK
Resolving File system wildcards
[2018.12.04 10:54:05 EST] Dataset size is 3 files
Removing files not on site BNL
[2018.12.04 10:54:05 EST] Dataset size is 3 files
-------Processing recovered dataset for paths-------
Removing HPSS files as not accessible in syntax=paths
[2018.12.04 10:54:05 EST] Dataset size is 3 files
Skipping (Removing RCRS node files) no such files
Dropping files with duplicate LFN (files that are the same)
[2018.12.04 10:54:05 EST] Started with 3 files, current size is 3files, 0 duplicate files dropped.
Skipping (Sorting by node) all NFS files
Skipping (Splitting by node) all NFS files
Splitting dataset entries by size (minSize=1 ,maxSize=1 )
[2018.12.04 10:54:05 EST] Dataset size is 3 files
----------------------------------------------------
validating dataset ....passed
Writting files for process CA994AF0A680285558B46BCDC74687B3_2..done.
Writting files for process CA994AF0A680285558B46BCDC74687B3_1..done.
Writting files for process CA994AF0A680285558B46BCDC74687B3_0..done.
Dispatching process CA994AF0A680285558B46BCDC74687B3_0_2. done.
Wrote scheduling report to : /star/u/zchang/jetAnalysis/jets/working_6/scripts/schedCA994AF0A680285558B46BCDC74687B3.report
Reporting statistics... done.
Scheduling successful
runnumber=13100030
STAR Template Scheduler 0.1 (/afs/rhic.bnl.gov/star/packages/scripts/star-submit)

STAR Unified Meta Scheduler 1.10.28
Your Log file can be found at: /afs/rhic.bnl.gov/star/doc/www/html/tmp/pub/scheduler/zchang.log
Reading request description file : schedTemplateExp.xml
Analyzing XML...XML OK
Resolving File system wildcards
[2018.12.04 10:54:11 EST] Dataset size is 3 files
Removing files not on site BNL
[2018.12.04 10:54:11 EST] Dataset size is 3 files
-------Processing recovered dataset for paths-------
Removing HPSS files as not accessible in syntax=paths
[2018.12.04 10:54:11 EST] Dataset size is 3 files
Skipping (Removing RCRS node files) no such files
Dropping files with duplicate LFN (files that are the same)
[2018.12.04 10:54:11 EST] Started with 3 files, current size is 3files, 0 duplicate files dropped.
Skipping (Sorting by node) all NFS files
Skipping (Splitting by node) all NFS files
Splitting dataset entries by size (minSize=1 ,maxSize=1 )
[2018.12.04 10:54:11 EST] Dataset size is 3 files
----------------------------------------------------
validating dataset ....passed
Writting files for process 8E377E20ADED28831970B5D5AB6E8943_2..done.
Writting files for process 8E377E20ADED28831970B5D5AB6E8943_1..done.
Writting files for process 8E377E20ADED28831970B5D5AB6E8943_0..done.
Dispatching process 8E377E20ADED28831970B5D5AB6E8943_0_2. done.
Wrote scheduling report to : /star/u/zchang/jetAnalysis/jets/working_6/scripts/sched8E377E20ADED28831970B5D5AB6E8943.report
Reporting statistics... done.
Scheduling successful
runnumber=13100051
STAR Template Scheduler 0.1 (/afs/rhic.bnl.gov/star/packages/scripts/star-submit)

STAR Unified Meta Scheduler 1.10.28
Your Log file can be found at: /afs/rhic.bnl.gov/star/doc/www/html/tmp/pub/scheduler/zchang.log
Reading request description file : schedTemplateExp.xml
Analyzing XML...XML OK
Resolving File system wildcards
There was an error processing the request XML file.
Scheduling failed!
Couldn't parse request.
Error while resolving wildcard: file:/star/u/zchang/jetAnalysis/jets/lists_jets/13100051.*.list
runnumber=13101003
STAR Template Scheduler 0.1 (/afs/rhic.bnl.gov/star/packages/scripts/star-submit)

STAR Unified Meta Scheduler 1.10.28
Your Log file can be found at: /afs/rhic.bnl.gov/star/doc/www/html/tmp/pub/scheduler/zchang.log
Reading request description file : schedTemplateExp.xml
Analyzing XML...XML OK
Resolving File system wildcards
[2018.12.04 10:54:18 EST] Dataset size is 3 files
Removing files not on site BNL
[2018.12.04 10:54:18 EST] Dataset size is 3 files
-------Processing recovered dataset for paths-------
Removing HPSS files as not accessible in syntax=paths
[2018.12.04 10:54:18 EST] Dataset size is 3 files
Skipping (Removing RCRS node files) no such files
Dropping files with duplicate LFN (files that are the same)
[2018.12.04 10:54:19 EST] Started with 3 files, current size is 3files, 0 duplicate files dropped.
Skipping (Sorting by node) all NFS files
Skipping (Splitting by node) all NFS files
Splitting dataset entries by size (minSize=1 ,maxSize=1 )
[2018.12.04 10:54:19 EST] Dataset size is 3 files
----------------------------------------------------
validating dataset ....passed
Writting files for process 3216CC4359645C58B852D22B60F56C6E_2..done.
Writting files for process 3216CC4359645C58B852D22B60F56C6E_1..done.
Writting files for process 3216CC4359645C58B852D22B60F56C6E_0..done.
Dispatching process 3216CC4359645C58B852D22B60F56C6E_0_2. done.
Wrote scheduling report to : /star/u/zchang/jetAnalysis/jets/working_6/scripts/sched3216CC4359645C58B852D22B60F56C6E.report
Reporting statistics... done.
Scheduling successful
runnumber=13101027
STAR Template Scheduler 0.1 (/afs/rhic.bnl.gov/star/packages/scripts/star-submit)

STAR Unified Meta Scheduler 1.10.28
Your Log file can be found at: /afs/rhic.bnl.gov/star/doc/www/html/tmp/pub/scheduler/zchang.log
Reading request description file : schedTemplateExp.xml
Analyzing XML...XML OK
Resolving File system wildcards
[2018.12.04 10:54:25 EST] Dataset size is 3 files
Removing files not on site BNL
[2018.12.04 10:54:25 EST] Dataset size is 3 files
-------Processing recovered dataset for paths-------
Removing HPSS files as not accessible in syntax=paths
[2018.12.04 10:54:25 EST] Dataset size is 3 files
Skipping (Removing RCRS node files) no such files
Dropping files with duplicate LFN (files that are the same)
[2018.12.04 10:54:25 EST] Started with 3 files, current size is 3files, 0 duplicate files dropped.
Skipping (Sorting by node) all NFS files
Skipping (Splitting by node) all NFS files
Splitting dataset entries by size (minSize=1 ,maxSize=1 )
[2018.12.04 10:54:25 EST] Dataset size is 3 files
----------------------------------------------------
validating dataset ....passed
Writting files for process A6E8F77ECBD6F1B91EBD5EF44CEF16FE_2..done.
Writting files for process A6E8F77ECBD6F1B91EBD5EF44CEF16FE_1..done.
Writting files for process A6E8F77ECBD6F1B91EBD5EF44CEF16FE_0..done.
Dispatching process A6E8F77ECBD6F1B91EBD5EF44CEF16FE_0_2. done.
Wrote scheduling report to : /star/u/zchang/jetAnalysis/jets/working_6/scripts/schedA6E8F77ECBD6F1B91EBD5EF44CEF16FE.report
Reporting statistics... done.
Scheduling successful
runnumber=13101049
STAR Template Scheduler 0.1 (/afs/rhic.bnl.gov/star/packages/scripts/star-submit)

STAR Unified Meta Scheduler 1.10.28
Your Log file can be found at: /afs/rhic.bnl.gov/star/doc/www/html/tmp/pub/scheduler/zchang.log
Reading request description file : schedTemplateExp.xml
Analyzing XML...XML OK
Resolving File system wildcards
[2018.12.04 10:54:31 EST] Dataset size is 3 files
Removing files not on site BNL
[2018.12.04 10:54:31 EST] Dataset size is 3 files
-------Processing recovered dataset for paths-------
Removing HPSS files as not accessible in syntax=paths
[2018.12.04 10:54:31 EST] Dataset size is 3 files
Skipping (Removing RCRS node files) no such files
Dropping files with duplicate LFN (files that are the same)
[2018.12.04 10:54:31 EST] Started with 3 files, current size is 3files, 0 duplicate files dropped.
Skipping (Sorting by node) all NFS files
Skipping (Splitting by node) all NFS files
Splitting dataset entries by size (minSize=1 ,maxSize=1 )
[2018.12.04 10:54:31 EST] Dataset size is 3 files
----------------------------------------------------
validating dataset ....passed
Writting files for process 54BD81A266DEBD5DC63836ECE6E9113F_2..done.
Writting files for process 54BD81A266DEBD5DC63836ECE6E9113F_1..done.
Writting files for process 54BD81A266DEBD5DC63836ECE6E9113F_0..done.
Dispatching process 54BD81A266DEBD5DC63836ECE6E9113F_0_2. done.
Wrote scheduling report to : /star/u/zchang/jetAnalysis/jets/working_6/scripts/sched54BD81A266DEBD5DC63836ECE6E9113F.report
Reporting statistics... done.
Scheduling successful
runnumber=13104004
STAR Template Scheduler 0.1 (/afs/rhic.bnl.gov/star/packages/scripts/star-submit)

STAR Unified Meta Scheduler 1.10.28
Your Log file can be found at: /afs/rhic.bnl.gov/star/doc/www/html/tmp/pub/scheduler/zchang.log
Reading request description file : schedTemplateExp.xml
Analyzing XML...XML OK
Resolving File system wildcards
[2018.12.04 10:54:37 EST] Dataset size is 3 files
Removing files not on site BNL
[2018.12.04 10:54:37 EST] Dataset size is 3 files
-------Processing recovered dataset for paths-------
Removing HPSS files as not accessible in syntax=paths
[2018.12.04 10:54:37 EST] Dataset size is 3 files
Skipping (Removing RCRS node files) no such files
Dropping files with duplicate LFN (files that are the same)
[2018.12.04 10:54:37 EST] Started with 3 files, current size is 3files, 0 duplicate files dropped.
Skipping (Sorting by node) all NFS files
Skipping (Splitting by node) all NFS files
Splitting dataset entries by size (minSize=1 ,maxSize=1 )
[2018.12.04 10:54:37 EST] Dataset size is 3 files
----------------------------------------------------
validating dataset ....passed
Writting files for process 6C6087CEB18BC56AE1F311702967BEF9_2..done.
Writting files for process 6C6087CEB18BC56AE1F311702967BEF9_1..done.
Writting files for process 6C6087CEB18BC56AE1F311702967BEF9_0..done.
Dispatching process 6C6087CEB18BC56AE1F311702967BEF9_0_2. done.
Wrote scheduling report to : /star/u/zchang/jetAnalysis/jets/working_6/scripts/sched6C6087CEB18BC56AE1F311702967BEF9.report
Reporting statistics... done.
Scheduling successful
runnumber=13104057
STAR Template Scheduler 0.1 (/afs/rhic.bnl.gov/star/packages/scripts/star-submit)

STAR Unified Meta Scheduler 1.10.28
Your Log file can be found at: /afs/rhic.bnl.gov/star/doc/www/html/tmp/pub/scheduler/zchang.log
Reading request description file : schedTemplateExp.xml
Analyzing XML...XML OK
Resolving File system wildcards
[2018.12.04 10:54:43 EST] Dataset size is 3 files
Removing files not on site BNL
[2018.12.04 10:54:43 EST] Dataset size is 3 files
-------Processing recovered dataset for paths-------
Removing HPSS files as not accessible in syntax=paths
[2018.12.04 10:54:43 EST] Dataset size is 3 files
Skipping (Removing RCRS node files) no such files
Dropping files with duplicate LFN (files that are the same)
[2018.12.04 10:54:43 EST] Started with 3 files, current size is 3files, 0 duplicate files dropped.
Skipping (Sorting by node) all NFS files
Skipping (Splitting by node) all NFS files
Splitting dataset entries by size (minSize=1 ,maxSize=1 )
[2018.12.04 10:54:43 EST] Dataset size is 3 files
----------------------------------------------------
validating dataset ....passed
Writting files for process 9B54BFB55289BB3F6989F14F79797C86_2..done.
Writting files for process 9B54BFB55289BB3F6989F14F79797C86_1..done.
Writting files for process 9B54BFB55289BB3F6989F14F79797C86_0..done.
Dispatching process 9B54BFB55289BB3F6989F14F79797C86_0_2. done.
Wrote scheduling report to : /star/u/zchang/jetAnalysis/jets/working_6/scripts/sched9B54BFB55289BB3F6989F14F79797C86.report
Reporting statistics... done.
Scheduling successful
runnumber=13105010
STAR Template Scheduler 0.1 (/afs/rhic.bnl.gov/star/packages/scripts/star-submit)

STAR Unified Meta Scheduler 1.10.28
Your Log file can be found at: /afs/rhic.bnl.gov/star/doc/www/html/tmp/pub/scheduler/zchang.log
Reading request description file : schedTemplateExp.xml
Analyzing XML...XML OK
Resolving File system wildcards
[2018.12.04 10:54:48 EST] Dataset size is 3 files
Removing files not on site BNL
[2018.12.04 10:54:48 EST] Dataset size is 3 files
-------Processing recovered dataset for paths-------
Removing HPSS files as not accessible in syntax=paths
[2018.12.04 10:54:48 EST] Dataset size is 3 files
Skipping (Removing RCRS node files) no such files
Dropping files with duplicate LFN (files that are the same)
[2018.12.04 10:54:48 EST] Started with 3 files, current size is 3files, 0 duplicate files dropped.
Skipping (Sorting by node) all NFS files
Skipping (Splitting by node) all NFS files
Splitting dataset entries by size (minSize=1 ,maxSize=1 )
[2018.12.04 10:54:48 EST] Dataset size is 3 files
----------------------------------------------------
validating dataset ....passed
Writting files for process 052CD1858D4B70F89582944CFD3AA168_2..done.
Writting files for process 052CD1858D4B70F89582944CFD3AA168_1..done.
Writting files for process 052CD1858D4B70F89582944CFD3AA168_0..done.
Dispatching process 052CD1858D4B70F89582944CFD3AA168_0_2. done.
Wrote scheduling report to : /star/u/zchang/jetAnalysis/jets/working_6/scripts/sched052CD1858D4B70F89582944CFD3AA168.report
Reporting statistics... done.
Scheduling successful
runnumber=13105039
STAR Template Scheduler 0.1 (/afs/rhic.bnl.gov/star/packages/scripts/star-submit)

STAR Unified Meta Scheduler 1.10.28
Your Log file can be found at: /afs/rhic.bnl.gov/star/doc/www/html/tmp/pub/scheduler/zchang.log
Reading request description file : schedTemplateExp.xml
Analyzing XML...XML OK
Resolving File system wildcards
There was an error processing the request XML file.
Scheduling failed!
Couldn't parse request.
Error while resolving wildcard: file:/star/u/zchang/jetAnalysis/jets/lists_jets/13105039.*.list
runnumber=13106076
STAR Template Scheduler 0.1 (/afs/rhic.bnl.gov/star/packages/scripts/star-submit)

STAR Unified Meta Scheduler 1.10.28
Your Log file can be found at: /afs/rhic.bnl.gov/star/doc/www/html/tmp/pub/scheduler/zchang.log
Reading request description file : schedTemplateExp.xml
Analyzing XML...XML OK
Resolving File system wildcards
[2018.12.04 10:54:55 EST] Dataset size is 3 files
Removing files not on site BNL
[2018.12.04 10:54:55 EST] Dataset size is 3 files
-------Processing recovered dataset for paths-------
Removing HPSS files as not accessible in syntax=paths
[2018.12.04 10:54:55 EST] Dataset size is 3 files
Skipping (Removing RCRS node files) no such files
Dropping files with duplicate LFN (files that are the same)
[2018.12.04 10:54:55 EST] Started with 3 files, current size is 3files, 0 duplicate files dropped.
Skipping (Sorting by node) all NFS files
Skipping (Splitting by node) all NFS files
Splitting dataset entries by size (minSize=1 ,maxSize=1 )
[2018.12.04 10:54:55 EST] Dataset size is 3 files
----------------------------------------------------
validating dataset ....passed
Writting files for process E36EF8435B875382B807F7F8330E3A99_2..done.
Writting files for process E36EF8435B875382B807F7F8330E3A99_1..done.
Writting files for process E36EF8435B875382B807F7F8330E3A99_0..done.
Dispatching process E36EF8435B875382B807F7F8330E3A99_0_2. done.
Wrote scheduling report to : /star/u/zchang/jetAnalysis/jets/working_6/scripts/schedE36EF8435B875382B807F7F8330E3A99.report
Reporting statistics... done.
Scheduling successful
runnumber=13107026
STAR Template Scheduler 0.1 (/afs/rhic.bnl.gov/star/packages/scripts/star-submit)

STAR Unified Meta Scheduler 1.10.28
Your Log file can be found at: /afs/rhic.bnl.gov/star/doc/www/html/tmp/pub/scheduler/zchang.log
Reading request description file : schedTemplateExp.xml
Analyzing XML...XML OK
Resolving File system wildcards
[2018.12.04 10:55:01 EST] Dataset size is 3 files
Removing files not on site BNL
[2018.12.04 10:55:01 EST] Dataset size is 3 files
-------Processing recovered dataset for paths-------
Removing HPSS files as not accessible in syntax=paths
[2018.12.04 10:55:01 EST] Dataset size is 3 files
Skipping (Removing RCRS node files) no such files
Dropping files with duplicate LFN (files that are the same)
[2018.12.04 10:55:01 EST] Started with 3 files, current size is 3files, 0 duplicate files dropped.
Skipping (Sorting by node) all NFS files
Skipping (Splitting by node) all NFS files
Splitting dataset entries by size (minSize=1 ,maxSize=1 )
[2018.12.04 10:55:01 EST] Dataset size is 3 files
----------------------------------------------------
validating dataset ....passed
Writting files for process 5BD5F6F5A1C38CB342A5A011F5CCAE57_2..done.
Writting files for process 5BD5F6F5A1C38CB342A5A011F5CCAE57_1..done.
Writting files for process 5BD5F6F5A1C38CB342A5A011F5CCAE57_0..done.
Dispatching process 5BD5F6F5A1C38CB342A5A011F5CCAE57_0_2. done.
Wrote scheduling report to : /star/u/zchang/jetAnalysis/jets/working_6/scripts/sched5BD5F6F5A1C38CB342A5A011F5CCAE57.report
Reporting statistics... done.
Scheduling successful
runnumber=13108001
STAR Template Scheduler 0.1 (/afs/rhic.bnl.gov/star/packages/scripts/star-submit)

STAR Unified Meta Scheduler 1.10.28
Your Log file can be found at: /afs/rhic.bnl.gov/star/doc/www/html/tmp/pub/scheduler/zchang.log
Reading request description file : schedTemplateExp.xml
Analyzing XML...XML OK
Resolving File system wildcards
[2018.12.04 10:55:07 EST] Dataset size is 3 files
Removing files not on site BNL
[2018.12.04 10:55:07 EST] Dataset size is 3 files
-------Processing recovered dataset for paths-------
Removing HPSS files as not accessible in syntax=paths
[2018.12.04 10:55:07 EST] Dataset size is 3 files
Skipping (Removing RCRS node files) no such files
Dropping files with duplicate LFN (files that are the same)
[2018.12.04 10:55:07 EST] Started with 3 files, current size is 3files, 0 duplicate files dropped.
Skipping (Sorting by node) all NFS files
Skipping (Splitting by node) all NFS files
Splitting dataset entries by size (minSize=1 ,maxSize=1 )
[2018.12.04 10:55:07 EST] Dataset size is 3 files
----------------------------------------------------
validating dataset ....passed
Writting files for process 9F7B57BBFA83EE6039B01ED689F0C5EA_2..done.
Writting files for process 9F7B57BBFA83EE6039B01ED689F0C5EA_1..done.
Writting files for process 9F7B57BBFA83EE6039B01ED689F0C5EA_0..done.
Dispatching process 9F7B57BBFA83EE6039B01ED689F0C5EA_0_2. done.
Wrote scheduling report to : /star/u/zchang/jetAnalysis/jets/working_6/scripts/sched9F7B57BBFA83EE6039B01ED689F0C5EA.report
Reporting statistics... done.
Scheduling successful
runnumber=13108031
STAR Template Scheduler 0.1 (/afs/rhic.bnl.gov/star/packages/scripts/star-submit)

STAR Unified Meta Scheduler 1.10.28
Your Log file can be found at: /afs/rhic.bnl.gov/star/doc/www/html/tmp/pub/scheduler/zchang.log
Reading request description file : schedTemplateExp.xml
Analyzing XML...XML OK
Resolving File system wildcards
[2018.12.04 10:55:13 EST] Dataset size is 3 files
Removing files not on site BNL
[2018.12.04 10:55:13 EST] Dataset size is 3 files
-------Processing recovered dataset for paths-------
Removing HPSS files as not accessible in syntax=paths
[2018.12.04 10:55:13 EST] Dataset size is 3 files
Skipping (Removing RCRS node files) no such files
Dropping files with duplicate LFN (files that are the same)
[2018.12.04 10:55:13 EST] Started with 3 files, current size is 3files, 0 duplicate files dropped.
Skipping (Sorting by node) all NFS files
Skipping (Splitting by node) all NFS files
Splitting dataset entries by size (minSize=1 ,maxSize=1 )
[2018.12.04 10:55:13 EST] Dataset size is 3 files
----------------------------------------------------
validating dataset ....passed
Writting files for process 9D6295F6C4DE2563A3CB5A990D02D785_2..done.
Writting files for process 9D6295F6C4DE2563A3CB5A990D02D785_1..done.
Writting files for process 9D6295F6C4DE2563A3CB5A990D02D785_0..done.
Dispatching process 9D6295F6C4DE2563A3CB5A990D02D785_0_2.. done.
Wrote scheduling report to : /star/u/zchang/jetAnalysis/jets/working_6/scripts/sched9D6295F6C4DE2563A3CB5A990D02D785.report
Reporting statistics... done.
Scheduling successful
runnumber=13109015
STAR Template Scheduler 0.1 (/afs/rhic.bnl.gov/star/packages/scripts/star-submit)

STAR Unified Meta Scheduler 1.10.28
Your Log file can be found at: /afs/rhic.bnl.gov/star/doc/www/html/tmp/pub/scheduler/zchang.log
Reading request description file : schedTemplateExp.xml
Analyzing XML...XML OK
Resolving File system wildcards
[2018.12.04 10:55:20 EST] Dataset size is 3 files
Removing files not on site BNL
[2018.12.04 10:55:20 EST] Dataset size is 3 files
-------Processing recovered dataset for paths-------
Removing HPSS files as not accessible in syntax=paths
[2018.12.04 10:55:20 EST] Dataset size is 3 files
Skipping (Removing RCRS node files) no such files
Dropping files with duplicate LFN (files that are the same)
[2018.12.04 10:55:20 EST] Started with 3 files, current size is 3files, 0 duplicate files dropped.
Skipping (Sorting by node) all NFS files
Skipping (Splitting by node) all NFS files
Splitting dataset entries by size (minSize=1 ,maxSize=1 )
[2018.12.04 10:55:20 EST] Dataset size is 3 files
----------------------------------------------------
validating dataset ....passed
Writting files for process 4FE0A53D1F2407E791965548D1D79958_2..done.
Writting files for process 4FE0A53D1F2407E791965548D1D79958_1..done.
Writting files for process 4FE0A53D1F2407E791965548D1D79958_0..done.
Dispatching process 4FE0A53D1F2407E791965548D1D79958_0_2. done.
Wrote scheduling report to : /star/u/zchang/jetAnalysis/jets/working_6/scripts/sched4FE0A53D1F2407E791965548D1D79958.report
Reporting statistics... done.
Scheduling successful
