000 (11478647.000.000) 12/04 10:51:20 Job submitted from host: <130.199.153.66:9618?addrs=130.199.153.66-9618&noUDP&sock=8910_0083_4>
...
001 (11478647.000.000) 12/04 10:53:09 Job executing on host: <130.199.150.248:9618?addrs=130.199.150.248-9618&noUDP&sock=21900_2c4b_3>
...
006 (11478647.000.000) 12/04 10:53:17 Image size of job updated: 17188
	16  -  MemoryUsage of job (MB)
	15984  -  ResidentSetSize of job (KB)
...
006 (11478647.000.000) 12/04 10:58:17 Image size of job updated: 56648
	54  -  MemoryUsage of job (MB)
	54992  -  ResidentSetSize of job (KB)
...
006 (11478647.000.000) 12/04 11:03:18 Image size of job updated: 56976
	54  -  MemoryUsage of job (MB)
	55264  -  ResidentSetSize of job (KB)
...
005 (11478647.000.000) 12/04 11:04:13 Job terminated.
	(1) Normal termination (return value 0)
		Usr 0 00:09:12, Sys 0 00:00:18  -  Run Remote Usage
		Usr 0 00:00:00, Sys 0 00:00:00  -  Run Local Usage
		Usr 0 00:09:12, Sys 0 00:00:18  -  Total Remote Usage
		Usr 0 00:00:00, Sys 0 00:00:00  -  Total Local Usage
	0  -  Run Bytes Sent By Job
	0  -  Run Bytes Received By Job
	0  -  Total Bytes Sent By Job
	0  -  Total Bytes Received By Job
	Partitionable Resources :    Usage  Request Allocated
	   Cpus                 :                 1         1
	   Disk (KB)            :       10       10  59426064
	   Memory (MB)          :       54        1      2007
...
