000 (11479093.000.000) 12/04 10:53:45 Job submitted from host: <130.199.153.66:9618?addrs=130.199.153.66-9618&noUDP&sock=8910_0083_4>
...
001 (11479093.000.000) 12/04 10:54:38 Job executing on host: <130.199.153.38:9618?addrs=130.199.153.38-9618&noUDP&sock=21624_d28f_3>
...
006 (11479093.000.000) 12/04 10:54:47 Image size of job updated: 15856
	16  -  MemoryUsage of job (MB)
	15856  -  ResidentSetSize of job (KB)
...
006 (11479093.000.000) 12/04 10:59:48 Image size of job updated: 48848
	48  -  MemoryUsage of job (MB)
	48848  -  ResidentSetSize of job (KB)
...
006 (11479093.000.000) 12/04 11:04:48 Image size of job updated: 48960
	48  -  MemoryUsage of job (MB)
	48960  -  ResidentSetSize of job (KB)
...
006 (11479093.000.000) 12/04 11:07:03 Image size of job updated: 49164
	48  -  MemoryUsage of job (MB)
	48960  -  ResidentSetSize of job (KB)
...
005 (11479093.000.000) 12/04 11:07:03 Job terminated.
	(1) Normal termination (return value 0)
		Usr 0 00:10:22, Sys 0 00:00:22  -  Run Remote Usage
		Usr 0 00:00:00, Sys 0 00:00:00  -  Run Local Usage
		Usr 0 00:10:22, Sys 0 00:00:22  -  Total Remote Usage
		Usr 0 00:00:00, Sys 0 00:00:00  -  Total Local Usage
	0  -  Run Bytes Sent By Job
	0  -  Run Bytes Received By Job
	0  -  Total Bytes Sent By Job
	0  -  Total Bytes Received By Job
	Partitionable Resources :    Usage  Request Allocated
	   Cpus                 :                 1         1
	   Disk (KB)            :       10       10  47328334
	   Memory (MB)          :       48        1      2005
...
