000 (11479330.000.000) 12/04 10:54:38 Job submitted from host: <130.199.153.66:9618?addrs=130.199.153.66-9618&noUDP&sock=8910_0083_4>
...
001 (11479330.000.000) 12/04 10:55:23 Job executing on host: <130.199.153.68:9618?addrs=130.199.153.68-9618&noUDP&sock=7348_a612_3>
...
006 (11479330.000.000) 12/04 10:55:31 Image size of job updated: 15736
	15  -  MemoryUsage of job (MB)
	14552  -  ResidentSetSize of job (KB)
...
006 (11479330.000.000) 12/04 10:59:39 Image size of job updated: 39600
	15  -  MemoryUsage of job (MB)
	14552  -  ResidentSetSize of job (KB)
...
005 (11479330.000.000) 12/04 10:59:40 Job terminated.
	(1) Normal termination (return value 0)
		Usr 0 00:03:06, Sys 0 00:00:31  -  Run Remote Usage
		Usr 0 00:00:00, Sys 0 00:00:00  -  Run Local Usage
		Usr 0 00:03:06, Sys 0 00:00:31  -  Total Remote Usage
		Usr 0 00:00:00, Sys 0 00:00:00  -  Total Local Usage
	0  -  Run Bytes Sent By Job
	0  -  Run Bytes Received By Job
	0  -  Total Bytes Sent By Job
	0  -  Total Bytes Received By Job
	Partitionable Resources :    Usage  Request Allocated
	   Cpus                 :                 1         1
	   Disk (KB)            :       10       10 189288993
	   Memory (MB)          :       15        1      2005
...
