000 (11478863.000.000) 12/04 10:52:59 Job submitted from host: <130.199.153.66:9618?addrs=130.199.153.66-9618&noUDP&sock=8910_0083_4>
...
001 (11478863.000.000) 12/04 10:53:51 Job executing on host: <130.199.150.167:9618?addrs=130.199.150.167-9618&noUDP&sock=22013_efa3_3>
...
006 (11478863.000.000) 12/04 10:53:59 Image size of job updated: 16976
	16  -  MemoryUsage of job (MB)
	15784  -  ResidentSetSize of job (KB)
...
006 (11478863.000.000) 12/04 10:58:59 Image size of job updated: 46952
	45  -  MemoryUsage of job (MB)
	45352  -  ResidentSetSize of job (KB)
...
005 (11478863.000.000) 12/04 11:01:05 Job terminated.
	(1) Normal termination (return value 0)
		Usr 0 00:05:56, Sys 0 00:00:14  -  Run Remote Usage
		Usr 0 00:00:00, Sys 0 00:00:00  -  Run Local Usage
		Usr 0 00:05:56, Sys 0 00:00:14  -  Total Remote Usage
		Usr 0 00:00:00, Sys 0 00:00:00  -  Total Local Usage
	0  -  Run Bytes Sent By Job
	0  -  Run Bytes Received By Job
	0  -  Total Bytes Sent By Job
	0  -  Total Bytes Received By Job
	Partitionable Resources :    Usage  Request Allocated
	   Cpus                 :                 1         1
	   Disk (KB)            :       10       10  41489268
	   Memory (MB)          :       45        1      2007
...
