000 (11478706.000.000) 12/04 10:52:26 Job submitted from host: <130.199.153.66:9618?addrs=130.199.153.66-9618&noUDP&sock=8910_0083_4>
...
001 (11478706.000.000) 12/04 10:53:22 Job executing on host: <130.199.150.248:9618?addrs=130.199.150.248-9618&noUDP&sock=21900_2c4b_3>
...
006 (11478706.000.000) 12/04 10:53:31 Image size of job updated: 15808
	16  -  MemoryUsage of job (MB)
	15808  -  ResidentSetSize of job (KB)
...
006 (11478706.000.000) 12/04 10:58:32 Image size of job updated: 55528
	55  -  MemoryUsage of job (MB)
	55440  -  ResidentSetSize of job (KB)
...
006 (11478706.000.000) 12/04 11:08:33 Image size of job updated: 55872
	55  -  MemoryUsage of job (MB)
	55724  -  ResidentSetSize of job (KB)
...
006 (11478706.000.000) 12/04 11:13:12 Image size of job updated: 55872
	55  -  MemoryUsage of job (MB)
	55728  -  ResidentSetSize of job (KB)
...
005 (11478706.000.000) 12/04 11:13:12 Job terminated.
	(1) Normal termination (return value 0)
		Usr 0 00:16:20, Sys 0 00:00:40  -  Run Remote Usage
		Usr 0 00:00:00, Sys 0 00:00:00  -  Run Local Usage
		Usr 0 00:16:20, Sys 0 00:00:40  -  Total Remote Usage
		Usr 0 00:00:00, Sys 0 00:00:00  -  Total Local Usage
	0  -  Run Bytes Sent By Job
	0  -  Run Bytes Received By Job
	0  -  Total Bytes Sent By Job
	0  -  Total Bytes Received By Job
	Partitionable Resources :    Usage  Request Allocated
	   Cpus                 :                 1         1
	   Disk (KB)            :       10       10  59426064
	   Memory (MB)          :       55        1      2007
...
