000 (11479547.000.000) 12/04 10:55:22 Job submitted from host: <130.199.153.66:9618?addrs=130.199.153.66-9618&noUDP&sock=8910_0083_4>
...
001 (11479547.000.000) 12/04 10:55:42 Job executing on host: <130.199.153.54:9618?addrs=130.199.153.54-9618&noUDP&sock=6592_625f_3>
...
006 (11479547.000.000) 12/04 10:55:51 Image size of job updated: 14436
	15  -  MemoryUsage of job (MB)
	14436  -  ResidentSetSize of job (KB)
...
005 (11479547.000.000) 12/04 10:57:05 Job terminated.
	(1) Normal termination (return value 0)
		Usr 0 00:01:01, Sys 0 00:00:06  -  Run Remote Usage
		Usr 0 00:00:00, Sys 0 00:00:00  -  Run Local Usage
		Usr 0 00:01:01, Sys 0 00:00:06  -  Total Remote Usage
		Usr 0 00:00:00, Sys 0 00:00:00  -  Total Local Usage
	0  -  Run Bytes Sent By Job
	0  -  Run Bytes Received By Job
	0  -  Total Bytes Sent By Job
	0  -  Total Bytes Received By Job
	Partitionable Resources :    Usage  Request Allocated
	   Cpus                 :                 1         1
	   Disk (KB)            :       10       10 189312840
	   Memory (MB)          :       15        1      2005
...
