000 (11479511.000.000) 12/04 10:55:15 Job submitted from host: <130.199.153.66:9618?addrs=130.199.153.66-9618&noUDP&sock=8910_0083_4>
...
001 (11479511.000.000) 12/04 10:55:21 Job executing on host: <130.199.202.98:9618?addrs=130.199.202.98-9618&noUDP&sock=178572_e217_3>
...
006 (11479511.000.000) 12/04 10:55:30 Image size of job updated: 14516
	15  -  MemoryUsage of job (MB)
	14516  -  ResidentSetSize of job (KB)
...
006 (11479511.000.000) 12/04 10:56:09 Image size of job updated: 35596
	15  -  MemoryUsage of job (MB)
	14516  -  ResidentSetSize of job (KB)
...
005 (11479511.000.000) 12/04 10:56:09 Job terminated.
	(1) Normal termination (return value 0)
		Usr 0 00:00:34, Sys 0 00:00:03  -  Run Remote Usage
		Usr 0 00:00:00, Sys 0 00:00:00  -  Run Local Usage
		Usr 0 00:00:34, Sys 0 00:00:03  -  Total Remote Usage
		Usr 0 00:00:00, Sys 0 00:00:00  -  Total Local Usage
	0  -  Run Bytes Sent By Job
	0  -  Run Bytes Received By Job
	0  -  Total Bytes Sent By Job
	0  -  Total Bytes Received By Job
	Partitionable Resources :    Usage  Request Allocated
	   Cpus                 :                 1         1
	   Disk (KB)            :       10       10  65563928
	   Memory (MB)          :       15        1      2297
...
