000 (11478592.000.000) 12/04 10:51:08 Job submitted from host: <130.199.153.66:9618?addrs=130.199.153.66-9618&noUDP&sock=8910_0083_4>
...
001 (11478592.000.000) 12/04 10:52:57 Job executing on host: <130.199.150.235:9618?addrs=130.199.150.235-9618&noUDP&sock=21967_60af_3>
...
006 (11478592.000.000) 12/04 10:53:06 Image size of job updated: 34844
	35  -  MemoryUsage of job (MB)
	34824  -  ResidentSetSize of job (KB)
...
006 (11478592.000.000) 12/04 10:54:09 Image size of job updated: 52396
	35  -  MemoryUsage of job (MB)
	34824  -  ResidentSetSize of job (KB)
...
005 (11478592.000.000) 12/04 10:54:09 Job terminated.
	(1) Normal termination (return value 0)
		Usr 0 00:00:56, Sys 0 00:00:04  -  Run Remote Usage
		Usr 0 00:00:00, Sys 0 00:00:00  -  Run Local Usage
		Usr 0 00:00:56, Sys 0 00:00:04  -  Total Remote Usage
		Usr 0 00:00:00, Sys 0 00:00:00  -  Total Local Usage
	0  -  Run Bytes Sent By Job
	0  -  Run Bytes Received By Job
	0  -  Total Bytes Sent By Job
	0  -  Total Bytes Received By Job
	Partitionable Resources :    Usage  Request Allocated
	   Cpus                 :                 1         1
	   Disk (KB)            :       10       10  59426283
	   Memory (MB)          :       35        1      2007
...
