000 (11478738.000.000) 12/04 10:52:33 Job submitted from host: <130.199.153.66:9618?addrs=130.199.153.66-9618&noUDP&sock=8910_0083_4>
...
001 (11478738.000.000) 12/04 10:53:27 Job executing on host: <130.199.150.178:9618?addrs=130.199.150.178-9618&noUDP&sock=22504_54d6_3>
...
006 (11478738.000.000) 12/04 10:53:35 Image size of job updated: 17092
	16  -  MemoryUsage of job (MB)
	15864  -  ResidentSetSize of job (KB)
...
006 (11478738.000.000) 12/04 10:58:35 Image size of job updated: 51888
	49  -  MemoryUsage of job (MB)
	49200  -  ResidentSetSize of job (KB)
...
006 (11478738.000.000) 12/04 11:03:36 Image size of job updated: 54668
	51  -  MemoryUsage of job (MB)
	51948  -  ResidentSetSize of job (KB)
...
005 (11478738.000.000) 12/04 11:04:45 Job terminated.
	(1) Normal termination (return value 0)
		Usr 0 00:09:11, Sys 0 00:00:19  -  Run Remote Usage
		Usr 0 00:00:00, Sys 0 00:00:00  -  Run Local Usage
		Usr 0 00:09:11, Sys 0 00:00:19  -  Total Remote Usage
		Usr 0 00:00:00, Sys 0 00:00:00  -  Total Local Usage
	0  -  Run Bytes Sent By Job
	0  -  Run Bytes Received By Job
	0  -  Total Bytes Sent By Job
	0  -  Total Bytes Received By Job
	Partitionable Resources :    Usage  Request Allocated
	   Cpus                 :                 1         1
	   Disk (KB)            :       10       10  41489389
	   Memory (MB)          :       51        1      2007
...
