000 (11478890.000.000) 12/04 10:53:04 Job submitted from host: <130.199.153.66:9618?addrs=130.199.153.66-9618&noUDP&sock=8910_0083_4>
...
001 (11478890.000.000) 12/04 10:53:56 Job executing on host: <130.199.150.181:9618?addrs=130.199.150.181-9618&noUDP&sock=22035_e618_3>
...
006 (11478890.000.000) 12/04 10:54:04 Image size of job updated: 17044
	16  -  MemoryUsage of job (MB)
	15848  -  ResidentSetSize of job (KB)
...
006 (11478890.000.000) 12/04 10:59:04 Image size of job updated: 48856
	47  -  MemoryUsage of job (MB)
	47212  -  ResidentSetSize of job (KB)
...
006 (11478890.000.000) 12/04 11:00:19 Image size of job updated: 49700
	47  -  MemoryUsage of job (MB)
	47212  -  ResidentSetSize of job (KB)
...
005 (11478890.000.000) 12/04 11:00:19 Job terminated.
	(1) Normal termination (return value 0)
		Usr 0 00:05:22, Sys 0 00:00:11  -  Run Remote Usage
		Usr 0 00:00:00, Sys 0 00:00:00  -  Run Local Usage
		Usr 0 00:05:22, Sys 0 00:00:11  -  Total Remote Usage
		Usr 0 00:00:00, Sys 0 00:00:00  -  Total Local Usage
	0  -  Run Bytes Sent By Job
	0  -  Run Bytes Received By Job
	0  -  Total Bytes Sent By Job
	0  -  Total Bytes Received By Job
	Partitionable Resources :    Usage  Request Allocated
	   Cpus                 :                 1         1
	   Disk (KB)            :       10       10  41489239
	   Memory (MB)          :       47        1      2007
...
