000 (11479063.000.000) 12/04 10:53:39 Job submitted from host: <130.199.153.66:9618?addrs=130.199.153.66-9618&noUDP&sock=8910_0083_4>
...
001 (11479063.000.000) 12/04 10:54:32 Job executing on host: <130.199.201.62:9618?addrs=130.199.201.62-9618&noUDP&sock=23050_222d_3>
...
006 (11479063.000.000) 12/04 10:54:40 Image size of job updated: 14592
	15  -  MemoryUsage of job (MB)
	14592  -  ResidentSetSize of job (KB)
...
006 (11479063.000.000) 12/04 10:59:40 Image size of job updated: 48952
	48  -  MemoryUsage of job (MB)
	48760  -  ResidentSetSize of job (KB)
...
006 (11479063.000.000) 12/04 11:04:40 Image size of job updated: 55428
	54  -  MemoryUsage of job (MB)
	54824  -  ResidentSetSize of job (KB)
...
005 (11479063.000.000) 12/04 11:05:58 Job terminated.
	(1) Normal termination (return value 0)
		Usr 0 00:08:58, Sys 0 00:00:22  -  Run Remote Usage
		Usr 0 00:00:00, Sys 0 00:00:00  -  Run Local Usage
		Usr 0 00:08:58, Sys 0 00:00:22  -  Total Remote Usage
		Usr 0 00:00:00, Sys 0 00:00:00  -  Total Local Usage
	0  -  Run Bytes Sent By Job
	0  -  Run Bytes Received By Job
	0  -  Total Bytes Sent By Job
	0  -  Total Bytes Received By Job
	Partitionable Resources :    Usage  Request Allocated
	   Cpus                 :                 1         1
	   Disk (KB)            :       10       10  47327837
	   Memory (MB)          :       54        1      2005
...
