000 (11479180.000.000) 12/04 10:54:06 Job submitted from host: <130.199.153.66:9618?addrs=130.199.153.66-9618&noUDP&sock=8910_0083_4>
...
001 (11479180.000.000) 12/04 10:54:52 Job executing on host: <130.199.201.54:9618?addrs=130.199.201.54-9618&noUDP&sock=22538_178b_3>
...
006 (11479180.000.000) 12/04 10:55:01 Image size of job updated: 17332
	16  -  MemoryUsage of job (MB)
	15696  -  ResidentSetSize of job (KB)
...
006 (11479180.000.000) 12/04 11:00:02 Image size of job updated: 45360
	42  -  MemoryUsage of job (MB)
	42276  -  ResidentSetSize of job (KB)
...
006 (11479180.000.000) 12/04 11:01:32 Image size of job updated: 45992
	42  -  MemoryUsage of job (MB)
	42276  -  ResidentSetSize of job (KB)
...
005 (11479180.000.000) 12/04 11:01:32 Job terminated.
	(1) Normal termination (return value 0)
		Usr 0 00:05:22, Sys 0 00:00:14  -  Run Remote Usage
		Usr 0 00:00:00, Sys 0 00:00:00  -  Run Local Usage
		Usr 0 00:05:22, Sys 0 00:00:14  -  Total Remote Usage
		Usr 0 00:00:00, Sys 0 00:00:00  -  Total Local Usage
	0  -  Run Bytes Sent By Job
	0  -  Run Bytes Received By Job
	0  -  Total Bytes Sent By Job
	0  -  Total Bytes Received By Job
	Partitionable Resources :    Usage  Request Allocated
	   Cpus                 :                 1         1
	   Disk (KB)            :       10       10  47328094
	   Memory (MB)          :       42        1      2005
...
