000 (11479062.000.000) 12/04 10:53:39 Job submitted from host: <130.199.153.66:9618?addrs=130.199.153.66-9618&noUDP&sock=8910_0083_4>
...
001 (11479062.000.000) 12/04 10:54:32 Job executing on host: <130.199.201.50:9618?addrs=130.199.201.50-9618&noUDP&sock=10462_30bf_3>
...
006 (11479062.000.000) 12/04 10:54:40 Image size of job updated: 16996
	16  -  MemoryUsage of job (MB)
	15796  -  ResidentSetSize of job (KB)
...
006 (11479062.000.000) 12/04 10:59:40 Image size of job updated: 53852
	52  -  MemoryUsage of job (MB)
	52252  -  ResidentSetSize of job (KB)
...
006 (11479062.000.000) 12/04 11:04:41 Image size of job updated: 54940
	52  -  MemoryUsage of job (MB)
	52980  -  ResidentSetSize of job (KB)
...
005 (11479062.000.000) 12/04 11:05:45 Job terminated.
	(1) Normal termination (return value 0)
		Usr 0 00:08:55, Sys 0 00:00:20  -  Run Remote Usage
		Usr 0 00:00:00, Sys 0 00:00:00  -  Run Local Usage
		Usr 0 00:08:55, Sys 0 00:00:20  -  Total Remote Usage
		Usr 0 00:00:00, Sys 0 00:00:00  -  Total Local Usage
	0  -  Run Bytes Sent By Job
	0  -  Run Bytes Received By Job
	0  -  Total Bytes Sent By Job
	0  -  Total Bytes Received By Job
	Partitionable Resources :    Usage  Request Allocated
	   Cpus                 :                 1         1
	   Disk (KB)            :       10       10  47328024
	   Memory (MB)          :       52        1      2005
...
