000 (11479452.000.000) 12/04 10:55:02 Job submitted from host: <130.199.153.66:9618?addrs=130.199.153.66-9618&noUDP&sock=8910_0083_4>
...
001 (11479452.000.000) 12/04 10:55:40 Job executing on host: <130.199.153.247:9618?addrs=130.199.153.247-9618&noUDP&sock=22210_48bb_3>
...
006 (11479452.000.000) 12/04 10:55:49 Image size of job updated: 15664
	16  -  MemoryUsage of job (MB)
	15664  -  ResidentSetSize of job (KB)
...
006 (11479452.000.000) 12/04 10:58:39 Image size of job updated: 38528
	16  -  MemoryUsage of job (MB)
	15664  -  ResidentSetSize of job (KB)
...
005 (11479452.000.000) 12/04 10:58:39 Job terminated.
	(1) Normal termination (return value 0)
		Usr 0 00:02:19, Sys 0 00:00:06  -  Run Remote Usage
		Usr 0 00:00:00, Sys 0 00:00:00  -  Run Local Usage
		Usr 0 00:02:19, Sys 0 00:00:06  -  Total Remote Usage
		Usr 0 00:00:00, Sys 0 00:00:00  -  Total Local Usage
	0  -  Run Bytes Sent By Job
	0  -  Run Bytes Received By Job
	0  -  Total Bytes Sent By Job
	0  -  Total Bytes Received By Job
	Partitionable Resources :    Usage  Request Allocated
	   Cpus                 :                 1         1
	   Disk (KB)            :       10       10  47327902
	   Memory (MB)          :       16        1      2005
...
