000 (11478680.000.000) 12/04 10:51:52 Job submitted from host: <130.199.153.66:9618?addrs=130.199.153.66-9618&noUDP&sock=8910_0083_4>
...
001 (11478680.000.000) 12/04 10:53:17 Job executing on host: <130.199.150.228:9618?addrs=130.199.150.228-9618&noUDP&sock=22198_7c7b_3>
...
006 (11478680.000.000) 12/04 10:53:26 Image size of job updated: 15832
	16  -  MemoryUsage of job (MB)
	15832  -  ResidentSetSize of job (KB)
...
006 (11478680.000.000) 12/04 10:58:27 Image size of job updated: 55128
	54  -  MemoryUsage of job (MB)
	55104  -  ResidentSetSize of job (KB)
...
006 (11478680.000.000) 12/04 11:03:27 Image size of job updated: 59116
	58  -  MemoryUsage of job (MB)
	59040  -  ResidentSetSize of job (KB)
...
006 (11478680.000.000) 12/04 11:08:27 Image size of job updated: 60704
	60  -  MemoryUsage of job (MB)
	60600  -  ResidentSetSize of job (KB)
...
005 (11478680.000.000) 12/04 11:11:27 Job terminated.
	(1) Normal termination (return value 0)
		Usr 0 00:15:06, Sys 0 00:00:35  -  Run Remote Usage
		Usr 0 00:00:00, Sys 0 00:00:00  -  Run Local Usage
		Usr 0 00:15:06, Sys 0 00:00:35  -  Total Remote Usage
		Usr 0 00:00:00, Sys 0 00:00:00  -  Total Local Usage
	0  -  Run Bytes Sent By Job
	0  -  Run Bytes Received By Job
	0  -  Total Bytes Sent By Job
	0  -  Total Bytes Received By Job
	Partitionable Resources :    Usage  Request Allocated
	   Cpus                 :                 1         1
	   Disk (KB)            :       10       10  59425989
	   Memory (MB)          :       60        1      2007
...
