000 (11478618.000.000) 12/04 10:51:14 Job submitted from host: <130.199.153.66:9618?addrs=130.199.153.66-9618&noUDP&sock=8910_0083_4>
...
001 (11478618.000.000) 12/04 10:53:03 Job executing on host: <130.199.150.208:9618?addrs=130.199.150.208-9618&noUDP&sock=22075_8eed_3>
...
006 (11478618.000.000) 12/04 10:53:16 Image size of job updated: 15932
	16  -  MemoryUsage of job (MB)
	15928  -  ResidentSetSize of job (KB)
...
006 (11478618.000.000) 12/04 10:58:11 Image size of job updated: 48088
	47  -  MemoryUsage of job (MB)
	48068  -  ResidentSetSize of job (KB)
...
005 (11478618.000.000) 12/04 11:02:43 Job terminated.
	(1) Normal termination (return value 0)
		Usr 0 00:06:03, Sys 0 00:00:21  -  Run Remote Usage
		Usr 0 00:00:00, Sys 0 00:00:00  -  Run Local Usage
		Usr 0 00:06:03, Sys 0 00:00:21  -  Total Remote Usage
		Usr 0 00:00:00, Sys 0 00:00:00  -  Total Local Usage
	0  -  Run Bytes Sent By Job
	0  -  Run Bytes Received By Job
	0  -  Total Bytes Sent By Job
	0  -  Total Bytes Received By Job
	Partitionable Resources :    Usage  Request Allocated
	   Cpus                 :                 1         1
	   Disk (KB)            :       10       10  59426271
	   Memory (MB)          :       47        1      2007
...
