000 (11478704.000.000) 12/04 10:52:26 Job submitted from host: <130.199.153.66:9618?addrs=130.199.153.66-9618&noUDP&sock=8910_0083_4>
...
001 (11478704.000.000) 12/04 10:53:22 Job executing on host: <130.199.150.208:9618?addrs=130.199.150.208-9618&noUDP&sock=22075_8eed_3>
...
006 (11478704.000.000) 12/04 10:53:30 Image size of job updated: 14760
	15  -  MemoryUsage of job (MB)
	14760  -  ResidentSetSize of job (KB)
...
006 (11478704.000.000) 12/04 10:58:30 Image size of job updated: 43176
	43  -  MemoryUsage of job (MB)
	43176  -  ResidentSetSize of job (KB)
...
006 (11478704.000.000) 12/04 11:03:31 Image size of job updated: 51600
	51  -  MemoryUsage of job (MB)
	51600  -  ResidentSetSize of job (KB)
...
006 (11478704.000.000) 12/04 11:08:32 Image size of job updated: 53396
	53  -  MemoryUsage of job (MB)
	53396  -  ResidentSetSize of job (KB)
...
005 (11478704.000.000) 12/04 11:14:30 Job terminated.
	(1) Normal termination (return value 0)
		Usr 0 00:15:24, Sys 0 00:00:42  -  Run Remote Usage
		Usr 0 00:00:00, Sys 0 00:00:00  -  Run Local Usage
		Usr 0 00:15:24, Sys 0 00:00:42  -  Total Remote Usage
		Usr 0 00:00:00, Sys 0 00:00:00  -  Total Local Usage
	0  -  Run Bytes Sent By Job
	0  -  Run Bytes Received By Job
	0  -  Total Bytes Sent By Job
	0  -  Total Bytes Received By Job
	Partitionable Resources :    Usage  Request Allocated
	   Cpus                 :                 1         1
	   Disk (KB)            :       10       10  59426271
	   Memory (MB)          :       53        1      2007
...
