000 (11479418.000.000) 12/04 10:54:55 Job submitted from host: <130.199.153.66:9618?addrs=130.199.153.66-9618&noUDP&sock=8910_0083_4>
...
001 (11479418.000.000) 12/04 10:55:34 Job executing on host: <130.199.201.39:9618?addrs=130.199.201.39-9618&noUDP&sock=22493_d99b_3>
...
006 (11479418.000.000) 12/04 10:55:43 Image size of job updated: 15728
	16  -  MemoryUsage of job (MB)
	15728  -  ResidentSetSize of job (KB)
...
006 (11479418.000.000) 12/04 10:58:38 Image size of job updated: 41692
	16  -  MemoryUsage of job (MB)
	15728  -  ResidentSetSize of job (KB)
...
005 (11479418.000.000) 12/04 10:58:39 Job terminated.
	(1) Normal termination (return value 0)
		Usr 0 00:02:24, Sys 0 00:00:06  -  Run Remote Usage
		Usr 0 00:00:00, Sys 0 00:00:00  -  Run Local Usage
		Usr 0 00:02:24, Sys 0 00:00:06  -  Total Remote Usage
		Usr 0 00:00:00, Sys 0 00:00:00  -  Total Local Usage
	0  -  Run Bytes Sent By Job
	0  -  Run Bytes Received By Job
	0  -  Total Bytes Sent By Job
	0  -  Total Bytes Received By Job
	Partitionable Resources :    Usage  Request Allocated
	   Cpus                 :                 1         1
	   Disk (KB)            :       10       10  47327944
	   Memory (MB)          :       16        1      2005
...
