000 (11479152.000.000) 12/04 10:53:59 Job submitted from host: <130.199.153.66:9618?addrs=130.199.153.66-9618&noUDP&sock=8910_0083_4>
...
001 (11479152.000.000) 12/04 10:54:37 Job executing on host: <130.199.150.243:9618?addrs=130.199.150.243-9618&noUDP&sock=22049_5463_3>
...
006 (11479152.000.000) 12/04 10:54:46 Image size of job updated: 15736
	16  -  MemoryUsage of job (MB)
	15736  -  ResidentSetSize of job (KB)
...
006 (11479152.000.000) 12/04 10:59:47 Image size of job updated: 54136
	53  -  MemoryUsage of job (MB)
	54040  -  ResidentSetSize of job (KB)
...
005 (11479152.000.000) 12/04 11:06:38 Job terminated.
	(1) Normal termination (return value 0)
		Usr 0 00:09:29, Sys 0 00:00:22  -  Run Remote Usage
		Usr 0 00:00:00, Sys 0 00:00:00  -  Run Local Usage
		Usr 0 00:09:29, Sys 0 00:00:22  -  Total Remote Usage
		Usr 0 00:00:00, Sys 0 00:00:00  -  Total Local Usage
	0  -  Run Bytes Sent By Job
	0  -  Run Bytes Received By Job
	0  -  Total Bytes Sent By Job
	0  -  Total Bytes Received By Job
	Partitionable Resources :    Usage  Request Allocated
	   Cpus                 :                 1         1
	   Disk (KB)            :       10       10  59426008
	   Memory (MB)          :       53        1      2007
...
