000 (11478764.000.000) 12/04 10:52:39 Job submitted from host: <130.199.153.66:9618?addrs=130.199.153.66-9618&noUDP&sock=8910_0083_4>
...
001 (11478764.000.000) 12/04 10:53:32 Job executing on host: <130.199.202.4:9618?addrs=130.199.202.4-9618&noUDP&sock=37472_83b2_3>
...
006 (11478764.000.000) 12/04 10:53:41 Image size of job updated: 17132
	16  -  MemoryUsage of job (MB)
	15892  -  ResidentSetSize of job (KB)
...
006 (11478764.000.000) 12/04 10:58:42 Image size of job updated: 57552
	54  -  MemoryUsage of job (MB)
	54832  -  ResidentSetSize of job (KB)
...
005 (11478764.000.000) 12/04 11:00:03 Job terminated.
	(1) Normal termination (return value 0)
		Usr 0 00:05:35, Sys 0 00:00:16  -  Run Remote Usage
		Usr 0 00:00:00, Sys 0 00:00:00  -  Run Local Usage
		Usr 0 00:05:35, Sys 0 00:00:16  -  Total Remote Usage
		Usr 0 00:00:00, Sys 0 00:00:00  -  Total Local Usage
	0  -  Run Bytes Sent By Job
	0  -  Run Bytes Received By Job
	0  -  Total Bytes Sent By Job
	0  -  Total Bytes Received By Job
	Partitionable Resources :    Usage  Request Allocated
	   Cpus                 :                 1         1
	   Disk (KB)            :       10       10  47541257
	   Memory (MB)          :       54        1      2008
...
