000 (11478798.000.000) 12/04 10:52:44 Job submitted from host: <130.199.153.66:9618?addrs=130.199.153.66-9618&noUDP&sock=8910_0083_4>
...
001 (11478798.000.000) 12/04 10:53:38 Job executing on host: <130.199.202.85:9618?addrs=130.199.202.85-9618&noUDP&sock=154183_1293_3>
...
006 (11478798.000.000) 12/04 10:53:54 Image size of job updated: 15968
	16  -  MemoryUsage of job (MB)
	15968  -  ResidentSetSize of job (KB)
...
006 (11478798.000.000) 12/04 10:58:48 Image size of job updated: 49536
	49  -  MemoryUsage of job (MB)
	49536  -  ResidentSetSize of job (KB)
...
006 (11478798.000.000) 12/04 11:03:48 Image size of job updated: 63136
	62  -  MemoryUsage of job (MB)
	63136  -  ResidentSetSize of job (KB)
...
006 (11478798.000.000) 12/04 11:13:49 Image size of job updated: 67444
	66  -  MemoryUsage of job (MB)
	67444  -  ResidentSetSize of job (KB)
...
005 (11478798.000.000) 12/04 11:16:04 Job terminated.
	(1) Normal termination (return value 0)
		Usr 0 00:19:34, Sys 0 00:00:53  -  Run Remote Usage
		Usr 0 00:00:00, Sys 0 00:00:00  -  Run Local Usage
		Usr 0 00:19:34, Sys 0 00:00:53  -  Total Remote Usage
		Usr 0 00:00:00, Sys 0 00:00:00  -  Total Local Usage
	0  -  Run Bytes Sent By Job
	0  -  Run Bytes Received By Job
	0  -  Total Bytes Sent By Job
	0  -  Total Bytes Received By Job
	Partitionable Resources :    Usage  Request Allocated
	   Cpus                 :                 1         1
	   Disk (KB)            :       10       10  65563889
	   Memory (MB)          :       66        1      2297
...
