000 (11478737.000.000) 12/04 10:52:33 Job submitted from host: <130.199.153.66:9618?addrs=130.199.153.66-9618&noUDP&sock=8910_0083_4>
...
001 (11478737.000.000) 12/04 10:53:27 Job executing on host: <130.199.150.194:9618?addrs=130.199.150.194-9618&noUDP&sock=22488_4481_3>
...
006 (11478737.000.000) 12/04 10:53:35 Image size of job updated: 15848
	15  -  MemoryUsage of job (MB)
	14656  -  ResidentSetSize of job (KB)
...
006 (11478737.000.000) 12/04 10:58:35 Image size of job updated: 51500
	49  -  MemoryUsage of job (MB)
	49788  -  ResidentSetSize of job (KB)
...
005 (11478737.000.000) 12/04 11:04:42 Job terminated.
	(1) Normal termination (return value 0)
		Usr 0 00:09:22, Sys 0 00:00:25  -  Run Remote Usage
		Usr 0 00:00:00, Sys 0 00:00:00  -  Run Local Usage
		Usr 0 00:09:22, Sys 0 00:00:25  -  Total Remote Usage
		Usr 0 00:00:00, Sys 0 00:00:00  -  Total Local Usage
	0  -  Run Bytes Sent By Job
	0  -  Run Bytes Received By Job
	0  -  Total Bytes Sent By Job
	0  -  Total Bytes Received By Job
	Partitionable Resources :    Usage  Request Allocated
	   Cpus                 :                 1         1
	   Disk (KB)            :       10       10  41489379
	   Memory (MB)          :       49        1      2007
...
