000 (11479121.000.000) 12/04 10:53:51 Job submitted from host: <130.199.153.66:9618?addrs=130.199.153.66-9618&noUDP&sock=8910_0083_4>
...
001 (11479121.000.000) 12/04 10:54:45 Job executing on host: <130.199.201.7:9618?addrs=130.199.201.7-9618&noUDP&sock=23032_6fcd_3>
...
006 (11479121.000.000) 12/04 10:54:53 Image size of job updated: 38428
	34  -  MemoryUsage of job (MB)
	34288  -  ResidentSetSize of job (KB)
...
005 (11479121.000.000) 12/04 10:55:26 Job terminated.
	(1) Normal termination (return value 0)
		Usr 0 00:00:31, Sys 0 00:00:02  -  Run Remote Usage
		Usr 0 00:00:00, Sys 0 00:00:00  -  Run Local Usage
		Usr 0 00:00:31, Sys 0 00:00:02  -  Total Remote Usage
		Usr 0 00:00:00, Sys 0 00:00:00  -  Total Local Usage
	0  -  Run Bytes Sent By Job
	0  -  Run Bytes Received By Job
	0  -  Total Bytes Sent By Job
	0  -  Total Bytes Received By Job
	Partitionable Resources :    Usage  Request Allocated
	   Cpus                 :                 1         1
	   Disk (KB)            :       10       10  47327960
	   Memory (MB)          :       34        1      2005
...
