000 (11479001.000.000) 12/04 10:53:27 Job submitted from host: <130.199.153.66:9618?addrs=130.199.153.66-9618&noUDP&sock=8910_0083_4>
...
001 (11479001.000.000) 12/04 10:54:21 Job executing on host: <130.199.153.48:9618?addrs=130.199.153.48-9618&noUDP&sock=22213_3bcb_3>
...
006 (11479001.000.000) 12/04 10:54:30 Image size of job updated: 15832
	16  -  MemoryUsage of job (MB)
	15832  -  ResidentSetSize of job (KB)
...
006 (11479001.000.000) 12/04 10:59:31 Image size of job updated: 48828
	48  -  MemoryUsage of job (MB)
	48828  -  ResidentSetSize of job (KB)
...
006 (11479001.000.000) 12/04 11:03:53 Image size of job updated: 49984
	48  -  MemoryUsage of job (MB)
	48828  -  ResidentSetSize of job (KB)
...
005 (11479001.000.000) 12/04 11:03:53 Job terminated.
	(1) Normal termination (return value 0)
		Usr 0 00:07:14, Sys 0 00:00:18  -  Run Remote Usage
		Usr 0 00:00:00, Sys 0 00:00:00  -  Run Local Usage
		Usr 0 00:07:14, Sys 0 00:00:18  -  Total Remote Usage
		Usr 0 00:00:00, Sys 0 00:00:00  -  Total Local Usage
	0  -  Run Bytes Sent By Job
	0  -  Run Bytes Received By Job
	0  -  Total Bytes Sent By Job
	0  -  Total Bytes Received By Job
	Partitionable Resources :    Usage  Request Allocated
	   Cpus                 :                 1         1
	   Disk (KB)            :       10       10  47328226
	   Memory (MB)          :       48        1      2005
...
