000 (11478681.000.000) 12/04 10:51:52 Job submitted from host: <130.199.153.66:9618?addrs=130.199.153.66-9618&noUDP&sock=8910_0083_4>
...
001 (11478681.000.000) 12/04 10:53:17 Job executing on host: <130.199.150.217:9618?addrs=130.199.150.217-9618&noUDP&sock=22499_bfbb_3>
...
006 (11478681.000.000) 12/04 10:53:26 Image size of job updated: 15724
	16  -  MemoryUsage of job (MB)
	15724  -  ResidentSetSize of job (KB)
...
006 (11478681.000.000) 12/04 10:58:27 Image size of job updated: 55188
	54  -  MemoryUsage of job (MB)
	55188  -  ResidentSetSize of job (KB)
...
006 (11478681.000.000) 12/04 11:08:27 Image size of job updated: 63984
	63  -  MemoryUsage of job (MB)
	63984  -  ResidentSetSize of job (KB)
...
005 (11478681.000.000) 12/04 11:11:27 Job terminated.
	(1) Normal termination (return value 0)
		Usr 0 00:14:58, Sys 0 00:00:35  -  Run Remote Usage
		Usr 0 00:00:00, Sys 0 00:00:00  -  Run Local Usage
		Usr 0 00:14:58, Sys 0 00:00:35  -  Total Remote Usage
		Usr 0 00:00:00, Sys 0 00:00:00  -  Total Local Usage
	0  -  Run Bytes Sent By Job
	0  -  Run Bytes Received By Job
	0  -  Total Bytes Sent By Job
	0  -  Total Bytes Received By Job
	Partitionable Resources :    Usage  Request Allocated
	   Cpus                 :                 1         1
	   Disk (KB)            :       10       10  59426043
	   Memory (MB)          :       63        1      2007
...
