000 (11479003.000.000) 12/04 10:53:27 Job submitted from host: <130.199.153.66:9618?addrs=130.199.153.66-9618&noUDP&sock=8910_0083_4>
...
001 (11479003.000.000) 12/04 10:54:49 Job executing on host: <130.199.153.244:9618?addrs=130.199.153.244-9618&noUDP&sock=22006_b87e_3>
...
006 (11479003.000.000) 12/04 10:54:57 Image size of job updated: 15684
	16  -  MemoryUsage of job (MB)
	15684  -  ResidentSetSize of job (KB)
...
006 (11479003.000.000) 12/04 10:59:57 Image size of job updated: 47636
	47  -  MemoryUsage of job (MB)
	47604  -  ResidentSetSize of job (KB)
...
005 (11479003.000.000) 12/04 11:04:14 Job terminated.
	(1) Normal termination (return value 0)
		Usr 0 00:07:21, Sys 0 00:00:16  -  Run Remote Usage
		Usr 0 00:00:00, Sys 0 00:00:00  -  Run Local Usage
		Usr 0 00:07:21, Sys 0 00:00:16  -  Total Remote Usage
		Usr 0 00:00:00, Sys 0 00:00:00  -  Total Local Usage
	0  -  Run Bytes Sent By Job
	0  -  Run Bytes Received By Job
	0  -  Total Bytes Sent By Job
	0  -  Total Bytes Received By Job
	Partitionable Resources :    Usage  Request Allocated
	   Cpus                 :                 1         1
	   Disk (KB)            :       10       10  47327925
	   Memory (MB)          :       47        1      2005
...
