000 (11478705.000.000) 12/04 10:52:26 Job submitted from host: <130.199.153.66:9618?addrs=130.199.153.66-9618&noUDP&sock=8910_0083_4>
...
001 (11478705.000.000) 12/04 10:53:22 Job executing on host: <130.199.150.218:9618?addrs=130.199.150.218-9618&noUDP&sock=22548_41c0_3>
...
006 (11478705.000.000) 12/04 10:53:30 Image size of job updated: 15780
	16  -  MemoryUsage of job (MB)
	15780  -  ResidentSetSize of job (KB)
...
006 (11478705.000.000) 12/04 10:58:30 Image size of job updated: 47184
	47  -  MemoryUsage of job (MB)
	47184  -  ResidentSetSize of job (KB)
...
006 (11478705.000.000) 12/04 11:03:31 Image size of job updated: 57472
	57  -  MemoryUsage of job (MB)
	57472  -  ResidentSetSize of job (KB)
...
006 (11478705.000.000) 12/04 11:08:32 Image size of job updated: 60284
	59  -  MemoryUsage of job (MB)
	60284  -  ResidentSetSize of job (KB)
...
005 (11478705.000.000) 12/04 11:10:58 Job terminated.
	(1) Normal termination (return value 0)
		Usr 0 00:14:41, Sys 0 00:00:38  -  Run Remote Usage
		Usr 0 00:00:00, Sys 0 00:00:00  -  Run Local Usage
		Usr 0 00:14:41, Sys 0 00:00:38  -  Total Remote Usage
		Usr 0 00:00:00, Sys 0 00:00:00  -  Total Local Usage
	0  -  Run Bytes Sent By Job
	0  -  Run Bytes Received By Job
	0  -  Total Bytes Sent By Job
	0  -  Total Bytes Received By Job
	Partitionable Resources :    Usage  Request Allocated
	   Cpus                 :                 1         1
	   Disk (KB)            :       10       10  59426040
	   Memory (MB)          :       59        1      2007
...
