000 (11478865.000.000) 12/04 10:52:59 Job submitted from host: <130.199.153.66:9618?addrs=130.199.153.66-9618&noUDP&sock=8910_0083_4>
...
001 (11478865.000.000) 12/04 10:53:52 Job executing on host: <130.199.201.19:9618?addrs=130.199.201.19-9618&noUDP&sock=23133_66e6_3>
...
006 (11478865.000.000) 12/04 10:54:00 Image size of job updated: 15744
	16  -  MemoryUsage of job (MB)
	15744  -  ResidentSetSize of job (KB)
...
006 (11478865.000.000) 12/04 10:59:00 Image size of job updated: 47984
	47  -  MemoryUsage of job (MB)
	47984  -  ResidentSetSize of job (KB)
...
005 (11478865.000.000) 12/04 11:01:42 Job terminated.
	(1) Normal termination (return value 0)
		Usr 0 00:06:03, Sys 0 00:00:15  -  Run Remote Usage
		Usr 0 00:00:00, Sys 0 00:00:00  -  Run Local Usage
		Usr 0 00:06:03, Sys 0 00:00:15  -  Total Remote Usage
		Usr 0 00:00:00, Sys 0 00:00:00  -  Total Local Usage
	0  -  Run Bytes Sent By Job
	0  -  Run Bytes Received By Job
	0  -  Total Bytes Sent By Job
	0  -  Total Bytes Received By Job
	Partitionable Resources :    Usage  Request Allocated
	   Cpus                 :                 1         1
	   Disk (KB)            :       10       10  47328027
	   Memory (MB)          :       47        1      2005
...
