000 (11478649.000.000) 12/04 10:51:20 Job submitted from host: <130.199.153.66:9618?addrs=130.199.153.66-9618&noUDP&sock=8910_0083_4>
...
001 (11478649.000.000) 12/04 10:53:17 Job executing on host: <130.199.202.51:9618?addrs=130.199.202.51-9618&noUDP&sock=5283_1a30_3>
...
006 (11478649.000.000) 12/04 10:53:25 Image size of job updated: 16004
	15  -  MemoryUsage of job (MB)
	14804  -  ResidentSetSize of job (KB)
...
006 (11478649.000.000) 12/04 10:58:25 Image size of job updated: 47752
	46  -  MemoryUsage of job (MB)
	46112  -  ResidentSetSize of job (KB)
...
006 (11478649.000.000) 12/04 11:03:25 Image size of job updated: 54056
	52  -  MemoryUsage of job (MB)
	52368  -  ResidentSetSize of job (KB)
...
005 (11478649.000.000) 12/04 11:04:24 Job terminated.
	(1) Normal termination (return value 0)
		Usr 0 00:09:44, Sys 0 00:00:23  -  Run Remote Usage
		Usr 0 00:00:00, Sys 0 00:00:00  -  Run Local Usage
		Usr 0 00:09:44, Sys 0 00:00:23  -  Total Remote Usage
		Usr 0 00:00:00, Sys 0 00:00:00  -  Total Local Usage
	0  -  Run Bytes Sent By Job
	0  -  Run Bytes Received By Job
	0  -  Total Bytes Sent By Job
	0  -  Total Bytes Received By Job
	Partitionable Resources :    Usage  Request Allocated
	   Cpus                 :                 1         1
	   Disk (KB)            :       10       10  65479092
	   Memory (MB)          :       52        1      2008
...
