000 (11478617.000.000) 12/04 10:51:14 Job submitted from host: <130.199.153.66:9618?addrs=130.199.153.66-9618&noUDP&sock=8910_0083_4>
...
001 (11478617.000.000) 12/04 10:53:05 Job executing on host: <130.199.150.241:9618?addrs=130.199.150.241-9618&noUDP&sock=21935_4005_3>
...
006 (11478617.000.000) 12/04 10:53:14 Image size of job updated: 15924
	16  -  MemoryUsage of job (MB)
	15920  -  ResidentSetSize of job (KB)
...
006 (11478617.000.000) 12/04 10:58:15 Image size of job updated: 49164
	48  -  MemoryUsage of job (MB)
	49076  -  ResidentSetSize of job (KB)
...
006 (11478617.000.000) 12/04 10:59:05 Image size of job updated: 53032
	48  -  MemoryUsage of job (MB)
	49076  -  ResidentSetSize of job (KB)
...
005 (11478617.000.000) 12/04 10:59:05 Job terminated.
	(1) Normal termination (return value 0)
		Usr 0 00:04:56, Sys 0 00:00:13  -  Run Remote Usage
		Usr 0 00:00:00, Sys 0 00:00:00  -  Run Local Usage
		Usr 0 00:04:56, Sys 0 00:00:13  -  Total Remote Usage
		Usr 0 00:00:00, Sys 0 00:00:00  -  Total Local Usage
	0  -  Run Bytes Sent By Job
	0  -  Run Bytes Received By Job
	0  -  Total Bytes Sent By Job
	0  -  Total Bytes Received By Job
	Partitionable Resources :    Usage  Request Allocated
	   Cpus                 :                 1         1
	   Disk (KB)            :       10       10  59426073
	   Memory (MB)          :       48        1      2007
...
