000 (11478726.000.000) 12/04 10:52:27 Job submitted from host: <130.199.153.66:9618?addrs=130.199.153.66-9618&noUDP&sock=8910_0083_4>
...
001 (11478726.000.000) 12/04 10:53:17 Job executing on host: <130.199.202.108:9618?addrs=130.199.202.108-9618&noUDP&sock=9347_4e96_3>
...
006 (11478726.000.000) 12/04 10:53:26 Image size of job updated: 14684
	15  -  MemoryUsage of job (MB)
	14684  -  ResidentSetSize of job (KB)
...
006 (11478726.000.000) 12/04 10:55:40 Image size of job updated: 51644
	15  -  MemoryUsage of job (MB)
	14696  -  ResidentSetSize of job (KB)
...
005 (11478726.000.000) 12/04 10:55:40 Job terminated.
	(1) Normal termination (return value 0)
		Usr 0 00:01:57, Sys 0 00:00:08  -  Run Remote Usage
		Usr 0 00:00:00, Sys 0 00:00:00  -  Run Local Usage
		Usr 0 00:01:57, Sys 0 00:00:08  -  Total Remote Usage
		Usr 0 00:00:00, Sys 0 00:00:00  -  Total Local Usage
	0  -  Run Bytes Sent By Job
	0  -  Run Bytes Received By Job
	0  -  Total Bytes Sent By Job
	0  -  Total Bytes Received By Job
	Partitionable Resources :    Usage  Request Allocated
	   Cpus                 :                 1         1
	   Disk (KB)            :       10       10  66831977
	   Memory (MB)          :       15        1      2665
...
