000 (11479166.000.000) 12/04 10:54:02 Job submitted from host: <130.199.153.66:9618?addrs=130.199.153.66-9618&noUDP&sock=8910_0083_4>
...
001 (11479166.000.000) 12/04 10:54:51 Job executing on host: <130.199.202.39:9618?addrs=130.199.202.39-9618&noUDP&sock=30214_72f5_3>
...
006 (11479166.000.000) 12/04 10:54:59 Image size of job updated: 16048
	16  -  MemoryUsage of job (MB)
	16048  -  ResidentSetSize of job (KB)
...
006 (11479166.000.000) 12/04 10:59:59 Image size of job updated: 47556
	47  -  MemoryUsage of job (MB)
	47424  -  ResidentSetSize of job (KB)
...
006 (11479166.000.000) 12/04 11:01:17 Image size of job updated: 47812
	47  -  MemoryUsage of job (MB)
	47424  -  ResidentSetSize of job (KB)
...
005 (11479166.000.000) 12/04 11:01:17 Job terminated.
	(1) Normal termination (return value 0)
		Usr 0 00:05:39, Sys 0 00:00:16  -  Run Remote Usage
		Usr 0 00:00:00, Sys 0 00:00:00  -  Run Local Usage
		Usr 0 00:05:39, Sys 0 00:00:16  -  Total Remote Usage
		Usr 0 00:00:00, Sys 0 00:00:00  -  Total Local Usage
	0  -  Run Bytes Sent By Job
	0  -  Run Bytes Received By Job
	0  -  Total Bytes Sent By Job
	0  -  Total Bytes Received By Job
	Partitionable Resources :    Usage  Request Allocated
	   Cpus                 :                 1         1
	   Disk (KB)            :       10       10  65479108
	   Memory (MB)          :       47        1      2008
...
