000 (11478665.000.000) 12/04 10:51:21 Job submitted from host: <130.199.153.66:9618?addrs=130.199.153.66-9618&noUDP&sock=8910_0083_4>
...
001 (11478665.000.000) 12/04 10:53:13 Job executing on host: <130.199.150.220:9618?addrs=130.199.150.220-9618&noUDP&sock=22266_01e4_3>
...
006 (11478665.000.000) 12/04 10:53:21 Image size of job updated: 14532
	15  -  MemoryUsage of job (MB)
	14532  -  ResidentSetSize of job (KB)
...
006 (11478665.000.000) 12/04 10:58:21 Image size of job updated: 47316
	47  -  MemoryUsage of job (MB)
	47316  -  ResidentSetSize of job (KB)
...
006 (11478665.000.000) 12/04 11:03:22 Image size of job updated: 50044
	49  -  MemoryUsage of job (MB)
	50044  -  ResidentSetSize of job (KB)
...
005 (11478665.000.000) 12/04 11:08:25 Job terminated.
	(1) Normal termination (return value 0)
		Usr 0 00:12:04, Sys 0 00:00:30  -  Run Remote Usage
		Usr 0 00:00:00, Sys 0 00:00:00  -  Run Local Usage
		Usr 0 00:12:04, Sys 0 00:00:30  -  Total Remote Usage
		Usr 0 00:00:00, Sys 0 00:00:00  -  Total Local Usage
	0  -  Run Bytes Sent By Job
	0  -  Run Bytes Received By Job
	0  -  Total Bytes Sent By Job
	0  -  Total Bytes Received By Job
	Partitionable Resources :    Usage  Request Allocated
	   Cpus                 :                 1         1
	   Disk (KB)            :       10       10  59427093
	   Memory (MB)          :       49        1      2007
...
