000 (11478784.000.000) 12/04 10:52:40 Job submitted from host: <130.199.153.66:9618?addrs=130.199.153.66-9618&noUDP&sock=8910_0083_4>
...
001 (11478784.000.000) 12/04 10:53:35 Job executing on host: <130.199.153.48:9618?addrs=130.199.153.48-9618&noUDP&sock=22213_3bcb_3>
...
006 (11478784.000.000) 12/04 10:53:44 Image size of job updated: 16932
	16  -  MemoryUsage of job (MB)
	15756  -  ResidentSetSize of job (KB)
...
006 (11478784.000.000) 12/04 10:58:45 Image size of job updated: 55168
	53  -  MemoryUsage of job (MB)
	53560  -  ResidentSetSize of job (KB)
...
006 (11478784.000.000) 12/04 11:08:45 Image size of job updated: 62156
	60  -  MemoryUsage of job (MB)
	60548  -  ResidentSetSize of job (KB)
...
006 (11478784.000.000) 12/04 11:09:04 Image size of job updated: 62156
	61  -  MemoryUsage of job (MB)
	61788  -  ResidentSetSize of job (KB)
...
005 (11478784.000.000) 12/04 11:09:04 Job terminated.
	(1) Normal termination (return value 0)
		Usr 0 00:12:13, Sys 0 00:00:27  -  Run Remote Usage
		Usr 0 00:00:00, Sys 0 00:00:00  -  Run Local Usage
		Usr 0 00:12:13, Sys 0 00:00:27  -  Total Remote Usage
		Usr 0 00:00:00, Sys 0 00:00:00  -  Total Local Usage
	0  -  Run Bytes Sent By Job
	0  -  Run Bytes Received By Job
	0  -  Total Bytes Sent By Job
	0  -  Total Bytes Received By Job
	Partitionable Resources :    Usage  Request Allocated
	   Cpus                 :                 1         1
	   Disk (KB)            :       10       10  47328226
	   Memory (MB)          :       61        1      2005
...
