000 (11479136.000.000) 12/04 10:53:57 Job submitted from host: <130.199.153.66:9618?addrs=130.199.153.66-9618&noUDP&sock=8910_0083_4>
...
001 (11479136.000.000) 12/04 10:53:59 Job executing on host: <130.199.202.90:9618?addrs=130.199.202.90-9618&noUDP&sock=96748_9ec0_3>
...
006 (11479136.000.000) 12/04 10:54:07 Image size of job updated: 33924
	34  -  MemoryUsage of job (MB)
	33924  -  ResidentSetSize of job (KB)
...
006 (11479136.000.000) 12/04 10:54:36 Image size of job updated: 40364
	34  -  MemoryUsage of job (MB)
	33924  -  ResidentSetSize of job (KB)
...
005 (11479136.000.000) 12/04 10:54:36 Job terminated.
	(1) Normal termination (return value 0)
		Usr 0 00:00:27, Sys 0 00:00:04  -  Run Remote Usage
		Usr 0 00:00:00, Sys 0 00:00:00  -  Run Local Usage
		Usr 0 00:00:27, Sys 0 00:00:04  -  Total Remote Usage
		Usr 0 00:00:00, Sys 0 00:00:00  -  Total Local Usage
	0  -  Run Bytes Sent By Job
	0  -  Run Bytes Received By Job
	0  -  Total Bytes Sent By Job
	0  -  Total Bytes Received By Job
	Partitionable Resources :    Usage  Request Allocated
	   Cpus                 :                 1         1
	   Disk (KB)            :       10       10  65563822
	   Memory (MB)          :       34        1      2297
...
