000 (11478871.000.000) 12/04 10:52:59 Job submitted from host: <130.199.153.66:9618?addrs=130.199.153.66-9618&noUDP&sock=8910_0083_4>
...
001 (11478871.000.000) 12/04 10:53:52 Job executing on host: <130.199.150.163:9618?addrs=130.199.150.163-9618&noUDP&sock=22249_a08a_3>
...
006 (11478871.000.000) 12/04 10:54:01 Image size of job updated: 17060
	16  -  MemoryUsage of job (MB)
	15820  -  ResidentSetSize of job (KB)
...
006 (11478871.000.000) 12/04 10:59:02 Image size of job updated: 54128
	51  -  MemoryUsage of job (MB)
	51416  -  ResidentSetSize of job (KB)
...
006 (11478871.000.000) 12/04 11:04:03 Image size of job updated: 62604
	59  -  MemoryUsage of job (MB)
	59812  -  ResidentSetSize of job (KB)
...
006 (11478871.000.000) 12/04 11:09:03 Image size of job updated: 64960
	61  -  MemoryUsage of job (MB)
	62124  -  ResidentSetSize of job (KB)
...
005 (11478871.000.000) 12/04 11:10:51 Job terminated.
	(1) Normal termination (return value 0)
		Usr 0 00:14:15, Sys 0 00:00:29  -  Run Remote Usage
		Usr 0 00:00:00, Sys 0 00:00:00  -  Run Local Usage
		Usr 0 00:14:15, Sys 0 00:00:29  -  Total Remote Usage
		Usr 0 00:00:00, Sys 0 00:00:00  -  Total Local Usage
	0  -  Run Bytes Sent By Job
	0  -  Run Bytes Received By Job
	0  -  Total Bytes Sent By Job
	0  -  Total Bytes Received By Job
	Partitionable Resources :    Usage  Request Allocated
	   Cpus                 :                 1         1
	   Disk (KB)            :       10       10  41489420
	   Memory (MB)          :       61        1      2007
...
