000 (11478635.000.000) 12/04 10:51:15 Job submitted from host: <130.199.153.66:9618?addrs=130.199.153.66-9618&noUDP&sock=8910_0083_4>
...
001 (11478635.000.000) 12/04 10:53:16 Job executing on host: <130.199.150.202:9618?addrs=130.199.150.202-9618&noUDP&sock=21963_1c9a_3>
...
006 (11478635.000.000) 12/04 10:53:25 Image size of job updated: 15864
	16  -  MemoryUsage of job (MB)
	15864  -  ResidentSetSize of job (KB)
...
006 (11478635.000.000) 12/04 10:58:26 Image size of job updated: 53844
	53  -  MemoryUsage of job (MB)
	53824  -  ResidentSetSize of job (KB)
...
005 (11478635.000.000) 12/04 10:59:28 Job terminated.
	(1) Normal termination (return value 0)
		Usr 0 00:04:58, Sys 0 00:00:12  -  Run Remote Usage
		Usr 0 00:00:00, Sys 0 00:00:00  -  Run Local Usage
		Usr 0 00:04:58, Sys 0 00:00:12  -  Total Remote Usage
		Usr 0 00:00:00, Sys 0 00:00:00  -  Total Local Usage
	0  -  Run Bytes Sent By Job
	0  -  Run Bytes Received By Job
	0  -  Total Bytes Sent By Job
	0  -  Total Bytes Received By Job
	Partitionable Resources :    Usage  Request Allocated
	   Cpus                 :                 1         1
	   Disk (KB)            :       10       10  59426063
	   Memory (MB)          :       53        1      2007
...
