000 (11478821.000.000) 12/04 10:52:47 Job submitted from host: <130.199.153.66:9618?addrs=130.199.153.66-9618&noUDP&sock=8910_0083_4>
...
001 (11478821.000.000) 12/04 10:53:43 Job executing on host: <130.199.150.216:9618?addrs=130.199.150.216-9618&noUDP&sock=22046_6153_3>
...
006 (11478821.000.000) 12/04 10:53:52 Image size of job updated: 15712
	16  -  MemoryUsage of job (MB)
	15712  -  ResidentSetSize of job (KB)
...
006 (11478821.000.000) 12/04 10:58:53 Image size of job updated: 51816
	51  -  MemoryUsage of job (MB)
	51816  -  ResidentSetSize of job (KB)
...
005 (11478821.000.000) 12/04 11:02:38 Job terminated.
	(1) Normal termination (return value 0)
		Usr 0 00:06:49, Sys 0 00:00:18  -  Run Remote Usage
		Usr 0 00:00:00, Sys 0 00:00:00  -  Run Local Usage
		Usr 0 00:06:49, Sys 0 00:00:18  -  Total Remote Usage
		Usr 0 00:00:00, Sys 0 00:00:00  -  Total Local Usage
	0  -  Run Bytes Sent By Job
	0  -  Run Bytes Received By Job
	0  -  Total Bytes Sent By Job
	0  -  Total Bytes Received By Job
	Partitionable Resources :    Usage  Request Allocated
	   Cpus                 :                 1         1
	   Disk (KB)            :       10       10  59426127
	   Memory (MB)          :       51        1      2007
...
