000 (11479047.000.000) 12/04 10:53:36 Job submitted from host: <130.199.153.66:9618?addrs=130.199.153.66-9618&noUDP&sock=8910_0083_4>
...
001 (11479047.000.000) 12/04 10:54:29 Job executing on host: <130.199.201.24:9618?addrs=130.199.201.24-9618&noUDP&sock=10373_05e5_3>
...
006 (11479047.000.000) 12/04 10:54:37 Image size of job updated: 14640
	15  -  MemoryUsage of job (MB)
	14640  -  ResidentSetSize of job (KB)
...
006 (11479047.000.000) 12/04 10:59:37 Image size of job updated: 49504
	49  -  MemoryUsage of job (MB)
	49424  -  ResidentSetSize of job (KB)
...
006 (11479047.000.000) 12/04 11:04:38 Image size of job updated: 51252
	50  -  MemoryUsage of job (MB)
	50984  -  ResidentSetSize of job (KB)
...
005 (11479047.000.000) 12/04 11:06:35 Job terminated.
	(1) Normal termination (return value 0)
		Usr 0 00:10:12, Sys 0 00:00:24  -  Run Remote Usage
		Usr 0 00:00:00, Sys 0 00:00:00  -  Run Local Usage
		Usr 0 00:10:12, Sys 0 00:00:24  -  Total Remote Usage
		Usr 0 00:00:00, Sys 0 00:00:00  -  Total Local Usage
	0  -  Run Bytes Sent By Job
	0  -  Run Bytes Received By Job
	0  -  Total Bytes Sent By Job
	0  -  Total Bytes Received By Job
	Partitionable Resources :    Usage  Request Allocated
	   Cpus                 :                 1         1
	   Disk (KB)            :       10       10  47327699
	   Memory (MB)          :       50        1      2005
...
