000 (11459895.000.000) 12/03 11:54:20 Job submitted from host: <130.199.153.66:9618?addrs=130.199.153.66-9618&noUDP&sock=8910_0083_4>
...
001 (11459895.000.000) 12/03 11:55:47 Job executing on host: <130.199.202.98:9618?addrs=130.199.202.98-9618&noUDP&sock=178572_e217_3>
...
006 (11459895.000.000) 12/03 11:55:55 Image size of job updated: 35120
	35  -  MemoryUsage of job (MB)
	35120  -  ResidentSetSize of job (KB)
...
006 (11459895.000.000) 12/03 11:57:48 Image size of job updated: 52484
	35  -  MemoryUsage of job (MB)
	35120  -  ResidentSetSize of job (KB)
...
005 (11459895.000.000) 12/03 11:57:48 Job terminated.
	(1) Normal termination (return value 0)
		Usr 0 00:01:46, Sys 0 00:00:07  -  Run Remote Usage
		Usr 0 00:00:00, Sys 0 00:00:00  -  Run Local Usage
		Usr 0 00:01:46, Sys 0 00:00:07  -  Total Remote Usage
		Usr 0 00:00:00, Sys 0 00:00:00  -  Total Local Usage
	0  -  Run Bytes Sent By Job
	0  -  Run Bytes Received By Job
	0  -  Total Bytes Sent By Job
	0  -  Total Bytes Received By Job
	Partitionable Resources :    Usage  Request Allocated
	   Cpus                 :                 1         1
	   Disk (KB)            :       10       10  65563928
	   Memory (MB)          :       35        1      2297
...
