000 (11479591.000.000) 12/04 10:55:36 Job submitted from host: <130.199.153.66:9618?addrs=130.199.153.66-9618&noUDP&sock=8910_0083_4>
...
001 (11479591.000.000) 12/04 10:55:57 Job executing on host: <130.199.202.13:9618?addrs=130.199.202.13-9618&noUDP&sock=8033_714c_3>
...
006 (11479591.000.000) 12/04 10:56:05 Image size of job updated: 14364
	15  -  MemoryUsage of job (MB)
	14364  -  ResidentSetSize of job (KB)
...
006 (11479591.000.000) 12/04 10:56:48 Image size of job updated: 37380
	15  -  MemoryUsage of job (MB)
	14364  -  ResidentSetSize of job (KB)
...
005 (11479591.000.000) 12/04 10:56:48 Job terminated.
	(1) Normal termination (return value 0)
		Usr 0 00:00:40, Sys 0 00:00:03  -  Run Remote Usage
		Usr 0 00:00:00, Sys 0 00:00:00  -  Run Local Usage
		Usr 0 00:00:40, Sys 0 00:00:03  -  Total Remote Usage
		Usr 0 00:00:00, Sys 0 00:00:00  -  Total Local Usage
	0  -  Run Bytes Sent By Job
	0  -  Run Bytes Received By Job
	0  -  Total Bytes Sent By Job
	0  -  Total Bytes Received By Job
	Partitionable Resources :    Usage  Request Allocated
	   Cpus                 :                 1         1
	   Disk (KB)            :       10       10  47541039
	   Memory (MB)          :       15        1      2008
...
