000 (11478757.000.000) 12/04 10:52:33 Job submitted from host: <130.199.153.66:9618?addrs=130.199.153.66-9618&noUDP&sock=8910_0083_4>
...
001 (11478757.000.000) 12/04 10:53:31 Job executing on host: <130.199.201.21:9618?addrs=130.199.201.21-9618&noUDP&sock=22607_edf9_3>
...
006 (11478757.000.000) 12/04 10:53:40 Image size of job updated: 16424
	15  -  MemoryUsage of job (MB)
	14560  -  ResidentSetSize of job (KB)
...
006 (11478757.000.000) 12/04 10:58:41 Image size of job updated: 52276
	48  -  MemoryUsage of job (MB)
	49024  -  ResidentSetSize of job (KB)
...
005 (11478757.000.000) 12/04 10:59:16 Job terminated.
	(1) Normal termination (return value 0)
		Usr 0 00:04:22, Sys 0 00:00:13  -  Run Remote Usage
		Usr 0 00:00:00, Sys 0 00:00:00  -  Run Local Usage
		Usr 0 00:04:22, Sys 0 00:00:13  -  Total Remote Usage
		Usr 0 00:00:00, Sys 0 00:00:00  -  Total Local Usage
	0  -  Run Bytes Sent By Job
	0  -  Run Bytes Received By Job
	0  -  Total Bytes Sent By Job
	0  -  Total Bytes Received By Job
	Partitionable Resources :    Usage  Request Allocated
	   Cpus                 :                 1         1
	   Disk (KB)            :       10       10  47327911
	   Memory (MB)          :       48        1      2005
...
