000 (11478695.000.000) 12/04 10:51:53 Job submitted from host: <130.199.153.66:9618?addrs=130.199.153.66-9618&noUDP&sock=8910_0083_4>
...
001 (11478695.000.000) 12/04 10:53:19 Job executing on host: <130.199.202.35:9618?addrs=130.199.202.35-9618&noUDP&sock=48291_9763_3>
...
006 (11478695.000.000) 12/04 10:53:28 Image size of job updated: 15944
	16  -  MemoryUsage of job (MB)
	15944  -  ResidentSetSize of job (KB)
...
006 (11478695.000.000) 12/04 10:58:28 Image size of job updated: 54096
	53  -  MemoryUsage of job (MB)
	53984  -  ResidentSetSize of job (KB)
...
006 (11478695.000.000) 12/04 11:03:28 Image size of job updated: 59264
	58  -  MemoryUsage of job (MB)
	59116  -  ResidentSetSize of job (KB)
...
006 (11478695.000.000) 12/04 11:08:29 Image size of job updated: 61224
	60  -  MemoryUsage of job (MB)
	61000  -  ResidentSetSize of job (KB)
...
005 (11478695.000.000) 12/04 11:12:36 Job terminated.
	(1) Normal termination (return value 0)
		Usr 0 00:17:10, Sys 0 00:00:39  -  Run Remote Usage
		Usr 0 00:00:00, Sys 0 00:00:00  -  Run Local Usage
		Usr 0 00:17:10, Sys 0 00:00:39  -  Total Remote Usage
		Usr 0 00:00:00, Sys 0 00:00:00  -  Total Local Usage
	0  -  Run Bytes Sent By Job
	0  -  Run Bytes Received By Job
	0  -  Total Bytes Sent By Job
	0  -  Total Bytes Received By Job
	Partitionable Resources :    Usage  Request Allocated
	   Cpus                 :                 1         1
	   Disk (KB)            :       10       10  65479039
	   Memory (MB)          :       60        1      2008
...
