000 (11478606.000.000) 12/04 10:51:10 Job submitted from host: <130.199.153.66:9618?addrs=130.199.153.66-9618&noUDP&sock=8910_0083_4>
...
001 (11478606.000.000) 12/04 10:53:00 Job executing on host: <130.199.150.229:9618?addrs=130.199.150.229-9618&noUDP&sock=13646_e2df_3>
...
006 (11478606.000.000) 12/04 10:53:08 Image size of job updated: 39252
	37  -  MemoryUsage of job (MB)
	37628  -  ResidentSetSize of job (KB)
...
005 (11478606.000.000) 12/04 10:54:06 Job terminated.
	(1) Normal termination (return value 0)
		Usr 0 00:00:51, Sys 0 00:00:03  -  Run Remote Usage
		Usr 0 00:00:00, Sys 0 00:00:00  -  Run Local Usage
		Usr 0 00:00:51, Sys 0 00:00:03  -  Total Remote Usage
		Usr 0 00:00:00, Sys 0 00:00:00  -  Total Local Usage
	0  -  Run Bytes Sent By Job
	0  -  Run Bytes Received By Job
	0  -  Total Bytes Sent By Job
	0  -  Total Bytes Received By Job
	Partitionable Resources :    Usage  Request Allocated
	   Cpus                 :                 1         1
	   Disk (KB)            :       10       10  59425694
	   Memory (MB)          :       37        1      2007
...
