000 (11478522.000.000) 12/04 10:50:56 Job submitted from host: <130.199.153.66:9618?addrs=130.199.153.66-9618&noUDP&sock=8910_0083_4>
...
001 (11478522.000.000) 12/04 10:52:43 Job executing on host: <130.199.202.115:9618?addrs=130.199.202.115-9618&noUDP&sock=81620_cc92_3>
...
006 (11478522.000.000) 12/04 10:52:51 Image size of job updated: 38636
	37  -  MemoryUsage of job (MB)
	37076  -  ResidentSetSize of job (KB)
...
005 (11478522.000.000) 12/04 10:54:27 Job terminated.
	(1) Normal termination (return value 0)
		Usr 0 00:01:27, Sys 0 00:00:06  -  Run Remote Usage
		Usr 0 00:00:00, Sys 0 00:00:00  -  Run Local Usage
		Usr 0 00:01:27, Sys 0 00:00:06  -  Total Remote Usage
		Usr 0 00:00:00, Sys 0 00:00:00  -  Total Local Usage
	0  -  Run Bytes Sent By Job
	0  -  Run Bytes Received By Job
	0  -  Total Bytes Sent By Job
	0  -  Total Bytes Received By Job
	Partitionable Resources :    Usage  Request Allocated
	   Cpus                 :                 1         1
	   Disk (KB)            :       10       10  66832012
	   Memory (MB)          :       37        1      2665
...
