000 (11479487.000.000) 12/04 10:55:09 Job submitted from host: <130.199.153.66:9618?addrs=130.199.153.66-9618&noUDP&sock=8910_0083_4>
...
001 (11479487.000.000) 12/04 10:55:49 Job executing on host: <130.199.153.60:9618?addrs=130.199.153.60-9618&noUDP&sock=7346_0408_3>
...
006 (11479487.000.000) 12/04 10:55:58 Image size of job updated: 1168
	2  -  MemoryUsage of job (MB)
	1168  -  ResidentSetSize of job (KB)
...
006 (11479487.000.000) 12/04 10:59:49 Image size of job updated: 1428
	2  -  MemoryUsage of job (MB)
	1168  -  ResidentSetSize of job (KB)
...
005 (11479487.000.000) 12/04 10:59:52 Job terminated.
	(1) Normal termination (return value 0)
		Usr 0 00:01:02, Sys 0 00:00:39  -  Run Remote Usage
		Usr 0 00:00:00, Sys 0 00:00:00  -  Run Local Usage
		Usr 0 00:01:02, Sys 0 00:00:39  -  Total Remote Usage
		Usr 0 00:00:00, Sys 0 00:00:00  -  Total Local Usage
	0  -  Run Bytes Sent By Job
	0  -  Run Bytes Received By Job
	0  -  Total Bytes Sent By Job
	0  -  Total Bytes Received By Job
	Partitionable Resources :    Usage  Request Allocated
	   Cpus                 :                 1         1
	   Disk (KB)            :       10       10 189304398
	   Memory (MB)          :        2        1      2005
...
