000 (11479074.000.000) 12/04 10:53:43 Job submitted from host: <130.199.153.66:9618?addrs=130.199.153.66-9618&noUDP&sock=8910_0083_4>
...
001 (11479074.000.000) 12/04 10:54:34 Job executing on host: <130.199.201.60:9618?addrs=130.199.201.60-9618&noUDP&sock=14222_2ed5_3>
...
006 (11479074.000.000) 12/04 10:54:43 Image size of job updated: 16916
	16  -  MemoryUsage of job (MB)
	15716  -  ResidentSetSize of job (KB)
...
006 (11479074.000.000) 12/04 10:59:44 Image size of job updated: 53752
	51  -  MemoryUsage of job (MB)
	52016  -  ResidentSetSize of job (KB)
...
006 (11479074.000.000) 12/04 11:04:45 Image size of job updated: 55232
	52  -  MemoryUsage of job (MB)
	53164  -  ResidentSetSize of job (KB)
...
006 (11479074.000.000) 12/04 11:04:56 Image size of job updated: 271216
	52  -  MemoryUsage of job (MB)
	53164  -  ResidentSetSize of job (KB)
...
005 (11479074.000.000) 12/04 11:04:56 Job terminated.
	(1) Normal termination (return value 0)
		Usr 0 00:08:18, Sys 0 00:00:21  -  Run Remote Usage
		Usr 0 00:00:00, Sys 0 00:00:00  -  Run Local Usage
		Usr 0 00:08:18, Sys 0 00:00:21  -  Total Remote Usage
		Usr 0 00:00:00, Sys 0 00:00:00  -  Total Local Usage
	0  -  Run Bytes Sent By Job
	0  -  Run Bytes Received By Job
	0  -  Total Bytes Sent By Job
	0  -  Total Bytes Received By Job
	Partitionable Resources :    Usage  Request Allocated
	   Cpus                 :                 1         1
	   Disk (KB)            :       10       10  47327912
	   Memory (MB)          :       52        1      2005
...
