000 (11478850.000.000) 12/04 10:52:53 Job submitted from host: <130.199.153.66:9618?addrs=130.199.153.66-9618&noUDP&sock=8910_0083_4>
...
001 (11478850.000.000) 12/04 10:53:49 Job executing on host: <130.199.202.72:9618?addrs=130.199.202.72-9618&noUDP&sock=884_dfd4_3>
...
006 (11478850.000.000) 12/04 10:53:57 Image size of job updated: 15836
	16  -  MemoryUsage of job (MB)
	15836  -  ResidentSetSize of job (KB)
...
006 (11478850.000.000) 12/04 10:58:57 Image size of job updated: 45036
	44  -  MemoryUsage of job (MB)
	45008  -  ResidentSetSize of job (KB)
...
005 (11478850.000.000) 12/04 10:59:50 Job terminated.
	(1) Normal termination (return value 0)
		Usr 0 00:04:59, Sys 0 00:00:15  -  Run Remote Usage
		Usr 0 00:00:00, Sys 0 00:00:00  -  Run Local Usage
		Usr 0 00:04:59, Sys 0 00:00:15  -  Total Remote Usage
		Usr 0 00:00:00, Sys 0 00:00:00  -  Total Local Usage
	0  -  Run Bytes Sent By Job
	0  -  Run Bytes Received By Job
	0  -  Total Bytes Sent By Job
	0  -  Total Bytes Received By Job
	Partitionable Resources :    Usage  Request Allocated
	   Cpus                 :                 1         1
	   Disk (KB)            :       10       10  65479263
	   Memory (MB)          :       44        1      2008
...
