000 (11478697.000.000) 12/04 10:51:53 Job submitted from host: <130.199.153.66:9618?addrs=130.199.153.66-9618&noUDP&sock=8910_0083_4>
...
001 (11478697.000.000) 12/04 10:53:20 Job executing on host: <130.199.202.66:9618?addrs=130.199.202.66-9618&noUDP&sock=21319_4b3a_3>
...
006 (11478697.000.000) 12/04 10:53:28 Image size of job updated: 14696
	15  -  MemoryUsage of job (MB)
	14696  -  ResidentSetSize of job (KB)
...
006 (11478697.000.000) 12/04 10:58:28 Image size of job updated: 53864
	53  -  MemoryUsage of job (MB)
	53848  -  ResidentSetSize of job (KB)
...
006 (11478697.000.000) 12/04 11:08:29 Image size of job updated: 59688
	59  -  MemoryUsage of job (MB)
	59668  -  ResidentSetSize of job (KB)
...
005 (11478697.000.000) 12/04 11:12:19 Job terminated.
	(1) Normal termination (return value 0)
		Usr 0 00:16:49, Sys 0 00:00:39  -  Run Remote Usage
		Usr 0 00:00:00, Sys 0 00:00:00  -  Run Local Usage
		Usr 0 00:16:49, Sys 0 00:00:39  -  Total Remote Usage
		Usr 0 00:00:00, Sys 0 00:00:00  -  Total Local Usage
	0  -  Run Bytes Sent By Job
	0  -  Run Bytes Received By Job
	0  -  Total Bytes Sent By Job
	0  -  Total Bytes Received By Job
	Partitionable Resources :    Usage  Request Allocated
	   Cpus                 :                 1         1
	   Disk (KB)            :       10       10  65479220
	   Memory (MB)          :       59        1      2008
...
