000 (11478823.000.000) 12/04 10:52:47 Job submitted from host: <130.199.153.66:9618?addrs=130.199.153.66-9618&noUDP&sock=8910_0083_4>
...
001 (11478823.000.000) 12/04 10:53:43 Job executing on host: <130.199.150.208:9618?addrs=130.199.150.208-9618&noUDP&sock=22075_8eed_3>
...
006 (11478823.000.000) 12/04 10:53:52 Image size of job updated: 14556
	15  -  MemoryUsage of job (MB)
	14556  -  ResidentSetSize of job (KB)
...
006 (11478823.000.000) 12/04 10:58:52 Image size of job updated: 46452
	46  -  MemoryUsage of job (MB)
	46452  -  ResidentSetSize of job (KB)
...
006 (11478823.000.000) 12/04 11:03:52 Image size of job updated: 49896
	49  -  MemoryUsage of job (MB)
	49896  -  ResidentSetSize of job (KB)
...
005 (11478823.000.000) 12/04 11:06:32 Job terminated.
	(1) Normal termination (return value 0)
		Usr 0 00:08:03, Sys 0 00:00:24  -  Run Remote Usage
		Usr 0 00:00:00, Sys 0 00:00:00  -  Run Local Usage
		Usr 0 00:08:03, Sys 0 00:00:24  -  Total Remote Usage
		Usr 0 00:00:00, Sys 0 00:00:00  -  Total Local Usage
	0  -  Run Bytes Sent By Job
	0  -  Run Bytes Received By Job
	0  -  Total Bytes Sent By Job
	0  -  Total Bytes Received By Job
	Partitionable Resources :    Usage  Request Allocated
	   Cpus                 :                 1         1
	   Disk (KB)            :       10       10  59426271
	   Memory (MB)          :       49        1      2007
...
