000 (11479582.000.000) 12/04 10:55:32 Job submitted from host: <130.199.153.66:9618?addrs=130.199.153.66-9618&noUDP&sock=8910_0083_4>
...
001 (11479582.000.000) 12/04 10:55:55 Job executing on host: <130.199.202.31:9618?addrs=130.199.202.31-9618&noUDP&sock=14749_f8c7_3>
...
006 (11479582.000.000) 12/04 10:56:04 Image size of job updated: 15556
	16  -  MemoryUsage of job (MB)
	15556  -  ResidentSetSize of job (KB)
...
006 (11479582.000.000) 12/04 10:57:19 Image size of job updated: 41028
	16  -  MemoryUsage of job (MB)
	15556  -  ResidentSetSize of job (KB)
...
005 (11479582.000.000) 12/04 10:57:19 Job terminated.
	(1) Normal termination (return value 0)
		Usr 0 00:01:06, Sys 0 00:00:04  -  Run Remote Usage
		Usr 0 00:00:00, Sys 0 00:00:00  -  Run Local Usage
		Usr 0 00:01:06, Sys 0 00:00:04  -  Total Remote Usage
		Usr 0 00:00:00, Sys 0 00:00:00  -  Total Local Usage
	0  -  Run Bytes Sent By Job
	0  -  Run Bytes Received By Job
	0  -  Total Bytes Sent By Job
	0  -  Total Bytes Received By Job
	Partitionable Resources :    Usage  Request Allocated
	   Cpus                 :                 1         1
	   Disk (KB)            :       10       10  47541241
	   Memory (MB)          :       16        1      2008
...
