000 (11479138.000.000) 12/04 10:53:57 Job submitted from host: <130.199.153.66:9618?addrs=130.199.153.66-9618&noUDP&sock=8910_0083_4>
...
001 (11479138.000.000) 12/04 10:54:13 Job executing on host: <130.199.202.89:9618?addrs=130.199.202.89-9618&noUDP&sock=70844_54c5_3>
...
006 (11479138.000.000) 12/04 10:54:21 Image size of job updated: 35204
	35  -  MemoryUsage of job (MB)
	35204  -  ResidentSetSize of job (KB)
...
006 (11479138.000.000) 12/04 10:54:54 Image size of job updated: 39536
	35  -  MemoryUsage of job (MB)
	35204  -  ResidentSetSize of job (KB)
...
005 (11479138.000.000) 12/04 10:54:54 Job terminated.
	(1) Normal termination (return value 0)
		Usr 0 00:00:28, Sys 0 00:00:03  -  Run Remote Usage
		Usr 0 00:00:00, Sys 0 00:00:00  -  Run Local Usage
		Usr 0 00:00:28, Sys 0 00:00:03  -  Total Remote Usage
		Usr 0 00:00:00, Sys 0 00:00:00  -  Total Local Usage
	0  -  Run Bytes Sent By Job
	0  -  Run Bytes Received By Job
	0  -  Total Bytes Sent By Job
	0  -  Total Bytes Received By Job
	Partitionable Resources :    Usage  Request Allocated
	   Cpus                 :                 1         1
	   Disk (KB)            :       10       10  65563893
	   Memory (MB)          :       35        1      2297
...
