000 (11478955.000.000) 12/04 10:53:18 Job submitted from host: <130.199.153.66:9618?addrs=130.199.153.66-9618&noUDP&sock=8910_0083_4>
...
001 (11478955.000.000) 12/04 10:54:11 Job executing on host: <130.199.152.35:9618?addrs=130.199.152.35-9618&noUDP&sock=22630_3574_3>
...
006 (11478955.000.000) 12/04 10:54:20 Image size of job updated: 15660
	16  -  MemoryUsage of job (MB)
	15660  -  ResidentSetSize of job (KB)
...
005 (11478955.000.000) 12/04 10:59:01 Job terminated.
	(1) Normal termination (return value 0)
		Usr 0 00:03:43, Sys 0 00:00:11  -  Run Remote Usage
		Usr 0 00:00:00, Sys 0 00:00:00  -  Run Local Usage
		Usr 0 00:03:43, Sys 0 00:00:11  -  Total Remote Usage
		Usr 0 00:00:00, Sys 0 00:00:00  -  Total Local Usage
	0  -  Run Bytes Sent By Job
	0  -  Run Bytes Received By Job
	0  -  Total Bytes Sent By Job
	0  -  Total Bytes Received By Job
	Partitionable Resources :    Usage  Request Allocated
	   Cpus                 :                 1         1
	   Disk (KB)            :       10       10  32976471
	   Memory (MB)          :       16        1      2005
...
