000 (11478870.000.000) 12/04 10:52:59 Job submitted from host: <130.199.153.66:9618?addrs=130.199.153.66-9618&noUDP&sock=8910_0083_4>
...
001 (11478870.000.000) 12/04 10:54:16 Job executing on host: <130.199.202.19:9618?addrs=130.199.202.19-9618&noUDP&sock=43385_e77f_3>
...
006 (11478870.000.000) 12/04 10:54:25 Image size of job updated: 17200
	16  -  MemoryUsage of job (MB)
	16008  -  ResidentSetSize of job (KB)
...
006 (11478870.000.000) 12/04 10:59:26 Image size of job updated: 56100
	54  -  MemoryUsage of job (MB)
	54364  -  ResidentSetSize of job (KB)
...
006 (11478870.000.000) 12/04 11:04:27 Image size of job updated: 59204
	56  -  MemoryUsage of job (MB)
	57216  -  ResidentSetSize of job (KB)
...
006 (11478870.000.000) 12/04 11:09:27 Image size of job updated: 59508
	57  -  MemoryUsage of job (MB)
	57520  -  ResidentSetSize of job (KB)
...
005 (11478870.000.000) 12/04 11:11:00 Job terminated.
	(1) Normal termination (return value 0)
		Usr 0 00:14:48, Sys 0 00:00:31  -  Run Remote Usage
		Usr 0 00:00:00, Sys 0 00:00:00  -  Run Local Usage
		Usr 0 00:14:48, Sys 0 00:00:31  -  Total Remote Usage
		Usr 0 00:00:00, Sys 0 00:00:00  -  Total Local Usage
	0  -  Run Bytes Sent By Job
	0  -  Run Bytes Received By Job
	0  -  Total Bytes Sent By Job
	0  -  Total Bytes Received By Job
	Partitionable Resources :    Usage  Request Allocated
	   Cpus                 :                 1         1
	   Disk (KB)            :       10       10  47541352
	   Memory (MB)          :       57        1      2008
...
