000 (11479581.000.000) 12/04 10:55:32 Job submitted from host: <130.199.153.66:9618?addrs=130.199.153.66-9618&noUDP&sock=8910_0083_4>
...
001 (11479581.000.000) 12/04 10:55:55 Job executing on host: <130.199.151.237:9618?addrs=130.199.151.237-9618&noUDP&sock=22583_557a_3>
...
006 (11479581.000.000) 12/04 10:56:04 Image size of job updated: 15580
	16  -  MemoryUsage of job (MB)
	15580  -  ResidentSetSize of job (KB)
...
006 (11479581.000.000) 12/04 10:57:33 Image size of job updated: 37140
	16  -  MemoryUsage of job (MB)
	15580  -  ResidentSetSize of job (KB)
...
005 (11479581.000.000) 12/04 10:57:33 Job terminated.
	(1) Normal termination (return value 0)
		Usr 0 00:01:13, Sys 0 00:00:04  -  Run Remote Usage
		Usr 0 00:00:00, Sys 0 00:00:00  -  Run Local Usage
		Usr 0 00:01:13, Sys 0 00:00:04  -  Total Remote Usage
		Usr 0 00:00:00, Sys 0 00:00:00  -  Total Local Usage
	0  -  Run Bytes Sent By Job
	0  -  Run Bytes Received By Job
	0  -  Total Bytes Sent By Job
	0  -  Total Bytes Received By Job
	Partitionable Resources :    Usage  Request Allocated
	   Cpus                 :                 1         1
	   Disk (KB)            :       10       10  32976409
	   Memory (MB)          :       16        1      2005
...
