000 (11459894.000.000) 12/03 11:54:20 Job submitted from host: <130.199.153.66:9618?addrs=130.199.153.66-9618&noUDP&sock=8910_0083_4>
...
001 (11459894.000.000) 12/03 11:55:47 Job executing on host: <130.199.202.103:9618?addrs=130.199.202.103-9618&noUDP&sock=377056_9040_3>
...
006 (11459894.000.000) 12/03 11:55:55 Image size of job updated: 37680
	37  -  MemoryUsage of job (MB)
	37680  -  ResidentSetSize of job (KB)
...
005 (11459894.000.000) 12/03 11:57:18 Job terminated.
	(1) Normal termination (return value 0)
		Usr 0 00:01:16, Sys 0 00:00:05  -  Run Remote Usage
		Usr 0 00:00:00, Sys 0 00:00:00  -  Run Local Usage
		Usr 0 00:01:16, Sys 0 00:00:05  -  Total Remote Usage
		Usr 0 00:00:00, Sys 0 00:00:00  -  Total Local Usage
	0  -  Run Bytes Sent By Job
	0  -  Run Bytes Received By Job
	0  -  Total Bytes Sent By Job
	0  -  Total Bytes Received By Job
	Partitionable Resources :    Usage  Request Allocated
	   Cpus                 :                 1         1
	   Disk (KB)            :       10       10  66831998
	   Memory (MB)          :       37        1      2665
...
