000 (11479048.000.000) 12/04 10:53:36 Job submitted from host: <130.199.153.66:9618?addrs=130.199.153.66-9618&noUDP&sock=8910_0083_4>
...
001 (11479048.000.000) 12/04 10:54:29 Job executing on host: <130.199.153.55:9618?addrs=130.199.153.55-9618&noUDP&sock=6837_ec76_3>
...
006 (11479048.000.000) 12/04 10:54:37 Image size of job updated: 17796
	16  -  MemoryUsage of job (MB)
	15744  -  ResidentSetSize of job (KB)
...
006 (11479048.000.000) 12/04 10:59:37 Image size of job updated: 55260
	52  -  MemoryUsage of job (MB)
	52704  -  ResidentSetSize of job (KB)
...
006 (11479048.000.000) 12/04 11:04:38 Image size of job updated: 60584
	57  -  MemoryUsage of job (MB)
	58020  -  ResidentSetSize of job (KB)
...
006 (11479048.000.000) 12/04 11:06:50 Image size of job updated: 60584
	58  -  MemoryUsage of job (MB)
	58540  -  ResidentSetSize of job (KB)
...
005 (11479048.000.000) 12/04 11:06:51 Job terminated.
	(1) Normal termination (return value 0)
		Usr 0 00:10:24, Sys 0 00:00:32  -  Run Remote Usage
		Usr 0 00:00:00, Sys 0 00:00:00  -  Run Local Usage
		Usr 0 00:10:24, Sys 0 00:00:32  -  Total Remote Usage
		Usr 0 00:00:00, Sys 0 00:00:00  -  Total Local Usage
	0  -  Run Bytes Sent By Job
	0  -  Run Bytes Received By Job
	0  -  Total Bytes Sent By Job
	0  -  Total Bytes Received By Job
	Partitionable Resources :    Usage  Request Allocated
	   Cpus                 :                 1         1
	   Disk (KB)            :       10       10 189310879
	   Memory (MB)          :       58        1      2005
...
