000 (11479073.000.000) 12/04 10:53:43 Job submitted from host: <130.199.153.66:9618?addrs=130.199.153.66-9618&noUDP&sock=8910_0083_4>
...
001 (11479073.000.000) 12/04 10:54:34 Job executing on host: <130.199.153.35:9618?addrs=130.199.153.35-9618&noUDP&sock=22198_7c7b_3>
...
006 (11479073.000.000) 12/04 10:54:43 Image size of job updated: 14524
	15  -  MemoryUsage of job (MB)
	14524  -  ResidentSetSize of job (KB)
...
006 (11479073.000.000) 12/04 10:59:44 Image size of job updated: 43828
	43  -  MemoryUsage of job (MB)
	43828  -  ResidentSetSize of job (KB)
...
006 (11479073.000.000) 12/04 11:04:45 Image size of job updated: 49848
	49  -  MemoryUsage of job (MB)
	49848  -  ResidentSetSize of job (KB)
...
005 (11479073.000.000) 12/04 11:05:02 Job terminated.
	(1) Normal termination (return value 0)
		Usr 0 00:08:21, Sys 0 00:00:24  -  Run Remote Usage
		Usr 0 00:00:00, Sys 0 00:00:00  -  Run Local Usage
		Usr 0 00:08:21, Sys 0 00:00:24  -  Total Remote Usage
		Usr 0 00:00:00, Sys 0 00:00:00  -  Total Local Usage
	0  -  Run Bytes Sent By Job
	0  -  Run Bytes Received By Job
	0  -  Total Bytes Sent By Job
	0  -  Total Bytes Received By Job
	Partitionable Resources :    Usage  Request Allocated
	   Cpus                 :                 1         1
	   Disk (KB)            :       10       10  47327938
	   Memory (MB)          :       49        1      2005
...
