000 (11479310.000.000) 12/04 10:54:33 Job submitted from host: <130.199.153.66:9618?addrs=130.199.153.66-9618&noUDP&sock=8910_0083_4>
...
001 (11479310.000.000) 12/04 10:55:22 Job executing on host: <130.199.152.11:9618?addrs=130.199.152.11-9618&noUDP&sock=20698_c154_3>
...
006 (11479310.000.000) 12/04 10:55:31 Image size of job updated: 1148
	2  -  MemoryUsage of job (MB)
	1148  -  ResidentSetSize of job (KB)
...
006 (11479310.000.000) 12/04 10:56:10 Image size of job updated: 1176
	2  -  MemoryUsage of job (MB)
	1148  -  ResidentSetSize of job (KB)
...
005 (11479310.000.000) 12/04 10:56:11 Job terminated.
	(1) Normal termination (return value 0)
		Usr 0 00:00:21, Sys 0 00:00:04  -  Run Remote Usage
		Usr 0 00:00:00, Sys 0 00:00:00  -  Run Local Usage
		Usr 0 00:00:21, Sys 0 00:00:04  -  Total Remote Usage
		Usr 0 00:00:00, Sys 0 00:00:00  -  Total Local Usage
	0  -  Run Bytes Sent By Job
	0  -  Run Bytes Received By Job
	0  -  Total Bytes Sent By Job
	0  -  Total Bytes Received By Job
	Partitionable Resources :    Usage  Request Allocated
	   Cpus                 :                 1         1
	   Disk (KB)            :       10       10  32976437
	   Memory (MB)          :        2        1      2005
...
