000 (11478783.000.000) 12/04 10:52:40 Job submitted from host: <130.199.153.66:9618?addrs=130.199.153.66-9618&noUDP&sock=8910_0083_4>
...
001 (11478783.000.000) 12/04 10:53:35 Job executing on host: <130.199.202.9:9618?addrs=130.199.202.9-9618&noUDP&sock=37429_e7cd_3>
...
006 (11478783.000.000) 12/04 10:53:44 Image size of job updated: 17000
	16  -  MemoryUsage of job (MB)
	15804  -  ResidentSetSize of job (KB)
...
006 (11478783.000.000) 12/04 10:58:45 Image size of job updated: 51144
	49  -  MemoryUsage of job (MB)
	49556  -  ResidentSetSize of job (KB)
...
006 (11478783.000.000) 12/04 11:03:45 Image size of job updated: 53656
	51  -  MemoryUsage of job (MB)
	52032  -  ResidentSetSize of job (KB)
...
005 (11478783.000.000) 12/04 11:07:40 Job terminated.
	(1) Normal termination (return value 0)
		Usr 0 00:11:56, Sys 0 00:00:30  -  Run Remote Usage
		Usr 0 00:00:00, Sys 0 00:00:00  -  Run Local Usage
		Usr 0 00:11:56, Sys 0 00:00:30  -  Total Remote Usage
		Usr 0 00:00:00, Sys 0 00:00:00  -  Total Local Usage
	0  -  Run Bytes Sent By Job
	0  -  Run Bytes Received By Job
	0  -  Total Bytes Sent By Job
	0  -  Total Bytes Received By Job
	Partitionable Resources :    Usage  Request Allocated
	   Cpus                 :                 1         1
	   Disk (KB)            :       10       10  47541158
	   Memory (MB)          :       51        1      2008
...
