000 (11478924.000.000) 12/04 10:53:11 Job submitted from host: <130.199.153.66:9618?addrs=130.199.153.66-9618&noUDP&sock=8910_0083_4>
...
001 (11478924.000.000) 12/04 10:54:04 Job executing on host: <130.199.201.22:9618?addrs=130.199.201.22-9618&noUDP&sock=22482_5e61_3>
...
006 (11478924.000.000) 12/04 10:54:12 Image size of job updated: 17696
	16  -  MemoryUsage of job (MB)
	15768  -  ResidentSetSize of job (KB)
...
006 (11478924.000.000) 12/04 10:59:12 Image size of job updated: 50924
	47  -  MemoryUsage of job (MB)
	48108  -  ResidentSetSize of job (KB)
...
006 (11478924.000.000) 12/04 11:04:12 Image size of job updated: 52008
	49  -  MemoryUsage of job (MB)
	49216  -  ResidentSetSize of job (KB)
...
005 (11478924.000.000) 12/04 11:04:17 Job terminated.
	(1) Normal termination (return value 0)
		Usr 0 00:08:11, Sys 0 00:00:22  -  Run Remote Usage
		Usr 0 00:00:00, Sys 0 00:00:00  -  Run Local Usage
		Usr 0 00:08:11, Sys 0 00:00:22  -  Total Remote Usage
		Usr 0 00:00:00, Sys 0 00:00:00  -  Total Local Usage
	0  -  Run Bytes Sent By Job
	0  -  Run Bytes Received By Job
	0  -  Total Bytes Sent By Job
	0  -  Total Bytes Received By Job
	Partitionable Resources :    Usage  Request Allocated
	   Cpus                 :                 1         1
	   Disk (KB)            :       10       10  47328178
	   Memory (MB)          :       49        1      2005
...
