000 (11479197.000.000) 12/04 10:54:07 Job submitted from host: <130.199.153.66:9618?addrs=130.199.153.66-9618&noUDP&sock=8910_0083_4>
...
001 (11479197.000.000) 12/04 10:54:55 Job executing on host: <130.199.153.34:9618?addrs=130.199.153.34-9618&noUDP&sock=9671_d951_3>
...
006 (11479197.000.000) 12/04 10:55:04 Image size of job updated: 14336
	14  -  MemoryUsage of job (MB)
	14336  -  ResidentSetSize of job (KB)
...
006 (11479197.000.000) 12/04 11:00:05 Image size of job updated: 51036
	50  -  MemoryUsage of job (MB)
	51036  -  ResidentSetSize of job (KB)
...
006 (11479197.000.000) 12/04 11:05:05 Image size of job updated: 54956
	54  -  MemoryUsage of job (MB)
	54956  -  ResidentSetSize of job (KB)
...
005 (11479197.000.000) 12/04 11:06:01 Job terminated.
	(1) Normal termination (return value 0)
		Usr 0 00:08:32, Sys 0 00:00:24  -  Run Remote Usage
		Usr 0 00:00:00, Sys 0 00:00:00  -  Run Local Usage
		Usr 0 00:08:32, Sys 0 00:00:24  -  Total Remote Usage
		Usr 0 00:00:00, Sys 0 00:00:00  -  Total Local Usage
	0  -  Run Bytes Sent By Job
	0  -  Run Bytes Received By Job
	0  -  Total Bytes Sent By Job
	0  -  Total Bytes Received By Job
	Partitionable Resources :    Usage  Request Allocated
	   Cpus                 :                 1         1
	   Disk (KB)            :       10       10  47327987
	   Memory (MB)          :       54        1      2005
...
