000 (11479011.000.000) 12/04 10:53:30 Job submitted from host: <130.199.153.66:9618?addrs=130.199.153.66-9618&noUDP&sock=8910_0083_4>
...
001 (11479011.000.000) 12/04 10:54:22 Job executing on host: <130.199.202.28:9618?addrs=130.199.202.28-9618&noUDP&sock=32330_22e7_3>
...
006 (11479011.000.000) 12/04 10:54:31 Image size of job updated: 15812
	16  -  MemoryUsage of job (MB)
	15812  -  ResidentSetSize of job (KB)
...
006 (11479011.000.000) 12/04 10:55:48 Image size of job updated: 43200
	16  -  MemoryUsage of job (MB)
	15812  -  ResidentSetSize of job (KB)
...
005 (11479011.000.000) 12/04 10:55:48 Job terminated.
	(1) Normal termination (return value 0)
		Usr 0 00:01:03, Sys 0 00:00:03  -  Run Remote Usage
		Usr 0 00:00:00, Sys 0 00:00:00  -  Run Local Usage
		Usr 0 00:01:03, Sys 0 00:00:03  -  Total Remote Usage
		Usr 0 00:00:00, Sys 0 00:00:00  -  Total Local Usage
	0  -  Run Bytes Sent By Job
	0  -  Run Bytes Received By Job
	0  -  Total Bytes Sent By Job
	0  -  Total Bytes Received By Job
	Partitionable Resources :    Usage  Request Allocated
	   Cpus                 :                 1         1
	   Disk (KB)            :       10       10  47541127
	   Memory (MB)          :       16        1      2008
...
