000 (11479167.000.000) 12/04 10:54:02 Job submitted from host: <130.199.153.66:9618?addrs=130.199.153.66-9618&noUDP&sock=8910_0083_4>
...
001 (11479167.000.000) 12/04 10:54:41 Job executing on host: <130.199.202.101:9618?addrs=130.199.202.101-9618&noUDP&sock=83066_709a_3>
...
006 (11479167.000.000) 12/04 10:54:51 Image size of job updated: 14812
	15  -  MemoryUsage of job (MB)
	14812  -  ResidentSetSize of job (KB)
...
006 (11479167.000.000) 12/04 10:59:42 Image size of job updated: 47940
	15  -  MemoryUsage of job (MB)
	14812  -  ResidentSetSize of job (KB)
...
005 (11479167.000.000) 12/04 10:59:42 Job terminated.
	(1) Normal termination (return value 0)
		Usr 0 00:04:04, Sys 0 00:00:14  -  Run Remote Usage
		Usr 0 00:00:00, Sys 0 00:00:00  -  Run Local Usage
		Usr 0 00:04:04, Sys 0 00:00:14  -  Total Remote Usage
		Usr 0 00:00:00, Sys 0 00:00:00  -  Total Local Usage
	0  -  Run Bytes Sent By Job
	0  -  Run Bytes Received By Job
	0  -  Total Bytes Sent By Job
	0  -  Total Bytes Received By Job
	Partitionable Resources :    Usage  Request Allocated
	   Cpus                 :                 1         1
	   Disk (KB)            :       10       10  66831994
	   Memory (MB)          :       15        1      2665
...
