000 (11479075.000.000) 12/04 10:53:43 Job submitted from host: <130.199.153.66:9618?addrs=130.199.153.66-9618&noUDP&sock=8910_0083_4>
...
001 (11479075.000.000) 12/04 10:54:34 Job executing on host: <130.199.153.40:9618?addrs=130.199.153.40-9618&noUDP&sock=17573_bb6d_3>
...
006 (11479075.000.000) 12/04 10:54:43 Image size of job updated: 15732
	16  -  MemoryUsage of job (MB)
	15732  -  ResidentSetSize of job (KB)
...
006 (11479075.000.000) 12/04 10:59:44 Image size of job updated: 50052
	49  -  MemoryUsage of job (MB)
	50052  -  ResidentSetSize of job (KB)
...
005 (11479075.000.000) 12/04 11:04:02 Job terminated.
	(1) Normal termination (return value 0)
		Usr 0 00:07:34, Sys 0 00:00:20  -  Run Remote Usage
		Usr 0 00:00:00, Sys 0 00:00:00  -  Run Local Usage
		Usr 0 00:07:34, Sys 0 00:00:20  -  Total Remote Usage
		Usr 0 00:00:00, Sys 0 00:00:00  -  Total Local Usage
	0  -  Run Bytes Sent By Job
	0  -  Run Bytes Received By Job
	0  -  Total Bytes Sent By Job
	0  -  Total Bytes Received By Job
	Partitionable Resources :    Usage  Request Allocated
	   Cpus                 :                 1         1
	   Disk (KB)            :       10       10  47328195
	   Memory (MB)          :       49        1      2005
...
