000 (11478782.000.000) 12/04 10:52:40 Job submitted from host: <130.199.153.66:9618?addrs=130.199.153.66-9618&noUDP&sock=8910_0083_4>
...
001 (11478782.000.000) 12/04 10:53:37 Job executing on host: <130.199.153.67:9618?addrs=130.199.153.67-9618&noUDP&sock=7357_7f42_3>
...
006 (11478782.000.000) 12/04 10:53:46 Image size of job updated: 12792
	12  -  MemoryUsage of job (MB)
	12040  -  ResidentSetSize of job (KB)
...
006 (11478782.000.000) 12/04 10:58:46 Image size of job updated: 51272
	49  -  MemoryUsage of job (MB)
	50084  -  ResidentSetSize of job (KB)
...
006 (11478782.000.000) 12/04 11:08:47 Image size of job updated: 52748
	51  -  MemoryUsage of job (MB)
	51560  -  ResidentSetSize of job (KB)
...
005 (11478782.000.000) 12/04 11:12:07 Job terminated.
	(1) Normal termination (return value 0)
		Usr 0 00:13:45, Sys 0 00:01:14  -  Run Remote Usage
		Usr 0 00:00:00, Sys 0 00:00:00  -  Run Local Usage
		Usr 0 00:13:45, Sys 0 00:01:14  -  Total Remote Usage
		Usr 0 00:00:00, Sys 0 00:00:00  -  Total Local Usage
	0  -  Run Bytes Sent By Job
	0  -  Run Bytes Received By Job
	0  -  Total Bytes Sent By Job
	0  -  Total Bytes Received By Job
	Partitionable Resources :    Usage  Request Allocated
	   Cpus                 :                 1         1
	   Disk (KB)            :       10       10 189312252
	   Memory (MB)          :       51        1      2005
...
