000 (11478869.000.000) 12/04 10:52:59 Job submitted from host: <130.199.153.66:9618?addrs=130.199.153.66-9618&noUDP&sock=8910_0083_4>
...
001 (11478869.000.000) 12/04 10:54:15 Job executing on host: <130.199.150.209:9618?addrs=130.199.150.209-9618&noUDP&sock=22356_7dc3_3>
...
006 (11478869.000.000) 12/04 10:54:24 Image size of job updated: 15948
	16  -  MemoryUsage of job (MB)
	15928  -  ResidentSetSize of job (KB)
...
006 (11478869.000.000) 12/04 10:59:25 Image size of job updated: 53116
	52  -  MemoryUsage of job (MB)
	52952  -  ResidentSetSize of job (KB)
...
006 (11478869.000.000) 12/04 11:04:25 Image size of job updated: 54828
	54  -  MemoryUsage of job (MB)
	54376  -  ResidentSetSize of job (KB)
...
006 (11478869.000.000) 12/04 11:09:26 Image size of job updated: 56388
	55  -  MemoryUsage of job (MB)
	55920  -  ResidentSetSize of job (KB)
...
005 (11478869.000.000) 12/04 11:09:59 Job terminated.
	(1) Normal termination (return value 0)
		Usr 0 00:13:28, Sys 0 00:00:23  -  Run Remote Usage
		Usr 0 00:00:00, Sys 0 00:00:00  -  Run Local Usage
		Usr 0 00:13:28, Sys 0 00:00:23  -  Total Remote Usage
		Usr 0 00:00:00, Sys 0 00:00:00  -  Total Local Usage
	0  -  Run Bytes Sent By Job
	0  -  Run Bytes Received By Job
	0  -  Total Bytes Sent By Job
	0  -  Total Bytes Received By Job
	Partitionable Resources :    Usage  Request Allocated
	   Cpus                 :                 1         1
	   Disk (KB)            :       10       10  59426065
	   Memory (MB)          :       55        1      2007
...
