000 (11478667.000.000) 12/04 10:51:21 Job submitted from host: <130.199.153.66:9618?addrs=130.199.153.66-9618&noUDP&sock=8910_0083_4>
...
001 (11478667.000.000) 12/04 10:53:14 Job executing on host: <130.199.150.214:9618?addrs=130.199.150.214-9618&noUDP&sock=36139_a303_3>
...
006 (11478667.000.000) 12/04 10:53:23 Image size of job updated: 15836
	15  -  MemoryUsage of job (MB)
	14596  -  ResidentSetSize of job (KB)
...
006 (11478667.000.000) 12/04 10:58:24 Image size of job updated: 53220
	50  -  MemoryUsage of job (MB)
	50528  -  ResidentSetSize of job (KB)
...
006 (11478667.000.000) 12/04 11:03:25 Image size of job updated: 53988
	51  -  MemoryUsage of job (MB)
	51296  -  ResidentSetSize of job (KB)
...
005 (11478667.000.000) 12/04 11:07:47 Job terminated.
	(1) Normal termination (return value 0)
		Usr 0 00:11:42, Sys 0 00:00:28  -  Run Remote Usage
		Usr 0 00:00:00, Sys 0 00:00:00  -  Run Local Usage
		Usr 0 00:11:42, Sys 0 00:00:28  -  Total Remote Usage
		Usr 0 00:00:00, Sys 0 00:00:00  -  Total Local Usage
	0  -  Run Bytes Sent By Job
	0  -  Run Bytes Received By Job
	0  -  Total Bytes Sent By Job
	0  -  Total Bytes Received By Job
	Partitionable Resources :    Usage  Request Allocated
	   Cpus                 :                 1         1
	   Disk (KB)            :       10       10  59428110
	   Memory (MB)          :       51        1      2007
...
