000 (11479396.000.000) 12/04 10:54:52 Job submitted from host: <130.199.153.66:9618?addrs=130.199.153.66-9618&noUDP&sock=8910_0083_4>
...
001 (11479396.000.000) 12/04 10:55:31 Job executing on host: <130.199.201.56:9618?addrs=130.199.201.56-9618&noUDP&sock=9013_99a7_3>
...
006 (11479396.000.000) 12/04 10:55:39 Image size of job updated: 14392
	15  -  MemoryUsage of job (MB)
	14392  -  ResidentSetSize of job (KB)
...
006 (11479396.000.000) 12/04 10:59:48 Image size of job updated: 40052
	15  -  MemoryUsage of job (MB)
	14392  -  ResidentSetSize of job (KB)
...
005 (11479396.000.000) 12/04 10:59:48 Job terminated.
	(1) Normal termination (return value 0)
		Usr 0 00:03:24, Sys 0 00:00:09  -  Run Remote Usage
		Usr 0 00:00:00, Sys 0 00:00:00  -  Run Local Usage
		Usr 0 00:03:24, Sys 0 00:00:09  -  Total Remote Usage
		Usr 0 00:00:00, Sys 0 00:00:00  -  Total Local Usage
	0  -  Run Bytes Sent By Job
	0  -  Run Bytes Received By Job
	0  -  Total Bytes Sent By Job
	0  -  Total Bytes Received By Job
	Partitionable Resources :    Usage  Request Allocated
	   Cpus                 :                 1         1
	   Disk (KB)            :       10       10  47327538
	   Memory (MB)          :       15        1      2005
...
