000 (11478756.000.000) 12/04 10:52:33 Job submitted from host: <130.199.153.66:9618?addrs=130.199.153.66-9618&noUDP&sock=8910_0083_4>
...
001 (11478756.000.000) 12/04 10:53:30 Job executing on host: <130.199.201.10:9618?addrs=130.199.201.10-9618&noUDP&sock=22643_52b9_3>
...
006 (11478756.000.000) 12/04 10:53:39 Image size of job updated: 16996
	16  -  MemoryUsage of job (MB)
	15820  -  ResidentSetSize of job (KB)
...
006 (11478756.000.000) 12/04 10:58:40 Image size of job updated: 57140
	55  -  MemoryUsage of job (MB)
	55560  -  ResidentSetSize of job (KB)
...
005 (11478756.000.000) 12/04 10:59:44 Job terminated.
	(1) Normal termination (return value 0)
		Usr 0 00:04:55, Sys 0 00:00:14  -  Run Remote Usage
		Usr 0 00:00:00, Sys 0 00:00:00  -  Run Local Usage
		Usr 0 00:04:55, Sys 0 00:00:14  -  Total Remote Usage
		Usr 0 00:00:00, Sys 0 00:00:00  -  Total Local Usage
	0  -  Run Bytes Sent By Job
	0  -  Run Bytes Received By Job
	0  -  Total Bytes Sent By Job
	0  -  Total Bytes Received By Job
	Partitionable Resources :    Usage  Request Allocated
	   Cpus                 :                 1         1
	   Disk (KB)            :       10       10  47327936
	   Memory (MB)          :       55        1      2005
...
