000 (11478874.000.000) 12/04 10:52:59 Job submitted from host: <130.199.153.66:9618?addrs=130.199.153.66-9618&noUDP&sock=8910_0083_4>
...
001 (11478874.000.000) 12/04 10:53:53 Job executing on host: <130.199.150.164:9618?addrs=130.199.150.164-9618&noUDP&sock=22493_d99b_3>
...
006 (11478874.000.000) 12/04 10:54:02 Image size of job updated: 15868
	16  -  MemoryUsage of job (MB)
	15868  -  ResidentSetSize of job (KB)
...
005 (11478874.000.000) 12/04 10:59:00 Job terminated.
	(1) Normal termination (return value 0)
		Usr 0 00:04:04, Sys 0 00:00:09  -  Run Remote Usage
		Usr 0 00:00:00, Sys 0 00:00:00  -  Run Local Usage
		Usr 0 00:04:04, Sys 0 00:00:09  -  Total Remote Usage
		Usr 0 00:00:00, Sys 0 00:00:00  -  Total Local Usage
	0  -  Run Bytes Sent By Job
	0  -  Run Bytes Received By Job
	0  -  Total Bytes Sent By Job
	0  -  Total Bytes Received By Job
	Partitionable Resources :    Usage  Request Allocated
	   Cpus                 :                 1         1
	   Disk (KB)            :       10       10  41489316
	   Memory (MB)          :       16        1      2007
...
