000 (11478534.000.000) 12/04 10:50:56 Job submitted from host: <130.199.153.66:9618?addrs=130.199.153.66-9618&noUDP&sock=8910_0083_4>
...
001 (11478534.000.000) 12/04 10:52:45 Job executing on host: <130.199.202.98:9618?addrs=130.199.202.98-9618&noUDP&sock=178572_e217_3>
...
006 (11478534.000.000) 12/04 10:52:54 Image size of job updated: 37520
	37  -  MemoryUsage of job (MB)
	37520  -  ResidentSetSize of job (KB)
...
005 (11478534.000.000) 12/04 10:55:43 Job terminated.
	(1) Normal termination (return value 0)
		Usr 0 00:02:22, Sys 0 00:00:10  -  Run Remote Usage
		Usr 0 00:00:00, Sys 0 00:00:00  -  Run Local Usage
		Usr 0 00:02:22, Sys 0 00:00:10  -  Total Remote Usage
		Usr 0 00:00:00, Sys 0 00:00:00  -  Total Local Usage
	0  -  Run Bytes Sent By Job
	0  -  Run Bytes Received By Job
	0  -  Total Bytes Sent By Job
	0  -  Total Bytes Received By Job
	Partitionable Resources :    Usage  Request Allocated
	   Cpus                 :                 1         1
	   Disk (KB)            :       10       10  65563928
	   Memory (MB)          :       37        1      2297
...
