000 (11479095.000.000) 12/04 10:53:45 Job submitted from host: <130.199.153.66:9618?addrs=130.199.153.66-9618&noUDP&sock=8910_0083_4>
...
001 (11479095.000.000) 12/04 10:54:38 Job executing on host: <130.199.153.36:9618?addrs=130.199.153.36-9618&noUDP&sock=22071_4ad8_3>
...
006 (11479095.000.000) 12/04 10:54:47 Image size of job updated: 14644
	15  -  MemoryUsage of job (MB)
	14644  -  ResidentSetSize of job (KB)
...
006 (11479095.000.000) 12/04 10:59:48 Image size of job updated: 44684
	44  -  MemoryUsage of job (MB)
	44608  -  ResidentSetSize of job (KB)
...
005 (11479095.000.000) 12/04 11:00:53 Job terminated.
	(1) Normal termination (return value 0)
		Usr 0 00:03:44, Sys 0 00:00:12  -  Run Remote Usage
		Usr 0 00:00:00, Sys 0 00:00:00  -  Run Local Usage
		Usr 0 00:03:44, Sys 0 00:00:12  -  Total Remote Usage
		Usr 0 00:00:00, Sys 0 00:00:00  -  Total Local Usage
	0  -  Run Bytes Sent By Job
	0  -  Run Bytes Received By Job
	0  -  Total Bytes Sent By Job
	0  -  Total Bytes Received By Job
	Partitionable Resources :    Usage  Request Allocated
	   Cpus                 :                 1         1
	   Disk (KB)            :       10       10  47328185
	   Memory (MB)          :       44        1      2005
...
