000 (11478903.000.000) 12/04 10:53:05 Job submitted from host: <130.199.153.66:9618?addrs=130.199.153.66-9618&noUDP&sock=8910_0083_4>
...
001 (11478903.000.000) 12/04 10:53:58 Job executing on host: <130.199.150.188:9618?addrs=130.199.150.188-9618&noUDP&sock=21989_5724_3>
...
006 (11478903.000.000) 12/04 10:54:07 Image size of job updated: 15888
	16  -  MemoryUsage of job (MB)
	15888  -  ResidentSetSize of job (KB)
...
006 (11478903.000.000) 12/04 10:59:07 Image size of job updated: 48956
	48  -  MemoryUsage of job (MB)
	48892  -  ResidentSetSize of job (KB)
...
005 (11478903.000.000) 12/04 11:00:34 Job terminated.
	(1) Normal termination (return value 0)
		Usr 0 00:05:25, Sys 0 00:00:13  -  Run Remote Usage
		Usr 0 00:00:00, Sys 0 00:00:00  -  Run Local Usage
		Usr 0 00:05:25, Sys 0 00:00:13  -  Total Remote Usage
		Usr 0 00:00:00, Sys 0 00:00:00  -  Total Local Usage
	0  -  Run Bytes Sent By Job
	0  -  Run Bytes Received By Job
	0  -  Total Bytes Sent By Job
	0  -  Total Bytes Received By Job
	Partitionable Resources :    Usage  Request Allocated
	   Cpus                 :                 1         1
	   Disk (KB)            :       10       10  41489110
	   Memory (MB)          :       48        1      2007
...
