000 (11478987.000.000) 12/04 10:53:25 Job submitted from host: <130.199.153.66:9618?addrs=130.199.153.66-9618&noUDP&sock=8910_0083_4>
...
001 (11478987.000.000) 12/04 10:54:09 Job executing on host: <130.199.150.235:9618?addrs=130.199.150.235-9618&noUDP&sock=21967_60af_3>
...
006 (11478987.000.000) 12/04 10:54:18 Image size of job updated: 15716
	16  -  MemoryUsage of job (MB)
	15716  -  ResidentSetSize of job (KB)
...
006 (11478987.000.000) 12/04 10:59:11 Image size of job updated: 41660
	16  -  MemoryUsage of job (MB)
	15716  -  ResidentSetSize of job (KB)
...
005 (11478987.000.000) 12/04 10:59:11 Job terminated.
	(1) Normal termination (return value 0)
		Usr 0 00:04:00, Sys 0 00:00:09  -  Run Remote Usage
		Usr 0 00:00:00, Sys 0 00:00:00  -  Run Local Usage
		Usr 0 00:04:00, Sys 0 00:00:09  -  Total Remote Usage
		Usr 0 00:00:00, Sys 0 00:00:00  -  Total Local Usage
	0  -  Run Bytes Sent By Job
	0  -  Run Bytes Received By Job
	0  -  Total Bytes Sent By Job
	0  -  Total Bytes Received By Job
	Partitionable Resources :    Usage  Request Allocated
	   Cpus                 :                 1         1
	   Disk (KB)            :       10       10  59426283
	   Memory (MB)          :       16        1      2007
...
