000 (11478852.000.000) 12/04 10:52:53 Job submitted from host: <130.199.153.66:9618?addrs=130.199.153.66-9618&noUDP&sock=8910_0083_4>
...
001 (11478852.000.000) 12/04 10:53:49 Job executing on host: <130.199.150.198:9618?addrs=130.199.150.198-9618&noUDP&sock=8674_4f9c_3>
...
006 (11478852.000.000) 12/04 10:53:58 Image size of job updated: 15740
	16  -  MemoryUsage of job (MB)
	15740  -  ResidentSetSize of job (KB)
...
006 (11478852.000.000) 12/04 10:58:59 Image size of job updated: 52144
	51  -  MemoryUsage of job (MB)
	52144  -  ResidentSetSize of job (KB)
...
006 (11478852.000.000) 12/04 11:04:00 Image size of job updated: 54140
	53  -  MemoryUsage of job (MB)
	54140  -  ResidentSetSize of job (KB)
...
005 (11478852.000.000) 12/04 11:05:41 Job terminated.
	(1) Normal termination (return value 0)
		Usr 0 00:09:39, Sys 0 00:00:26  -  Run Remote Usage
		Usr 0 00:00:00, Sys 0 00:00:00  -  Run Local Usage
		Usr 0 00:09:39, Sys 0 00:00:26  -  Total Remote Usage
		Usr 0 00:00:00, Sys 0 00:00:00  -  Total Local Usage
	0  -  Run Bytes Sent By Job
	0  -  Run Bytes Received By Job
	0  -  Total Bytes Sent By Job
	0  -  Total Bytes Received By Job
	Partitionable Resources :    Usage  Request Allocated
	   Cpus                 :                 1         1
	   Disk (KB)            :       10       10  41489084
	   Memory (MB)          :       53        1      2007
...
