000 (11479271.000.000) 12/04 10:54:26 Job submitted from host: <130.199.153.66:9618?addrs=130.199.153.66-9618&noUDP&sock=8910_0083_4>
...
001 (11479271.000.000) 12/04 10:55:10 Job executing on host: <130.199.202.25:9618?addrs=130.199.202.25-9618&noUDP&sock=13097_2278_3>
...
006 (11479271.000.000) 12/04 10:55:18 Image size of job updated: 15692
	15  -  MemoryUsage of job (MB)
	14488  -  ResidentSetSize of job (KB)
...
005 (11479271.000.000) 12/04 10:55:59 Job terminated.
	(1) Normal termination (return value 0)
		Usr 0 00:00:37, Sys 0 00:00:03  -  Run Remote Usage
		Usr 0 00:00:00, Sys 0 00:00:00  -  Run Local Usage
		Usr 0 00:00:37, Sys 0 00:00:03  -  Total Remote Usage
		Usr 0 00:00:00, Sys 0 00:00:00  -  Total Local Usage
	0  -  Run Bytes Sent By Job
	0  -  Run Bytes Received By Job
	0  -  Total Bytes Sent By Job
	0  -  Total Bytes Received By Job
	Partitionable Resources :    Usage  Request Allocated
	   Cpus                 :                 1         1
	   Disk (KB)            :       10       10  47541239
	   Memory (MB)          :       15        1      2008
...
