000 (11478759.000.000) 12/04 10:52:33 Job submitted from host: <130.199.153.66:9618?addrs=130.199.153.66-9618&noUDP&sock=8910_0083_4>
...
001 (11478759.000.000) 12/04 10:53:33 Job executing on host: <130.199.152.12:9618?addrs=130.199.152.12-9618&noUDP&sock=23132_15e1_3>
...
006 (11478759.000.000) 12/04 10:53:42 Image size of job updated: 31660
	13  -  MemoryUsage of job (MB)
	12520  -  ResidentSetSize of job (KB)
...
006 (11478759.000.000) 12/04 10:58:43 Image size of job updated: 71556
	48  -  MemoryUsage of job (MB)
	48504  -  ResidentSetSize of job (KB)
...
005 (11478759.000.000) 12/04 11:02:47 Job terminated.
	(1) Normal termination (return value 0)
		Usr 0 00:06:41, Sys 0 00:00:22  -  Run Remote Usage
		Usr 0 00:00:00, Sys 0 00:00:00  -  Run Local Usage
		Usr 0 00:06:41, Sys 0 00:00:22  -  Total Remote Usage
		Usr 0 00:00:00, Sys 0 00:00:00  -  Total Local Usage
	0  -  Run Bytes Sent By Job
	0  -  Run Bytes Received By Job
	0  -  Total Bytes Sent By Job
	0  -  Total Bytes Received By Job
	Partitionable Resources :    Usage  Request Allocated
	   Cpus                 :                 1         1
	   Disk (KB)            :       10       10  32976455
	   Memory (MB)          :       48        1      2005
...
