000 (11479096.000.000) 12/04 10:53:45 Job submitted from host: <130.199.153.66:9618?addrs=130.199.153.66-9618&noUDP&sock=8910_0083_4>
...
001 (11479096.000.000) 12/04 10:54:39 Job executing on host: <130.199.201.46:9618?addrs=130.199.201.46-9618&noUDP&sock=22727_e877_3>
...
006 (11479096.000.000) 12/04 10:54:47 Image size of job updated: 14636
	15  -  MemoryUsage of job (MB)
	14636  -  ResidentSetSize of job (KB)
...
006 (11479096.000.000) 12/04 10:59:47 Image size of job updated: 48520
	48  -  MemoryUsage of job (MB)
	48512  -  ResidentSetSize of job (KB)
...
006 (11479096.000.000) 12/04 11:04:47 Image size of job updated: 55468
	55  -  MemoryUsage of job (MB)
	55376  -  ResidentSetSize of job (KB)
...
005 (11479096.000.000) 12/04 11:07:15 Job terminated.
	(1) Normal termination (return value 0)
		Usr 0 00:10:11, Sys 0 00:00:19  -  Run Remote Usage
		Usr 0 00:00:00, Sys 0 00:00:00  -  Run Local Usage
		Usr 0 00:10:11, Sys 0 00:00:19  -  Total Remote Usage
		Usr 0 00:00:00, Sys 0 00:00:00  -  Total Local Usage
	0  -  Run Bytes Sent By Job
	0  -  Run Bytes Received By Job
	0  -  Total Bytes Sent By Job
	0  -  Total Bytes Received By Job
	Partitionable Resources :    Usage  Request Allocated
	   Cpus                 :                 1         1
	   Disk (KB)            :       10       10  47328005
	   Memory (MB)          :       55        1      2005
...
