000 (11479154.000.000) 12/04 10:54:00 Job submitted from host: <130.199.153.66:9618?addrs=130.199.153.66-9618&noUDP&sock=8910_0083_4>
...
001 (11479154.000.000) 12/04 10:54:48 Job executing on host: <130.199.202.89:9618?addrs=130.199.202.89-9618&noUDP&sock=70844_54c5_3>
...
006 (11479154.000.000) 12/04 10:54:57 Image size of job updated: 14624
	15  -  MemoryUsage of job (MB)
	14624  -  ResidentSetSize of job (KB)
...
006 (11479154.000.000) 12/04 10:59:58 Image size of job updated: 52036
	51  -  MemoryUsage of job (MB)
	52036  -  ResidentSetSize of job (KB)
...
005 (11479154.000.000) 12/04 11:01:10 Job terminated.
	(1) Normal termination (return value 0)
		Usr 0 00:04:59, Sys 0 00:00:18  -  Run Remote Usage
		Usr 0 00:00:00, Sys 0 00:00:00  -  Run Local Usage
		Usr 0 00:04:59, Sys 0 00:00:18  -  Total Remote Usage
		Usr 0 00:00:00, Sys 0 00:00:00  -  Total Local Usage
	0  -  Run Bytes Sent By Job
	0  -  Run Bytes Received By Job
	0  -  Total Bytes Sent By Job
	0  -  Total Bytes Received By Job
	Partitionable Resources :    Usage  Request Allocated
	   Cpus                 :                 1         1
	   Disk (KB)            :       10       10  65563893
	   Memory (MB)          :       51        1      2297
...
