000 (11479066.000.000) 12/04 10:53:40 Job submitted from host: <130.199.153.66:9618?addrs=130.199.153.66-9618&noUDP&sock=8910_0083_4>
...
001 (11479066.000.000) 12/04 10:54:32 Job executing on host: <130.199.153.43:9618?addrs=130.199.153.43-9618&noUDP&sock=21825_6fbc_3>
...
006 (11479066.000.000) 12/04 10:54:41 Image size of job updated: 15696
	16  -  MemoryUsage of job (MB)
	15696  -  ResidentSetSize of job (KB)
...
006 (11479066.000.000) 12/04 10:59:42 Image size of job updated: 52328
	52  -  MemoryUsage of job (MB)
	52328  -  ResidentSetSize of job (KB)
...
005 (11479066.000.000) 12/04 11:04:43 Job terminated.
	(1) Normal termination (return value 0)
		Usr 0 00:07:56, Sys 0 00:00:21  -  Run Remote Usage
		Usr 0 00:00:00, Sys 0 00:00:00  -  Run Local Usage
		Usr 0 00:07:56, Sys 0 00:00:21  -  Total Remote Usage
		Usr 0 00:00:00, Sys 0 00:00:00  -  Total Local Usage
	0  -  Run Bytes Sent By Job
	0  -  Run Bytes Received By Job
	0  -  Total Bytes Sent By Job
	0  -  Total Bytes Received By Job
	Partitionable Resources :    Usage  Request Allocated
	   Cpus                 :                 1         1
	   Disk (KB)            :       10       10  47328112
	   Memory (MB)          :       52        1      2005
...
