000 (11478816.000.000) 12/04 10:52:46 Job submitted from host: <130.199.153.66:9618?addrs=130.199.153.66-9618&noUDP&sock=8910_0083_4>
...
001 (11478816.000.000) 12/04 10:53:54 Job executing on host: <130.199.202.85:9618?addrs=130.199.202.85-9618&noUDP&sock=154183_1293_3>
...
006 (11478816.000.000) 12/04 10:54:03 Image size of job updated: 15876
	16  -  MemoryUsage of job (MB)
	15876  -  ResidentSetSize of job (KB)
...
006 (11478816.000.000) 12/04 10:59:05 Image size of job updated: 45932
	45  -  MemoryUsage of job (MB)
	45932  -  ResidentSetSize of job (KB)
...
006 (11478816.000.000) 12/04 11:04:04 Image size of job updated: 52340
	52  -  MemoryUsage of job (MB)
	52336  -  ResidentSetSize of job (KB)
...
006 (11478816.000.000) 12/04 11:09:05 Image size of job updated: 54924
	54  -  MemoryUsage of job (MB)
	54920  -  ResidentSetSize of job (KB)
...
006 (11478816.000.000) 12/04 11:14:06 Image size of job updated: 61584
	61  -  MemoryUsage of job (MB)
	61564  -  ResidentSetSize of job (KB)
...
005 (11478816.000.000) 12/04 11:15:44 Job terminated.
	(1) Normal termination (return value 0)
		Usr 0 00:19:00, Sys 0 00:00:59  -  Run Remote Usage
		Usr 0 00:00:00, Sys 0 00:00:00  -  Run Local Usage
		Usr 0 00:19:00, Sys 0 00:00:59  -  Total Remote Usage
		Usr 0 00:00:00, Sys 0 00:00:00  -  Total Local Usage
	0  -  Run Bytes Sent By Job
	0  -  Run Bytes Received By Job
	0  -  Total Bytes Sent By Job
	0  -  Total Bytes Received By Job
	Partitionable Resources :    Usage  Request Allocated
	   Cpus                 :                 1         1
	   Disk (KB)            :       10       10  65563889
	   Memory (MB)          :       61        1      2297
...
