000 (11479363.000.000) 12/04 10:54:44 Job submitted from host: <130.199.153.66:9618?addrs=130.199.153.66-9618&noUDP&sock=8910_0083_4>
...
001 (11479363.000.000) 12/04 10:55:23 Job executing on host: <130.199.202.7:9618?addrs=130.199.202.7-9618&noUDP&sock=35914_6d56_3>
...
006 (11479363.000.000) 12/04 10:55:32 Image size of job updated: 14468
	15  -  MemoryUsage of job (MB)
	14468  -  ResidentSetSize of job (KB)
...
006 (11479363.000.000) 12/04 10:58:22 Image size of job updated: 37632
	15  -  MemoryUsage of job (MB)
	14468  -  ResidentSetSize of job (KB)
...
005 (11479363.000.000) 12/04 10:58:22 Job terminated.
	(1) Normal termination (return value 0)
		Usr 0 00:02:25, Sys 0 00:00:07  -  Run Remote Usage
		Usr 0 00:00:00, Sys 0 00:00:00  -  Run Local Usage
		Usr 0 00:02:25, Sys 0 00:00:07  -  Total Remote Usage
		Usr 0 00:00:00, Sys 0 00:00:00  -  Total Local Usage
	0  -  Run Bytes Sent By Job
	0  -  Run Bytes Received By Job
	0  -  Total Bytes Sent By Job
	0  -  Total Bytes Received By Job
	Partitionable Resources :    Usage  Request Allocated
	   Cpus                 :                 1         1
	   Disk (KB)            :       10       10  47541219
	   Memory (MB)          :       15        1      2008
...
