000 (11478598.000.000) 12/04 10:51:08 Job submitted from host: <130.199.153.66:9618?addrs=130.199.153.66-9618&noUDP&sock=8910_0083_4>
...
001 (11478598.000.000) 12/04 10:52:58 Job executing on host: <130.199.150.236:9618?addrs=130.199.150.236-9618&noUDP&sock=22019_d5c3_3>
...
006 (11478598.000.000) 12/04 10:53:07 Image size of job updated: 14728
	15  -  MemoryUsage of job (MB)
	14724  -  ResidentSetSize of job (KB)
...
006 (11478598.000.000) 12/04 10:58:08 Image size of job updated: 45872
	45  -  MemoryUsage of job (MB)
	45820  -  ResidentSetSize of job (KB)
...
005 (11478598.000.000) 12/04 10:58:58 Job terminated.
	(1) Normal termination (return value 0)
		Usr 0 00:04:35, Sys 0 00:00:12  -  Run Remote Usage
		Usr 0 00:00:00, Sys 0 00:00:00  -  Run Local Usage
		Usr 0 00:04:35, Sys 0 00:00:12  -  Total Remote Usage
		Usr 0 00:00:00, Sys 0 00:00:00  -  Total Local Usage
	0  -  Run Bytes Sent By Job
	0  -  Run Bytes Received By Job
	0  -  Total Bytes Sent By Job
	0  -  Total Bytes Received By Job
	Partitionable Resources :    Usage  Request Allocated
	   Cpus                 :                 1         1
	   Disk (KB)            :       10       10  59426138
	   Memory (MB)          :       45        1      2007
...
