000 (11478631.000.000) 12/04 10:51:14 Job submitted from host: <130.199.153.66:9618?addrs=130.199.153.66-9618&noUDP&sock=8910_0083_4>
...
001 (11478631.000.000) 12/04 10:53:05 Job executing on host: <130.199.202.35:9618?addrs=130.199.202.35-9618&noUDP&sock=48291_9763_3>
...
006 (11478631.000.000) 12/04 10:53:14 Image size of job updated: 29056
	29  -  MemoryUsage of job (MB)
	29056  -  ResidentSetSize of job (KB)
...
006 (11478631.000.000) 12/04 10:56:37 Image size of job updated: 43940
	29  -  MemoryUsage of job (MB)
	29056  -  ResidentSetSize of job (KB)
...
005 (11478631.000.000) 12/04 10:56:37 Job terminated.
	(1) Normal termination (return value 0)
		Usr 0 00:02:58, Sys 0 00:00:08  -  Run Remote Usage
		Usr 0 00:00:00, Sys 0 00:00:00  -  Run Local Usage
		Usr 0 00:02:58, Sys 0 00:00:08  -  Total Remote Usage
		Usr 0 00:00:00, Sys 0 00:00:00  -  Total Local Usage
	0  -  Run Bytes Sent By Job
	0  -  Run Bytes Received By Job
	0  -  Total Bytes Sent By Job
	0  -  Total Bytes Received By Job
	Partitionable Resources :    Usage  Request Allocated
	   Cpus                 :                 1         1
	   Disk (KB)            :       10       10  65479039
	   Memory (MB)          :       29        1      2008
...
