000 (11478902.000.000) 12/04 10:53:05 Job submitted from host: <130.199.153.66:9618?addrs=130.199.153.66-9618&noUDP&sock=8910_0083_4>
...
001 (11478902.000.000) 12/04 10:53:58 Job executing on host: <130.199.150.179:9618?addrs=130.199.150.179-9618&noUDP&sock=22520_652b_3>
...
006 (11478902.000.000) 12/04 10:54:06 Image size of job updated: 15844
	16  -  MemoryUsage of job (MB)
	15844  -  ResidentSetSize of job (KB)
...
006 (11478902.000.000) 12/04 10:59:07 Image size of job updated: 50656
	50  -  MemoryUsage of job (MB)
	50492  -  ResidentSetSize of job (KB)
...
005 (11478902.000.000) 12/04 11:01:28 Job terminated.
	(1) Normal termination (return value 0)
		Usr 0 00:05:56, Sys 0 00:00:15  -  Run Remote Usage
		Usr 0 00:00:00, Sys 0 00:00:00  -  Run Local Usage
		Usr 0 00:05:56, Sys 0 00:00:15  -  Total Remote Usage
		Usr 0 00:00:00, Sys 0 00:00:00  -  Total Local Usage
	0  -  Run Bytes Sent By Job
	0  -  Run Bytes Received By Job
	0  -  Total Bytes Sent By Job
	0  -  Total Bytes Received By Job
	Partitionable Resources :    Usage  Request Allocated
	   Cpus                 :                 1         1
	   Disk (KB)            :       10       10  41489292
	   Memory (MB)          :       50        1      2007
...
