000 (11478932.000.000) 12/04 10:53:11 Job submitted from host: <130.199.153.66:9618?addrs=130.199.153.66-9618&noUDP&sock=8910_0083_4>
...
001 (11478932.000.000) 12/04 10:54:05 Job executing on host: <130.199.201.35:9618?addrs=130.199.201.35-9618&noUDP&sock=10481_3424_3>
...
006 (11478932.000.000) 12/04 10:54:14 Image size of job updated: 16980
	16  -  MemoryUsage of job (MB)
	15740  -  ResidentSetSize of job (KB)
...
005 (11478932.000.000) 12/04 10:55:25 Job terminated.
	(1) Normal termination (return value 0)
		Usr 0 00:00:59, Sys 0 00:00:04  -  Run Remote Usage
		Usr 0 00:00:00, Sys 0 00:00:00  -  Run Local Usage
		Usr 0 00:00:59, Sys 0 00:00:04  -  Total Remote Usage
		Usr 0 00:00:00, Sys 0 00:00:00  -  Total Local Usage
	0  -  Run Bytes Sent By Job
	0  -  Run Bytes Received By Job
	0  -  Total Bytes Sent By Job
	0  -  Total Bytes Received By Job
	Partitionable Resources :    Usage  Request Allocated
	   Cpus                 :                 1         1
	   Disk (KB)            :       10       10  47327871
	   Memory (MB)          :       16        1      2005
...
