000 (11479205.000.000) 12/04 10:54:13 Job submitted from host: <130.199.153.66:9618?addrs=130.199.153.66-9618&noUDP&sock=8910_0083_4>
...
001 (11479205.000.000) 12/04 10:54:56 Job executing on host: <130.199.201.56:9618?addrs=130.199.201.56-9618&noUDP&sock=9013_99a7_3>
...
006 (11479205.000.000) 12/04 10:55:05 Image size of job updated: 14648
	15  -  MemoryUsage of job (MB)
	14648  -  ResidentSetSize of job (KB)
...
006 (11479205.000.000) 12/04 11:00:06 Image size of job updated: 44552
	44  -  MemoryUsage of job (MB)
	44552  -  ResidentSetSize of job (KB)
...
005 (11479205.000.000) 12/04 11:00:41 Job terminated.
	(1) Normal termination (return value 0)
		Usr 0 00:04:35, Sys 0 00:00:10  -  Run Remote Usage
		Usr 0 00:00:00, Sys 0 00:00:00  -  Run Local Usage
		Usr 0 00:04:35, Sys 0 00:00:10  -  Total Remote Usage
		Usr 0 00:00:00, Sys 0 00:00:00  -  Total Local Usage
	0  -  Run Bytes Sent By Job
	0  -  Run Bytes Received By Job
	0  -  Total Bytes Sent By Job
	0  -  Total Bytes Received By Job
	Partitionable Resources :    Usage  Request Allocated
	   Cpus                 :                 1         1
	   Disk (KB)            :       10       10  47327538
	   Memory (MB)          :       44        1      2005
...
