000 (11478873.000.000) 12/04 10:52:59 Job submitted from host: <130.199.153.66:9618?addrs=130.199.153.66-9618&noUDP&sock=8910_0083_4>
...
001 (11478873.000.000) 12/04 10:53:52 Job executing on host: <130.199.150.201:9618?addrs=130.199.150.201-9618&noUDP&sock=22012_9e9e_3>
...
006 (11478873.000.000) 12/04 10:54:01 Image size of job updated: 15964
	16  -  MemoryUsage of job (MB)
	15964  -  ResidentSetSize of job (KB)
...
005 (11478873.000.000) 12/04 10:58:24 Job terminated.
	(1) Normal termination (return value 0)
		Usr 0 00:03:42, Sys 0 00:00:12  -  Run Remote Usage
		Usr 0 00:00:00, Sys 0 00:00:00  -  Run Local Usage
		Usr 0 00:03:42, Sys 0 00:00:12  -  Total Remote Usage
		Usr 0 00:00:00, Sys 0 00:00:00  -  Total Local Usage
	0  -  Run Bytes Sent By Job
	0  -  Run Bytes Received By Job
	0  -  Total Bytes Sent By Job
	0  -  Total Bytes Received By Job
	Partitionable Resources :    Usage  Request Allocated
	   Cpus                 :                 1         1
	   Disk (KB)            :       10       10  41489326
	   Memory (MB)          :       16        1      2007
...
