000 (11478661.000.000) 12/04 10:51:20 Job submitted from host: <130.199.153.66:9618?addrs=130.199.153.66-9618&noUDP&sock=8910_0083_4>
...
001 (11478661.000.000) 12/04 10:53:13 Job executing on host: <130.199.150.210:9618?addrs=130.199.150.210-9618&noUDP&sock=21968_b1b4_3>
...
006 (11478661.000.000) 12/04 10:53:21 Image size of job updated: 15784
	16  -  MemoryUsage of job (MB)
	15784  -  ResidentSetSize of job (KB)
...
006 (11478661.000.000) 12/04 10:58:21 Image size of job updated: 55212
	54  -  MemoryUsage of job (MB)
	55212  -  ResidentSetSize of job (KB)
...
006 (11478661.000.000) 12/04 11:03:21 Image size of job updated: 55588
	55  -  MemoryUsage of job (MB)
	55588  -  ResidentSetSize of job (KB)
...
005 (11478661.000.000) 12/04 11:03:46 Job terminated.
	(1) Normal termination (return value 0)
		Usr 0 00:08:47, Sys 0 00:00:17  -  Run Remote Usage
		Usr 0 00:00:00, Sys 0 00:00:00  -  Run Local Usage
		Usr 0 00:08:47, Sys 0 00:00:17  -  Total Remote Usage
		Usr 0 00:00:00, Sys 0 00:00:00  -  Total Local Usage
	0  -  Run Bytes Sent By Job
	0  -  Run Bytes Received By Job
	0  -  Total Bytes Sent By Job
	0  -  Total Bytes Received By Job
	Partitionable Resources :    Usage  Request Allocated
	   Cpus                 :                 1         1
	   Disk (KB)            :       10       10  59426175
	   Memory (MB)          :       55        1      2007
...
