000 (11478853.000.000) 12/04 10:52:53 Job submitted from host: <130.199.153.66:9618?addrs=130.199.153.66-9618&noUDP&sock=8910_0083_4>
...
001 (11478853.000.000) 12/04 10:53:49 Job executing on host: <130.199.150.150:9618?addrs=130.199.150.150-9618&noUDP&sock=21968_b1b4_3>
...
006 (11478853.000.000) 12/04 10:53:58 Image size of job updated: 16908
	16  -  MemoryUsage of job (MB)
	15724  -  ResidentSetSize of job (KB)
...
006 (11478853.000.000) 12/04 10:58:59 Image size of job updated: 55760
	53  -  MemoryUsage of job (MB)
	54172  -  ResidentSetSize of job (KB)
...
005 (11478853.000.000) 12/04 11:04:26 Job terminated.
	(1) Normal termination (return value 0)
		Usr 0 00:08:41, Sys 0 00:00:17  -  Run Remote Usage
		Usr 0 00:00:00, Sys 0 00:00:00  -  Run Local Usage
		Usr 0 00:08:41, Sys 0 00:00:17  -  Total Remote Usage
		Usr 0 00:00:00, Sys 0 00:00:00  -  Total Local Usage
	0  -  Run Bytes Sent By Job
	0  -  Run Bytes Received By Job
	0  -  Total Bytes Sent By Job
	0  -  Total Bytes Received By Job
	Partitionable Resources :    Usage  Request Allocated
	   Cpus                 :                 1         1
	   Disk (KB)            :       10       10  41489364
	   Memory (MB)          :       53        1      2007
...
