000 (11479422.000.000) 12/04 10:54:57 Job submitted from host: <130.199.153.66:9618?addrs=130.199.153.66-9618&noUDP&sock=8910_0083_4>
...
001 (11479422.000.000) 12/04 10:55:36 Job executing on host: <130.199.152.27:9618?addrs=130.199.152.27-9618&noUDP&sock=22588_ea94_3>
...
006 (11479422.000.000) 12/04 10:55:44 Image size of job updated: 15656
	16  -  MemoryUsage of job (MB)
	15656  -  ResidentSetSize of job (KB)
...
006 (11479422.000.000) 12/04 10:58:53 Image size of job updated: 38488
	16  -  MemoryUsage of job (MB)
	15656  -  ResidentSetSize of job (KB)
...
005 (11479422.000.000) 12/04 10:58:53 Job terminated.
	(1) Normal termination (return value 0)
		Usr 0 00:02:33, Sys 0 00:00:08  -  Run Remote Usage
		Usr 0 00:00:00, Sys 0 00:00:00  -  Run Local Usage
		Usr 0 00:02:33, Sys 0 00:00:08  -  Total Remote Usage
		Usr 0 00:00:00, Sys 0 00:00:00  -  Total Local Usage
	0  -  Run Bytes Sent By Job
	0  -  Run Bytes Received By Job
	0  -  Total Bytes Sent By Job
	0  -  Total Bytes Received By Job
	Partitionable Resources :    Usage  Request Allocated
	   Cpus                 :                 1         1
	   Disk (KB)            :       10       10  32976582
	   Memory (MB)          :       16        1      2005
...
