000 (11479094.000.000) 12/04 10:53:45 Job submitted from host: <130.199.153.66:9618?addrs=130.199.153.66-9618&noUDP&sock=8910_0083_4>
...
001 (11479094.000.000) 12/04 10:54:39 Job executing on host: <130.199.153.47:9618?addrs=130.199.153.47-9618&noUDP&sock=21969_02b9_3>
...
006 (11479094.000.000) 12/04 10:54:47 Image size of job updated: 15772
	16  -  MemoryUsage of job (MB)
	15772  -  ResidentSetSize of job (KB)
...
006 (11479094.000.000) 12/04 10:59:47 Image size of job updated: 54208
	53  -  MemoryUsage of job (MB)
	54192  -  ResidentSetSize of job (KB)
...
006 (11479094.000.000) 12/04 11:04:47 Image size of job updated: 54844
	54  -  MemoryUsage of job (MB)
	54736  -  ResidentSetSize of job (KB)
...
005 (11479094.000.000) 12/04 11:07:44 Job terminated.
	(1) Normal termination (return value 0)
		Usr 0 00:10:52, Sys 0 00:00:27  -  Run Remote Usage
		Usr 0 00:00:00, Sys 0 00:00:00  -  Run Local Usage
		Usr 0 00:10:52, Sys 0 00:00:27  -  Total Remote Usage
		Usr 0 00:00:00, Sys 0 00:00:00  -  Total Local Usage
	0  -  Run Bytes Sent By Job
	0  -  Run Bytes Received By Job
	0  -  Total Bytes Sent By Job
	0  -  Total Bytes Received By Job
	Partitionable Resources :    Usage  Request Allocated
	   Cpus                 :                 1         1
	   Disk (KB)            :       10       10  47328219
	   Memory (MB)          :       54        1      2005
...
