000 (11479478.000.000) 12/04 10:55:08 Job submitted from host: <130.199.153.66:9618?addrs=130.199.153.66-9618&noUDP&sock=8910_0083_4>
...
001 (11479478.000.000) 12/04 10:55:45 Job executing on host: <130.199.152.20:9618?addrs=130.199.152.20-9618&noUDP&sock=10335_ff1b_3>
...
006 (11479478.000.000) 12/04 10:55:54 Image size of job updated: 15608
	16  -  MemoryUsage of job (MB)
	15608  -  ResidentSetSize of job (KB)
...
006 (11479478.000.000) 12/04 10:58:26 Image size of job updated: 38788
	16  -  MemoryUsage of job (MB)
	15608  -  ResidentSetSize of job (KB)
...
005 (11479478.000.000) 12/04 10:58:27 Job terminated.
	(1) Normal termination (return value 0)
		Usr 0 00:02:06, Sys 0 00:00:06  -  Run Remote Usage
		Usr 0 00:00:00, Sys 0 00:00:00  -  Run Local Usage
		Usr 0 00:02:06, Sys 0 00:00:06  -  Total Remote Usage
		Usr 0 00:00:00, Sys 0 00:00:00  -  Total Local Usage
	0  -  Run Bytes Sent By Job
	0  -  Run Bytes Received By Job
	0  -  Total Bytes Sent By Job
	0  -  Total Bytes Received By Job
	Partitionable Resources :    Usage  Request Allocated
	   Cpus                 :                 1         1
	   Disk (KB)            :       10       10  32976533
	   Memory (MB)          :       16        1      2005
...
