000 (11478988.000.000) 12/04 10:53:25 Job submitted from host: <130.199.153.66:9618?addrs=130.199.153.66-9618&noUDP&sock=8910_0083_4>
...
001 (11478988.000.000) 12/04 10:54:10 Job executing on host: <130.199.202.114:9618?addrs=130.199.202.114-9618&noUDP&sock=225847_d2e9_3>
...
006 (11478988.000.000) 12/04 10:54:18 Image size of job updated: 14512
	15  -  MemoryUsage of job (MB)
	14512  -  ResidentSetSize of job (KB)
...
006 (11478988.000.000) 12/04 10:58:37 Image size of job updated: 42028
	15  -  MemoryUsage of job (MB)
	14512  -  ResidentSetSize of job (KB)
...
005 (11478988.000.000) 12/04 10:58:37 Job terminated.
	(1) Normal termination (return value 0)
		Usr 0 00:03:38, Sys 0 00:00:13  -  Run Remote Usage
		Usr 0 00:00:00, Sys 0 00:00:00  -  Run Local Usage
		Usr 0 00:03:38, Sys 0 00:00:13  -  Total Remote Usage
		Usr 0 00:00:00, Sys 0 00:00:00  -  Total Local Usage
	0  -  Run Bytes Sent By Job
	0  -  Run Bytes Received By Job
	0  -  Total Bytes Sent By Job
	0  -  Total Bytes Received By Job
	Partitionable Resources :    Usage  Request Allocated
	   Cpus                 :                 1         1
	   Disk (KB)            :       10       10  66832019
	   Memory (MB)          :       15        1      2665
...
