000 (11478533.000.000) 12/04 10:50:56 Job submitted from host: <130.199.153.66:9618?addrs=130.199.153.66-9618&noUDP&sock=8910_0083_4>
...
001 (11478533.000.000) 12/04 10:52:44 Job executing on host: <130.199.202.85:9618?addrs=130.199.202.85-9618&noUDP&sock=154183_1293_3>
...
006 (11478533.000.000) 12/04 10:52:54 Image size of job updated: 41824
	41  -  MemoryUsage of job (MB)
	41808  -  ResidentSetSize of job (KB)
...
006 (11478533.000.000) 12/04 10:56:27 Image size of job updated: 46564
	41  -  MemoryUsage of job (MB)
	41808  -  ResidentSetSize of job (KB)
...
005 (11478533.000.000) 12/04 10:56:28 Job terminated.
	(1) Normal termination (return value 0)
		Usr 0 00:02:58, Sys 0 00:00:09  -  Run Remote Usage
		Usr 0 00:00:00, Sys 0 00:00:00  -  Run Local Usage
		Usr 0 00:02:58, Sys 0 00:00:09  -  Total Remote Usage
		Usr 0 00:00:00, Sys 0 00:00:00  -  Total Local Usage
	0  -  Run Bytes Sent By Job
	0  -  Run Bytes Received By Job
	0  -  Total Bytes Sent By Job
	0  -  Total Bytes Received By Job
	Partitionable Resources :    Usage  Request Allocated
	   Cpus                 :                 1         1
	   Disk (KB)            :       10       10  65563889
	   Memory (MB)          :       41        1      2297
...
