000 (11479333.000.000) 12/04 10:54:38 Job submitted from host: <130.199.153.66:9618?addrs=130.199.153.66-9618&noUDP&sock=8910_0083_4>
...
001 (11479333.000.000) 12/04 10:54:59 Job executing on host: <130.199.150.185:9618?addrs=130.199.150.185-9618&noUDP&sock=21977_8ae4_3>
...
006 (11479333.000.000) 12/04 10:55:07 Image size of job updated: 15588
	16  -  MemoryUsage of job (MB)
	15588  -  ResidentSetSize of job (KB)
...
006 (11479333.000.000) 12/04 10:55:38 Image size of job updated: 262028
	16  -  MemoryUsage of job (MB)
	15588  -  ResidentSetSize of job (KB)
...
005 (11479333.000.000) 12/04 10:55:38 Job terminated.
	(1) Normal termination (return value 0)
		Usr 0 00:00:27, Sys 0 00:00:02  -  Run Remote Usage
		Usr 0 00:00:00, Sys 0 00:00:00  -  Run Local Usage
		Usr 0 00:00:27, Sys 0 00:00:02  -  Total Remote Usage
		Usr 0 00:00:00, Sys 0 00:00:00  -  Total Local Usage
	0  -  Run Bytes Sent By Job
	0  -  Run Bytes Received By Job
	0  -  Total Bytes Sent By Job
	0  -  Total Bytes Received By Job
	Partitionable Resources :    Usage  Request Allocated
	   Cpus                 :                 1         1
	   Disk (KB)            :       10       10  41489386
	   Memory (MB)          :       16        1      2007
...
