000 (11478957.000.000) 12/04 10:53:18 Job submitted from host: <130.199.153.66:9618?addrs=130.199.153.66-9618&noUDP&sock=8910_0083_4>
...
001 (11478957.000.000) 12/04 10:54:11 Job executing on host: <130.199.153.38:9618?addrs=130.199.153.38-9618&noUDP&sock=21624_d28f_3>
...
006 (11478957.000.000) 12/04 10:54:20 Image size of job updated: 17096
	16  -  MemoryUsage of job (MB)
	15740  -  ResidentSetSize of job (KB)
...
006 (11478957.000.000) 12/04 10:59:20 Image size of job updated: 47928
	46  -  MemoryUsage of job (MB)
	46092  -  ResidentSetSize of job (KB)
...
006 (11478957.000.000) 12/04 11:00:36 Image size of job updated: 47928
	46  -  MemoryUsage of job (MB)
	46456  -  ResidentSetSize of job (KB)
...
005 (11478957.000.000) 12/04 11:00:36 Job terminated.
	(1) Normal termination (return value 0)
		Usr 0 00:05:01, Sys 0 00:00:13  -  Run Remote Usage
		Usr 0 00:00:00, Sys 0 00:00:00  -  Run Local Usage
		Usr 0 00:05:01, Sys 0 00:00:13  -  Total Remote Usage
		Usr 0 00:00:00, Sys 0 00:00:00  -  Total Local Usage
	0  -  Run Bytes Sent By Job
	0  -  Run Bytes Received By Job
	0  -  Total Bytes Sent By Job
	0  -  Total Bytes Received By Job
	Partitionable Resources :    Usage  Request Allocated
	   Cpus                 :                 1         1
	   Disk (KB)            :       10       10  47328334
	   Memory (MB)          :       46        1      2005
...
