000 (11478872.000.000) 12/04 10:52:59 Job submitted from host: <130.199.153.66:9618?addrs=130.199.153.66-9618&noUDP&sock=8910_0083_4>
...
001 (11478872.000.000) 12/04 10:53:52 Job executing on host: <130.199.150.200:9618?addrs=130.199.150.200-9618&noUDP&sock=22563_0110_3>
...
006 (11478872.000.000) 12/04 10:54:01 Image size of job updated: 15980
	15  -  MemoryUsage of job (MB)
	14700  -  ResidentSetSize of job (KB)
...
006 (11478872.000.000) 12/04 10:57:50 Image size of job updated: 45764
	15  -  MemoryUsage of job (MB)
	14700  -  ResidentSetSize of job (KB)
...
005 (11478872.000.000) 12/04 10:57:50 Job terminated.
	(1) Normal termination (return value 0)
		Usr 0 00:03:16, Sys 0 00:00:09  -  Run Remote Usage
		Usr 0 00:00:00, Sys 0 00:00:00  -  Run Local Usage
		Usr 0 00:03:16, Sys 0 00:00:09  -  Total Remote Usage
		Usr 0 00:00:00, Sys 0 00:00:00  -  Total Local Usage
	0  -  Run Bytes Sent By Job
	0  -  Run Bytes Received By Job
	0  -  Total Bytes Sent By Job
	0  -  Total Bytes Received By Job
	Partitionable Resources :    Usage  Request Allocated
	   Cpus                 :                 1         1
	   Disk (KB)            :       10       10  41489130
	   Memory (MB)          :       15        1      2007
...
