000 (11478716.000.000) 12/04 10:52:26 Job submitted from host: <130.199.153.66:9618?addrs=130.199.153.66-9618&noUDP&sock=8910_0083_4>
...
001 (11478716.000.000) 12/04 10:53:24 Job executing on host: <130.199.202.45:9618?addrs=130.199.202.45-9618&noUDP&sock=34383_e28b_3>
...
006 (11478716.000.000) 12/04 10:53:33 Image size of job updated: 16000
	16  -  MemoryUsage of job (MB)
	16000  -  ResidentSetSize of job (KB)
...
006 (11478716.000.000) 12/04 10:58:34 Image size of job updated: 53900
	53  -  MemoryUsage of job (MB)
	53900  -  ResidentSetSize of job (KB)
...
005 (11478716.000.000) 12/04 11:03:08 Job terminated.
	(1) Normal termination (return value 0)
		Usr 0 00:08:27, Sys 0 00:00:22  -  Run Remote Usage
		Usr 0 00:00:00, Sys 0 00:00:00  -  Run Local Usage
		Usr 0 00:08:27, Sys 0 00:00:22  -  Total Remote Usage
		Usr 0 00:00:00, Sys 0 00:00:00  -  Total Local Usage
	0  -  Run Bytes Sent By Job
	0  -  Run Bytes Received By Job
	0  -  Total Bytes Sent By Job
	0  -  Total Bytes Received By Job
	Partitionable Resources :    Usage  Request Allocated
	   Cpus                 :                 1         1
	   Disk (KB)            :       10       10  65479135
	   Memory (MB)          :       53        1      2008
...
