000 (11478660.000.000) 12/04 10:51:20 Job submitted from host: <130.199.153.66:9618?addrs=130.199.153.66-9618&noUDP&sock=8910_0083_4>
...
001 (11478660.000.000) 12/04 10:53:12 Job executing on host: <130.199.150.212:9618?addrs=130.199.150.212-9618&noUDP&sock=9039_d431_3>
...
006 (11478660.000.000) 12/04 10:53:21 Image size of job updated: 15928
	16  -  MemoryUsage of job (MB)
	15928  -  ResidentSetSize of job (KB)
...
006 (11478660.000.000) 12/04 10:58:22 Image size of job updated: 57728
	56  -  MemoryUsage of job (MB)
	56668  -  ResidentSetSize of job (KB)
...
005 (11478660.000.000) 12/04 11:02:32 Job terminated.
	(1) Normal termination (return value 0)
		Usr 0 00:07:40, Sys 0 00:00:18  -  Run Remote Usage
		Usr 0 00:00:00, Sys 0 00:00:00  -  Run Local Usage
		Usr 0 00:07:40, Sys 0 00:00:18  -  Total Remote Usage
		Usr 0 00:00:00, Sys 0 00:00:00  -  Total Local Usage
	0  -  Run Bytes Sent By Job
	0  -  Run Bytes Received By Job
	0  -  Total Bytes Sent By Job
	0  -  Total Bytes Received By Job
	Partitionable Resources :    Usage  Request Allocated
	   Cpus                 :                 1         1
	   Disk (KB)            :       10       10  59425784
	   Memory (MB)          :       56        1      2007
...
