000 (11479392.000.000) 12/04 10:54:49 Job submitted from host: <130.199.153.66:9618?addrs=130.199.153.66-9618&noUDP&sock=8910_0083_4>
...
001 (11479392.000.000) 12/04 10:55:29 Job executing on host: <130.199.153.45:9618?addrs=130.199.153.45-9618&noUDP&sock=18327_5d16_3>
...
006 (11479392.000.000) 12/04 10:55:38 Image size of job updated: 15664
	16  -  MemoryUsage of job (MB)
	15664  -  ResidentSetSize of job (KB)
...
006 (11479392.000.000) 12/04 10:58:42 Image size of job updated: 38844
	16  -  MemoryUsage of job (MB)
	15664  -  ResidentSetSize of job (KB)
...
005 (11479392.000.000) 12/04 10:58:42 Job terminated.
	(1) Normal termination (return value 0)
		Usr 0 00:02:33, Sys 0 00:00:08  -  Run Remote Usage
		Usr 0 00:00:00, Sys 0 00:00:00  -  Run Local Usage
		Usr 0 00:02:33, Sys 0 00:00:08  -  Total Remote Usage
		Usr 0 00:00:00, Sys 0 00:00:00  -  Total Local Usage
	0  -  Run Bytes Sent By Job
	0  -  Run Bytes Received By Job
	0  -  Total Bytes Sent By Job
	0  -  Total Bytes Received By Job
	Partitionable Resources :    Usage  Request Allocated
	   Cpus                 :                 1         1
	   Disk (KB)            :       10       10  47328150
	   Memory (MB)          :       16        1      2005
...
