000 (11478659.000.000) 12/04 10:51:20 Job submitted from host: <130.199.153.66:9618?addrs=130.199.153.66-9618&noUDP&sock=8910_0083_4>
...
001 (11478659.000.000) 12/04 10:53:17 Job executing on host: <130.199.202.89:9618?addrs=130.199.202.89-9618&noUDP&sock=70844_54c5_3>
...
006 (11478659.000.000) 12/04 10:53:25 Image size of job updated: 14692
	15  -  MemoryUsage of job (MB)
	14692  -  ResidentSetSize of job (KB)
...
006 (11478659.000.000) 12/04 10:58:25 Image size of job updated: 47460
	47  -  MemoryUsage of job (MB)
	47460  -  ResidentSetSize of job (KB)
...
006 (11478659.000.000) 12/04 11:02:57 Image size of job updated: 48576
	47  -  MemoryUsage of job (MB)
	47460  -  ResidentSetSize of job (KB)
...
005 (11478659.000.000) 12/04 11:02:57 Job terminated.
	(1) Normal termination (return value 0)
		Usr 0 00:07:53, Sys 0 00:00:26  -  Run Remote Usage
		Usr 0 00:00:00, Sys 0 00:00:00  -  Run Local Usage
		Usr 0 00:07:53, Sys 0 00:00:26  -  Total Remote Usage
		Usr 0 00:00:00, Sys 0 00:00:00  -  Total Local Usage
	0  -  Run Bytes Sent By Job
	0  -  Run Bytes Received By Job
	0  -  Total Bytes Sent By Job
	0  -  Total Bytes Received By Job
	Partitionable Resources :    Usage  Request Allocated
	   Cpus                 :                 1         1
	   Disk (KB)            :       10       10  65563893
	   Memory (MB)          :       47        1      2297
...
