000 (11479024.000.000) 12/04 10:53:32 Job submitted from host: <130.199.153.66:9618?addrs=130.199.153.66-9618&noUDP&sock=8910_0083_4>
...
001 (11479024.000.000) 12/04 10:54:25 Job executing on host: <130.199.150.172:9618?addrs=130.199.150.172-9618&noUDP&sock=9870_d473_3>
...
006 (11479024.000.000) 12/04 10:54:33 Image size of job updated: 14548
	15  -  MemoryUsage of job (MB)
	14548  -  ResidentSetSize of job (KB)
...
006 (11479024.000.000) 12/04 10:59:33 Image size of job updated: 45004
	44  -  MemoryUsage of job (MB)
	44980  -  ResidentSetSize of job (KB)
...
006 (11479024.000.000) 12/04 11:04:34 Image size of job updated: 50264
	50  -  MemoryUsage of job (MB)
	50196  -  ResidentSetSize of job (KB)
...
005 (11479024.000.000) 12/04 11:05:47 Job terminated.
	(1) Normal termination (return value 0)
		Usr 0 00:08:32, Sys 0 00:00:24  -  Run Remote Usage
		Usr 0 00:00:00, Sys 0 00:00:00  -  Run Local Usage
		Usr 0 00:08:32, Sys 0 00:00:24  -  Total Remote Usage
		Usr 0 00:00:00, Sys 0 00:00:00  -  Total Local Usage
	0  -  Run Bytes Sent By Job
	0  -  Run Bytes Received By Job
	0  -  Total Bytes Sent By Job
	0  -  Total Bytes Received By Job
	Partitionable Resources :    Usage  Request Allocated
	   Cpus                 :                 1         1
	   Disk (KB)            :       10       10  41489014
	   Memory (MB)          :       50        1      2007
...
