000 (11479244.000.000) 12/04 10:54:20 Job submitted from host: <130.199.153.66:9618?addrs=130.199.153.66-9618&noUDP&sock=8910_0083_4>
...
001 (11479244.000.000) 12/04 10:55:03 Job executing on host: <130.199.151.243:9618?addrs=130.199.151.243-9618&noUDP&sock=9958_ae47_3>
...
006 (11479244.000.000) 12/04 10:55:12 Image size of job updated: 26840
	16  -  MemoryUsage of job (MB)
	15884  -  ResidentSetSize of job (KB)
...
006 (11479244.000.000) 12/04 10:58:31 Image size of job updated: 55528
	16  -  MemoryUsage of job (MB)
	15916  -  ResidentSetSize of job (KB)
...
005 (11479244.000.000) 12/04 10:58:31 Job terminated.
	(1) Normal termination (return value 0)
		Usr 0 00:02:43, Sys 0 00:00:08  -  Run Remote Usage
		Usr 0 00:00:00, Sys 0 00:00:00  -  Run Local Usage
		Usr 0 00:02:43, Sys 0 00:00:08  -  Total Remote Usage
		Usr 0 00:00:00, Sys 0 00:00:00  -  Total Local Usage
	0  -  Run Bytes Sent By Job
	0  -  Run Bytes Received By Job
	0  -  Total Bytes Sent By Job
	0  -  Total Bytes Received By Job
	Partitionable Resources :    Usage  Request Allocated
	   Cpus                 :                 1         1
	   Disk (KB)            :       10       10  32976572
	   Memory (MB)          :       16        1      2005
...
