000 (11478629.000.000) 12/04 10:51:14 Job submitted from host: <130.199.153.66:9618?addrs=130.199.153.66-9618&noUDP&sock=8910_0083_4>
...
001 (11478629.000.000) 12/04 10:53:05 Job executing on host: <130.199.150.179:9618?addrs=130.199.150.179-9618&noUDP&sock=22520_652b_3>
...
006 (11478629.000.000) 12/04 10:53:13 Image size of job updated: 15872
	15  -  MemoryUsage of job (MB)
	14676  -  ResidentSetSize of job (KB)
...
005 (11478629.000.000) 12/04 10:57:50 Job terminated.
	(1) Normal termination (return value 0)
		Usr 0 00:03:53, Sys 0 00:00:10  -  Run Remote Usage
		Usr 0 00:00:00, Sys 0 00:00:00  -  Run Local Usage
		Usr 0 00:03:53, Sys 0 00:00:10  -  Total Remote Usage
		Usr 0 00:00:00, Sys 0 00:00:00  -  Total Local Usage
	0  -  Run Bytes Sent By Job
	0  -  Run Bytes Received By Job
	0  -  Total Bytes Sent By Job
	0  -  Total Bytes Received By Job
	Partitionable Resources :    Usage  Request Allocated
	   Cpus                 :                 1         1
	   Disk (KB)            :       10       10  41489292
	   Memory (MB)          :       15        1      2007
...
