000 (11479362.000.000) 12/04 10:54:44 Job submitted from host: <130.199.153.66:9618?addrs=130.199.153.66-9618&noUDP&sock=8910_0083_4>
...
001 (11479362.000.000) 12/04 10:55:18 Job executing on host: <130.199.202.1:9618?addrs=130.199.202.1-9618&noUDP&sock=45930_5d5a_3>
...
006 (11479362.000.000) 12/04 10:55:27 Image size of job updated: 15664
	16  -  MemoryUsage of job (MB)
	15664  -  ResidentSetSize of job (KB)
...
006 (11479362.000.000) 12/04 10:58:11 Image size of job updated: 43868
	16  -  MemoryUsage of job (MB)
	15664  -  ResidentSetSize of job (KB)
...
005 (11479362.000.000) 12/04 10:58:11 Job terminated.
	(1) Normal termination (return value 0)
		Usr 0 00:02:20, Sys 0 00:00:07  -  Run Remote Usage
		Usr 0 00:00:00, Sys 0 00:00:00  -  Run Local Usage
		Usr 0 00:02:20, Sys 0 00:00:07  -  Total Remote Usage
		Usr 0 00:00:00, Sys 0 00:00:00  -  Total Local Usage
	0  -  Run Bytes Sent By Job
	0  -  Run Bytes Received By Job
	0  -  Total Bytes Sent By Job
	0  -  Total Bytes Received By Job
	Partitionable Resources :    Usage  Request Allocated
	   Cpus                 :                 1         1
	   Disk (KB)            :       10       10  47541125
	   Memory (MB)          :       16        1      2008
...
