000 (11478758.000.000) 12/04 10:52:33 Job submitted from host: <130.199.153.66:9618?addrs=130.199.153.66-9618&noUDP&sock=8910_0083_4>
...
001 (11478758.000.000) 12/04 10:53:31 Job executing on host: <130.199.152.21:9618?addrs=130.199.152.21-9618&noUDP&sock=9458_6fe5_3>
...
006 (11478758.000.000) 12/04 10:53:40 Image size of job updated: 17140
	16  -  MemoryUsage of job (MB)
	15884  -  ResidentSetSize of job (KB)
...
006 (11478758.000.000) 12/04 10:58:41 Image size of job updated: 53836
	51  -  MemoryUsage of job (MB)
	52088  -  ResidentSetSize of job (KB)
...
005 (11478758.000.000) 12/04 11:01:24 Job terminated.
	(1) Normal termination (return value 0)
		Usr 0 00:06:18, Sys 0 00:00:18  -  Run Remote Usage
		Usr 0 00:00:00, Sys 0 00:00:00  -  Run Local Usage
		Usr 0 00:06:18, Sys 0 00:00:18  -  Total Remote Usage
		Usr 0 00:00:00, Sys 0 00:00:00  -  Total Local Usage
	0  -  Run Bytes Sent By Job
	0  -  Run Bytes Received By Job
	0  -  Total Bytes Sent By Job
	0  -  Total Bytes Received By Job
	Partitionable Resources :    Usage  Request Allocated
	   Cpus                 :                 1         1
	   Disk (KB)            :       10       10  32976413
	   Memory (MB)          :       51        1      2005
...
