000 (11478787.000.000) 12/04 10:52:40 Job submitted from host: <130.199.153.66:9618?addrs=130.199.153.66-9618&noUDP&sock=8910_0083_4>
...
001 (11478787.000.000) 12/04 10:53:35 Job executing on host: <130.199.153.243:9618?addrs=130.199.153.243-9618&noUDP&sock=21984_c209_3>
...
006 (11478787.000.000) 12/04 10:53:44 Image size of job updated: 16936
	15  -  MemoryUsage of job (MB)
	14692  -  ResidentSetSize of job (KB)
...
006 (11478787.000.000) 12/04 10:58:45 Image size of job updated: 58164
	54  -  MemoryUsage of job (MB)
	54448  -  ResidentSetSize of job (KB)
...
005 (11478787.000.000) 12/04 10:59:32 Job terminated.
	(1) Normal termination (return value 0)
		Usr 0 00:04:51, Sys 0 00:00:10  -  Run Remote Usage
		Usr 0 00:00:00, Sys 0 00:00:00  -  Run Local Usage
		Usr 0 00:04:51, Sys 0 00:00:10  -  Total Remote Usage
		Usr 0 00:00:00, Sys 0 00:00:00  -  Total Local Usage
	0  -  Run Bytes Sent By Job
	0  -  Run Bytes Received By Job
	0  -  Total Bytes Sent By Job
	0  -  Total Bytes Received By Job
	Partitionable Resources :    Usage  Request Allocated
	   Cpus                 :                 1         1
	   Disk (KB)            :       10       10  47328071
	   Memory (MB)          :       54        1      2005
...
