000 (11479185.000.000) 12/04 10:54:07 Job submitted from host: <130.199.153.66:9618?addrs=130.199.153.66-9618&noUDP&sock=8910_0083_4>
...
001 (11479185.000.000) 12/04 10:54:53 Job executing on host: <130.199.201.35:9618?addrs=130.199.201.35-9618&noUDP&sock=10481_3424_3>
...
006 (11479185.000.000) 12/04 10:55:02 Image size of job updated: 15864
	16  -  MemoryUsage of job (MB)
	15864  -  ResidentSetSize of job (KB)
...
006 (11479185.000.000) 12/04 11:00:03 Image size of job updated: 53192
	52  -  MemoryUsage of job (MB)
	53080  -  ResidentSetSize of job (KB)
...
006 (11479185.000.000) 12/04 11:02:45 Image size of job updated: 270720
	52  -  MemoryUsage of job (MB)
	53080  -  ResidentSetSize of job (KB)
...
005 (11479185.000.000) 12/04 11:02:46 Job terminated.
	(1) Normal termination (return value 0)
		Usr 0 00:06:13, Sys 0 00:00:16  -  Run Remote Usage
		Usr 0 00:00:00, Sys 0 00:00:00  -  Run Local Usage
		Usr 0 00:06:13, Sys 0 00:00:16  -  Total Remote Usage
		Usr 0 00:00:00, Sys 0 00:00:00  -  Total Local Usage
	0  -  Run Bytes Sent By Job
	0  -  Run Bytes Received By Job
	0  -  Total Bytes Sent By Job
	0  -  Total Bytes Received By Job
	Partitionable Resources :    Usage  Request Allocated
	   Cpus                 :                 1         1
	   Disk (KB)            :       10       10  47327871
	   Memory (MB)          :       52        1      2005
...
