000 (11478686.000.000) 12/04 10:51:53 Job submitted from host: <130.199.153.66:9618?addrs=130.199.153.66-9618&noUDP&sock=8910_0083_4>
...
001 (11478686.000.000) 12/04 10:53:18 Job executing on host: <130.199.150.139:9618?addrs=130.199.150.139-9618&noUDP&sock=22035_e618_3>
...
006 (11478686.000.000) 12/04 10:53:27 Image size of job updated: 17088
	16  -  MemoryUsage of job (MB)
	15844  -  ResidentSetSize of job (KB)
...
006 (11478686.000.000) 12/04 10:58:28 Image size of job updated: 56624
	53  -  MemoryUsage of job (MB)
	53864  -  ResidentSetSize of job (KB)
...
006 (11478686.000.000) 12/04 11:03:29 Image size of job updated: 58348
	54  -  MemoryUsage of job (MB)
	55260  -  ResidentSetSize of job (KB)
...
005 (11478686.000.000) 12/04 11:05:20 Job terminated.
	(1) Normal termination (return value 0)
		Usr 0 00:10:13, Sys 0 00:00:25  -  Run Remote Usage
		Usr 0 00:00:00, Sys 0 00:00:00  -  Run Local Usage
		Usr 0 00:10:13, Sys 0 00:00:25  -  Total Remote Usage
		Usr 0 00:00:00, Sys 0 00:00:00  -  Total Local Usage
	0  -  Run Bytes Sent By Job
	0  -  Run Bytes Received By Job
	0  -  Total Bytes Sent By Job
	0  -  Total Bytes Received By Job
	Partitionable Resources :    Usage  Request Allocated
	   Cpus                 :                 1         1
	   Disk (KB)            :       10       10  41489327
	   Memory (MB)          :       54        1      2007
...
