000 (11479391.000.000) 12/04 10:54:49 Job submitted from host: <130.199.153.66:9618?addrs=130.199.153.66-9618&noUDP&sock=8910_0083_4>
...
001 (11479391.000.000) 12/04 10:55:29 Job executing on host: <130.199.201.55:9618?addrs=130.199.201.55-9618&noUDP&sock=15322_51ae_3>
...
006 (11479391.000.000) 12/04 10:55:37 Image size of job updated: 14512
	15  -  MemoryUsage of job (MB)
	14512  -  ResidentSetSize of job (KB)
...
006 (11479391.000.000) 12/04 10:58:36 Image size of job updated: 38220
	15  -  MemoryUsage of job (MB)
	14512  -  ResidentSetSize of job (KB)
...
005 (11479391.000.000) 12/04 10:58:36 Job terminated.
	(1) Normal termination (return value 0)
		Usr 0 00:02:24, Sys 0 00:00:06  -  Run Remote Usage
		Usr 0 00:00:00, Sys 0 00:00:00  -  Run Local Usage
		Usr 0 00:02:24, Sys 0 00:00:06  -  Total Remote Usage
		Usr 0 00:00:00, Sys 0 00:00:00  -  Total Local Usage
	0  -  Run Bytes Sent By Job
	0  -  Run Bytes Received By Job
	0  -  Total Bytes Sent By Job
	0  -  Total Bytes Received By Job
	Partitionable Resources :    Usage  Request Allocated
	   Cpus                 :                 1         1
	   Disk (KB)            :       10       10  47327983
	   Memory (MB)          :       15        1      2005
...
