000 (11478688.000.000) 12/04 10:51:53 Job submitted from host: <130.199.153.66:9618?addrs=130.199.153.66-9618&noUDP&sock=8910_0083_4>
...
001 (11478688.000.000) 12/04 10:53:18 Job executing on host: <130.199.150.219:9618?addrs=130.199.150.219-9618&noUDP&sock=22597_c3c4_3>
...
006 (11478688.000.000) 12/04 10:53:27 Image size of job updated: 15832
	16  -  MemoryUsage of job (MB)
	15832  -  ResidentSetSize of job (KB)
...
006 (11478688.000.000) 12/04 10:58:28 Image size of job updated: 49652
	49  -  MemoryUsage of job (MB)
	49648  -  ResidentSetSize of job (KB)
...
005 (11478688.000.000) 12/04 11:01:38 Job terminated.
	(1) Normal termination (return value 0)
		Usr 0 00:06:49, Sys 0 00:00:15  -  Run Remote Usage
		Usr 0 00:00:00, Sys 0 00:00:00  -  Run Local Usage
		Usr 0 00:06:49, Sys 0 00:00:15  -  Total Remote Usage
		Usr 0 00:00:00, Sys 0 00:00:00  -  Total Local Usage
	0  -  Run Bytes Sent By Job
	0  -  Run Bytes Received By Job
	0  -  Total Bytes Sent By Job
	0  -  Total Bytes Received By Job
	Partitionable Resources :    Usage  Request Allocated
	   Cpus                 :                 1         1
	   Disk (KB)            :       10       10  59425972
	   Memory (MB)          :       49        1      2007
...
