000 (11478687.000.000) 12/04 10:51:53 Job submitted from host: <130.199.153.66:9618?addrs=130.199.153.66-9618&noUDP&sock=8910_0083_4>
...
001 (11478687.000.000) 12/04 10:53:19 Job executing on host: <130.199.150.213:9618?addrs=130.199.150.213-9618&noUDP&sock=22669_8d43_3>
...
006 (11478687.000.000) 12/04 10:53:27 Image size of job updated: 14600
	15  -  MemoryUsage of job (MB)
	14600  -  ResidentSetSize of job (KB)
...
006 (11478687.000.000) 12/04 10:58:27 Image size of job updated: 52140
	51  -  MemoryUsage of job (MB)
	52140  -  ResidentSetSize of job (KB)
...
006 (11478687.000.000) 12/04 11:03:02 Image size of job updated: 52928
	51  -  MemoryUsage of job (MB)
	52140  -  ResidentSetSize of job (KB)
...
005 (11478687.000.000) 12/04 11:03:02 Job terminated.
	(1) Normal termination (return value 0)
		Usr 0 00:07:28, Sys 0 00:00:18  -  Run Remote Usage
		Usr 0 00:00:00, Sys 0 00:00:00  -  Run Local Usage
		Usr 0 00:07:28, Sys 0 00:00:18  -  Total Remote Usage
		Usr 0 00:00:00, Sys 0 00:00:00  -  Total Local Usage
	0  -  Run Bytes Sent By Job
	0  -  Run Bytes Received By Job
	0  -  Total Bytes Sent By Job
	0  -  Total Bytes Received By Job
	Partitionable Resources :    Usage  Request Allocated
	   Cpus                 :                 1         1
	   Disk (KB)            :       10       10  59426098
	   Memory (MB)          :       51        1      2007
...
