000 (11479023.000.000) 12/04 10:53:32 Job submitted from host: <130.199.153.66:9618?addrs=130.199.153.66-9618&noUDP&sock=8910_0083_4>
...
001 (11479023.000.000) 12/04 10:54:25 Job executing on host: <130.199.150.152:9618?addrs=130.199.150.152-9618&noUDP&sock=9858_0833_3>
...
006 (11479023.000.000) 12/04 10:54:33 Image size of job updated: 15820
	16  -  MemoryUsage of job (MB)
	15820  -  ResidentSetSize of job (KB)
...
006 (11479023.000.000) 12/04 10:59:33 Image size of job updated: 52180
	51  -  MemoryUsage of job (MB)
	52180  -  ResidentSetSize of job (KB)
...
006 (11479023.000.000) 12/04 11:04:34 Image size of job updated: 53260
	53  -  MemoryUsage of job (MB)
	53260  -  ResidentSetSize of job (KB)
...
005 (11479023.000.000) 12/04 11:05:35 Job terminated.
	(1) Normal termination (return value 0)
		Usr 0 00:08:39, Sys 0 00:00:25  -  Run Remote Usage
		Usr 0 00:00:00, Sys 0 00:00:00  -  Run Local Usage
		Usr 0 00:08:39, Sys 0 00:00:25  -  Total Remote Usage
		Usr 0 00:00:00, Sys 0 00:00:00  -  Total Local Usage
	0  -  Run Bytes Sent By Job
	0  -  Run Bytes Received By Job
	0  -  Total Bytes Sent By Job
	0  -  Total Bytes Received By Job
	Partitionable Resources :    Usage  Request Allocated
	   Cpus                 :                 1         1
	   Disk (KB)            :       10       10  41489141
	   Memory (MB)          :       53        1      2007
...
