runnumber=13078009
STAR Template Scheduler 0.1 (/afs/rhic.bnl.gov/star/packages/scripts/star-submit)

STAR Unified Meta Scheduler 1.10.28
Your Log file can be found at: /afs/rhic.bnl.gov/star/doc/www/html/tmp/pub/scheduler/zchang.log
Reading request description file : schedTemplateExp.xml
Analyzing XML...XML OK
Resolving File system wildcards
[2018.12.04 10:50:54 EST] Dataset size is 3 files
Removing files not on site BNL
[2018.12.04 10:50:54 EST] Dataset size is 3 files
-------Processing recovered dataset for paths-------
Removing HPSS files as not accessible in syntax=paths
[2018.12.04 10:50:54 EST] Dataset size is 3 files
Skipping (Removing RCRS node files) no such files
Dropping files with duplicate LFN (files that are the same)
[2018.12.04 10:50:54 EST] Started with 3 files, current size is 3files, 0 duplicate files dropped.
Skipping (Sorting by node) all NFS files
Skipping (Splitting by node) all NFS files
Splitting dataset entries by size (minSize=1 ,maxSize=1 )
[2018.12.04 10:50:54 EST] Dataset size is 3 files
----------------------------------------------------
validating dataset ....passed
Writting files for process E12EB98FE3E420BC2FC0C6983702ECD5_2..done.
Writting files for process E12EB98FE3E420BC2FC0C6983702ECD5_1..done.
Writting files for process E12EB98FE3E420BC2FC0C6983702ECD5_0..done.
Dispatching process E12EB98FE3E420BC2FC0C6983702ECD5_0_2.. done.
Wrote scheduling report to : /star/u/zchang/jetAnalysis/jets/working_8/scripts/schedE12EB98FE3E420BC2FC0C6983702ECD5.report
Reporting statistics... done.
Scheduling successful
runnumber=13078050
STAR Template Scheduler 0.1 (/afs/rhic.bnl.gov/star/packages/scripts/star-submit)

STAR Unified Meta Scheduler 1.10.28
Your Log file can be found at: /afs/rhic.bnl.gov/star/doc/www/html/tmp/pub/scheduler/zchang.log
Reading request description file : schedTemplateExp.xml
Analyzing XML...XML OK
Resolving File system wildcards
[2018.12.04 10:51:01 EST] Dataset size is 3 files
Removing files not on site BNL
[2018.12.04 10:51:01 EST] Dataset size is 3 files
-------Processing recovered dataset for paths-------
Removing HPSS files as not accessible in syntax=paths
[2018.12.04 10:51:01 EST] Dataset size is 3 files
Skipping (Removing RCRS node files) no such files
Dropping files with duplicate LFN (files that are the same)
[2018.12.04 10:51:01 EST] Started with 3 files, current size is 3files, 0 duplicate files dropped.
Skipping (Sorting by node) all NFS files
Skipping (Splitting by node) all NFS files
Splitting dataset entries by size (minSize=1 ,maxSize=1 )
[2018.12.04 10:51:01 EST] Dataset size is 3 files
----------------------------------------------------
validating dataset ....passed
Writting files for process 0D2F80AEDD03E2BAD01993DB8F052633_2..done.
Writting files for process 0D2F80AEDD03E2BAD01993DB8F052633_1..done.
Writting files for process 0D2F80AEDD03E2BAD01993DB8F052633_0..done.
Dispatching process 0D2F80AEDD03E2BAD01993DB8F052633_0_2. done.
Wrote scheduling report to : /star/u/zchang/jetAnalysis/jets/working_8/scripts/sched0D2F80AEDD03E2BAD01993DB8F052633.report
Reporting statistics... done.
Scheduling successful
runnumber=13079073
STAR Template Scheduler 0.1 (/afs/rhic.bnl.gov/star/packages/scripts/star-submit)

STAR Unified Meta Scheduler 1.10.28
Your Log file can be found at: /afs/rhic.bnl.gov/star/doc/www/html/tmp/pub/scheduler/zchang.log
Reading request description file : schedTemplateExp.xml
Analyzing XML...XML OK
Resolving File system wildcards
[2018.12.04 10:51:07 EST] Dataset size is 3 files
Removing files not on site BNL
[2018.12.04 10:51:07 EST] Dataset size is 3 files
-------Processing recovered dataset for paths-------
Removing HPSS files as not accessible in syntax=paths
[2018.12.04 10:51:07 EST] Dataset size is 3 files
Skipping (Removing RCRS node files) no such files
Dropping files with duplicate LFN (files that are the same)
[2018.12.04 10:51:07 EST] Started with 3 files, current size is 3files, 0 duplicate files dropped.
Skipping (Sorting by node) all NFS files
Skipping (Splitting by node) all NFS files
Splitting dataset entries by size (minSize=1 ,maxSize=1 )
[2018.12.04 10:51:07 EST] Dataset size is 3 files
----------------------------------------------------
validating dataset ....passed
Writting files for process C9BBF82DA6CA82B53A21AD239D0D3286_2..done.
Writting files for process C9BBF82DA6CA82B53A21AD239D0D3286_1..done.
Writting files for process C9BBF82DA6CA82B53A21AD239D0D3286_0..done.
Dispatching process C9BBF82DA6CA82B53A21AD239D0D3286_0_2. done.
Wrote scheduling report to : /star/u/zchang/jetAnalysis/jets/working_8/scripts/schedC9BBF82DA6CA82B53A21AD239D0D3286.report
Reporting statistics... done.
Scheduling successful
runnumber=13080005
STAR Template Scheduler 0.1 (/afs/rhic.bnl.gov/star/packages/scripts/star-submit)

STAR Unified Meta Scheduler 1.10.28
Your Log file can be found at: /afs/rhic.bnl.gov/star/doc/www/html/tmp/pub/scheduler/zchang.log
Reading request description file : schedTemplateExp.xml
Analyzing XML...XML OK
Resolving File system wildcards
[2018.12.04 10:51:13 EST] Dataset size is 3 files
Removing files not on site BNL
[2018.12.04 10:51:13 EST] Dataset size is 3 files
-------Processing recovered dataset for paths-------
Removing HPSS files as not accessible in syntax=paths
[2018.12.04 10:51:13 EST] Dataset size is 3 files
Skipping (Removing RCRS node files) no such files
Dropping files with duplicate LFN (files that are the same)
[2018.12.04 10:51:13 EST] Started with 3 files, current size is 3files, 0 duplicate files dropped.
Skipping (Sorting by node) all NFS files
Skipping (Splitting by node) all NFS files
Splitting dataset entries by size (minSize=1 ,maxSize=1 )
[2018.12.04 10:51:13 EST] Dataset size is 3 files
----------------------------------------------------
validating dataset ....passed
Writting files for process D1060AE474F07F43128FD05607C49F11_2..done.
Writting files for process D1060AE474F07F43128FD05607C49F11_1..done.
Writting files for process D1060AE474F07F43128FD05607C49F11_0..done.
Dispatching process D1060AE474F07F43128FD05607C49F11_0_2. done.
Wrote scheduling report to : /star/u/zchang/jetAnalysis/jets/working_8/scripts/schedD1060AE474F07F43128FD05607C49F11.report
Reporting statistics... done.
Scheduling successful
runnumber=13080095
STAR Template Scheduler 0.1 (/afs/rhic.bnl.gov/star/packages/scripts/star-submit)

STAR Unified Meta Scheduler 1.10.28
Your Log file can be found at: /afs/rhic.bnl.gov/star/doc/www/html/tmp/pub/scheduler/zchang.log
Reading request description file : schedTemplateExp.xml
Analyzing XML...XML OK
Resolving File system wildcards
[2018.12.04 10:51:19 EST] Dataset size is 3 files
Removing files not on site BNL
[2018.12.04 10:51:19 EST] Dataset size is 3 files
-------Processing recovered dataset for paths-------
Removing HPSS files as not accessible in syntax=paths
[2018.12.04 10:51:19 EST] Dataset size is 3 files
Skipping (Removing RCRS node files) no such files
Dropping files with duplicate LFN (files that are the same)
[2018.12.04 10:51:19 EST] Started with 3 files, current size is 3files, 0 duplicate files dropped.
Skipping (Sorting by node) all NFS files
Skipping (Splitting by node) all NFS files
Splitting dataset entries by size (minSize=1 ,maxSize=1 )
[2018.12.04 10:51:19 EST] Dataset size is 3 files
----------------------------------------------------
validating dataset ....passed
Writting files for process 06DC8F67A1A232EC991752281ABAC9E6_2..done.
Writting files for process 06DC8F67A1A232EC991752281ABAC9E6_1..done.
Writting files for process 06DC8F67A1A232EC991752281ABAC9E6_0..done.
Dispatching process 06DC8F67A1A232EC991752281ABAC9E6_0_2. done.
Wrote scheduling report to : /star/u/zchang/jetAnalysis/jets/working_8/scripts/sched06DC8F67A1A232EC991752281ABAC9E6.report
Reporting statistics... done.
Scheduling successful
runnumber=13082003
STAR Template Scheduler 0.1 (/afs/rhic.bnl.gov/star/packages/scripts/star-submit)

STAR Unified Meta Scheduler 1.10.28
Your Log file can be found at: /afs/rhic.bnl.gov/star/doc/www/html/tmp/pub/scheduler/zchang.log
Reading request description file : schedTemplateExp.xml
Analyzing XML...XML OK
Resolving File system wildcards
[2018.12.04 10:51:26 EST] Dataset size is 3 files
Removing files not on site BNL
[2018.12.04 10:51:26 EST] Dataset size is 3 files
-------Processing recovered dataset for paths-------
Removing HPSS files as not accessible in syntax=paths
[2018.12.04 10:51:26 EST] Dataset size is 3 files
Skipping (Removing RCRS node files) no such files
Dropping files with duplicate LFN (files that are the same)
[2018.12.04 10:51:26 EST] Started with 3 files, current size is 3files, 0 duplicate files dropped.
Skipping (Sorting by node) all NFS files
Skipping (Splitting by node) all NFS files
Splitting dataset entries by size (minSize=1 ,maxSize=1 )
[2018.12.04 10:51:26 EST] Dataset size is 3 files
----------------------------------------------------
validating dataset ....passed
Writting files for process 8642A1AB6925967292C0591F4D8CA698_2..done.
Writting files for process 8642A1AB6925967292C0591F4D8CA698_1..done.
Writting files for process 8642A1AB6925967292C0591F4D8CA698_0..done.
Dispatching process 8642A1AB6925967292C0591F4D8CA698_0_2........................... done.
Wrote scheduling report to : /star/u/zchang/jetAnalysis/jets/working_8/scripts/sched8642A1AB6925967292C0591F4D8CA698.report
Reporting statistics... done.
Scheduling successful
runnumber=13083068
STAR Template Scheduler 0.1 (/afs/rhic.bnl.gov/star/packages/scripts/star-submit)

STAR Unified Meta Scheduler 1.10.28
Your Log file can be found at: /afs/rhic.bnl.gov/star/doc/www/html/tmp/pub/scheduler/zchang.log
Reading request description file : schedTemplateExp.xml
Analyzing XML...XML OK
Resolving File system wildcards
[2018.12.04 10:52:25 EST] Dataset size is 3 files
Removing files not on site BNL
[2018.12.04 10:52:25 EST] Dataset size is 3 files
-------Processing recovered dataset for paths-------
Removing HPSS files as not accessible in syntax=paths
[2018.12.04 10:52:25 EST] Dataset size is 3 files
Skipping (Removing RCRS node files) no such files
Dropping files with duplicate LFN (files that are the same)
[2018.12.04 10:52:25 EST] Started with 3 files, current size is 3files, 0 duplicate files dropped.
Skipping (Sorting by node) all NFS files
Skipping (Splitting by node) all NFS files
Splitting dataset entries by size (minSize=1 ,maxSize=1 )
[2018.12.04 10:52:25 EST] Dataset size is 3 files
----------------------------------------------------
validating dataset ....passed
Writting files for process 515A1BF4B8B87CD14042531ACE8A75E8_2..done.
Writting files for process 515A1BF4B8B87CD14042531ACE8A75E8_1..done.
Writting files for process 515A1BF4B8B87CD14042531ACE8A75E8_0..done.
Dispatching process 515A1BF4B8B87CD14042531ACE8A75E8_0_2. done.
Wrote scheduling report to : /star/u/zchang/jetAnalysis/jets/working_8/scripts/sched515A1BF4B8B87CD14042531ACE8A75E8.report
Reporting statistics... done.
Scheduling successful
runnumber=13084008
STAR Template Scheduler 0.1 (/afs/rhic.bnl.gov/star/packages/scripts/star-submit)

STAR Unified Meta Scheduler 1.10.28
Your Log file can be found at: /afs/rhic.bnl.gov/star/doc/www/html/tmp/pub/scheduler/zchang.log
Reading request description file : schedTemplateExp.xml
Analyzing XML...XML OK
Resolving File system wildcards
[2018.12.04 10:52:31 EST] Dataset size is 3 files
Removing files not on site BNL
[2018.12.04 10:52:31 EST] Dataset size is 3 files
-------Processing recovered dataset for paths-------
Removing HPSS files as not accessible in syntax=paths
[2018.12.04 10:52:31 EST] Dataset size is 3 files
Skipping (Removing RCRS node files) no such files
Dropping files with duplicate LFN (files that are the same)
[2018.12.04 10:52:31 EST] Started with 3 files, current size is 3files, 0 duplicate files dropped.
Skipping (Sorting by node) all NFS files
Skipping (Splitting by node) all NFS files
Splitting dataset entries by size (minSize=1 ,maxSize=1 )
[2018.12.04 10:52:31 EST] Dataset size is 3 files
----------------------------------------------------
validating dataset ....passed
Writting files for process 0C6D7BD21F9C6FDB8661F609CBFAC8D6_2..done.
Writting files for process 0C6D7BD21F9C6FDB8661F609CBFAC8D6_1..done.
Writting files for process 0C6D7BD21F9C6FDB8661F609CBFAC8D6_0..done.
Dispatching process 0C6D7BD21F9C6FDB8661F609CBFAC8D6_0_2. done.
Wrote scheduling report to : /star/u/zchang/jetAnalysis/jets/working_8/scripts/sched0C6D7BD21F9C6FDB8661F609CBFAC8D6.report
Reporting statistics... done.
Scheduling successful
runnumber=13084038
STAR Template Scheduler 0.1 (/afs/rhic.bnl.gov/star/packages/scripts/star-submit)

STAR Unified Meta Scheduler 1.10.28
Your Log file can be found at: /afs/rhic.bnl.gov/star/doc/www/html/tmp/pub/scheduler/zchang.log
Reading request description file : schedTemplateExp.xml
Analyzing XML...XML OK
Resolving File system wildcards
[2018.12.04 10:52:38 EST] Dataset size is 3 files
Removing files not on site BNL
[2018.12.04 10:52:38 EST] Dataset size is 3 files
-------Processing recovered dataset for paths-------
Removing HPSS files as not accessible in syntax=paths
[2018.12.04 10:52:38 EST] Dataset size is 3 files
Skipping (Removing RCRS node files) no such files
Dropping files with duplicate LFN (files that are the same)
[2018.12.04 10:52:38 EST] Started with 3 files, current size is 3files, 0 duplicate files dropped.
Skipping (Sorting by node) all NFS files
Skipping (Splitting by node) all NFS files
Splitting dataset entries by size (minSize=1 ,maxSize=1 )
[2018.12.04 10:52:38 EST] Dataset size is 3 files
----------------------------------------------------
validating dataset ....passed
Writting files for process 62D37AF165C680753983F79DAC7D7E32_2..done.
Writting files for process 62D37AF165C680753983F79DAC7D7E32_1..done.
Writting files for process 62D37AF165C680753983F79DAC7D7E32_0..done.
Dispatching process 62D37AF165C680753983F79DAC7D7E32_0_2.. done.
Wrote scheduling report to : /star/u/zchang/jetAnalysis/jets/working_8/scripts/sched62D37AF165C680753983F79DAC7D7E32.report
Reporting statistics... done.
Scheduling successful
runnumber=13085011
STAR Template Scheduler 0.1 (/afs/rhic.bnl.gov/star/packages/scripts/star-submit)

STAR Unified Meta Scheduler 1.10.28
Your Log file can be found at: /afs/rhic.bnl.gov/star/doc/www/html/tmp/pub/scheduler/zchang.log
Reading request description file : schedTemplateExp.xml
Analyzing XML...XML OK
Resolving File system wildcards
[2018.12.04 10:52:45 EST] Dataset size is 3 files
Removing files not on site BNL
[2018.12.04 10:52:45 EST] Dataset size is 3 files
-------Processing recovered dataset for paths-------
Removing HPSS files as not accessible in syntax=paths
[2018.12.04 10:52:45 EST] Dataset size is 3 files
Skipping (Removing RCRS node files) no such files
Dropping files with duplicate LFN (files that are the same)
[2018.12.04 10:52:45 EST] Started with 3 files, current size is 3files, 0 duplicate files dropped.
Skipping (Sorting by node) all NFS files
Skipping (Splitting by node) all NFS files
Splitting dataset entries by size (minSize=1 ,maxSize=1 )
[2018.12.04 10:52:45 EST] Dataset size is 3 files
----------------------------------------------------
validating dataset ....passed
Writting files for process 2F874370247B94FDF0B24F89F55D1C56_2..done.
Writting files for process 2F874370247B94FDF0B24F89F55D1C56_1..done.
Writting files for process 2F874370247B94FDF0B24F89F55D1C56_0..done.
Dispatching process 2F874370247B94FDF0B24F89F55D1C56_0_2. done.
Wrote scheduling report to : /star/u/zchang/jetAnalysis/jets/working_8/scripts/sched2F874370247B94FDF0B24F89F55D1C56.report
Reporting statistics... done.
Scheduling successful
runnumber=13086070
STAR Template Scheduler 0.1 (/afs/rhic.bnl.gov/star/packages/scripts/star-submit)

STAR Unified Meta Scheduler 1.10.28
Your Log file can be found at: /afs/rhic.bnl.gov/star/doc/www/html/tmp/pub/scheduler/zchang.log
Reading request description file : schedTemplateExp.xml
Analyzing XML...XML OK
Resolving File system wildcards
[2018.12.04 10:52:51 EST] Dataset size is 3 files
Removing files not on site BNL
[2018.12.04 10:52:51 EST] Dataset size is 3 files
-------Processing recovered dataset for paths-------
Removing HPSS files as not accessible in syntax=paths
[2018.12.04 10:52:51 EST] Dataset size is 3 files
Skipping (Removing RCRS node files) no such files
Dropping files with duplicate LFN (files that are the same)
[2018.12.04 10:52:51 EST] Started with 3 files, current size is 3files, 0 duplicate files dropped.
Skipping (Sorting by node) all NFS files
Skipping (Splitting by node) all NFS files
Splitting dataset entries by size (minSize=1 ,maxSize=1 )
[2018.12.04 10:52:51 EST] Dataset size is 3 files
----------------------------------------------------
validating dataset ....passed
Writting files for process 352C86EA49F417B2C29A3CB0C23BB1DE_2..done.
Writting files for process 352C86EA49F417B2C29A3CB0C23BB1DE_1..done.
Writting files for process 352C86EA49F417B2C29A3CB0C23BB1DE_0..done.
Dispatching process 352C86EA49F417B2C29A3CB0C23BB1DE_0_2. done.
Wrote scheduling report to : /star/u/zchang/jetAnalysis/jets/working_8/scripts/sched352C86EA49F417B2C29A3CB0C23BB1DE.report
Reporting statistics... done.
Scheduling successful
runnumber=13086085
STAR Template Scheduler 0.1 (/afs/rhic.bnl.gov/star/packages/scripts/star-submit)

STAR Unified Meta Scheduler 1.10.28
Your Log file can be found at: /afs/rhic.bnl.gov/star/doc/www/html/tmp/pub/scheduler/zchang.log
Reading request description file : schedTemplateExp.xml
Analyzing XML...XML OK
Resolving File system wildcards
[2018.12.04 10:52:57 EST] Dataset size is 3 files
Removing files not on site BNL
[2018.12.04 10:52:57 EST] Dataset size is 3 files
-------Processing recovered dataset for paths-------
Removing HPSS files as not accessible in syntax=paths
[2018.12.04 10:52:57 EST] Dataset size is 3 files
Skipping (Removing RCRS node files) no such files
Dropping files with duplicate LFN (files that are the same)
[2018.12.04 10:52:57 EST] Started with 3 files, current size is 3files, 0 duplicate files dropped.
Skipping (Sorting by node) all NFS files
Skipping (Splitting by node) all NFS files
Splitting dataset entries by size (minSize=1 ,maxSize=1 )
[2018.12.04 10:52:57 EST] Dataset size is 3 files
----------------------------------------------------
validating dataset ....passed
Writting files for process 9964C1AF441DBB4C61927A3CDC7AD844_2..done.
Writting files for process 9964C1AF441DBB4C61927A3CDC7AD844_1..done.
Writting files for process 9964C1AF441DBB4C61927A3CDC7AD844_0..done.
Dispatching process 9964C1AF441DBB4C61927A3CDC7AD844_0_2. done.
Wrote scheduling report to : /star/u/zchang/jetAnalysis/jets/working_8/scripts/sched9964C1AF441DBB4C61927A3CDC7AD844.report
Reporting statistics... done.
Scheduling successful
runnumber=13090023
STAR Template Scheduler 0.1 (/afs/rhic.bnl.gov/star/packages/scripts/star-submit)

STAR Unified Meta Scheduler 1.10.28
Your Log file can be found at: /afs/rhic.bnl.gov/star/doc/www/html/tmp/pub/scheduler/zchang.log
Reading request description file : schedTemplateExp.xml
Analyzing XML...XML OK
Resolving File system wildcards
[2018.12.04 10:53:02 EST] Dataset size is 3 files
Removing files not on site BNL
[2018.12.04 10:53:02 EST] Dataset size is 3 files
-------Processing recovered dataset for paths-------
Removing HPSS files as not accessible in syntax=paths
[2018.12.04 10:53:02 EST] Dataset size is 3 files
Skipping (Removing RCRS node files) no such files
Dropping files with duplicate LFN (files that are the same)
[2018.12.04 10:53:02 EST] Started with 3 files, current size is 3files, 0 duplicate files dropped.
Skipping (Sorting by node) all NFS files
Skipping (Splitting by node) all NFS files
Splitting dataset entries by size (minSize=1 ,maxSize=1 )
[2018.12.04 10:53:02 EST] Dataset size is 3 files
----------------------------------------------------
validating dataset ....passed
Writting files for process A498CFD4EED80274595C632939A18FA0_2..done.
Writting files for process A498CFD4EED80274595C632939A18FA0_1..done.
Writting files for process A498CFD4EED80274595C632939A18FA0_0..done.
Dispatching process A498CFD4EED80274595C632939A18FA0_0_2. done.
Wrote scheduling report to : /star/u/zchang/jetAnalysis/jets/working_8/scripts/schedA498CFD4EED80274595C632939A18FA0.report
Reporting statistics... done.
Scheduling successful
runnumber=13091019
STAR Template Scheduler 0.1 (/afs/rhic.bnl.gov/star/packages/scripts/star-submit)

STAR Unified Meta Scheduler 1.10.28
Your Log file can be found at: /afs/rhic.bnl.gov/star/doc/www/html/tmp/pub/scheduler/zchang.log
Reading request description file : schedTemplateExp.xml
Analyzing XML...XML OK
Resolving File system wildcards
There was an error processing the request XML file.
Scheduling failed!
Couldn't parse request.
Error while resolving wildcard: file:/star/u/zchang/jetAnalysis/jets/lists_jets/13091019.*.list
runnumber=13091037
STAR Template Scheduler 0.1 (/afs/rhic.bnl.gov/star/packages/scripts/star-submit)

STAR Unified Meta Scheduler 1.10.28
Your Log file can be found at: /afs/rhic.bnl.gov/star/doc/www/html/tmp/pub/scheduler/zchang.log
Reading request description file : schedTemplateExp.xml
Analyzing XML...XML OK
Resolving File system wildcards
[2018.12.04 10:53:10 EST] Dataset size is 3 files
Removing files not on site BNL
[2018.12.04 10:53:10 EST] Dataset size is 3 files
-------Processing recovered dataset for paths-------
Removing HPSS files as not accessible in syntax=paths
[2018.12.04 10:53:10 EST] Dataset size is 3 files
Skipping (Removing RCRS node files) no such files
Dropping files with duplicate LFN (files that are the same)
[2018.12.04 10:53:10 EST] Started with 3 files, current size is 3files, 0 duplicate files dropped.
Skipping (Sorting by node) all NFS files
Skipping (Splitting by node) all NFS files
Splitting dataset entries by size (minSize=1 ,maxSize=1 )
[2018.12.04 10:53:10 EST] Dataset size is 3 files
----------------------------------------------------
validating dataset ....passed
Writting files for process F818BCA66C8770C3CCC10CD45896AD5E_2..done.
Writting files for process F818BCA66C8770C3CCC10CD45896AD5E_1..done.
Writting files for process F818BCA66C8770C3CCC10CD45896AD5E_0..done.
Dispatching process F818BCA66C8770C3CCC10CD45896AD5E_0_2. done.
Wrote scheduling report to : /star/u/zchang/jetAnalysis/jets/working_8/scripts/schedF818BCA66C8770C3CCC10CD45896AD5E.report
Reporting statistics... done.
Scheduling successful
runnumber=13092008
STAR Template Scheduler 0.1 (/afs/rhic.bnl.gov/star/packages/scripts/star-submit)

STAR Unified Meta Scheduler 1.10.28
Your Log file can be found at: /afs/rhic.bnl.gov/star/doc/www/html/tmp/pub/scheduler/zchang.log
Reading request description file : schedTemplateExp.xml
Analyzing XML...XML OK
Resolving File system wildcards
[2018.12.04 10:53:15 EST] Dataset size is 3 files
Removing files not on site BNL
[2018.12.04 10:53:15 EST] Dataset size is 3 files
-------Processing recovered dataset for paths-------
Removing HPSS files as not accessible in syntax=paths
[2018.12.04 10:53:15 EST] Dataset size is 3 files
Skipping (Removing RCRS node files) no such files
Dropping files with duplicate LFN (files that are the same)
[2018.12.04 10:53:16 EST] Started with 3 files, current size is 3files, 0 duplicate files dropped.
Skipping (Sorting by node) all NFS files
Skipping (Splitting by node) all NFS files
Splitting dataset entries by size (minSize=1 ,maxSize=1 )
[2018.12.04 10:53:16 EST] Dataset size is 3 files
----------------------------------------------------
validating dataset ....passed
Writting files for process 7E8340EF774D6C2AAF39056567EBF1D0_2..done.
Writting files for process 7E8340EF774D6C2AAF39056567EBF1D0_1..done.
Writting files for process 7E8340EF774D6C2AAF39056567EBF1D0_0..done.
Dispatching process 7E8340EF774D6C2AAF39056567EBF1D0_0_2.. done.
Wrote scheduling report to : /star/u/zchang/jetAnalysis/jets/working_8/scripts/sched7E8340EF774D6C2AAF39056567EBF1D0.report
Reporting statistics... done.
Scheduling successful
runnumber=13093029
STAR Template Scheduler 0.1 (/afs/rhic.bnl.gov/star/packages/scripts/star-submit)

STAR Unified Meta Scheduler 1.10.28
Your Log file can be found at: /afs/rhic.bnl.gov/star/doc/www/html/tmp/pub/scheduler/zchang.log
Reading request description file : schedTemplateExp.xml
Analyzing XML...XML OK
Resolving File system wildcards
[2018.12.04 10:53:22 EST] Dataset size is 3 files
Removing files not on site BNL
[2018.12.04 10:53:22 EST] Dataset size is 3 files
-------Processing recovered dataset for paths-------
Removing HPSS files as not accessible in syntax=paths
[2018.12.04 10:53:22 EST] Dataset size is 3 files
Skipping (Removing RCRS node files) no such files
Dropping files with duplicate LFN (files that are the same)
[2018.12.04 10:53:22 EST] Started with 3 files, current size is 3files, 0 duplicate files dropped.
Skipping (Sorting by node) all NFS files
Skipping (Splitting by node) all NFS files
Splitting dataset entries by size (minSize=1 ,maxSize=1 )
[2018.12.04 10:53:22 EST] Dataset size is 3 files
----------------------------------------------------
validating dataset ....passed
Writting files for process A1AF0F72139EAAA8935E21963AC6FF46_2..done.
Writting files for process A1AF0F72139EAAA8935E21963AC6FF46_1..done.
Writting files for process A1AF0F72139EAAA8935E21963AC6FF46_0..done.
Dispatching process A1AF0F72139EAAA8935E21963AC6FF46_0_2.. done.
Wrote scheduling report to : /star/u/zchang/jetAnalysis/jets/working_8/scripts/schedA1AF0F72139EAAA8935E21963AC6FF46.report
Reporting statistics... done.
Scheduling successful
runnumber=13094001
STAR Template Scheduler 0.1 (/afs/rhic.bnl.gov/star/packages/scripts/star-submit)

STAR Unified Meta Scheduler 1.10.28
Your Log file can be found at: /afs/rhic.bnl.gov/star/doc/www/html/tmp/pub/scheduler/zchang.log
Reading request description file : schedTemplateExp.xml
Analyzing XML...XML OK
Resolving File system wildcards
[2018.12.04 10:53:28 EST] Dataset size is 3 files
Removing files not on site BNL
[2018.12.04 10:53:28 EST] Dataset size is 3 files
-------Processing recovered dataset for paths-------
Removing HPSS files as not accessible in syntax=paths
[2018.12.04 10:53:28 EST] Dataset size is 3 files
Skipping (Removing RCRS node files) no such files
Dropping files with duplicate LFN (files that are the same)
[2018.12.04 10:53:28 EST] Started with 3 files, current size is 3files, 0 duplicate files dropped.
Skipping (Sorting by node) all NFS files
Skipping (Splitting by node) all NFS files
Splitting dataset entries by size (minSize=1 ,maxSize=1 )
[2018.12.04 10:53:28 EST] Dataset size is 3 files
----------------------------------------------------
validating dataset ....passed
Writting files for process A1AE6E6C826A2281AB7ED400CF431E16_2..done.
Writting files for process A1AE6E6C826A2281AB7ED400CF431E16_1..done.
Writting files for process A1AE6E6C826A2281AB7ED400CF431E16_0..done.
Dispatching process A1AE6E6C826A2281AB7ED400CF431E16_0_2. done.
Wrote scheduling report to : /star/u/zchang/jetAnalysis/jets/working_8/scripts/schedA1AE6E6C826A2281AB7ED400CF431E16.report
Reporting statistics... done.
Scheduling successful
runnumber=13094015
STAR Template Scheduler 0.1 (/afs/rhic.bnl.gov/star/packages/scripts/star-submit)

STAR Unified Meta Scheduler 1.10.28
Your Log file can be found at: /afs/rhic.bnl.gov/star/doc/www/html/tmp/pub/scheduler/zchang.log
Reading request description file : schedTemplateExp.xml
Analyzing XML...XML OK
Resolving File system wildcards
[2018.12.04 10:53:34 EST] Dataset size is 3 files
Removing files not on site BNL
[2018.12.04 10:53:34 EST] Dataset size is 3 files
-------Processing recovered dataset for paths-------
Removing HPSS files as not accessible in syntax=paths
[2018.12.04 10:53:34 EST] Dataset size is 3 files
Skipping (Removing RCRS node files) no such files
Dropping files with duplicate LFN (files that are the same)
[2018.12.04 10:53:34 EST] Started with 3 files, current size is 3files, 0 duplicate files dropped.
Skipping (Sorting by node) all NFS files
Skipping (Splitting by node) all NFS files
Splitting dataset entries by size (minSize=1 ,maxSize=1 )
[2018.12.04 10:53:34 EST] Dataset size is 3 files
----------------------------------------------------
validating dataset ....passed
Writting files for process A93E1756D0F355EFAD5009D83AA9FF37_2..done.
Writting files for process A93E1756D0F355EFAD5009D83AA9FF37_1..done.
Writting files for process A93E1756D0F355EFAD5009D83AA9FF37_0..done.
Dispatching process A93E1756D0F355EFAD5009D83AA9FF37_0_2. done.
Wrote scheduling report to : /star/u/zchang/jetAnalysis/jets/working_8/scripts/schedA93E1756D0F355EFAD5009D83AA9FF37.report
Reporting statistics... done.
Scheduling successful
runnumber=13094083
STAR Template Scheduler 0.1 (/afs/rhic.bnl.gov/star/packages/scripts/star-submit)

STAR Unified Meta Scheduler 1.10.28
Your Log file can be found at: /afs/rhic.bnl.gov/star/doc/www/html/tmp/pub/scheduler/zchang.log
Reading request description file : schedTemplateExp.xml
Analyzing XML...XML OK
Resolving File system wildcards
There was an error processing the request XML file.
Scheduling failed!
Couldn't parse request.
Error while resolving wildcard: file:/star/u/zchang/jetAnalysis/jets/lists_jets/13094083.*.list
runnumber=13095014
STAR Template Scheduler 0.1 (/afs/rhic.bnl.gov/star/packages/scripts/star-submit)

STAR Unified Meta Scheduler 1.10.28
Your Log file can be found at: /afs/rhic.bnl.gov/star/doc/www/html/tmp/pub/scheduler/zchang.log
Reading request description file : schedTemplateExp.xml
Analyzing XML...XML OK
Resolving File system wildcards
[2018.12.04 10:53:42 EST] Dataset size is 3 files
Removing files not on site BNL
[2018.12.04 10:53:42 EST] Dataset size is 3 files
-------Processing recovered dataset for paths-------
Removing HPSS files as not accessible in syntax=paths
[2018.12.04 10:53:42 EST] Dataset size is 3 files
Skipping (Removing RCRS node files) no such files
Dropping files with duplicate LFN (files that are the same)
[2018.12.04 10:53:42 EST] Started with 3 files, current size is 3files, 0 duplicate files dropped.
Skipping (Sorting by node) all NFS files
Skipping (Splitting by node) all NFS files
Splitting dataset entries by size (minSize=1 ,maxSize=1 )
[2018.12.04 10:53:42 EST] Dataset size is 3 files
----------------------------------------------------
validating dataset ....passed
Writting files for process F409B8753EB4DA6D83008AFA0FF4E741_2..done.
Writting files for process F409B8753EB4DA6D83008AFA0FF4E741_1..done.
Writting files for process F409B8753EB4DA6D83008AFA0FF4E741_0..done.
Dispatching process F409B8753EB4DA6D83008AFA0FF4E741_0_2.. done.
Wrote scheduling report to : /star/u/zchang/jetAnalysis/jets/working_8/scripts/schedF409B8753EB4DA6D83008AFA0FF4E741.report
Reporting statistics... done.
Scheduling successful
runnumber=13096006
STAR Template Scheduler 0.1 (/afs/rhic.bnl.gov/star/packages/scripts/star-submit)

STAR Unified Meta Scheduler 1.10.28
Your Log file can be found at: /afs/rhic.bnl.gov/star/doc/www/html/tmp/pub/scheduler/zchang.log
Reading request description file : schedTemplateExp.xml
Analyzing XML...XML OK
Resolving File system wildcards
[2018.12.04 10:53:49 EST] Dataset size is 3 files
Removing files not on site BNL
[2018.12.04 10:53:49 EST] Dataset size is 3 files
-------Processing recovered dataset for paths-------
Removing HPSS files as not accessible in syntax=paths
[2018.12.04 10:53:49 EST] Dataset size is 3 files
Skipping (Removing RCRS node files) no such files
Dropping files with duplicate LFN (files that are the same)
[2018.12.04 10:53:49 EST] Started with 3 files, current size is 3files, 0 duplicate files dropped.
Skipping (Sorting by node) all NFS files
Skipping (Splitting by node) all NFS files
Splitting dataset entries by size (minSize=1 ,maxSize=1 )
[2018.12.04 10:53:49 EST] Dataset size is 3 files
----------------------------------------------------
validating dataset ....passed
Writting files for process E01FDB1122BCBDCF1B3F3BB12CABAFEF_2..done.
Writting files for process E01FDB1122BCBDCF1B3F3BB12CABAFEF_1..done.
Writting files for process E01FDB1122BCBDCF1B3F3BB12CABAFEF_0..done.
Dispatching process E01FDB1122BCBDCF1B3F3BB12CABAFEF_0_2. done.
Wrote scheduling report to : /star/u/zchang/jetAnalysis/jets/working_8/scripts/schedE01FDB1122BCBDCF1B3F3BB12CABAFEF.report
Reporting statistics... done.
Scheduling successful
runnumber=13097001
STAR Template Scheduler 0.1 (/afs/rhic.bnl.gov/star/packages/scripts/star-submit)

STAR Unified Meta Scheduler 1.10.28
Your Log file can be found at: /afs/rhic.bnl.gov/star/doc/www/html/tmp/pub/scheduler/zchang.log
Reading request description file : schedTemplateExp.xml
Analyzing XML...XML OK
Resolving File system wildcards
[2018.12.04 10:53:54 EST] Dataset size is 3 files
Removing files not on site BNL
[2018.12.04 10:53:54 EST] Dataset size is 3 files
-------Processing recovered dataset for paths-------
Removing HPSS files as not accessible in syntax=paths
[2018.12.04 10:53:54 EST] Dataset size is 3 files
Skipping (Removing RCRS node files) no such files
Dropping files with duplicate LFN (files that are the same)
[2018.12.04 10:53:54 EST] Started with 3 files, current size is 3files, 0 duplicate files dropped.
Skipping (Sorting by node) all NFS files
Skipping (Splitting by node) all NFS files
Splitting dataset entries by size (minSize=1 ,maxSize=1 )
[2018.12.04 10:53:54 EST] Dataset size is 3 files
----------------------------------------------------
validating dataset ....passed
Writting files for process EE93770DB074C4B1706CD133B9EB9C57_2..done.
Writting files for process EE93770DB074C4B1706CD133B9EB9C57_1..done.
Writting files for process EE93770DB074C4B1706CD133B9EB9C57_0..done.
Dispatching process EE93770DB074C4B1706CD133B9EB9C57_0_2... done.
Wrote scheduling report to : /star/u/zchang/jetAnalysis/jets/working_8/scripts/schedEE93770DB074C4B1706CD133B9EB9C57.report
Reporting statistics... done.
Scheduling successful
runnumber=13097024
STAR Template Scheduler 0.1 (/afs/rhic.bnl.gov/star/packages/scripts/star-submit)

STAR Unified Meta Scheduler 1.10.28
Your Log file can be found at: /afs/rhic.bnl.gov/star/doc/www/html/tmp/pub/scheduler/zchang.log
Reading request description file : schedTemplateExp.xml
Analyzing XML...XML OK
Resolving File system wildcards
[2018.12.04 10:54:00 EST] Dataset size is 3 files
Removing files not on site BNL
[2018.12.04 10:54:00 EST] Dataset size is 3 files
-------Processing recovered dataset for paths-------
Removing HPSS files as not accessible in syntax=paths
[2018.12.04 10:54:00 EST] Dataset size is 3 files
Skipping (Removing RCRS node files) no such files
Dropping files with duplicate LFN (files that are the same)
[2018.12.04 10:54:00 EST] Started with 3 files, current size is 3files, 0 duplicate files dropped.
Skipping (Sorting by node) all NFS files
Skipping (Splitting by node) all NFS files
Splitting dataset entries by size (minSize=1 ,maxSize=1 )
[2018.12.04 10:54:00 EST] Dataset size is 3 files
----------------------------------------------------
validating dataset ....passed
Writting files for process 75926784AAEAA173AEED3C974CA46196_2..done.
Writting files for process 75926784AAEAA173AEED3C974CA46196_1..done.
Writting files for process 75926784AAEAA173AEED3C974CA46196_0..done.
Dispatching process 75926784AAEAA173AEED3C974CA46196_0_2. done.
Wrote scheduling report to : /star/u/zchang/jetAnalysis/jets/working_8/scripts/sched75926784AAEAA173AEED3C974CA46196.report
Reporting statistics... done.
Scheduling successful
runnumber=13097037
STAR Template Scheduler 0.1 (/afs/rhic.bnl.gov/star/packages/scripts/star-submit)

STAR Unified Meta Scheduler 1.10.28
Your Log file can be found at: /afs/rhic.bnl.gov/star/doc/www/html/tmp/pub/scheduler/zchang.log
Reading request description file : schedTemplateExp.xml
Analyzing XML...XML OK
Resolving File system wildcards
[2018.12.04 10:54:06 EST] Dataset size is 3 files
Removing files not on site BNL
[2018.12.04 10:54:06 EST] Dataset size is 3 files
-------Processing recovered dataset for paths-------
Removing HPSS files as not accessible in syntax=paths
[2018.12.04 10:54:06 EST] Dataset size is 3 files
Skipping (Removing RCRS node files) no such files
Dropping files with duplicate LFN (files that are the same)
[2018.12.04 10:54:06 EST] Started with 3 files, current size is 3files, 0 duplicate files dropped.
Skipping (Sorting by node) all NFS files
Skipping (Splitting by node) all NFS files
Splitting dataset entries by size (minSize=1 ,maxSize=1 )
[2018.12.04 10:54:06 EST] Dataset size is 3 files
----------------------------------------------------
validating dataset ....passed
Writting files for process 8C92B5B2A7435CA7868B3C8B372D1A1F_2..done.
Writting files for process 8C92B5B2A7435CA7868B3C8B372D1A1F_1..done.
Writting files for process 8C92B5B2A7435CA7868B3C8B372D1A1F_0..done.
Dispatching process 8C92B5B2A7435CA7868B3C8B372D1A1F_0_2. done.
Wrote scheduling report to : /star/u/zchang/jetAnalysis/jets/working_8/scripts/sched8C92B5B2A7435CA7868B3C8B372D1A1F.report
Reporting statistics... done.
Scheduling successful
runnumber=13100012
STAR Template Scheduler 0.1 (/afs/rhic.bnl.gov/star/packages/scripts/star-submit)

STAR Unified Meta Scheduler 1.10.28
Your Log file can be found at: /afs/rhic.bnl.gov/star/doc/www/html/tmp/pub/scheduler/zchang.log
Reading request description file : schedTemplateExp.xml
Analyzing XML...XML OK
Resolving File system wildcards
[2018.12.04 10:54:12 EST] Dataset size is 3 files
Removing files not on site BNL
[2018.12.04 10:54:12 EST] Dataset size is 3 files
-------Processing recovered dataset for paths-------
Removing HPSS files as not accessible in syntax=paths
[2018.12.04 10:54:12 EST] Dataset size is 3 files
Skipping (Removing RCRS node files) no such files
Dropping files with duplicate LFN (files that are the same)
[2018.12.04 10:54:12 EST] Started with 3 files, current size is 3files, 0 duplicate files dropped.
Skipping (Sorting by node) all NFS files
Skipping (Splitting by node) all NFS files
Splitting dataset entries by size (minSize=1 ,maxSize=1 )
[2018.12.04 10:54:12 EST] Dataset size is 3 files
----------------------------------------------------
validating dataset ....passed
Writting files for process FFE371EFFEF9BC74DD4CB1B5526E3838_2..done.
Writting files for process FFE371EFFEF9BC74DD4CB1B5526E3838_1..done.
Writting files for process FFE371EFFEF9BC74DD4CB1B5526E3838_0..done.
Dispatching process FFE371EFFEF9BC74DD4CB1B5526E3838_0_2. done.
Wrote scheduling report to : /star/u/zchang/jetAnalysis/jets/working_8/scripts/schedFFE371EFFEF9BC74DD4CB1B5526E3838.report
Reporting statistics... done.
Scheduling successful
runnumber=13100032
STAR Template Scheduler 0.1 (/afs/rhic.bnl.gov/star/packages/scripts/star-submit)

STAR Unified Meta Scheduler 1.10.28
Your Log file can be found at: /afs/rhic.bnl.gov/star/doc/www/html/tmp/pub/scheduler/zchang.log
Reading request description file : schedTemplateExp.xml
Analyzing XML...XML OK
Resolving File system wildcards
[2018.12.04 10:54:19 EST] Dataset size is 3 files
Removing files not on site BNL
[2018.12.04 10:54:19 EST] Dataset size is 3 files
-------Processing recovered dataset for paths-------
Removing HPSS files as not accessible in syntax=paths
[2018.12.04 10:54:19 EST] Dataset size is 3 files
Skipping (Removing RCRS node files) no such files
Dropping files with duplicate LFN (files that are the same)
[2018.12.04 10:54:19 EST] Started with 3 files, current size is 3files, 0 duplicate files dropped.
Skipping (Sorting by node) all NFS files
Skipping (Splitting by node) all NFS files
Splitting dataset entries by size (minSize=1 ,maxSize=1 )
[2018.12.04 10:54:19 EST] Dataset size is 3 files
----------------------------------------------------
validating dataset ....passed
Writting files for process 868604DCB78AE8AC04D81C83A15827F3_2..done.
Writting files for process 868604DCB78AE8AC04D81C83A15827F3_1..done.
Writting files for process 868604DCB78AE8AC04D81C83A15827F3_0..done.
Dispatching process 868604DCB78AE8AC04D81C83A15827F3_0_2. done.
Wrote scheduling report to : /star/u/zchang/jetAnalysis/jets/working_8/scripts/sched868604DCB78AE8AC04D81C83A15827F3.report
Reporting statistics... done.
Scheduling successful
runnumber=13100054
STAR Template Scheduler 0.1 (/afs/rhic.bnl.gov/star/packages/scripts/star-submit)

STAR Unified Meta Scheduler 1.10.28
Your Log file can be found at: /afs/rhic.bnl.gov/star/doc/www/html/tmp/pub/scheduler/zchang.log
Reading request description file : schedTemplateExp.xml
Analyzing XML...XML OK
Resolving File system wildcards
[2018.12.04 10:54:25 EST] Dataset size is 3 files
Removing files not on site BNL
[2018.12.04 10:54:25 EST] Dataset size is 3 files
-------Processing recovered dataset for paths-------
Removing HPSS files as not accessible in syntax=paths
[2018.12.04 10:54:25 EST] Dataset size is 3 files
Skipping (Removing RCRS node files) no such files
Dropping files with duplicate LFN (files that are the same)
[2018.12.04 10:54:25 EST] Started with 3 files, current size is 3files, 0 duplicate files dropped.
Skipping (Sorting by node) all NFS files
Skipping (Splitting by node) all NFS files
Splitting dataset entries by size (minSize=1 ,maxSize=1 )
[2018.12.04 10:54:25 EST] Dataset size is 3 files
----------------------------------------------------
validating dataset ....passed
Writting files for process B89939E0E94B8603D84E73D298A3BCCC_2..done.
Writting files for process B89939E0E94B8603D84E73D298A3BCCC_1..done.
Writting files for process B89939E0E94B8603D84E73D298A3BCCC_0..done.
Dispatching process B89939E0E94B8603D84E73D298A3BCCC_0_2. done.
Wrote scheduling report to : /star/u/zchang/jetAnalysis/jets/working_8/scripts/schedB89939E0E94B8603D84E73D298A3BCCC.report
Reporting statistics... done.
Scheduling successful
runnumber=13101005
STAR Template Scheduler 0.1 (/afs/rhic.bnl.gov/star/packages/scripts/star-submit)

STAR Unified Meta Scheduler 1.10.28
Your Log file can be found at: /afs/rhic.bnl.gov/star/doc/www/html/tmp/pub/scheduler/zchang.log
Reading request description file : schedTemplateExp.xml
Analyzing XML...XML OK
Resolving File system wildcards
[2018.12.04 10:54:31 EST] Dataset size is 3 files
Removing files not on site BNL
[2018.12.04 10:54:31 EST] Dataset size is 3 files
-------Processing recovered dataset for paths-------
Removing HPSS files as not accessible in syntax=paths
[2018.12.04 10:54:31 EST] Dataset size is 3 files
Skipping (Removing RCRS node files) no such files
Dropping files with duplicate LFN (files that are the same)
[2018.12.04 10:54:31 EST] Started with 3 files, current size is 3files, 0 duplicate files dropped.
Skipping (Sorting by node) all NFS files
Skipping (Splitting by node) all NFS files
Splitting dataset entries by size (minSize=1 ,maxSize=1 )
[2018.12.04 10:54:31 EST] Dataset size is 3 files
----------------------------------------------------
validating dataset ....passed
Writting files for process 4417C875A95EF8ED335F42638F726944_2..done.
Writting files for process 4417C875A95EF8ED335F42638F726944_1..done.
Writting files for process 4417C875A95EF8ED335F42638F726944_0..done.
Dispatching process 4417C875A95EF8ED335F42638F726944_0_2. done.
Wrote scheduling report to : /star/u/zchang/jetAnalysis/jets/working_8/scripts/sched4417C875A95EF8ED335F42638F726944.report
Reporting statistics... done.
Scheduling successful
runnumber=13101041
STAR Template Scheduler 0.1 (/afs/rhic.bnl.gov/star/packages/scripts/star-submit)

STAR Unified Meta Scheduler 1.10.28
Your Log file can be found at: /afs/rhic.bnl.gov/star/doc/www/html/tmp/pub/scheduler/zchang.log
Reading request description file : schedTemplateExp.xml
Analyzing XML...XML OK
Resolving File system wildcards
[2018.12.04 10:54:37 EST] Dataset size is 3 files
Removing files not on site BNL
[2018.12.04 10:54:37 EST] Dataset size is 3 files
-------Processing recovered dataset for paths-------
Removing HPSS files as not accessible in syntax=paths
[2018.12.04 10:54:37 EST] Dataset size is 3 files
Skipping (Removing RCRS node files) no such files
Dropping files with duplicate LFN (files that are the same)
[2018.12.04 10:54:37 EST] Started with 3 files, current size is 3files, 0 duplicate files dropped.
Skipping (Sorting by node) all NFS files
Skipping (Splitting by node) all NFS files
Splitting dataset entries by size (minSize=1 ,maxSize=1 )
[2018.12.04 10:54:37 EST] Dataset size is 3 files
----------------------------------------------------
validating dataset ....passed
Writting files for process 873ADC374F2D91D42CEEA399596250B6_2..done.
Writting files for process 873ADC374F2D91D42CEEA399596250B6_1..done.
Writting files for process 873ADC374F2D91D42CEEA399596250B6_0..done.
Dispatching process 873ADC374F2D91D42CEEA399596250B6_0_2.. done.
Wrote scheduling report to : /star/u/zchang/jetAnalysis/jets/working_8/scripts/sched873ADC374F2D91D42CEEA399596250B6.report
Reporting statistics... done.
Scheduling successful
runnumber=13101058
STAR Template Scheduler 0.1 (/afs/rhic.bnl.gov/star/packages/scripts/star-submit)

STAR Unified Meta Scheduler 1.10.28
Your Log file can be found at: /afs/rhic.bnl.gov/star/doc/www/html/tmp/pub/scheduler/zchang.log
Reading request description file : schedTemplateExp.xml
Analyzing XML...XML OK
Resolving File system wildcards
There was an error processing the request XML file.
Scheduling failed!
Couldn't parse request.
Error while resolving wildcard: file:/star/u/zchang/jetAnalysis/jets/lists_jets/13101058.*.list
runnumber=13104011
STAR Template Scheduler 0.1 (/afs/rhic.bnl.gov/star/packages/scripts/star-submit)

STAR Unified Meta Scheduler 1.10.28
Your Log file can be found at: /afs/rhic.bnl.gov/star/doc/www/html/tmp/pub/scheduler/zchang.log
Reading request description file : schedTemplateExp.xml
Analyzing XML...XML OK
Resolving File system wildcards
[2018.12.04 10:54:47 EST] Dataset size is 3 files
Removing files not on site BNL
[2018.12.04 10:54:47 EST] Dataset size is 3 files
-------Processing recovered dataset for paths-------
Removing HPSS files as not accessible in syntax=paths
[2018.12.04 10:54:47 EST] Dataset size is 3 files
Skipping (Removing RCRS node files) no such files
Dropping files with duplicate LFN (files that are the same)
[2018.12.04 10:54:47 EST] Started with 3 files, current size is 3files, 0 duplicate files dropped.
Skipping (Sorting by node) all NFS files
Skipping (Splitting by node) all NFS files
Splitting dataset entries by size (minSize=1 ,maxSize=1 )
[2018.12.04 10:54:47 EST] Dataset size is 3 files
----------------------------------------------------
validating dataset ....passed
Writting files for process A099994FBCBB62C47C97E32C3696B8AC_2..done.
Writting files for process A099994FBCBB62C47C97E32C3696B8AC_1..done.
Writting files for process A099994FBCBB62C47C97E32C3696B8AC_0..done.
Dispatching process A099994FBCBB62C47C97E32C3696B8AC_0_2. done.
Wrote scheduling report to : /star/u/zchang/jetAnalysis/jets/working_8/scripts/schedA099994FBCBB62C47C97E32C3696B8AC.report
Reporting statistics... done.
Scheduling successful
runnumber=13104059
STAR Template Scheduler 0.1 (/afs/rhic.bnl.gov/star/packages/scripts/star-submit)

STAR Unified Meta Scheduler 1.10.28
Your Log file can be found at: /afs/rhic.bnl.gov/star/doc/www/html/tmp/pub/scheduler/zchang.log
Reading request description file : schedTemplateExp.xml
Analyzing XML...XML OK
Resolving File system wildcards
[2018.12.04 10:54:53 EST] Dataset size is 3 files
Removing files not on site BNL
[2018.12.04 10:54:53 EST] Dataset size is 3 files
-------Processing recovered dataset for paths-------
Removing HPSS files as not accessible in syntax=paths
[2018.12.04 10:54:53 EST] Dataset size is 3 files
Skipping (Removing RCRS node files) no such files
Dropping files with duplicate LFN (files that are the same)
[2018.12.04 10:54:53 EST] Started with 3 files, current size is 3files, 0 duplicate files dropped.
Skipping (Sorting by node) all NFS files
Skipping (Splitting by node) all NFS files
Splitting dataset entries by size (minSize=1 ,maxSize=1 )
[2018.12.04 10:54:53 EST] Dataset size is 3 files
----------------------------------------------------
validating dataset ....passed
Writting files for process B1F6AB7B0E38EF6C81281CDEEAF27647_2..done.
Writting files for process B1F6AB7B0E38EF6C81281CDEEAF27647_1..done.
Writting files for process B1F6AB7B0E38EF6C81281CDEEAF27647_0..done.
Dispatching process B1F6AB7B0E38EF6C81281CDEEAF27647_0_2. done.
Wrote scheduling report to : /star/u/zchang/jetAnalysis/jets/working_8/scripts/schedB1F6AB7B0E38EF6C81281CDEEAF27647.report
Reporting statistics... done.
Scheduling successful
runnumber=13105012
STAR Template Scheduler 0.1 (/afs/rhic.bnl.gov/star/packages/scripts/star-submit)

STAR Unified Meta Scheduler 1.10.28
Your Log file can be found at: /afs/rhic.bnl.gov/star/doc/www/html/tmp/pub/scheduler/zchang.log
Reading request description file : schedTemplateExp.xml
Analyzing XML...XML OK
Resolving File system wildcards
[2018.12.04 10:54:59 EST] Dataset size is 3 files
Removing files not on site BNL
[2018.12.04 10:54:59 EST] Dataset size is 3 files
-------Processing recovered dataset for paths-------
Removing HPSS files as not accessible in syntax=paths
[2018.12.04 10:54:59 EST] Dataset size is 3 files
Skipping (Removing RCRS node files) no such files
Dropping files with duplicate LFN (files that are the same)
[2018.12.04 10:54:59 EST] Started with 3 files, current size is 3files, 0 duplicate files dropped.
Skipping (Sorting by node) all NFS files
Skipping (Splitting by node) all NFS files
Splitting dataset entries by size (minSize=1 ,maxSize=1 )
[2018.12.04 10:54:59 EST] Dataset size is 3 files
----------------------------------------------------
validating dataset ....passed
Writting files for process E54022581F077C8FF6F42D4AD3C3AEBB_2..done.
Writting files for process E54022581F077C8FF6F42D4AD3C3AEBB_1..done.
Writting files for process E54022581F077C8FF6F42D4AD3C3AEBB_0..done.
Dispatching process E54022581F077C8FF6F42D4AD3C3AEBB_0_2. done.
Wrote scheduling report to : /star/u/zchang/jetAnalysis/jets/working_8/scripts/schedE54022581F077C8FF6F42D4AD3C3AEBB.report
Reporting statistics... done.
Scheduling successful
runnumber=13105041
STAR Template Scheduler 0.1 (/afs/rhic.bnl.gov/star/packages/scripts/star-submit)

STAR Unified Meta Scheduler 1.10.28
Your Log file can be found at: /afs/rhic.bnl.gov/star/doc/www/html/tmp/pub/scheduler/zchang.log
Reading request description file : schedTemplateExp.xml
Analyzing XML...XML OK
Resolving File system wildcards
[2018.12.04 10:55:04 EST] Dataset size is 3 files
Removing files not on site BNL
[2018.12.04 10:55:04 EST] Dataset size is 3 files
-------Processing recovered dataset for paths-------
Removing HPSS files as not accessible in syntax=paths
[2018.12.04 10:55:04 EST] Dataset size is 3 files
Skipping (Removing RCRS node files) no such files
Dropping files with duplicate LFN (files that are the same)
[2018.12.04 10:55:04 EST] Started with 3 files, current size is 3files, 0 duplicate files dropped.
Skipping (Sorting by node) all NFS files
Skipping (Splitting by node) all NFS files
Splitting dataset entries by size (minSize=1 ,maxSize=1 )
[2018.12.04 10:55:04 EST] Dataset size is 3 files
----------------------------------------------------
validating dataset ....passed
Writting files for process 0719FBF3A18F3093C6F43D16AA2649FB_2..done.
Writting files for process 0719FBF3A18F3093C6F43D16AA2649FB_1..done.
Writting files for process 0719FBF3A18F3093C6F43D16AA2649FB_0..done.
Dispatching process 0719FBF3A18F3093C6F43D16AA2649FB_0_2. done.
Wrote scheduling report to : /star/u/zchang/jetAnalysis/jets/working_8/scripts/sched0719FBF3A18F3093C6F43D16AA2649FB.report
Reporting statistics... done.
Scheduling successful
runnumber=13107002
STAR Template Scheduler 0.1 (/afs/rhic.bnl.gov/star/packages/scripts/star-submit)

STAR Unified Meta Scheduler 1.10.28
Your Log file can be found at: /afs/rhic.bnl.gov/star/doc/www/html/tmp/pub/scheduler/zchang.log
Reading request description file : schedTemplateExp.xml
Analyzing XML...XML OK
Resolving File system wildcards
[2018.12.04 10:55:10 EST] Dataset size is 3 files
Removing files not on site BNL
[2018.12.04 10:55:10 EST] Dataset size is 3 files
-------Processing recovered dataset for paths-------
Removing HPSS files as not accessible in syntax=paths
[2018.12.04 10:55:10 EST] Dataset size is 3 files
Skipping (Removing RCRS node files) no such files
Dropping files with duplicate LFN (files that are the same)
[2018.12.04 10:55:10 EST] Started with 3 files, current size is 3files, 0 duplicate files dropped.
Skipping (Sorting by node) all NFS files
Skipping (Splitting by node) all NFS files
Splitting dataset entries by size (minSize=1 ,maxSize=1 )
[2018.12.04 10:55:10 EST] Dataset size is 3 files
----------------------------------------------------
validating dataset ....passed
Writting files for process 78F20DF923CC8D38E7571118C0C446CB_2..done.
Writting files for process 78F20DF923CC8D38E7571118C0C446CB_1..done.
Writting files for process 78F20DF923CC8D38E7571118C0C446CB_0..done.
Dispatching process 78F20DF923CC8D38E7571118C0C446CB_0_2. done.
Wrote scheduling report to : /star/u/zchang/jetAnalysis/jets/working_8/scripts/sched78F20DF923CC8D38E7571118C0C446CB.report
Reporting statistics... done.
Scheduling successful
runnumber=13107028
STAR Template Scheduler 0.1 (/afs/rhic.bnl.gov/star/packages/scripts/star-submit)

STAR Unified Meta Scheduler 1.10.28
Your Log file can be found at: /afs/rhic.bnl.gov/star/doc/www/html/tmp/pub/scheduler/zchang.log
Reading request description file : schedTemplateExp.xml
Analyzing XML...XML OK
Resolving File system wildcards
[2018.12.04 10:55:16 EST] Dataset size is 3 files
Removing files not on site BNL
[2018.12.04 10:55:16 EST] Dataset size is 3 files
-------Processing recovered dataset for paths-------
Removing HPSS files as not accessible in syntax=paths
[2018.12.04 10:55:16 EST] Dataset size is 3 files
Skipping (Removing RCRS node files) no such files
Dropping files with duplicate LFN (files that are the same)
[2018.12.04 10:55:16 EST] Started with 3 files, current size is 3files, 0 duplicate files dropped.
Skipping (Sorting by node) all NFS files
Skipping (Splitting by node) all NFS files
Splitting dataset entries by size (minSize=1 ,maxSize=1 )
[2018.12.04 10:55:16 EST] Dataset size is 3 files
----------------------------------------------------
validating dataset ....passed
Writting files for process 8D0697FFED2EE2666CB81B115FC3213D_2..done.
Writting files for process 8D0697FFED2EE2666CB81B115FC3213D_1..done.
Writting files for process 8D0697FFED2EE2666CB81B115FC3213D_0..done.
Dispatching process 8D0697FFED2EE2666CB81B115FC3213D_0_2. done.
Wrote scheduling report to : /star/u/zchang/jetAnalysis/jets/working_8/scripts/sched8D0697FFED2EE2666CB81B115FC3213D.report
Reporting statistics... done.
Scheduling successful
runnumber=13108009
STAR Template Scheduler 0.1 (/afs/rhic.bnl.gov/star/packages/scripts/star-submit)

STAR Unified Meta Scheduler 1.10.28
Your Log file can be found at: /afs/rhic.bnl.gov/star/doc/www/html/tmp/pub/scheduler/zchang.log
Reading request description file : schedTemplateExp.xml
Analyzing XML...XML OK
Resolving File system wildcards
[2018.12.04 10:55:22 EST] Dataset size is 3 files
Removing files not on site BNL
[2018.12.04 10:55:22 EST] Dataset size is 3 files
-------Processing recovered dataset for paths-------
Removing HPSS files as not accessible in syntax=paths
[2018.12.04 10:55:22 EST] Dataset size is 3 files
Skipping (Removing RCRS node files) no such files
Dropping files with duplicate LFN (files that are the same)
[2018.12.04 10:55:22 EST] Started with 3 files, current size is 3files, 0 duplicate files dropped.
Skipping (Sorting by node) all NFS files
Skipping (Splitting by node) all NFS files
Splitting dataset entries by size (minSize=1 ,maxSize=1 )
[2018.12.04 10:55:22 EST] Dataset size is 3 files
----------------------------------------------------
validating dataset ....passed
Writting files for process C15DE7BB4B66CD0BD660F2AC0846BFF7_2..done.
Writting files for process C15DE7BB4B66CD0BD660F2AC0846BFF7_1..done.
Writting files for process C15DE7BB4B66CD0BD660F2AC0846BFF7_0..done.
Dispatching process C15DE7BB4B66CD0BD660F2AC0846BFF7_0_2. done.
Wrote scheduling report to : /star/u/zchang/jetAnalysis/jets/working_8/scripts/schedC15DE7BB4B66CD0BD660F2AC0846BFF7.report
Reporting statistics... done.
Scheduling successful
runnumber=13108040
STAR Template Scheduler 0.1 (/afs/rhic.bnl.gov/star/packages/scripts/star-submit)

STAR Unified Meta Scheduler 1.10.28
Your Log file can be found at: /afs/rhic.bnl.gov/star/doc/www/html/tmp/pub/scheduler/zchang.log
Reading request description file : schedTemplateExp.xml
Analyzing XML...XML OK
Resolving File system wildcards
[2018.12.04 10:55:28 EST] Dataset size is 3 files
Removing files not on site BNL
[2018.12.04 10:55:28 EST] Dataset size is 3 files
-------Processing recovered dataset for paths-------
Removing HPSS files as not accessible in syntax=paths
[2018.12.04 10:55:28 EST] Dataset size is 3 files
Skipping (Removing RCRS node files) no such files
Dropping files with duplicate LFN (files that are the same)
[2018.12.04 10:55:28 EST] Started with 3 files, current size is 3files, 0 duplicate files dropped.
Skipping (Sorting by node) all NFS files
Skipping (Splitting by node) all NFS files
Splitting dataset entries by size (minSize=1 ,maxSize=1 )
[2018.12.04 10:55:28 EST] Dataset size is 3 files
----------------------------------------------------
validating dataset ....passed
Writting files for process 7F230DADFEB2ABF6EAAD2FE9C7B5E530_2..done.
Writting files for process 7F230DADFEB2ABF6EAAD2FE9C7B5E530_1..done.
Writting files for process 7F230DADFEB2ABF6EAAD2FE9C7B5E530_0..done.
Dispatching process 7F230DADFEB2ABF6EAAD2FE9C7B5E530_0_2. done.
Wrote scheduling report to : /star/u/zchang/jetAnalysis/jets/working_8/scripts/sched7F230DADFEB2ABF6EAAD2FE9C7B5E530.report
Reporting statistics... done.
Scheduling successful
runnumber=13109025
STAR Template Scheduler 0.1 (/afs/rhic.bnl.gov/star/packages/scripts/star-submit)

STAR Unified Meta Scheduler 1.10.28
Your Log file can be found at: /afs/rhic.bnl.gov/star/doc/www/html/tmp/pub/scheduler/zchang.log
Reading request description file : schedTemplateExp.xml
Analyzing XML...XML OK
Resolving File system wildcards
[2018.12.04 10:55:33 EST] Dataset size is 3 files
Removing files not on site BNL
[2018.12.04 10:55:33 EST] Dataset size is 3 files
-------Processing recovered dataset for paths-------
Removing HPSS files as not accessible in syntax=paths
[2018.12.04 10:55:33 EST] Dataset size is 3 files
Skipping (Removing RCRS node files) no such files
Dropping files with duplicate LFN (files that are the same)
[2018.12.04 10:55:33 EST] Started with 3 files, current size is 3files, 0 duplicate files dropped.
Skipping (Sorting by node) all NFS files
Skipping (Splitting by node) all NFS files
Splitting dataset entries by size (minSize=1 ,maxSize=1 )
[2018.12.04 10:55:33 EST] Dataset size is 3 files
----------------------------------------------------
validating dataset ....passed
Writting files for process 086BD6CF907D5337D1D567457430D243_2..done.
Writting files for process 086BD6CF907D5337D1D567457430D243_1..done.
Writting files for process 086BD6CF907D5337D1D567457430D243_0..done.
Dispatching process 086BD6CF907D5337D1D567457430D243_0_2. done.
Wrote scheduling report to : /star/u/zchang/jetAnalysis/jets/working_8/scripts/sched086BD6CF907D5337D1D567457430D243.report
Reporting statistics... done.
Scheduling successful
